<?xml version="1.0"?>
<testsuites>
  <testsuite name="PhantomJS 1.9.8 (Windows 7)" package="" timestamp="2015-03-17T05:35:30" id="0" hostname="AFEQUIERE00477" tests="223" errors="0" failures="0" time="5.106">
    <properties>
      <property name="browser.fullName" value="Mozilla/5.0 (Windows NT 6.1; WOW64) AppleWebKit/534.34 (KHTML, like Gecko) PhantomJS/1.9.8 Safari/534.34"/>
    </properties>
    <testcase name="should provide an empty implementation of storage if it is not provided" time="0.013" classname="PhantomJS 1.9.8 (Windows 7).Factory: LayoutStorage the constructor"/>
    <testcase name="should set a subset of the options directly on the LayoutStorage instance itself" time="0.002" classname="PhantomJS 1.9.8 (Windows 7).Factory: LayoutStorage the constructor"/>
    <testcase name="should set stringify as true by default" time="0.003" classname="PhantomJS 1.9.8 (Windows 7).Factory: LayoutStorage the constructor"/>
    <testcase name="should allow stringify to be overridden by option" time="0.003" classname="PhantomJS 1.9.8 (Windows 7).Factory: LayoutStorage the constructor"/>
    <testcase name="should create a layouts array and states object" time="0.002" classname="PhantomJS 1.9.8 (Windows 7).Factory: LayoutStorage the constructor"/>
    <testcase name="should call load" time="0.003" classname="PhantomJS 1.9.8 (Windows 7).Factory: LayoutStorage the constructor"/>
    <testcase name="should use the default layouts if no stored info was found" time="0.002" classname="PhantomJS 1.9.8 (Windows 7).Factory: LayoutStorage the load method"/>
    <testcase name="should clone default layouts rather than use them directly" time="0.003" classname="PhantomJS 1.9.8 (Windows 7).Factory: LayoutStorage the load method"/>
    <testcase name="should use the result from getItem for layouts." time="0.008" classname="PhantomJS 1.9.8 (Windows 7).Factory: LayoutStorage the load method"/>
    <testcase name="should NOT use result from getItem for layouts if the storageHash doesnt match" time="0.003" classname="PhantomJS 1.9.8 (Windows 7).Factory: LayoutStorage the load method"/>
    <testcase name="should be able to handle async loading via promise" time="0.006" classname="PhantomJS 1.9.8 (Windows 7).Factory: LayoutStorage the load method"/>
    <testcase name="should load defaults if the deferred is rejected" time="0.006" classname="PhantomJS 1.9.8 (Windows 7).Factory: LayoutStorage the load method"/>
    <testcase name="should load defaults if the json is malformed" time="0.005" classname="PhantomJS 1.9.8 (Windows 7).Factory: LayoutStorage the load method"/>
    <testcase name="should not try to JSON.parse the result if stringifyStorage is false." time="0.004" classname="PhantomJS 1.9.8 (Windows 7).Factory: LayoutStorage the load method"/>
    <testcase name="should add to storage.layouts" time="0.002" classname="PhantomJS 1.9.8 (Windows 7).Factory: LayoutStorage the add method"/>
    <testcase name="should be able to take an array of new layouts" time="0.003" classname="PhantomJS 1.9.8 (Windows 7).Factory: LayoutStorage the add method"/>
    <testcase name="should look for defaultWidgets on storage options if not supplied on layout definition" time="0.003" classname="PhantomJS 1.9.8 (Windows 7).Factory: LayoutStorage the add method"/>
    <testcase name="should use defaultWidgets if supplied in the layout definition" time="0.013" classname="PhantomJS 1.9.8 (Windows 7).Factory: LayoutStorage the add method"/>
    <testcase name="should remove the supplied layout" time="0.003" classname="PhantomJS 1.9.8 (Windows 7).Factory: LayoutStorage the remove method"/>
    <testcase name="should delete the state" time="0.003" classname="PhantomJS 1.9.8 (Windows 7).Factory: LayoutStorage the remove method"/>
    <testcase name="should do nothing if layout is not in layouts" time="0.013" classname="PhantomJS 1.9.8 (Windows 7).Factory: LayoutStorage the remove method"/>
    <testcase name="should set another dashboard to active if the layout removed was active" time="0.004" classname="PhantomJS 1.9.8 (Windows 7).Factory: LayoutStorage the remove method"/>
    <testcase name="should set the layout at index 0 to active if the removed layout was 0" time="0.004" classname="PhantomJS 1.9.8 (Windows 7).Factory: LayoutStorage the remove method"/>
    <testcase name="should not change the active layout if it was not the one that got removed" time="0.003" classname="PhantomJS 1.9.8 (Windows 7).Factory: LayoutStorage the remove method"/>
    <testcase name="should call options.storage.setItem with a stringified object" time="0.003" classname="PhantomJS 1.9.8 (Windows 7).Factory: LayoutStorage the save method"/>
    <testcase name="should save an object that has layouts, states, and storageHash" time="0.004" classname="PhantomJS 1.9.8 (Windows 7).Factory: LayoutStorage the save method"/>
    <testcase name="should call options.storage.setItem with an object when stringifyStorage is false" time="0.004" classname="PhantomJS 1.9.8 (Windows 7).Factory: LayoutStorage the save method"/>
    <testcase name="should set storage.states[id] to the second argument" time="0.004" classname="PhantomJS 1.9.8 (Windows 7).Factory: LayoutStorage the setItem method"/>
    <testcase name="should call save" time="0.004" classname="PhantomJS 1.9.8 (Windows 7).Factory: LayoutStorage the setItem method"/>
    <testcase name="should return states[id]" time="0.003" classname="PhantomJS 1.9.8 (Windows 7).Factory: LayoutStorage the getItem method"/>
    <testcase name="should return the layout with active:true" time="0.006" classname="PhantomJS 1.9.8 (Windows 7).Factory: LayoutStorage the getActiveLayout method"/>
    <testcase name="should return false if no layout is active" time="0.003" classname="PhantomJS 1.9.8 (Windows 7).Factory: LayoutStorage the getActiveLayout method"/>
    <testcase name="should remove states[id]" time="0.003" classname="PhantomJS 1.9.8 (Windows 7).Factory: LayoutStorage the removeItem"/>
    <testcase name="should call save" time="0.011" classname="PhantomJS 1.9.8 (Windows 7).Factory: LayoutStorage the removeItem"/>
    <testcase name="should set the injected layout to scope.layout" time="0.005" classname="PhantomJS 1.9.8 (Windows 7).Controller: SaveChangesModalCtrl"/>
    <testcase name="should be a function" time="0.005" classname="PhantomJS 1.9.8 (Windows 7).Controller: SaveChangesModalCtrl the ok method"/>
    <testcase name="should call close" time="0.005" classname="PhantomJS 1.9.8 (Windows 7).Controller: SaveChangesModalCtrl the ok method"/>
    <testcase name="should be a function" time="0.004" classname="PhantomJS 1.9.8 (Windows 7).Controller: SaveChangesModalCtrl the cancel function"/>
    <testcase name="should call dismiss" time="0.004" classname="PhantomJS 1.9.8 (Windows 7).Controller: SaveChangesModalCtrl the cancel function"/>
    <testcase name="should not require storage" time="0.147" classname="PhantomJS 1.9.8 (Windows 7).Directive: dashboard-layouts"/>
    <testcase name="should be able to use a different dashboard-layouts template" time="0.104" classname="PhantomJS 1.9.8 (Windows 7).Directive: dashboard-layouts"/>
    <testcase name="should set the first dashboard to active if there is not one already active" time="0.071" classname="PhantomJS 1.9.8 (Windows 7).Directive: dashboard-layouts"/>
    <testcase name="should call the add and save methods of LayoutStorage" time="0.034" classname="PhantomJS 1.9.8 (Windows 7).Directive: dashboard-layouts the createNewLayout method"/>
    <testcase name="should return the newly created layout object" time="0.046" classname="PhantomJS 1.9.8 (Windows 7).Directive: dashboard-layouts the createNewLayout method"/>
    <testcase name="should set active=true on the newly created layout" time="0.035" classname="PhantomJS 1.9.8 (Windows 7).Directive: dashboard-layouts the createNewLayout method"/>
    <testcase name="should set defaultWidgets to dashboardOptions.defaultWidgets if it is present" time="0.06" classname="PhantomJS 1.9.8 (Windows 7).Directive: dashboard-layouts the createNewLayout method"/>
    <testcase name="should set defaultWidgets to an empty array if dashboardOptions.defaultWidgets is not present" time="0.059" classname="PhantomJS 1.9.8 (Windows 7).Directive: dashboard-layouts the createNewLayout method"/>
    <testcase name="should call the remove and save methods of LayoutStorage" time="0.032" classname="PhantomJS 1.9.8 (Windows 7).Directive: dashboard-layouts the removeLayout method"/>
    <testcase name="should call remove with the layout it was passed" time="0.033" classname="PhantomJS 1.9.8 (Windows 7).Directive: dashboard-layouts the removeLayout method"/>
    <testcase name="should call _makeLayoutActive if there is not a currently active dashboard with unsaved changes" time="0.027" classname="PhantomJS 1.9.8 (Windows 7).Directive: dashboard-layouts the makeLayoutActive method"/>
    <testcase name="should create a modal" time="0.062" classname="PhantomJS 1.9.8 (Windows 7).Directive: dashboard-layouts the makeLayoutActive method when there are unsaved changes on the current dashboard"/>
    <testcase name="should resolve layout to the layout to be made active" time="0.04" classname="PhantomJS 1.9.8 (Windows 7).Directive: dashboard-layouts the makeLayoutActive method when there are unsaved changes on the current dashboard"/>
    <testcase name="should provide a success callback that saves the current dashboard and then calls _makeLayoutActive" time="0.034" classname="PhantomJS 1.9.8 (Windows 7).Directive: dashboard-layouts the makeLayoutActive method when there are unsaved changes on the current dashboard"/>
    <testcase name="should provide an error callback that only calls _makeLayoutActive" time="0.032" classname="PhantomJS 1.9.8 (Windows 7).Directive: dashboard-layouts the makeLayoutActive method when there are unsaved changes on the current dashboard"/>
    <testcase name="should set the editingTitle attribute to true on the layout it is passed" time="0.033" classname="PhantomJS 1.9.8 (Windows 7).Directive: dashboard-layouts the editTitle method"/>
    <testcase name="should set editingTitle to false" time="0.028" classname="PhantomJS 1.9.8 (Windows 7).Directive: dashboard-layouts the saveTitleEdit method"/>
    <testcase name="should call layoutStorage.save" time="0.076" classname="PhantomJS 1.9.8 (Windows 7).Directive: dashboard-layouts the saveTitleEdit method"/>
    <testcase name="should call LayoutStorage.save" time="0.033" classname="PhantomJS 1.9.8 (Windows 7).Directive: dashboard-layouts the saveLayouts method"/>
    <testcase name="should call LayoutStorage.save with true as the first arg" time="0.032" classname="PhantomJS 1.9.8 (Windows 7).Directive: dashboard-layouts the saveLayouts method"/>
    <testcase name="should call dashboard.addWidget method of the active layout" time="0.034" classname="PhantomJS 1.9.8 (Windows 7).Directive: dashboard-layouts the proxy methods to active layout the addWidget method"/>
    <testcase name="should do nothing if there is no active layout" time="0.051" classname="PhantomJS 1.9.8 (Windows 7).Directive: dashboard-layouts the proxy methods to active layout the addWidget method"/>
    <testcase name="should call dashboard.loadWidgets of the current layout" time="0.032" classname="PhantomJS 1.9.8 (Windows 7).Directive: dashboard-layouts the proxy methods to active layout the loadWidgets method"/>
    <testcase name="should do nothing if there is no active layout" time="0.027" classname="PhantomJS 1.9.8 (Windows 7).Directive: dashboard-layouts the proxy methods to active layout the loadWidgets method"/>
    <testcase name="should call dashboard.saveDashboard of the current layout" time="0.026" classname="PhantomJS 1.9.8 (Windows 7).Directive: dashboard-layouts the proxy methods to active layout the saveDashboard method"/>
    <testcase name="should do nothing if there is no active layout" time="0.025" classname="PhantomJS 1.9.8 (Windows 7).Directive: dashboard-layouts the proxy methods to active layout the saveDashboard method"/>
    <testcase name="should have toolbar" time="0.066" classname="PhantomJS 1.9.8 (Windows 7).Directive: dashboard"/>
    <testcase name="should have UI.Sortable directive" time="0.022" classname="PhantomJS 1.9.8 (Windows 7).Directive: dashboard"/>
    <testcase name="should render widgets" time="0.019" classname="PhantomJS 1.9.8 (Windows 7).Directive: dashboard"/>
    <testcase name="should evaluate widget expressions" time="0.019" classname="PhantomJS 1.9.8 (Windows 7).Directive: dashboard"/>
    <testcase name="should evaluate scope expressions" time="0.02" classname="PhantomJS 1.9.8 (Windows 7).Directive: dashboard"/>
    <testcase name="should fill options with defaults" time="0.023" classname="PhantomJS 1.9.8 (Windows 7).Directive: dashboard"/>
    <testcase name="should not overwrite specified options with defaults" time="0.051" classname="PhantomJS 1.9.8 (Windows 7).Directive: dashboard"/>
    <testcase name="should be able to use a different dashboard template" time="0.027" classname="PhantomJS 1.9.8 (Windows 7).Directive: dashboard"/>
    <testcase name="should set scope.widgets to an empty array if no defaultWidgets are specified" time="0.033" classname="PhantomJS 1.9.8 (Windows 7).Directive: dashboard"/>
    <testcase name="should set options.unsavedChangeCount to 0 upon load" time="0.028" classname="PhantomJS 1.9.8 (Windows 7).Directive: dashboard"/>
    <testcase name="should not call saveDashboard on load" time="0.036" classname="PhantomJS 1.9.8 (Windows 7).Directive: dashboard"/>
    <testcase name="should exist" time="0.016" classname="PhantomJS 1.9.8 (Windows 7).Directive: dashboard the sortableOptions"/>
    <testcase name="should be possible to be extendable from the dashboardOptions" time="0.076" classname="PhantomJS 1.9.8 (Windows 7).Directive: dashboard the sortableOptions"/>
    <testcase name="should have a stop function that calls $scope.saveDashboard" time="0.023" classname="PhantomJS 1.9.8 (Windows 7).Directive: dashboard the sortableOptions"/>
    <testcase name="should be a function" time="0.023" classname="PhantomJS 1.9.8 (Windows 7).Directive: dashboard the addWidget function"/>
    <testcase name="should throw if no default widgetDefinition was found" time="0.022" classname="PhantomJS 1.9.8 (Windows 7).Directive: dashboard the addWidget function"/>
    <testcase name="should look to the passed widgetToInstantiate object for the title before anything else" time="0.022" classname="PhantomJS 1.9.8 (Windows 7).Directive: dashboard the addWidget function"/>
    <testcase name="should use the defaultWidget&apos;s title second" time="0.018" classname="PhantomJS 1.9.8 (Windows 7).Directive: dashboard the addWidget function"/>
    <testcase name="should call the saveDashboard method (internal)" time="0.024" classname="PhantomJS 1.9.8 (Windows 7).Directive: dashboard the addWidget function"/>
    <testcase name="should keep overrides from widgetPassed" time="0.02" classname="PhantomJS 1.9.8 (Windows 7).Directive: dashboard the addWidget function @awashbrook Test Case"/>
    <testcase name="should fill in default attrs" time="0.023" classname="PhantomJS 1.9.8 (Windows 7).Directive: dashboard the addWidget function @awashbrook Test Case"/>
    <testcase name="should override deep options in dataModelOptions" time="0.021" classname="PhantomJS 1.9.8 (Windows 7).Directive: dashboard the addWidget function @awashbrook Test Case"/>
    <testcase name="should fill in deep default attrs" time="0.019" classname="PhantomJS 1.9.8 (Windows 7).Directive: dashboard the addWidget function @awashbrook Test Case"/>
    <testcase name="should prevent save from being called if set to true" time="0.019" classname="PhantomJS 1.9.8 (Windows 7).Directive: dashboard the addWidget function the doNotSave parameter"/>
    <testcase name="should be a function" time="0.019" classname="PhantomJS 1.9.8 (Windows 7).Directive: dashboard the removeWidget function"/>
    <testcase name="should remove the provided widget from childScope.widgets array" time="0.032" classname="PhantomJS 1.9.8 (Windows 7).Directive: dashboard the removeWidget function"/>
    <testcase name="should call saveDashboard" time="0.022" classname="PhantomJS 1.9.8 (Windows 7).Directive: dashboard the removeWidget function"/>
    <testcase name="should be attached to the options object after initialization" time="0.033" classname="PhantomJS 1.9.8 (Windows 7).Directive: dashboard the saveDashboard function"/>
    <testcase name="should call scope.dashboardState.save when called internally if explicitSave is falsey" time="0.031" classname="PhantomJS 1.9.8 (Windows 7).Directive: dashboard the saveDashboard function"/>
    <testcase name="should not call scope.dashboardState.save when called internally if explicitSave is truthy" time="0.03" classname="PhantomJS 1.9.8 (Windows 7).Directive: dashboard the saveDashboard function"/>
    <testcase name="should call scope.dashboardState.save when called externally, no matter what explicitSave value is" time="0.122" classname="PhantomJS 1.9.8 (Windows 7).Directive: dashboard the saveDashboard function"/>
    <testcase name="should keep a count of unsaved changes as unsavedChangeCount" time="0.028" classname="PhantomJS 1.9.8 (Windows 7).Directive: dashboard the saveDashboard function"/>
    <testcase name="should reset the cound of unsaved changes if a successful force save occurs" time="0.065" classname="PhantomJS 1.9.8 (Windows 7).Directive: dashboard the saveDashboard function"/>
    <testcase name="should be a function" time="0.026" classname="PhantomJS 1.9.8 (Windows 7).Directive: dashboard the loadWidgets function"/>
    <testcase name="should set savedWidgetDefs on scope as passed array" time="0.024" classname="PhantomJS 1.9.8 (Windows 7).Directive: dashboard the loadWidgets function"/>
    <testcase name="should call clear on the scope with true as the only argument" time="0.056" classname="PhantomJS 1.9.8 (Windows 7).Directive: dashboard the loadWidgets function"/>
    <testcase name="should call addWidget for each widget in the array" time="0.025" classname="PhantomJS 1.9.8 (Windows 7).Directive: dashboard the loadWidgets function"/>
    <testcase name="should call addWidget for each widget with true as the second parameter (doNotSave)" time="0.024" classname="PhantomJS 1.9.8 (Windows 7).Directive: dashboard the loadWidgets function"/>
    <testcase name="should set the scope to an empty array" time="0.025" classname="PhantomJS 1.9.8 (Windows 7).Directive: dashboard the clear function"/>
    <testcase name="should not call saveDashboard if first arg is true" time="0.024" classname="PhantomJS 1.9.8 (Windows 7).Directive: dashboard the clear function"/>
    <testcase name="should call saveDashboard if first arg is not true" time="0.027" classname="PhantomJS 1.9.8 (Windows 7).Directive: dashboard the clear function"/>
    <testcase name="should be a function" time="0.032" classname="PhantomJS 1.9.8 (Windows 7).Directive: dashboard the openWidgetSettings function"/>
    <testcase name="should call $modal.open with default options" time="0.019" classname="PhantomJS 1.9.8 (Windows 7).Directive: dashboard the openWidgetSettings function"/>
    <testcase name="should have widget in the resolve object" time="0.019" classname="PhantomJS 1.9.8 (Windows 7).Directive: dashboard the openWidgetSettings function"/>
    <testcase name="should set the templateUrl in modal options to the default (&quot;client/components/adf/template/widget-settings-template.html&quot;)" time="0.017" classname="PhantomJS 1.9.8 (Windows 7).Directive: dashboard the openWidgetSettings function"/>
    <testcase name="should set the templateUrl in modal options to scope.options.settingsModalOptions.templateUrl" time="0.025" classname="PhantomJS 1.9.8 (Windows 7).Directive: dashboard the openWidgetSettings function"/>
    <testcase name="should set the templateUrl in modal options to widget.settingsModalOptions.templateUrl, if present" time="0.018" classname="PhantomJS 1.9.8 (Windows 7).Directive: dashboard the openWidgetSettings function"/>
    <testcase name="should set the controller in modal options to the default (&quot;WidgetSettingsCtrl&quot;)" time="0.016" classname="PhantomJS 1.9.8 (Windows 7).Directive: dashboard the openWidgetSettings function"/>
    <testcase name="should set the controller in modal options to the default (&quot;WidgetSettingsCtrl&quot;), even when settingsModalOptions is supplied in options" time="0.037" classname="PhantomJS 1.9.8 (Windows 7).Directive: dashboard the openWidgetSettings function"/>
    <testcase name="should set the controller in modal options to the default (&quot;WidgetSettingsCtrl&quot;), even when settingsModalOptions is supplied in widget" time="0.037" classname="PhantomJS 1.9.8 (Windows 7).Directive: dashboard the openWidgetSettings function"/>
    <testcase name="should set the controller to scope.options.settingsModalOptions.controller if provided" time="0.02" classname="PhantomJS 1.9.8 (Windows 7).Directive: dashboard the openWidgetSettings function"/>
    <testcase name="should set the controller to widget.settingsModalOptions.controller if provided" time="0.018" classname="PhantomJS 1.9.8 (Windows 7).Directive: dashboard the openWidgetSettings function"/>
    <testcase name="should pass in other modal options set in scope.options.settingsModalOptions" time="0.02" classname="PhantomJS 1.9.8 (Windows 7).Directive: dashboard the openWidgetSettings function"/>
    <testcase name="should pass in other modal options set in widget.settingsModalOptions" time="0.018" classname="PhantomJS 1.9.8 (Windows 7).Directive: dashboard the openWidgetSettings function"/>
    <testcase name="should emit a &quot;widgetChanged&quot; event on the childScope when the modal promise is called" time="0.13" classname="PhantomJS 1.9.8 (Windows 7).Directive: dashboard the openWidgetSettings function"/>
    <testcase name="should call scope.options.onSettingsClose when the modal promise is resolved by default" time="0.027" classname="PhantomJS 1.9.8 (Windows 7).Directive: dashboard the openWidgetSettings function"/>
    <testcase name="should call scope.options.onSettingsDismiss when the modal promise is rejected by default" time="0.024" classname="PhantomJS 1.9.8 (Windows 7).Directive: dashboard the openWidgetSettings function"/>
    <testcase name="should call widget.onSettingsClose if provided when the modal promise is resolved" time="0.025" classname="PhantomJS 1.9.8 (Windows 7).Directive: dashboard the openWidgetSettings function"/>
    <testcase name="should call widget.onSettingsDismiss if provided when the modal promise is rejected" time="0.023" classname="PhantomJS 1.9.8 (Windows 7).Directive: dashboard the openWidgetSettings function"/>
    <testcase name="should exist" time="0.025" classname="PhantomJS 1.9.8 (Windows 7).Directive: dashboard the default onSettingsClose callback"/>
    <testcase name="should deep extend widget with result" time="0.034" classname="PhantomJS 1.9.8 (Windows 7).Directive: dashboard the default onSettingsClose callback"/>
    <testcase name="should exist" time="0.028" classname="PhantomJS 1.9.8 (Windows 7).Directive: dashboard the default onSettingsDismiss callback"/>
    <testcase name="should call $log.info with the reason" time="0.025" classname="PhantomJS 1.9.8 (Windows 7).Directive: dashboard the default onSettingsDismiss callback"/>
    <testcase name="should have save and load methods" time="0.007" classname="PhantomJS 1.9.8 (Windows 7).Factory: DashboardState"/>
    <testcase name="should set the arguments passed to it in the constructor on the state instance" time="0.004" classname="PhantomJS 1.9.8 (Windows 7).Factory: DashboardState"/>
    <testcase name="should return true if storage is not defined" time="0.004" classname="PhantomJS 1.9.8 (Windows 7).Factory: DashboardState the save function"/>
    <testcase name="should serialize and store widgets passed to it" time="0.005" classname="PhantomJS 1.9.8 (Windows 7).Factory: DashboardState the save function"/>
    <testcase name="should not use JSON.stringify if options.stringifyStorage is false" time="0.004" classname="PhantomJS 1.9.8 (Windows 7).Factory: DashboardState the save function"/>
    <testcase name="should return null if storage is disabled" time="0.004" classname="PhantomJS 1.9.8 (Windows 7).Factory: DashboardState the load function"/>
    <testcase name="should return null if storage is enabled but no value was found" time="0.036" classname="PhantomJS 1.9.8 (Windows 7).Factory: DashboardState the load function"/>
    <testcase name="should return null and log a warning if the stored string is invalid JSON" time="0.009" classname="PhantomJS 1.9.8 (Windows 7).Factory: DashboardState the load function"/>
    <testcase name="should return an array of widgets if getItem returns valid serialized dashboard state" time="0.004" classname="PhantomJS 1.9.8 (Windows 7).Factory: DashboardState the load function"/>
    <testcase name="should return null if getItem returned a falsey value" time="0.004" classname="PhantomJS 1.9.8 (Windows 7).Factory: DashboardState the load function"/>
    <testcase name="should return a promise if getItem returns a promise" time="0.007" classname="PhantomJS 1.9.8 (Windows 7).Factory: DashboardState the load function"/>
    <testcase name="should return null if the stored hash is different from current hash" time="0.004" classname="PhantomJS 1.9.8 (Windows 7).Factory: DashboardState the load function"/>
    <testcase name="should not include widgets that have no corresponding WDO" time="0.004" classname="PhantomJS 1.9.8 (Windows 7).Factory: DashboardState the load function"/>
    <testcase name="should not include widgets who have a stale hash" time="0.014" classname="PhantomJS 1.9.8 (Windows 7).Factory: DashboardState the load function"/>
    <testcase name="should resolve when the getItem promise resolves with a value" time="0.004" classname="PhantomJS 1.9.8 (Windows 7).Factory: DashboardState the load function the loadPromise (returned from load method)"/>
    <testcase name="should reject when the getItemPromise rejects" time="0.004" classname="PhantomJS 1.9.8 (Windows 7).Factory: DashboardState the load function the loadPromise (returned from load method)"/>
    <testcase name="should reject when the getItem promise resolves with a falsey (or no) value" time="0.004" classname="PhantomJS 1.9.8 (Windows 7).Factory: DashboardState the load function the loadPromise (returned from load method)"/>
    <testcase name="should use JSON.parse if options.stringifyStorage is true" time="0.005" classname="PhantomJS 1.9.8 (Windows 7).Factory: DashboardState the load function"/>
    <testcase name="should not use JSON.parse if options.stringifyStorage is false" time="0.004" classname="PhantomJS 1.9.8 (Windows 7).Factory: DashboardState the load function"/>
    <testcase name="should return a string" time="0.005" classname="PhantomJS 1.9.8 (Windows 7).Controller: DashboardWidgetCtrl the makeTemplateString method"/>
    <testcase name="should use ng-include if templateUrl is specified on widget, despite any other options" time="0.005" classname="PhantomJS 1.9.8 (Windows 7).Controller: DashboardWidgetCtrl the makeTemplateString method"/>
    <testcase name="should return widget.template if specified, regardless of presence of directive or attrs" time="0.004" classname="PhantomJS 1.9.8 (Windows 7).Controller: DashboardWidgetCtrl the makeTemplateString method"/>
    <testcase name="should use widget.directive as attribute directive" time="0.008" classname="PhantomJS 1.9.8 (Windows 7).Controller: DashboardWidgetCtrl the makeTemplateString method"/>
    <testcase name="should attach attributes if provided" time="0.004" classname="PhantomJS 1.9.8 (Windows 7).Controller: DashboardWidgetCtrl the makeTemplateString method"/>
    <testcase name="should place widgetData into dataAttrName attribute if specified" time="0.005" classname="PhantomJS 1.9.8 (Windows 7).Controller: DashboardWidgetCtrl the makeTemplateString method"/>
    <testcase name="should add attrs to the widget object if it does not exist and dataAttrName is specified" time="0.004" classname="PhantomJS 1.9.8 (Windows 7).Controller: DashboardWidgetCtrl the makeTemplateString method"/>
    <testcase name="should do nothing if event.which is not 1 (left click)" time="0.005" classname="PhantomJS 1.9.8 (Windows 7).Controller: DashboardWidgetCtrl the grabResizer method"/>
    <testcase name="should call stopPropagation and preventDefault" time="0.033" classname="PhantomJS 1.9.8 (Windows 7).Controller: DashboardWidgetCtrl the grabResizer method"/>
    <testcase name="should add a .widget-resizer-marquee element to the .widget element" time="0.006" classname="PhantomJS 1.9.8 (Windows 7).Controller: DashboardWidgetCtrl the grabResizer method"/>
    <testcase name="should set editingTitle=true on the widget object" time="0.004" classname="PhantomJS 1.9.8 (Windows 7).Controller: DashboardWidgetCtrl the editTitle method"/>
    <testcase name="should call $timeout" time="0.005" classname="PhantomJS 1.9.8 (Windows 7).Controller: DashboardWidgetCtrl the editTitle method"/>
    <testcase name="should set editingTitle=false" time="0.005" classname="PhantomJS 1.9.8 (Windows 7).Controller: DashboardWidgetCtrl the saveTitleEdit method"/>
    <testcase name="should set dataModelOptions and widgetScope from args" time="0.005" classname="PhantomJS 1.9.8 (Windows 7).PerceptiveReach DataModels PerceptiveReach MedicationDataModel setup method"/>
    <testcase name="check the existence of getData method" time="0.004" classname="PhantomJS 1.9.8 (Windows 7).PerceptiveReach DataModels PerceptiveReach MedicationDataModel getData method"/>
    <testcase name="check the existence of init method" time="0.004" classname="PhantomJS 1.9.8 (Windows 7).PerceptiveReach DataModels PerceptiveReach MedicationDataModel init method"/>
    <testcase name="check the existence of init method" time="0.005" classname="PhantomJS 1.9.8 (Windows 7).PerceptiveReach DataModels PerceptiveReach MedicationDataModel destroy method"/>
    <testcase name="should set dataModelOptions and widgetScope from args" time="0.004" classname="PhantomJS 1.9.8 (Windows 7).PerceptiveReach DataModels PerceptiveReach PatientFlagDataModel setup method"/>
    <testcase name="check the existence of getData method" time="0.004" classname="PhantomJS 1.9.8 (Windows 7).PerceptiveReach DataModels PerceptiveReach PatientFlagDataModel getData method"/>
    <testcase name="check the existence of init method" time="0.014" classname="PhantomJS 1.9.8 (Windows 7).PerceptiveReach DataModels PerceptiveReach PatientFlagDataModel init method"/>
    <testcase name="check the existence of init method" time="0.002" classname="PhantomJS 1.9.8 (Windows 7).PerceptiveReach DataModels PerceptiveReach PatientFlagDataModel destroy method"/>
    <testcase name="should instantiate a WebSocket immediately with the url set with provider.setWebSocketURL" time="0.002" classname="PhantomJS 1.9.8 (Windows 7).Service: webSocket when explicitConnection is disabled when url is provided by calling provider_setWebSocketURL"/>
    <testcase name="should throw if a URL was not set with provider.setWebSocketURL" time="0.003" classname="PhantomJS 1.9.8 (Windows 7).Service: webSocket when explicitConnection is disabled when the url is not provided by calling provider_setWebSocketURL"/>
    <testcase name="should not call WebSocket immediately" time="0.002" classname="PhantomJS 1.9.8 (Windows 7).Service: webSocket when explicitConnection is enabled when url is provided by calling provider_setWebSocketURL"/>
    <testcase name="should instantiate a WebSocket with the url set with provider.setWebSocketURL if no url arg is passed to it" time="0.003" classname="PhantomJS 1.9.8 (Windows 7).Service: webSocket when explicitConnection is enabled when url is provided by calling provider_setWebSocketURL"/>
    <testcase name="should not call WebSocket immediately" time="0.002" classname="PhantomJS 1.9.8 (Windows 7).Service: webSocket when explicitConnection is enabled when the url is not provided by calling provider_setWebSocketURL"/>
    <testcase name="should instantiate a WebSocket with the provided url" time="0.002" classname="PhantomJS 1.9.8 (Windows 7).Service: webSocket when explicitConnection is enabled when the url is not provided by calling provider_setWebSocketURL"/>
    <testcase name="should throw if no url is passed and no url was set with provider.setWebSocketURL" time="0.003" classname="PhantomJS 1.9.8 (Windows 7).Service: webSocket when explicitConnection is enabled when the url is not provided by calling provider_setWebSocketURL"/>
    <testcase name="should send message when WebSocket connection is opened" time="0.001" classname="PhantomJS 1.9.8 (Windows 7).Service: webSocket the send method"/>
    <testcase name="should notify subscribers" time="0.013" classname="PhantomJS 1.9.8 (Windows 7).Service: webSocket the send method"/>
    <testcase name="should send a subscribe message" time="0.001" classname="PhantomJS 1.9.8 (Windows 7).Service: webSocket the send method"/>
    <testcase name="should unsubscribe" time="0.003" classname="PhantomJS 1.9.8 (Windows 7).Service: webSocket the send method"/>
    <testcase name="should call unsubscribe on scope destroy" time="0.003" classname="PhantomJS 1.9.8 (Windows 7).Service: webSocket the send method"/>
    <testcase name="should send an unsubscribe message when there are no more listeners for a given topic" time="0.002" classname="PhantomJS 1.9.8 (Windows 7).Service: webSocket the send method"/>
    <testcase name="should send a subscribe message again if a topic has previously been unsubscribed to" time="0.003" classname="PhantomJS 1.9.8 (Windows 7).Service: webSocket the send method"/>
    <testcase name="should not throw" time="0.002" classname="PhantomJS 1.9.8 (Windows 7).Service: webSocket the connect method"/>
    <testcase name="should do nothing if an open WebSocket instance is already there" time="0.002" classname="PhantomJS 1.9.8 (Windows 7).Service: webSocket the connect method"/>
    <testcase name="should call the close method of the WebSocket" time="0.001" classname="PhantomJS 1.9.8 (Windows 7).Service: webSocket the disconnect method when the webSocket has been connected"/>
    <testcase name="should not try to re-establish connection after connectionAttemptInterval" time="0.002" classname="PhantomJS 1.9.8 (Windows 7).Service: webSocket the disconnect method when the webSocket has been connected"/>
    <testcase name="should not throw" time="0.001" classname="PhantomJS 1.9.8 (Windows 7).Service: webSocket the disconnect method when the webSocket has not connected"/>
    <testcase name="should try to re-establish connection" time="0.001" classname="PhantomJS 1.9.8 (Windows 7).Service: webSocket when the connection gets unexpectedly closed"/>
    <testcase name="should try maxConnectionAttempts times" time="0.011" classname="PhantomJS 1.9.8 (Windows 7).Service: webSocket when the connection gets unexpectedly closed"/>
    <testcase name="should start queuing up send messages again, then send those messages once connection has been re-established" time="0.002" classname="PhantomJS 1.9.8 (Windows 7).Service: webSocket when the connection gets unexpectedly closed"/>
    <testcase name="should create a new instance of dataModelType if provided in scope.widget" time="0.005" classname="PhantomJS 1.9.8 (Windows 7).Directive: widget"/>
    <testcase name="should call setup and init on the new dataModel" time="0.003" classname="PhantomJS 1.9.8 (Windows 7).Directive: widget"/>
    <testcase name="should call compile template" time="0.003" classname="PhantomJS 1.9.8 (Windows 7).Directive: widget"/>
    <testcase name="should create a new instance of dataModelType from string name" time="0.004" classname="PhantomJS 1.9.8 (Windows 7).Directive: widget"/>
    <testcase name="should validate data model type" time="0.006" classname="PhantomJS 1.9.8 (Windows 7).Directive: widget"/>
    <testcase name="should be a function" time="0.002" classname="PhantomJS 1.9.8 (Windows 7).Factory: WidgetDataModel"/>
    <testcase name="should set dataAttrName, dataModelOptions, and widgetScope from args" time="0.004" classname="PhantomJS 1.9.8 (Windows 7).Factory: WidgetDataModel setup method"/>
    <testcase name="should set scope.widgetData to passed data" time="0.002" classname="PhantomJS 1.9.8 (Windows 7).Factory: WidgetDataModel updateScope method"/>
    <testcase name="should be an empty (noop) implementation" time="0.003" classname="PhantomJS 1.9.8 (Windows 7).Factory: WidgetDataModel init method"/>
    <testcase name="should be an empty (noop) implementation" time="0.003" classname="PhantomJS 1.9.8 (Windows 7).Factory: WidgetDataModel destroy method"/>
    <testcase name="should be a function" time="0.003" classname="PhantomJS 1.9.8 (Windows 7).Factory: WidgetModel"/>
    <testcase name="should copy class defaults, so that changes on an instance do not change the Class" time="0.004" classname="PhantomJS 1.9.8 (Windows 7).Factory: WidgetModel the constructor"/>
    <testcase name="should call setWidth" time="0.003" classname="PhantomJS 1.9.8 (Windows 7).Factory: WidgetModel the constructor"/>
    <testcase name="should take overrides as precedent over Class defaults" time="0.013" classname="PhantomJS 1.9.8 (Windows 7).Factory: WidgetModel the constructor"/>
    <testcase name="should set templateUrl if and only if it is present on Class" time="0.003" classname="PhantomJS 1.9.8 (Windows 7).Factory: WidgetModel the constructor"/>
    <testcase name="should NOT set template if templateUrl was specified" time="0.003" classname="PhantomJS 1.9.8 (Windows 7).Factory: WidgetModel the constructor"/>
    <testcase name="should set template if and only if it is present on Class" time="0.003" classname="PhantomJS 1.9.8 (Windows 7).Factory: WidgetModel the constructor"/>
    <testcase name="should look for directive if neither templateUrl nor template is found on Class" time="0.003" classname="PhantomJS 1.9.8 (Windows 7).Factory: WidgetModel the constructor"/>
    <testcase name="should set the name as directive if templateUrl, template, and directive are not defined" time="0.003" classname="PhantomJS 1.9.8 (Windows 7).Factory: WidgetModel the constructor"/>
    <testcase name="should not require overrides" time="0.003" classname="PhantomJS 1.9.8 (Windows 7).Factory: WidgetModel the constructor"/>
    <testcase name="should copy references to settingsModalOptions, onSettingsClose, onSettingsDismiss" time="0.003" classname="PhantomJS 1.9.8 (Windows 7).Factory: WidgetModel the constructor"/>
    <testcase name="should take one argument as a string with units" time="0.003" classname="PhantomJS 1.9.8 (Windows 7).Factory: WidgetModel setWidth method"/>
    <testcase name="should take two args as a number and string as units" time="0.004" classname="PhantomJS 1.9.8 (Windows 7).Factory: WidgetModel setWidth method"/>
    <testcase name="should return false and not set anything if width is less than 0" time="0.004" classname="PhantomJS 1.9.8 (Windows 7).Factory: WidgetModel setWidth method"/>
    <testcase name="should assume % if no unit is given" time="0.003" classname="PhantomJS 1.9.8 (Windows 7).Factory: WidgetModel setWidth method"/>
    <testcase name="should force greater than 0% and less than or equal 100%" time="0.003" classname="PhantomJS 1.9.8 (Windows 7).Factory: WidgetModel setWidth method"/>
    <testcase name="should add widget to the dialog scope" time="0.003" classname="PhantomJS 1.9.8 (Windows 7).Controller: WidgetSettingsCtrl"/>
    <testcase name="should call close with $scope.result and $scope.widget" time="0.002" classname="PhantomJS 1.9.8 (Windows 7).Controller: WidgetSettingsCtrl the ok method"/>
    <testcase name="should call dismiss" time="0.003" classname="PhantomJS 1.9.8 (Windows 7).Controller: WidgetSettingsCtrl the cancel method"/>
    <testcase name="should have topN directive" time="0.028" classname="PhantomJS 1.9.8 (Windows 7).main test"/>
    <testcase name="should have veteran roster table directive" time="1.069" classname="PhantomJS 1.9.8 (Windows 7).main test"/>
    <testcase name="should have medication directive" time="0.041" classname="PhantomJS 1.9.8 (Windows 7).main test"/>
    <testcase name="should have patient flag directive" time="0.218" classname="PhantomJS 1.9.8 (Windows 7).main test"/>
    <system-out><![CDATA[PhantomJS 1.9.8 (Windows 7) LOG: 'inside veteran roster controller'
,PhantomJS 1.9.8 (Windows 7) LOG: [1, [Object{ReachID: ..., FirstName: ..., MiddleName: ..., LastName: ..., SSN: ..., Phone: ..., DateIdentifiedRisk: ..., RiskLevel: ..., OutreachStatus: ..., VAMC: ...}, Object{ReachID: ..., FirstName: ..., MiddleName: ..., LastName: ..., SSN: ..., Phone: ..., DateIdentifiedRisk: ..., RiskLevel: ..., OutreachStatus: ..., VAMC: ...}, Object{ReachID: ..., FirstName: ..., MiddleName: ..., LastName: ..., SSN: ..., Phone: ..., DateIdentifiedRisk: ..., RiskLevel: ..., OutreachStatus: ..., VAMC: ...}, Object{ReachID: ..., FirstName: ..., MiddleName: ..., LastName: ..., SSN: ..., Phone: ..., DateIdentifiedRisk: ..., RiskLevel: ..., OutreachStatus: ..., VAMC: ...}, Object{ReachID: ..., FirstName: ..., MiddleName: ..., LastName: ..., SSN: ..., Phone: ..., DateIdentifiedRisk: ..., RiskLevel: ..., OutreachStatus: ..., VAMC: ...}, Object{ReachID: ..., FirstName: ..., MiddleName: ..., LastName: ..., SSN: ..., Phone: ..., DateIdentifiedRisk: ..., RiskLevel: ..., OutreachStatus: ..., VAMC: ...}, Object{ReachID: ..., FirstName: ..., MiddleName: ..., LastName: ..., SSN: ..., Phone: ..., DateIdentifiedRisk: ..., RiskLevel: ..., OutreachStatus: ..., VAMC: ...}, Object{ReachID: ..., FirstName: ..., MiddleName: ..., LastName: ..., SSN: ..., Phone: ..., DateIdentifiedRisk: ..., RiskLevel: ..., OutreachStatus: ..., VAMC: ...}, Object{ReachID: ..., FirstName: ..., MiddleName: ..., LastName: ..., SSN: ..., Phone: ..., DateIdentifiedRisk: ..., RiskLevel: ..., OutreachStatus: ..., VAMC: ...}, Object{ReachID: ..., FirstName: ..., MiddleName: ..., LastName: ..., SSN: ..., Phone: ..., DateIdentifiedRisk: ..., RiskLevel: ..., OutreachStatus: ..., VAMC: ...}, Object{ReachID: ..., FirstName: ..., MiddleName: ..., LastName: ..., SSN: ..., Phone: ..., DateIdentifiedRisk: ..., RiskLevel: ..., OutreachStatus: ..., VAMC: ...}, Object{ReachID: ..., FirstName: ..., MiddleName: ..., LastName: ..., SSN: ..., Phone: ..., DateIdentifiedRisk: ..., RiskLevel: ..., OutreachStatus: ..., VAMC: ...}, Object{ReachID: ..., FirstName: ..., MiddleName: ..., LastName: ..., SSN: ..., Phone: ..., DateIdentifiedRisk: ..., RiskLevel: ..., OutreachStatus: ..., VAMC: ...}, Object{ReachID: ..., FirstName: ..., MiddleName: ..., LastName: ..., SSN: ..., Phone: ..., DateIdentifiedRisk: ..., RiskLevel: ..., OutreachStatus: ..., VAMC: ...}, Object{ReachID: ..., FirstName: ..., MiddleName: ..., LastName: ..., SSN: ..., Phone: ..., DateIdentifiedRisk: ..., RiskLevel: ..., OutreachStatus: ..., VAMC: ...}, Object{ReachID: ..., FirstName: ..., MiddleName: ..., LastName: ..., SSN: ..., Phone: ..., DateIdentifiedRisk: ..., RiskLevel: ..., OutreachStatus: ..., VAMC: ...}, Object{ReachID: ..., FirstName: ..., MiddleName: ..., LastName: ..., SSN: ..., Phone: ..., DateIdentifiedRisk: ..., RiskLevel: ..., OutreachStatus: ..., VAMC: ...}, Object{ReachID: ..., FirstName: ..., MiddleName: ..., LastName: ..., SSN: ..., Phone: ..., DateIdentifiedRisk: ..., RiskLevel: ..., OutreachStatus: ..., VAMC: ...}, Object{ReachID: ..., FirstName: ..., MiddleName: ..., LastName: ..., SSN: ..., Phone: ..., DateIdentifiedRisk: ..., RiskLevel: ..., OutreachStatus: ..., VAMC: ...}, Object{ReachID: ..., FirstName: ..., MiddleName: ..., LastName: ..., SSN: ..., Phone: ..., DateIdentifiedRisk: ..., RiskLevel: ..., OutreachStatus: ..., VAMC: ...}, Object{ReachID: ..., FirstName: ..., MiddleName: ..., LastName: ..., SSN: ..., Phone: ..., DateIdentifiedRisk: ..., RiskLevel: ..., OutreachStatus: ..., VAMC: ...}, Object{ReachID: ..., FirstName: ..., MiddleName: ..., LastName: ..., SSN: ..., Phone: ..., DateIdentifiedRisk: ..., RiskLevel: ..., OutreachStatus: ..., VAMC: ...}, Object{ReachID: ..., FirstName: ..., MiddleName: ..., LastName: ..., SSN: ..., Phone: ..., DateIdentifiedRisk: ..., RiskLevel: ..., OutreachStatus: ..., VAMC: ...}, Object{ReachID: ..., FirstName: ..., MiddleName: ..., LastName: ..., SSN: ..., Phone: ..., DateIdentifiedRisk: ..., RiskLevel: ..., OutreachStatus: ..., VAMC: ...}, Object{ReachID: ..., FirstName: ..., MiddleName: ..., LastName: ..., SSN: ..., Phone: ..., DateIdentifiedRisk: ..., RiskLevel: ..., OutreachStatus: ..., VAMC: ...}, Object{ReachID: ..., FirstName: ..., MiddleName: ..., LastName: ..., SSN: ..., Phone: ..., DateIdentifiedRisk: ..., RiskLevel: ..., OutreachStatus: ..., VAMC: ...}, Object{ReachID: ..., FirstName: ..., MiddleName: ..., LastName: ..., SSN: ..., Phone: ..., DateIdentifiedRisk: ..., RiskLevel: ..., OutreachStatus: ..., VAMC: ...}, Object{ReachID: ..., FirstName: ..., MiddleName: ..., LastName: ..., SSN: ..., Phone: ..., DateIdentifiedRisk: ..., RiskLevel: ..., OutreachStatus: ..., VAMC: ...}, Object{ReachID: ..., FirstName: ..., MiddleName: ..., LastName: ..., SSN: ..., Phone: ..., DateIdentifiedRisk: ..., RiskLevel: ..., OutreachStatus: ..., VAMC: ...}, Object{ReachID: ..., FirstName: ..., MiddleName: ..., LastName: ..., SSN: ..., Phone: ..., DateIdentifiedRisk: ..., RiskLevel: ..., OutreachStatus: ..., VAMC: ...}, Object{ReachID: ..., FirstName: ..., MiddleName: ..., LastName: ..., SSN: ..., Phone: ..., DateIdentifiedRisk: ..., RiskLevel: ..., OutreachStatus: ..., VAMC: ...}, Object{ReachID: ..., FirstName: ..., MiddleName: ..., LastName: ..., SSN: ..., Phone: ..., DateIdentifiedRisk: ..., RiskLevel: ..., OutreachStatus: ..., VAMC: ...}, Object{ReachID: ..., FirstName: ..., MiddleName: ..., LastName: ..., SSN: ..., Phone: ..., DateIdentifiedRisk: ..., RiskLevel: ..., OutreachStatus: ..., VAMC: ...}, Object{ReachID: ..., FirstName: ..., MiddleName: ..., LastName: ..., SSN: ..., Phone: ..., DateIdentifiedRisk: ..., RiskLevel: ..., OutreachStatus: ..., VAMC: ...}, Object{ReachID: ..., FirstName: ..., MiddleName: ..., LastName: ..., SSN: ..., Phone: ..., DateIdentifiedRisk: ..., RiskLevel: ..., OutreachStatus: ..., VAMC: ...}, Object{ReachID: ..., FirstName: ..., MiddleName: ..., LastName: ..., SSN: ..., Phone: ..., DateIdentifiedRisk: ..., RiskLevel: ..., OutreachStatus: ..., VAMC: ...}, Object{ReachID: ..., FirstName: ..., MiddleName: ..., LastName: ..., SSN: ..., Phone: ..., DateIdentifiedRisk: ..., RiskLevel: ..., OutreachStatus: ..., VAMC: ...}, Object{ReachID: ..., FirstName: ..., MiddleName: ..., LastName: ..., SSN: ..., Phone: ..., DateIdentifiedRisk: ..., RiskLevel: ..., OutreachStatus: ..., VAMC: ...}, Object{ReachID: ..., FirstName: ..., MiddleName: ..., LastName: ..., SSN: ..., Phone: ..., DateIdentifiedRisk: ..., RiskLevel: ..., OutreachStatus: ..., VAMC: ...}, Object{ReachID: ..., FirstName: ..., MiddleName: ..., LastName: ..., SSN: ..., Phone: ..., DateIdentifiedRisk: ..., RiskLevel: ..., OutreachStatus: ..., VAMC: ...}, Object{ReachID: ..., FirstName: ..., MiddleName: ..., LastName: ..., SSN: ..., Phone: ..., DateIdentifiedRisk: ..., RiskLevel: ..., OutreachStatus: ..., VAMC: ...}, Object{ReachID: ..., FirstName: ..., MiddleName: ..., LastName: ..., SSN: ..., Phone: ..., DateIdentifiedRisk: ..., RiskLevel: ..., OutreachStatus: ..., VAMC: ...}, Object{ReachID: ..., FirstName: ..., MiddleName: ..., LastName: ..., SSN: ..., Phone: ..., DateIdentifiedRisk: ..., RiskLevel: ..., OutreachStatus: ..., VAMC: ...}, Object{ReachID: ..., FirstName: ..., MiddleName: ..., LastName: ..., SSN: ..., Phone: ..., DateIdentifiedRisk: ..., RiskLevel: ..., OutreachStatus: ..., VAMC: ...}, Object{ReachID: ..., FirstName: ..., MiddleName: ..., LastName: ..., SSN: ..., Phone: ..., DateIdentifiedRisk: ..., RiskLevel: ..., OutreachStatus: ..., VAMC: ...}, Object{ReachID: ..., FirstName: ..., MiddleName: ..., LastName: ..., SSN: ..., Phone: ..., DateIdentifiedRisk: ..., RiskLevel: ..., OutreachStatus: ..., VAMC: ...}, Object{ReachID: ..., FirstName: ..., MiddleName: ..., LastName: ..., SSN: ..., Phone: ..., DateIdentifiedRisk: ..., RiskLevel: ..., OutreachStatus: ..., VAMC: ...}, Object{ReachID: ..., FirstName: ..., MiddleName: ..., LastName: ..., SSN: ..., Phone: ..., DateIdentifiedRisk: ..., RiskLevel: ..., OutreachStatus: ..., VAMC: ...}, Object{ReachID: ..., FirstName: ..., MiddleName: ..., LastName: ..., SSN: ..., Phone: ..., DateIdentifiedRisk: ..., RiskLevel: ..., OutreachStatus: ..., VAMC: ...}, Object{ReachID: ..., FirstName: ..., MiddleName: ..., LastName: ..., SSN: ..., Phone: ..., DateIdentifiedRisk: ..., RiskLevel: ..., OutreachStatus: ..., VAMC: ...}, Object{ReachID: ..., FirstName: ..., MiddleName: ..., LastName: ..., SSN: ..., Phone: ..., DateIdentifiedRisk: ..., RiskLevel: ..., OutreachStatus: ..., VAMC: ...}, Object{ReachID: ..., FirstName: ..., MiddleName: ..., LastName: ..., SSN: ..., Phone: ..., DateIdentifiedRisk: ..., RiskLevel: ..., OutreachStatus: ..., VAMC: ...}, Object{ReachID: ..., FirstName: ..., MiddleName: ..., LastName: ..., SSN: ..., Phone: ..., DateIdentifiedRisk: ..., RiskLevel: ..., OutreachStatus: ..., VAMC: ...}, Object{ReachID: ..., FirstName: ..., MiddleName: ..., LastName: ..., SSN: ..., Phone: ..., DateIdentifiedRisk: ..., RiskLevel: ..., OutreachStatus: ..., VAMC: ...}, Object{ReachID: ..., FirstName: ..., MiddleName: ..., LastName: ..., SSN: ..., Phone: ..., DateIdentifiedRisk: ..., RiskLevel: ..., OutreachStatus: ..., VAMC: ...}, Object{ReachID: ..., FirstName: ..., MiddleName: ..., LastName: ..., SSN: ..., Phone: ..., DateIdentifiedRisk: ..., RiskLevel: ..., OutreachStatus: ..., VAMC: ...}, Object{ReachID: ..., FirstName: ..., MiddleName: ..., LastName: ..., SSN: ..., Phone: ..., DateIdentifiedRisk: ..., RiskLevel: ..., OutreachStatus: ..., VAMC: ...}, Object{ReachID: ..., FirstName: ..., MiddleName: ..., LastName: ..., SSN: ..., Phone: ..., DateIdentifiedRisk: ..., RiskLevel: ..., OutreachStatus: ..., VAMC: ...}, Object{ReachID: ..., FirstName: ..., MiddleName: ..., LastName: ..., SSN: ..., Phone: ..., DateIdentifiedRisk: ..., RiskLevel: ..., OutreachStatus: ..., VAMC: ...}, Object{ReachID: ..., FirstName: ..., MiddleName: ..., LastName: ..., SSN: ..., Phone: ..., DateIdentifiedRisk: ..., RiskLevel: ..., OutreachStatus: ..., VAMC: ...}, Object{ReachID: ..., FirstName: ..., MiddleName: ..., LastName: ..., SSN: ..., Phone: ..., DateIdentifiedRisk: ..., RiskLevel: ..., OutreachStatus: ..., VAMC: ...}, Object{ReachID: ..., FirstName: ..., MiddleName: ..., LastName: ..., SSN: ..., Phone: ..., DateIdentifiedRisk: ..., RiskLevel: ..., OutreachStatus: ..., VAMC: ...}, Object{ReachID: ..., FirstName: ..., MiddleName: ..., LastName: ..., SSN: ..., Phone: ..., DateIdentifiedRisk: ..., RiskLevel: ..., OutreachStatus: ..., VAMC: ...}, Object{ReachID: ..., FirstName: ..., MiddleName: ..., LastName: ..., SSN: ..., Phone: ..., DateIdentifiedRisk: ..., RiskLevel: ..., OutreachStatus: ..., VAMC: ...}, Object{ReachID: ..., FirstName: ..., MiddleName: ..., LastName: ..., SSN: ..., Phone: ..., DateIdentifiedRisk: ..., RiskLevel: ..., OutreachStatus: ..., VAMC: ...}, Object{ReachID: ..., FirstName: ..., MiddleName: ..., LastName: ..., SSN: ..., Phone: ..., DateIdentifiedRisk: ..., RiskLevel: ..., OutreachStatus: ..., VAMC: ...}, Object{ReachID: ..., FirstName: ..., MiddleName: ..., LastName: ..., SSN: ..., Phone: ..., DateIdentifiedRisk: ..., RiskLevel: ..., OutreachStatus: ..., VAMC: ...}, Object{ReachID: ..., FirstName: ..., MiddleName: ..., LastName: ..., SSN: ..., Phone: ..., DateIdentifiedRisk: ..., RiskLevel: ..., OutreachStatus: ..., VAMC: ...}, Object{ReachID: ..., FirstName: ..., MiddleName: ..., LastName: ..., SSN: ..., Phone: ..., DateIdentifiedRisk: ..., RiskLevel: ..., OutreachStatus: ..., VAMC: ...}, Object{ReachID: ..., FirstName: ..., MiddleName: ..., LastName: ..., SSN: ..., Phone: ..., DateIdentifiedRisk: ..., RiskLevel: ..., OutreachStatus: ..., VAMC: ...}, Object{ReachID: ..., FirstName: ..., MiddleName: ..., LastName: ..., SSN: ..., Phone: ..., DateIdentifiedRisk: ..., RiskLevel: ..., OutreachStatus: ..., VAMC: ...}, Object{ReachID: ..., FirstName: ..., MiddleName: ..., LastName: ..., SSN: ..., Phone: ..., DateIdentifiedRisk: ..., RiskLevel: ..., OutreachStatus: ..., VAMC: ...}, Object{ReachID: ..., FirstName: ..., MiddleName: ..., LastName: ..., SSN: ..., Phone: ..., DateIdentifiedRisk: ..., RiskLevel: ..., OutreachStatus: ..., VAMC: ...}, Object{ReachID: ..., FirstName: ..., MiddleName: ..., LastName: ..., SSN: ..., Phone: ..., DateIdentifiedRisk: ..., RiskLevel: ..., OutreachStatus: ..., VAMC: ...}, Object{ReachID: ..., FirstName: ..., MiddleName: ..., LastName: ..., SSN: ..., Phone: ..., DateIdentifiedRisk: ..., RiskLevel: ..., OutreachStatus: ..., VAMC: ...}, Object{ReachID: ..., FirstName: ..., MiddleName: ..., LastName: ..., SSN: ..., Phone: ..., DateIdentifiedRisk: ..., RiskLevel: ..., OutreachStatus: ..., VAMC: ...}, Object{ReachID: ..., FirstName: ..., MiddleName: ..., LastName: ..., SSN: ..., Phone: ..., DateIdentifiedRisk: ..., RiskLevel: ..., OutreachStatus: ..., VAMC: ...}, Object{ReachID: ..., FirstName: ..., MiddleName: ..., LastName: ..., SSN: ..., Phone: ..., DateIdentifiedRisk: ..., RiskLevel: ..., OutreachStatus: ..., VAMC: ...}, Object{ReachID: ..., FirstName: ..., MiddleName: ..., LastName: ..., SSN: ..., Phone: ..., DateIdentifiedRisk: ..., RiskLevel: ..., OutreachStatus: ..., VAMC: ...}, Object{ReachID: ..., FirstName: ..., MiddleName: ..., LastName: ..., SSN: ..., Phone: ..., DateIdentifiedRisk: ..., RiskLevel: ..., OutreachStatus: ..., VAMC: ...}, Object{ReachID: ..., FirstName: ..., MiddleName: ..., LastName: ..., SSN: ..., Phone: ..., DateIdentifiedRisk: ..., RiskLevel: ..., OutreachStatus: ..., VAMC: ...}, Object{ReachID: ..., FirstName: ..., MiddleName: ..., LastName: ..., SSN: ..., Phone: ..., DateIdentifiedRisk: ..., RiskLevel: ..., OutreachStatus: ..., VAMC: ...}, Object{ReachID: ..., FirstName: ..., MiddleName: ..., LastName: ..., SSN: ..., Phone: ..., DateIdentifiedRisk: ..., RiskLevel: ..., OutreachStatus: ..., VAMC: ...}, Object{ReachID: ..., FirstName: ..., MiddleName: ..., LastName: ..., SSN: ..., Phone: ..., DateIdentifiedRisk: ..., RiskLevel: ..., OutreachStatus: ..., VAMC: ...}, Object{ReachID: ..., FirstName: ..., MiddleName: ..., LastName: ..., SSN: ..., Phone: ..., DateIdentifiedRisk: ..., RiskLevel: ..., OutreachStatus: ..., VAMC: ...}, Object{ReachID: ..., FirstName: ..., MiddleName: ..., LastName: ..., SSN: ..., Phone: ..., DateIdentifiedRisk: ..., RiskLevel: ..., OutreachStatus: ..., VAMC: ...}, Object{ReachID: ..., FirstName: ..., MiddleName: ..., LastName: ..., SSN: ..., Phone: ..., DateIdentifiedRisk: ..., RiskLevel: ..., OutreachStatus: ..., VAMC: ...}, Object{ReachID: ..., FirstName: ..., MiddleName: ..., LastName: ..., SSN: ..., Phone: ..., DateIdentifiedRisk: ..., RiskLevel: ..., OutreachStatus: ..., VAMC: ...}, Object{ReachID: ..., FirstName: ..., MiddleName: ..., LastName: ..., SSN: ..., Phone: ..., DateIdentifiedRisk: ..., RiskLevel: ..., OutreachStatus: ..., VAMC: ...}, Object{ReachID: ..., FirstName: ..., MiddleName: ..., LastName: ..., SSN: ..., Phone: ..., DateIdentifiedRisk: ..., RiskLevel: ..., OutreachStatus: ..., VAMC: ...}, Object{ReachID: ..., FirstName: ..., MiddleName: ..., LastName: ..., SSN: ..., Phone: ..., DateIdentifiedRisk: ..., RiskLevel: ..., OutreachStatus: ..., VAMC: ...}, Object{ReachID: ..., FirstName: ..., MiddleName: ..., LastName: ..., SSN: ..., Phone: ..., DateIdentifiedRisk: ..., RiskLevel: ..., OutreachStatus: ..., VAMC: ...}, Object{ReachID: ..., FirstName: ..., MiddleName: ..., LastName: ..., SSN: ..., Phone: ..., DateIdentifiedRisk: ..., RiskLevel: ..., OutreachStatus: ..., VAMC: ...}, Object{ReachID: ..., FirstName: ..., MiddleName: ..., LastName: ..., SSN: ..., Phone: ..., DateIdentifiedRisk: ..., RiskLevel: ..., OutreachStatus: ..., VAMC: ...}, Object{ReachID: ..., FirstName: ..., MiddleName: ..., LastName: ..., SSN: ..., Phone: ..., DateIdentifiedRisk: ..., RiskLevel: ..., OutreachStatus: ..., VAMC: ...}, Object{ReachID: ..., FirstName: ..., MiddleName: ..., LastName: ..., SSN: ..., Phone: ..., DateIdentifiedRisk: ..., RiskLevel: ..., OutreachStatus: ..., VAMC: ...}, Object{ReachID: ..., FirstName: ..., MiddleName: ..., LastName: ..., SSN: ..., Phone: ..., DateIdentifiedRisk: ..., RiskLevel: ..., OutreachStatus: ..., VAMC: ...}, Object{ReachID: ..., FirstName: ..., MiddleName: ..., LastName: ..., SSN: ..., Phone: ..., DateIdentifiedRisk: ..., RiskLevel: ..., OutreachStatus: ..., VAMC: ...}, Object{ReachID: ..., FirstName: ..., MiddleName: ..., LastName: ..., SSN: ..., Phone: ..., DateIdentifiedRisk: ..., RiskLevel: ..., OutreachStatus: ..., VAMC: ...}, Object{ReachID: ..., FirstName: ..., MiddleName: ..., LastName: ..., SSN: ..., Phone: ..., DateIdentifiedRisk: ..., RiskLevel: ..., OutreachStatus: ..., VAMC: ...}, Object{ReachID: ..., FirstName: ..., MiddleName: ..., LastName: ..., SSN: ..., Phone: ..., DateIdentifiedRisk: ..., RiskLevel: ..., OutreachStatus: ..., VAMC: ...}, Object{ReachID: ..., FirstName: ..., MiddleName: ..., LastName: ..., SSN: ..., Phone: ..., DateIdentifiedRisk: ..., RiskLevel: ..., OutreachStatus: ..., VAMC: ...}, Object{ReachID: ..., FirstName: ..., MiddleName: ..., LastName: ..., SSN: ..., Phone: ..., DateIdentifiedRisk: ..., RiskLevel: ..., OutreachStatus: ..., VAMC: ...}, Object{ReachID: ..., FirstName: ..., MiddleName: ..., LastName: ..., SSN: ..., Phone: ..., DateIdentifiedRisk: ..., RiskLevel: ..., OutreachStatus: ..., VAMC: ...}, Object{ReachID: ..., FirstName: ..., MiddleName: ..., LastName: ..., SSN: ..., Phone: ..., DateIdentifiedRisk: ..., RiskLevel: ..., OutreachStatus: ..., VAMC: ...}, Object{ReachID: ..., FirstName: ..., MiddleName: ..., LastName: ..., SSN: ..., Phone: ..., DateIdentifiedRisk: ..., RiskLevel: ..., OutreachStatus: ..., VAMC: ...}, Object{ReachID: ..., FirstName: ..., MiddleName: ..., LastName: ..., SSN: ..., Phone: ..., DateIdentifiedRisk: ..., RiskLevel: ..., OutreachStatus: ..., VAMC: ...}, Object{ReachID: ..., FirstName: ..., MiddleName: ..., LastName: ..., SSN: ..., Phone: ..., DateIdentifiedRisk: ..., RiskLevel: ..., OutreachStatus: ..., VAMC: ...}, Object{ReachID: ..., FirstName: ..., MiddleName: ..., LastName: ..., SSN: ..., Phone: ..., DateIdentifiedRisk: ..., RiskLevel: ..., OutreachStatus: ..., VAMC: ...}, Object{ReachID: ..., FirstName: ..., MiddleName: ..., LastName: ..., SSN: ..., Phone: ..., DateIdentifiedRisk: ..., RiskLevel: ..., OutreachStatus: ..., VAMC: ...}, Object{ReachID: ..., FirstName: ..., MiddleName: ..., LastName: ..., SSN: ..., Phone: ..., DateIdentifiedRisk: ..., RiskLevel: ..., OutreachStatus: ..., VAMC: ...}, Object{ReachID: ..., FirstName: ..., MiddleName: ..., LastName: ..., SSN: ..., Phone: ..., DateIdentifiedRisk: ..., RiskLevel: ..., OutreachStatus: ..., VAMC: ...}, Object{ReachID: ..., FirstName: ..., MiddleName: ..., LastName: ..., SSN: ..., Phone: ..., DateIdentifiedRisk: ..., RiskLevel: ..., OutreachStatus: ..., VAMC: ...}, Object{ReachID: ..., FirstName: ..., MiddleName: ..., LastName: ..., SSN: ..., Phone: ..., DateIdentifiedRisk: ..., RiskLevel: ..., OutreachStatus: ..., VAMC: ...}, Object{ReachID: ..., FirstName: ..., MiddleName: ..., LastName: ..., SSN: ..., Phone: ..., DateIdentifiedRisk: ..., RiskLevel: ..., OutreachStatus: ..., VAMC: ...}, Object{ReachID: ..., FirstName: ..., MiddleName: ..., LastName: ..., SSN: ..., Phone: ..., DateIdentifiedRisk: ..., RiskLevel: ..., OutreachStatus: ..., VAMC: ...}, Object{ReachID: ..., FirstName: ..., MiddleName: ..., LastName: ..., SSN: ..., Phone: ..., DateIdentifiedRisk: ..., RiskLevel: ..., OutreachStatus: ..., VAMC: ...}, Object{ReachID: ..., FirstName: ..., MiddleName: ..., LastName: ..., SSN: ..., Phone: ..., DateIdentifiedRisk: ..., RiskLevel: ..., OutreachStatus: ..., VAMC: ...}, Object{ReachID: ..., FirstName: ..., MiddleName: ..., LastName: ..., SSN: ..., Phone: ..., DateIdentifiedRisk: ..., RiskLevel: ..., OutreachStatus: ..., VAMC: ...}, Object{ReachID: ..., FirstName: ..., MiddleName: ..., LastName: ..., SSN: ..., Phone: ..., DateIdentifiedRisk: ..., RiskLevel: ..., OutreachStatus: ..., VAMC: ...}, Object{ReachID: ..., FirstName: ..., MiddleName: ..., LastName: ..., SSN: ..., Phone: ..., DateIdentifiedRisk: ..., RiskLevel: ..., OutreachStatus: ..., VAMC: ...}, Object{ReachID: ..., FirstName: ..., MiddleName: ..., LastName: ..., SSN: ..., Phone: ..., DateIdentifiedRisk: ..., RiskLevel: ..., OutreachStatus: ..., VAMC: ...}, Object{ReachID: ..., FirstName: ..., MiddleName: ..., LastName: ..., SSN: ..., Phone: ..., DateIdentifiedRisk: ..., RiskLevel: ..., OutreachStatus: ..., VAMC: ...}, Object{ReachID: ..., FirstName: ..., MiddleName: ..., LastName: ..., SSN: ..., Phone: ..., DateIdentifiedRisk: ..., RiskLevel: ..., OutreachStatus: ..., VAMC: ...}, Object{ReachID: ..., FirstName: ..., MiddleName: ..., LastName: ..., SSN: ..., Phone: ..., DateIdentifiedRisk: ..., RiskLevel: ..., OutreachStatus: ..., VAMC: ...}, Object{ReachID: ..., FirstName: ..., MiddleName: ..., LastName: ..., SSN: ..., Phone: ..., DateIdentifiedRisk: ..., RiskLevel: ..., OutreachStatus: ..., VAMC: ...}, Object{ReachID: ..., FirstName: ..., MiddleName: ..., LastName: ..., SSN: ..., Phone: ..., DateIdentifiedRisk: ..., RiskLevel: ..., OutreachStatus: ..., VAMC: ...}, Object{ReachID: ..., FirstName: ..., MiddleName: ..., LastName: ..., SSN: ..., Phone: ..., DateIdentifiedRisk: ..., RiskLevel: ..., OutreachStatus: ..., VAMC: ...}, Object{ReachID: ..., FirstName: ..., MiddleName: ..., LastName: ..., SSN: ..., Phone: ..., DateIdentifiedRisk: ..., RiskLevel: ..., OutreachStatus: ..., VAMC: ...}, Object{ReachID: ..., FirstName: ..., MiddleName: ..., LastName: ..., SSN: ..., Phone: ..., DateIdentifiedRisk: ..., RiskLevel: ..., OutreachStatus: ..., VAMC: ...}, Object{ReachID: ..., FirstName: ..., MiddleName: ..., LastName: ..., SSN: ..., Phone: ..., DateIdentifiedRisk: ..., RiskLevel: ..., OutreachStatus: ..., VAMC: ...}, Object{ReachID: ..., FirstName: ..., MiddleName: ..., LastName: ..., SSN: ..., Phone: ..., DateIdentifiedRisk: ..., RiskLevel: ..., OutreachStatus: ..., VAMC: ...}, Object{ReachID: ..., FirstName: ..., MiddleName: ..., LastName: ..., SSN: ..., Phone: ..., DateIdentifiedRisk: ..., RiskLevel: ..., OutreachStatus: ..., VAMC: ...}, Object{ReachID: ..., FirstName: ..., MiddleName: ..., LastName: ..., SSN: ..., Phone: ..., DateIdentifiedRisk: ..., RiskLevel: ..., OutreachStatus: ..., VAMC: ...}, Object{ReachID: ..., FirstName: ..., MiddleName: ..., LastName: ..., SSN: ..., Phone: ..., DateIdentifiedRisk: ..., RiskLevel: ..., OutreachStatus: ..., VAMC: ...}, Object{ReachID: ..., FirstName: ..., MiddleName: ..., LastName: ..., SSN: ..., Phone: ..., DateIdentifiedRisk: ..., RiskLevel: ..., OutreachStatus: ..., VAMC: ...}, Object{ReachID: ..., FirstName: ..., MiddleName: ..., LastName: ..., SSN: ..., Phone: ..., DateIdentifiedRisk: ..., RiskLevel: ..., OutreachStatus: ..., VAMC: ...}, Object{ReachID: ..., FirstName: ..., MiddleName: ..., LastName: ..., SSN: ..., Phone: ..., DateIdentifiedRisk: ..., RiskLevel: ..., OutreachStatus: ..., VAMC: ...}, Object{ReachID: ..., FirstName: ..., MiddleName: ..., LastName: ..., SSN: ..., Phone: ..., DateIdentifiedRisk: ..., RiskLevel: ..., OutreachStatus: ..., VAMC: ...}, Object{ReachID: ..., FirstName: ..., MiddleName: ..., LastName: ..., SSN: ..., Phone: ..., DateIdentifiedRisk: ..., RiskLevel: ..., OutreachStatus: ..., VAMC: ...}, Object{ReachID: ..., FirstName: ..., MiddleName: ..., LastName: ..., SSN: ..., Phone: ..., DateIdentifiedRisk: ..., RiskLevel: ..., OutreachStatus: ..., VAMC: ...}, Object{ReachID: ..., FirstName: ..., MiddleName: ..., LastName: ..., SSN: ..., Phone: ..., DateIdentifiedRisk: ..., RiskLevel: ..., OutreachStatus: ..., VAMC: ...}, Object{ReachID: ..., FirstName: ..., MiddleName: ..., LastName: ..., SSN: ..., Phone: ..., DateIdentifiedRisk: ..., RiskLevel: ..., OutreachStatus: ..., VAMC: ...}, Object{ReachID: ..., FirstName: ..., MiddleName: ..., LastName: ..., SSN: ..., Phone: ..., DateIdentifiedRisk: ..., RiskLevel: ..., OutreachStatus: ..., VAMC: ...}, Object{ReachID: ..., FirstName: ..., MiddleName: ..., LastName: ..., SSN: ..., Phone: ..., DateIdentifiedRisk: ..., RiskLevel: ..., OutreachStatus: ..., VAMC: ...}, Object{ReachID: ..., FirstName: ..., MiddleName: ..., LastName: ..., SSN: ..., Phone: ..., DateIdentifiedRisk: ..., RiskLevel: ..., OutreachStatus: ..., VAMC: ...}, Object{ReachID: ..., FirstName: ..., MiddleName: ..., LastName: ..., SSN: ..., Phone: ..., DateIdentifiedRisk: ..., RiskLevel: ..., OutreachStatus: ..., VAMC: ...}, Object{ReachID: ..., FirstName: ..., MiddleName: ..., LastName: ..., SSN: ..., Phone: ..., DateIdentifiedRisk: ..., RiskLevel: ..., OutreachStatus: ..., VAMC: ...}, Object{ReachID: ..., FirstName: ..., MiddleName: ..., LastName: ..., SSN: ..., Phone: ..., DateIdentifiedRisk: ..., RiskLevel: ..., OutreachStatus: ..., VAMC: ...}, Object{ReachID: ..., FirstName: ..., MiddleName: ..., LastName: ..., SSN: ..., Phone: ..., DateIdentifiedRisk: ..., RiskLevel: ..., OutreachStatus: ..., VAMC: ...}, Object{ReachID: ..., FirstName: ..., MiddleName: ..., LastName: ..., SSN: ..., Phone: ..., DateIdentifiedRisk: ..., RiskLevel: ..., OutreachStatus: ..., VAMC: ...}, Object{ReachID: ..., FirstName: ..., MiddleName: ..., LastName: ..., SSN: ..., Phone: ..., DateIdentifiedRisk: ..., RiskLevel: ..., OutreachStatus: ..., VAMC: ...}, Object{ReachID: ..., FirstName: ..., MiddleName: ..., LastName: ..., SSN: ..., Phone: ..., DateIdentifiedRisk: ..., RiskLevel: ..., OutreachStatus: ..., VAMC: ...}, Object{ReachID: ..., FirstName: ..., MiddleName: ..., LastName: ..., SSN: ..., Phone: ..., DateIdentifiedRisk: ..., RiskLevel: ..., OutreachStatus: ..., VAMC: ...}, Object{ReachID: ..., FirstName: ..., MiddleName: ..., LastName: ..., SSN: ..., Phone: ..., DateIdentifiedRisk: ..., RiskLevel: ..., OutreachStatus: ..., VAMC: ...}, Object{ReachID: ..., FirstName: ..., MiddleName: ..., LastName: ..., SSN: ..., Phone: ..., DateIdentifiedRisk: ..., RiskLevel: ..., OutreachStatus: ..., VAMC: ...}, Object{ReachID: ..., FirstName: ..., MiddleName: ..., LastName: ..., SSN: ..., Phone: ..., DateIdentifiedRisk: ..., RiskLevel: ..., OutreachStatus: ..., VAMC: ...}, Object{ReachID: ..., FirstName: ..., MiddleName: ..., LastName: ..., SSN: ..., Phone: ..., DateIdentifiedRisk: ..., RiskLevel: ..., OutreachStatus: ..., VAMC: ...}, Object{ReachID: ..., FirstName: ..., MiddleName: ..., LastName: ..., SSN: ..., Phone: ..., DateIdentifiedRisk: ..., RiskLevel: ..., OutreachStatus: ..., VAMC: ...}, Object{ReachID: ..., FirstName: ..., MiddleName: ..., LastName: ..., SSN: ..., Phone: ..., DateIdentifiedRisk: ..., RiskLevel: ..., OutreachStatus: ..., VAMC: ...}, Object{ReachID: ..., FirstName: ..., MiddleName: ..., LastName: ..., SSN: ..., Phone: ..., DateIdentifiedRisk: ..., RiskLevel: ..., OutreachStatus: ..., VAMC: ...}, Object{ReachID: ..., FirstName: ..., MiddleName: ..., LastName: ..., SSN: ..., Phone: ..., DateIdentifiedRisk: ..., RiskLevel: ..., OutreachStatus: ..., VAMC: ...}, Object{ReachID: ..., FirstName: ..., MiddleName: ..., LastName: ..., SSN: ..., Phone: ..., DateIdentifiedRisk: ..., RiskLevel: ..., OutreachStatus: ..., VAMC: ...}, Object{ReachID: ..., FirstName: ..., MiddleName: ..., LastName: ..., SSN: ..., Phone: ..., DateIdentifiedRisk: ..., RiskLevel: ..., OutreachStatus: ..., VAMC: ...}, Object{ReachID: ..., FirstName: ..., MiddleName: ..., LastName: ..., SSN: ..., Phone: ..., DateIdentifiedRisk: ..., RiskLevel: ..., OutreachStatus: ..., VAMC: ...}, Object{ReachID: ..., FirstName: ..., MiddleName: ..., LastName: ..., SSN: ..., Phone: ..., DateIdentifiedRisk: ..., RiskLevel: ..., OutreachStatus: ..., VAMC: ...}, Object{ReachID: ..., FirstName: ..., MiddleName: ..., LastName: ..., SSN: ..., Phone: ..., DateIdentifiedRisk: ..., RiskLevel: ..., OutreachStatus: ..., VAMC: ...}, Object{ReachID: ..., FirstName: ..., MiddleName: ..., LastName: ..., SSN: ..., Phone: ..., DateIdentifiedRisk: ..., RiskLevel: ..., OutreachStatus: ..., VAMC: ...}, Object{ReachID: ..., FirstName: ..., MiddleName: ..., LastName: ..., SSN: ..., Phone: ..., DateIdentifiedRisk: ..., RiskLevel: ..., OutreachStatus: ..., VAMC: ...}, Object{ReachID: ..., FirstName: ..., MiddleName: ..., LastName: ..., SSN: ..., Phone: ..., DateIdentifiedRisk: ..., RiskLevel: ..., OutreachStatus: ..., VAMC: ...}, Object{ReachID: ..., FirstName: ..., MiddleName: ..., LastName: ..., SSN: ..., Phone: ..., DateIdentifiedRisk: ..., RiskLevel: ..., OutreachStatus: ..., VAMC: ...}, Object{ReachID: ..., FirstName: ..., MiddleName: ..., LastName: ..., SSN: ..., Phone: ..., DateIdentifiedRisk: ..., RiskLevel: ..., OutreachStatus: ..., VAMC: ...}, Object{ReachID: ..., FirstName: ..., MiddleName: ..., LastName: ..., SSN: ..., Phone: ..., DateIdentifiedRisk: ..., RiskLevel: ..., OutreachStatus: ..., VAMC: ...}, Object{ReachID: ..., FirstName: ..., MiddleName: ..., LastName: ..., SSN: ..., Phone: ..., DateIdentifiedRisk: ..., RiskLevel: ..., OutreachStatus: ..., VAMC: ...}, Object{ReachID: ..., FirstName: ..., MiddleName: ..., LastName: ..., SSN: ..., Phone: ..., DateIdentifiedRisk: ..., RiskLevel: ..., OutreachStatus: ..., VAMC: ...}, Object{ReachID: ..., FirstName: ..., MiddleName: ..., LastName: ..., SSN: ..., Phone: ..., DateIdentifiedRisk: ..., RiskLevel: ..., OutreachStatus: ..., VAMC: ...}, Object{ReachID: ..., FirstName: ..., MiddleName: ..., LastName: ..., SSN: ..., Phone: ..., DateIdentifiedRisk: ..., RiskLevel: ..., OutreachStatus: ..., VAMC: ...}, Object{ReachID: ..., FirstName: ..., MiddleName: ..., LastName: ..., SSN: ..., Phone: ..., DateIdentifiedRisk: ..., RiskLevel: ..., OutreachStatus: ..., VAMC: ...}, Object{ReachID: ..., FirstName: ..., MiddleName: ..., LastName: ..., SSN: ..., Phone: ..., DateIdentifiedRisk: ..., RiskLevel: ..., OutreachStatus: ..., VAMC: ...}, Object{ReachID: ..., FirstName: ..., MiddleName: ..., LastName: ..., SSN: ..., Phone: ..., DateIdentifiedRisk: ..., RiskLevel: ..., OutreachStatus: ..., VAMC: ...}, Object{ReachID: ..., FirstName: ..., MiddleName: ..., LastName: ..., SSN: ..., Phone: ..., DateIdentifiedRisk: ..., RiskLevel: ..., OutreachStatus: ..., VAMC: ...}, Object{ReachID: ..., FirstName: ..., MiddleName: ..., LastName: ..., SSN: ..., Phone: ..., DateIdentifiedRisk: ..., RiskLevel: ..., OutreachStatus: ..., VAMC: ...}, Object{ReachID: ..., FirstName: ..., MiddleName: ..., LastName: ..., SSN: ..., Phone: ..., DateIdentifiedRisk: ..., RiskLevel: ..., OutreachStatus: ..., VAMC: ...}, Object{ReachID: ..., FirstName: ..., MiddleName: ..., LastName: ..., SSN: ..., Phone: ..., DateIdentifiedRisk: ..., RiskLevel: ..., OutreachStatus: ..., VAMC: ...}, Object{ReachID: ..., FirstName: ..., MiddleName: ..., LastName: ..., SSN: ..., Phone: ..., DateIdentifiedRisk: ..., RiskLevel: ..., OutreachStatus: ..., VAMC: ...}, Object{ReachID: ..., FirstName: ..., MiddleName: ..., LastName: ..., SSN: ..., Phone: ..., DateIdentifiedRisk: ..., RiskLevel: ..., OutreachStatus: ..., VAMC: ...}, Object{ReachID: ..., FirstName: ..., MiddleName: ..., LastName: ..., SSN: ..., Phone: ..., DateIdentifiedRisk: ..., RiskLevel: ..., OutreachStatus: ..., VAMC: ...}, Object{ReachID: ..., FirstName: ..., MiddleName: ..., LastName: ..., SSN: ..., Phone: ..., DateIdentifiedRisk: ..., RiskLevel: ..., OutreachStatus: ..., VAMC: ...}, Object{ReachID: ..., FirstName: ..., MiddleName: ..., LastName: ..., SSN: ..., Phone: ..., DateIdentifiedRisk: ..., RiskLevel: ..., OutreachStatus: ..., VAMC: ...}, Object{ReachID: ..., FirstName: ..., MiddleName: ..., LastName: ..., SSN: ..., Phone: ..., DateIdentifiedRisk: ..., RiskLevel: ..., OutreachStatus: ..., VAMC: ...}, Object{ReachID: ..., FirstName: ..., MiddleName: ..., LastName: ..., SSN: ..., Phone: ..., DateIdentifiedRisk: ..., RiskLevel: ..., OutreachStatus: ..., VAMC: ...}, Object{ReachID: ..., FirstName: ..., MiddleName: ..., LastName: ..., SSN: ..., Phone: ..., DateIdentifiedRisk: ..., RiskLevel: ..., OutreachStatus: ..., VAMC: ...}, Object{ReachID: ..., FirstName: ..., MiddleName: ..., LastName: ..., SSN: ..., Phone: ..., DateIdentifiedRisk: ..., RiskLevel: ..., OutreachStatus: ..., VAMC: ...}, Object{ReachID: ..., FirstName: ..., MiddleName: ..., LastName: ..., SSN: ..., Phone: ..., DateIdentifiedRisk: ..., RiskLevel: ..., OutreachStatus: ..., VAMC: ...}, Object{ReachID: ..., FirstName: ..., MiddleName: ..., LastName: ..., SSN: ..., Phone: ..., DateIdentifiedRisk: ..., RiskLevel: ..., OutreachStatus: ..., VAMC: ...}, Object{ReachID: ..., FirstName: ..., MiddleName: ..., LastName: ..., SSN: ..., Phone: ..., DateIdentifiedRisk: ..., RiskLevel: ..., OutreachStatus: ..., VAMC: ...}, Object{ReachID: ..., FirstName: ..., MiddleName: ..., LastName: ..., SSN: ..., Phone: ..., DateIdentifiedRisk: ..., RiskLevel: ..., OutreachStatus: ..., VAMC: ...}, Object{ReachID: ..., FirstName: ..., MiddleName: ..., LastName: ..., SSN: ..., Phone: ..., DateIdentifiedRisk: ..., RiskLevel: ..., OutreachStatus: ..., VAMC: ...}, Object{ReachID: ..., FirstName: ..., MiddleName: ..., LastName: ..., SSN: ..., Phone: ..., DateIdentifiedRisk: ..., RiskLevel: ..., OutreachStatus: ..., VAMC: ...}, Object{ReachID: ..., FirstName: ..., MiddleName: ..., LastName: ..., SSN: ..., Phone: ..., DateIdentifiedRisk: ..., RiskLevel: ..., OutreachStatus: ..., VAMC: ...}, Object{ReachID: ..., FirstName: ..., MiddleName: ..., LastName: ..., SSN: ..., Phone: ..., DateIdentifiedRisk: ..., RiskLevel: ..., OutreachStatus: ..., VAMC: ...}, Object{ReachID: ..., FirstName: ..., MiddleName: ..., LastName: ..., SSN: ..., Phone: ..., DateIdentifiedRisk: ..., RiskLevel: ..., OutreachStatus: ..., VAMC: ...}, Object{ReachID: ..., FirstName: ..., MiddleName: ..., LastName: ..., SSN: ..., Phone: ..., DateIdentifiedRisk: ..., RiskLevel: ..., OutreachStatus: ..., VAMC: ...}, Object{ReachID: ..., FirstName: ..., MiddleName: ..., LastName: ..., SSN: ..., Phone: ..., DateIdentifiedRisk: ..., RiskLevel: ..., OutreachStatus: ..., VAMC: ...}, Object{ReachID: ..., FirstName: ..., MiddleName: ..., LastName: ..., SSN: ..., Phone: ..., DateIdentifiedRisk: ..., RiskLevel: ..., OutreachStatus: ..., VAMC: ...}, Object{ReachID: ..., FirstName: ..., MiddleName: ..., LastName: ..., SSN: ..., Phone: ..., DateIdentifiedRisk: ..., RiskLevel: ..., OutreachStatus: ..., VAMC: ...}, Object{ReachID: ..., FirstName: ..., MiddleName: ..., LastName: ..., SSN: ..., Phone: ..., DateIdentifiedRisk: ..., RiskLevel: ..., OutreachStatus: ..., VAMC: ...}, Object{ReachID: ..., FirstName: ..., MiddleName: ..., LastName: ..., SSN: ..., Phone: ..., DateIdentifiedRisk: ..., RiskLevel: ..., OutreachStatus: ..., VAMC: ...}, Object{ReachID: ..., FirstName: ..., MiddleName: ..., LastName: ..., SSN: ..., Phone: ..., DateIdentifiedRisk: ..., RiskLevel: ..., OutreachStatus: ..., VAMC: ...}, Object{ReachID: ..., FirstName: ..., MiddleName: ..., LastName: ..., SSN: ..., Phone: ..., DateIdentifiedRisk: ..., RiskLevel: ..., OutreachStatus: ..., VAMC: ...}, Object{ReachID: ..., FirstName: ..., MiddleName: ..., LastName: ..., SSN: ..., Phone: ..., DateIdentifiedRisk: ..., RiskLevel: ..., OutreachStatus: ..., VAMC: ...}, Object{ReachID: ..., FirstName: ..., MiddleName: ..., LastName: ..., SSN: ..., Phone: ..., DateIdentifiedRisk: ..., RiskLevel: ..., OutreachStatus: ..., VAMC: ...}, Object{ReachID: ..., FirstName: ..., MiddleName: ..., LastName: ..., SSN: ..., Phone: ..., DateIdentifiedRisk: ..., RiskLevel: ..., OutreachStatus: ..., VAMC: ...}, Object{ReachID: ..., FirstName: ..., MiddleName: ..., LastName: ..., SSN: ..., Phone: ..., DateIdentifiedRisk: ..., RiskLevel: ..., OutreachStatus: ..., VAMC: ...}, Object{ReachID: ..., FirstName: ..., MiddleName: ..., LastName: ..., SSN: ..., Phone: ..., DateIdentifiedRisk: ..., RiskLevel: ..., OutreachStatus: ..., VAMC: ...}, Object{ReachID: ..., FirstName: ..., MiddleName: ..., LastName: ..., SSN: ..., Phone: ..., DateIdentifiedRisk: ..., RiskLevel: ..., OutreachStatus: ..., VAMC: ...}, Object{ReachID: ..., FirstName: ..., MiddleName: ..., LastName: ..., SSN: ..., Phone: ..., DateIdentifiedRisk: ..., RiskLevel: ..., OutreachStatus: ..., VAMC: ...}, Object{ReachID: ..., FirstName: ..., MiddleName: ..., LastName: ..., SSN: ..., Phone: ..., DateIdentifiedRisk: ..., RiskLevel: ..., OutreachStatus: ..., VAMC: ...}, Object{ReachID: ..., FirstName: ..., MiddleName: ..., LastName: ..., SSN: ..., Phone: ..., DateIdentifiedRisk: ..., RiskLevel: ..., OutreachStatus: ..., VAMC: ...}, Object{ReachID: ..., FirstName: ..., MiddleName: ..., LastName: ..., SSN: ..., Phone: ..., DateIdentifiedRisk: ..., RiskLevel: ..., OutreachStatus: ..., VAMC: ...}, Object{ReachID: ..., FirstName: ..., MiddleName: ..., LastName: ..., SSN: ..., Phone: ..., DateIdentifiedRisk: ..., RiskLevel: ..., OutreachStatus: ..., VAMC: ...}, Object{ReachID: ..., FirstName: ..., MiddleName: ..., LastName: ..., SSN: ..., Phone: ..., DateIdentifiedRisk: ..., RiskLevel: ..., OutreachStatus: ..., VAMC: ...}, Object{ReachID: ..., FirstName: ..., MiddleName: ..., LastName: ..., SSN: ..., Phone: ..., DateIdentifiedRisk: ..., RiskLevel: ..., OutreachStatus: ..., VAMC: ...}, Object{ReachID: ..., FirstName: ..., MiddleName: ..., LastName: ..., SSN: ..., Phone: ..., DateIdentifiedRisk: ..., RiskLevel: ..., OutreachStatus: ..., VAMC: ...}, Object{ReachID: ..., FirstName: ..., MiddleName: ..., LastName: ..., SSN: ..., Phone: ..., DateIdentifiedRisk: ..., RiskLevel: ..., OutreachStatus: ..., VAMC: ...}, Object{ReachID: ..., FirstName: ..., MiddleName: ..., LastName: ..., SSN: ..., Phone: ..., DateIdentifiedRisk: ..., RiskLevel: ..., OutreachStatus: ..., VAMC: ...}, Object{ReachID: ..., FirstName: ..., MiddleName: ..., LastName: ..., SSN: ..., Phone: ..., DateIdentifiedRisk: ..., RiskLevel: ..., OutreachStatus: ..., VAMC: ...}, Object{ReachID: ..., FirstName: ..., MiddleName: ..., LastName: ..., SSN: ..., Phone: ..., DateIdentifiedRisk: ..., RiskLevel: ..., OutreachStatus: ..., VAMC: ...}, Object{ReachID: ..., FirstName: ..., MiddleName: ..., LastName: ..., SSN: ..., Phone: ..., DateIdentifiedRisk: ..., RiskLevel: ..., OutreachStatus: ..., VAMC: ...}, Object{ReachID: ..., FirstName: ..., MiddleName: ..., LastName: ..., SSN: ..., Phone: ..., DateIdentifiedRisk: ..., RiskLevel: ..., OutreachStatus: ..., VAMC: ...}, Object{ReachID: ..., FirstName: ..., MiddleName: ..., LastName: ..., SSN: ..., Phone: ..., DateIdentifiedRisk: ..., RiskLevel: ..., OutreachStatus: ..., VAMC: ...}, Object{ReachID: ..., FirstName: ..., MiddleName: ..., LastName: ..., SSN: ..., Phone: ..., DateIdentifiedRisk: ..., RiskLevel: ..., OutreachStatus: ..., VAMC: ...}, Object{ReachID: ..., FirstName: ..., MiddleName: ..., LastName: ..., SSN: ..., Phone: ..., DateIdentifiedRisk: ..., RiskLevel: ..., OutreachStatus: ..., VAMC: ...}, Object{ReachID: ..., FirstName: ..., MiddleName: ..., LastName: ..., SSN: ..., Phone: ..., DateIdentifiedRisk: ..., RiskLevel: ..., OutreachStatus: ..., VAMC: ...}, Object{ReachID: ..., FirstName: ..., MiddleName: ..., LastName: ..., SSN: ..., Phone: ..., DateIdentifiedRisk: ..., RiskLevel: ..., OutreachStatus: ..., VAMC: ...}, Object{ReachID: ..., FirstName: ..., MiddleName: ..., LastName: ..., SSN: ..., Phone: ..., DateIdentifiedRisk: ..., RiskLevel: ..., OutreachStatus: ..., VAMC: ...}, Object{ReachID: ..., FirstName: ..., MiddleName: ..., LastName: ..., SSN: ..., Phone: ..., DateIdentifiedRisk: ..., RiskLevel: ..., OutreachStatus: ..., VAMC: ...}, Object{ReachID: ..., FirstName: ..., MiddleName: ..., LastName: ..., SSN: ..., Phone: ..., DateIdentifiedRisk: ..., RiskLevel: ..., OutreachStatus: ..., VAMC: ...}, Object{ReachID: ..., FirstName: ..., MiddleName: ..., LastName: ..., SSN: ..., Phone: ..., DateIdentifiedRisk: ..., RiskLevel: ..., OutreachStatus: ..., VAMC: ...}, Object{ReachID: ..., FirstName: ..., MiddleName: ..., LastName: ..., SSN: ..., Phone: ..., DateIdentifiedRisk: ..., RiskLevel: ..., OutreachStatus: ..., VAMC: ...}, Object{ReachID: ..., FirstName: ..., MiddleName: ..., LastName: ..., SSN: ..., Phone: ..., DateIdentifiedRisk: ..., RiskLevel: ..., OutreachStatus: ..., VAMC: ...}, Object{ReachID: ..., FirstName: ..., MiddleName: ..., LastName: ..., SSN: ..., Phone: ..., DateIdentifiedRisk: ..., RiskLevel: ..., OutreachStatus: ..., VAMC: ...}, Object{ReachID: ..., FirstName: ..., MiddleName: ..., LastName: ..., SSN: ..., Phone: ..., DateIdentifiedRisk: ..., RiskLevel: ..., OutreachStatus: ..., VAMC: ...}, Object{ReachID: ..., FirstName: ..., MiddleName: ..., LastName: ..., SSN: ..., Phone: ..., DateIdentifiedRisk: ..., RiskLevel: ..., OutreachStatus: ..., VAMC: ...}, Object{ReachID: ..., FirstName: ..., MiddleName: ..., LastName: ..., SSN: ..., Phone: ..., DateIdentifiedRisk: ..., RiskLevel: ..., OutreachStatus: ..., VAMC: ...}, Object{ReachID: ..., FirstName: ..., MiddleName: ..., LastName: ..., SSN: ..., Phone: ..., DateIdentifiedRisk: ..., RiskLevel: ..., OutreachStatus: ..., VAMC: ...}, Object{ReachID: ..., FirstName: ..., MiddleName: ..., LastName: ..., SSN: ..., Phone: ..., DateIdentifiedRisk: ..., RiskLevel: ..., OutreachStatus: ..., VAMC: ...}, Object{ReachID: ..., FirstName: ..., MiddleName: ..., LastName: ..., SSN: ..., Phone: ..., DateIdentifiedRisk: ..., RiskLevel: ..., OutreachStatus: ..., VAMC: ...}, Object{ReachID: ..., FirstName: ..., MiddleName: ..., LastName: ..., SSN: ..., Phone: ..., DateIdentifiedRisk: ..., RiskLevel: ..., OutreachStatus: ..., VAMC: ...}, Object{ReachID: ..., FirstName: ..., MiddleName: ..., LastName: ..., SSN: ..., Phone: ..., DateIdentifiedRisk: ..., RiskLevel: ..., OutreachStatus: ..., VAMC: ...}, Object{ReachID: ..., FirstName: ..., MiddleName: ..., LastName: ..., SSN: ..., Phone: ..., DateIdentifiedRisk: ..., RiskLevel: ..., OutreachStatus: ..., VAMC: ...}, Object{ReachID: ..., FirstName: ..., MiddleName: ..., LastName: ..., SSN: ..., Phone: ..., DateIdentifiedRisk: ..., RiskLevel: ..., OutreachStatus: ..., VAMC: ...}, Object{ReachID: ..., FirstName: ..., MiddleName: ..., LastName: ..., SSN: ..., Phone: ..., DateIdentifiedRisk: ..., RiskLevel: ..., OutreachStatus: ..., VAMC: ...}, Object{ReachID: ..., FirstName: ..., MiddleName: ..., LastName: ..., SSN: ..., Phone: ..., DateIdentifiedRisk: ..., RiskLevel: ..., OutreachStatus: ..., VAMC: ...}, Object{ReachID: ..., FirstName: ..., MiddleName: ..., LastName: ..., SSN: ..., Phone: ..., DateIdentifiedRisk: ..., RiskLevel: ..., OutreachStatus: ..., VAMC: ...}, Object{ReachID: ..., FirstName: ..., MiddleName: ..., LastName: ..., SSN: ..., Phone: ..., DateIdentifiedRisk: ..., RiskLevel: ..., OutreachStatus: ..., VAMC: ...}, Object{ReachID: ..., FirstName: ..., MiddleName: ..., LastName: ..., SSN: ..., Phone: ..., DateIdentifiedRisk: ..., RiskLevel: ..., OutreachStatus: ..., VAMC: ...}, Object{ReachID: ..., FirstName: ..., MiddleName: ..., LastName: ..., SSN: ..., Phone: ..., DateIdentifiedRisk: ..., RiskLevel: ..., OutreachStatus: ..., VAMC: ...}, Object{ReachID: ..., FirstName: ..., MiddleName: ..., LastName: ..., SSN: ..., Phone: ..., DateIdentifiedRisk: ..., RiskLevel: ..., OutreachStatus: ..., VAMC: ...}, Object{ReachID: ..., FirstName: ..., MiddleName: ..., LastName: ..., SSN: ..., Phone: ..., DateIdentifiedRisk: ..., RiskLevel: ..., OutreachStatus: ..., VAMC: ...}, Object{ReachID: ..., FirstName: ..., MiddleName: ..., LastName: ..., SSN: ..., Phone: ..., DateIdentifiedRisk: ..., RiskLevel: ..., OutreachStatus: ..., VAMC: ...}, Object{ReachID: ..., FirstName: ..., MiddleName: ..., LastName: ..., SSN: ..., Phone: ..., DateIdentifiedRisk: ..., RiskLevel: ..., OutreachStatus: ..., VAMC: ...}, Object{ReachID: ..., FirstName: ..., MiddleName: ..., LastName: ..., SSN: ..., Phone: ..., DateIdentifiedRisk: ..., RiskLevel: ..., OutreachStatus: ..., VAMC: ...}, Object{ReachID: ..., FirstName: ..., MiddleName: ..., LastName: ..., SSN: ..., Phone: ..., DateIdentifiedRisk: ..., RiskLevel: ..., OutreachStatus: ..., VAMC: ...}, Object{ReachID: ..., FirstName: ..., MiddleName: ..., LastName: ..., SSN: ..., Phone: ..., DateIdentifiedRisk: ..., RiskLevel: ..., OutreachStatus: ..., VAMC: ...}, Object{ReachID: ..., FirstName: ..., MiddleName: ..., LastName: ..., SSN: ..., Phone: ..., DateIdentifiedRisk: ..., RiskLevel: ..., OutreachStatus: ..., VAMC: ...}, Object{ReachID: ..., FirstName: ..., MiddleName: ..., LastName: ..., SSN: ..., Phone: ..., DateIdentifiedRisk: ..., RiskLevel: ..., OutreachStatus: ..., VAMC: ...}, Object{ReachID: ..., FirstName: ..., MiddleName: ..., LastName: ..., SSN: ..., Phone: ..., DateIdentifiedRisk: ..., RiskLevel: ..., OutreachStatus: ..., VAMC: ...}, Object{ReachID: ..., FirstName: ..., MiddleName: ..., LastName: ..., SSN: ..., Phone: ..., DateIdentifiedRisk: ..., RiskLevel: ..., OutreachStatus: ..., VAMC: ...}, Object{ReachID: ..., FirstName: ..., MiddleName: ..., LastName: ..., SSN: ..., Phone: ..., DateIdentifiedRisk: ..., RiskLevel: ..., OutreachStatus: ..., VAMC: ...}, Object{ReachID: ..., FirstName: ..., MiddleName: ..., LastName: ..., SSN: ..., Phone: ..., DateIdentifiedRisk: ..., RiskLevel: ..., OutreachStatus: ..., VAMC: ...}, Object{ReachID: ..., FirstName: ..., MiddleName: ..., LastName: ..., SSN: ..., Phone: ..., DateIdentifiedRisk: ..., RiskLevel: ..., OutreachStatus: ..., VAMC: ...}, Object{ReachID: ..., FirstName: ..., MiddleName: ..., LastName: ..., SSN: ..., Phone: ..., DateIdentifiedRisk: ..., RiskLevel: ..., OutreachStatus: ..., VAMC: ...}, Object{ReachID: ..., FirstName: ..., MiddleName: ..., LastName: ..., SSN: ..., Phone: ..., DateIdentifiedRisk: ..., RiskLevel: ..., OutreachStatus: ..., VAMC: ...}, Object{ReachID: ..., FirstName: ..., MiddleName: ..., LastName: ..., SSN: ..., Phone: ..., DateIdentifiedRisk: ..., RiskLevel: ..., OutreachStatus: ..., VAMC: ...}, Object{ReachID: ..., FirstName: ..., MiddleName: ..., LastName: ..., SSN: ..., Phone: ..., DateIdentifiedRisk: ..., RiskLevel: ..., OutreachStatus: ..., VAMC: ...}, Object{ReachID: ..., FirstName: ..., MiddleName: ..., LastName: ..., SSN: ..., Phone: ..., DateIdentifiedRisk: ..., RiskLevel: ..., OutreachStatus: ..., VAMC: ...}, Object{ReachID: ..., FirstName: ..., MiddleName: ..., LastName: ..., SSN: ..., Phone: ..., DateIdentifiedRisk: ..., RiskLevel: ..., OutreachStatus: ..., VAMC: ...}, Object{ReachID: ..., FirstName: ..., MiddleName: ..., LastName: ..., SSN: ..., Phone: ..., DateIdentifiedRisk: ..., RiskLevel: ..., OutreachStatus: ..., VAMC: ...}, Object{ReachID: ..., FirstName: ..., MiddleName: ..., LastName: ..., SSN: ..., Phone: ..., DateIdentifiedRisk: ..., RiskLevel: ..., OutreachStatus: ..., VAMC: ...}, Object{ReachID: ..., FirstName: ..., MiddleName: ..., LastName: ..., SSN: ..., Phone: ..., DateIdentifiedRisk: ..., RiskLevel: ..., OutreachStatus: ..., VAMC: ...}, Object{ReachID: ..., FirstName: ..., MiddleName: ..., LastName: ..., SSN: ..., Phone: ..., DateIdentifiedRisk: ..., RiskLevel: ..., OutreachStatus: ..., VAMC: ...}, Object{ReachID: ..., FirstName: ..., MiddleName: ..., LastName: ..., SSN: ..., Phone: ..., DateIdentifiedRisk: ..., RiskLevel: ..., OutreachStatus: ..., VAMC: ...}, Object{ReachID: ..., FirstName: ..., MiddleName: ..., LastName: ..., SSN: ..., Phone: ..., DateIdentifiedRisk: ..., RiskLevel: ..., OutreachStatus: ..., VAMC: ...}, Object{ReachID: ..., FirstName: ..., MiddleName: ..., LastName: ..., SSN: ..., Phone: ..., DateIdentifiedRisk: ..., RiskLevel: ..., OutreachStatus: ..., VAMC: ...}, Object{ReachID: ..., FirstName: ..., MiddleName: ..., LastName: ..., SSN: ..., Phone: ..., DateIdentifiedRisk: ..., RiskLevel: ..., OutreachStatus: ..., VAMC: ...}, Object{ReachID: ..., FirstName: ..., MiddleName: ..., LastName: ..., SSN: ..., Phone: ..., DateIdentifiedRisk: ..., RiskLevel: ..., OutreachStatus: ..., VAMC: ...}, Object{ReachID: ..., FirstName: ..., MiddleName: ..., LastName: ..., SSN: ..., Phone: ..., DateIdentifiedRisk: ..., RiskLevel: ..., OutreachStatus: ..., VAMC: ...}, Object{ReachID: ..., FirstName: ..., MiddleName: ..., LastName: ..., SSN: ..., Phone: ..., DateIdentifiedRisk: ..., RiskLevel: ..., OutreachStatus: ..., VAMC: ...}, Object{ReachID: ..., FirstName: ..., MiddleName: ..., LastName: ..., SSN: ..., Phone: ..., DateIdentifiedRisk: ..., RiskLevel: ..., OutreachStatus: ..., VAMC: ...}, Object{ReachID: ..., FirstName: ..., MiddleName: ..., LastName: ..., SSN: ..., Phone: ..., DateIdentifiedRisk: ..., RiskLevel: ..., OutreachStatus: ..., VAMC: ...}, Object{ReachID: ..., FirstName: ..., MiddleName: ..., LastName: ..., SSN: ..., Phone: ..., DateIdentifiedRisk: ..., RiskLevel: ..., OutreachStatus: ..., VAMC: ...}, Object{ReachID: ..., FirstName: ..., MiddleName: ..., LastName: ..., SSN: ..., Phone: ..., DateIdentifiedRisk: ..., RiskLevel: ..., OutreachStatus: ..., VAMC: ...}, Object{ReachID: ..., FirstName: ..., MiddleName: ..., LastName: ..., SSN: ..., Phone: ..., DateIdentifiedRisk: ..., RiskLevel: ..., OutreachStatus: ..., VAMC: ...}, Object{ReachID: ..., FirstName: ..., MiddleName: ..., LastName: ..., SSN: ..., Phone: ..., DateIdentifiedRisk: ..., RiskLevel: ..., OutreachStatus: ..., VAMC: ...}, Object{ReachID: ..., FirstName: ..., MiddleName: ..., LastName: ..., SSN: ..., Phone: ..., DateIdentifiedRisk: ..., RiskLevel: ..., OutreachStatus: ..., VAMC: ...}, Object{ReachID: ..., FirstName: ..., MiddleName: ..., LastName: ..., SSN: ..., Phone: ..., DateIdentifiedRisk: ..., RiskLevel: ..., OutreachStatus: ..., VAMC: ...}, Object{ReachID: ..., FirstName: ..., MiddleName: ..., LastName: ..., SSN: ..., Phone: ..., DateIdentifiedRisk: ..., RiskLevel: ..., OutreachStatus: ..., VAMC: ...}, Object{ReachID: ..., FirstName: ..., MiddleName: ..., LastName: ..., SSN: ..., Phone: ..., DateIdentifiedRisk: ..., RiskLevel: ..., OutreachStatus: ..., VAMC: ...}, Object{ReachID: ..., FirstName: ..., MiddleName: ..., LastName: ..., SSN: ..., Phone: ..., DateIdentifiedRisk: ..., RiskLevel: ..., OutreachStatus: ..., VAMC: ...}, Object{ReachID: ..., FirstName: ..., MiddleName: ..., LastName: ..., SSN: ..., Phone: ..., DateIdentifiedRisk: ..., RiskLevel: ..., OutreachStatus: ..., VAMC: ...}, Object{ReachID: ..., FirstName: ..., MiddleName: ..., LastName: ..., SSN: ..., Phone: ..., DateIdentifiedRisk: ..., RiskLevel: ..., OutreachStatus: ..., VAMC: ...}, Object{ReachID: ..., FirstName: ..., MiddleName: ..., LastName: ..., SSN: ..., Phone: ..., DateIdentifiedRisk: ..., RiskLevel: ..., OutreachStatus: ..., VAMC: ...}, Object{ReachID: ..., FirstName: ..., MiddleName: ..., LastName: ..., SSN: ..., Phone: ..., DateIdentifiedRisk: ..., RiskLevel: ..., OutreachStatus: ..., VAMC: ...}, Object{ReachID: ..., FirstName: ..., MiddleName: ..., LastName: ..., SSN: ..., Phone: ..., DateIdentifiedRisk: ..., RiskLevel: ..., OutreachStatus: ..., VAMC: ...}, Object{ReachID: ..., FirstName: ..., MiddleName: ..., LastName: ..., SSN: ..., Phone: ..., DateIdentifiedRisk: ..., RiskLevel: ..., OutreachStatus: ..., VAMC: ...}, Object{ReachID: ..., FirstName: ..., MiddleName: ..., LastName: ..., SSN: ..., Phone: ..., DateIdentifiedRisk: ..., RiskLevel: ..., OutreachStatus: ..., VAMC: ...}, Object{ReachID: ..., FirstName: ..., MiddleName: ..., LastName: ..., SSN: ..., Phone: ..., DateIdentifiedRisk: ..., RiskLevel: ..., OutreachStatus: ..., VAMC: ...}, Object{ReachID: ..., FirstName: ..., MiddleName: ..., LastName: ..., SSN: ..., Phone: ..., DateIdentifiedRisk: ..., RiskLevel: ..., OutreachStatus: ..., VAMC: ...}, Object{ReachID: ..., FirstName: ..., MiddleName: ..., LastName: ..., SSN: ..., Phone: ..., DateIdentifiedRisk: ..., RiskLevel: ..., OutreachStatus: ..., VAMC: ...}, Object{ReachID: ..., FirstName: ..., MiddleName: ..., LastName: ..., SSN: ..., Phone: ..., DateIdentifiedRisk: ..., RiskLevel: ..., OutreachStatus: ..., VAMC: ...}, Object{ReachID: ..., FirstName: ..., MiddleName: ..., LastName: ..., SSN: ..., Phone: ..., DateIdentifiedRisk: ..., RiskLevel: ..., OutreachStatus: ..., VAMC: ...}, Object{ReachID: ..., FirstName: ..., MiddleName: ..., LastName: ..., SSN: ..., Phone: ..., DateIdentifiedRisk: ..., RiskLevel: ..., OutreachStatus: ..., VAMC: ...}, Object{ReachID: ..., FirstName: ..., MiddleName: ..., LastName: ..., SSN: ..., Phone: ..., DateIdentifiedRisk: ..., RiskLevel: ..., OutreachStatus: ..., VAMC: ...}, Object{ReachID: ..., FirstName: ..., MiddleName: ..., LastName: ..., SSN: ..., Phone: ..., DateIdentifiedRisk: ..., RiskLevel: ..., OutreachStatus: ..., VAMC: ...}, Object{ReachID: ..., FirstName: ..., MiddleName: ..., LastName: ..., SSN: ..., Phone: ..., DateIdentifiedRisk: ..., RiskLevel: ..., OutreachStatus: ..., VAMC: ...}, Object{ReachID: ..., FirstName: ..., MiddleName: ..., LastName: ..., SSN: ..., Phone: ..., DateIdentifiedRisk: ..., RiskLevel: ..., OutreachStatus: ..., VAMC: ...}, Object{ReachID: ..., FirstName: ..., MiddleName: ..., LastName: ..., SSN: ..., Phone: ..., DateIdentifiedRisk: ..., RiskLevel: ..., OutreachStatus: ..., VAMC: ...}, Object{ReachID: ..., FirstName: ..., MiddleName: ..., LastName: ..., SSN: ..., Phone: ..., DateIdentifiedRisk: ..., RiskLevel: ..., OutreachStatus: ..., VAMC: ...}, Object{ReachID: ..., FirstName: ..., MiddleName: ..., LastName: ..., SSN: ..., Phone: ..., DateIdentifiedRisk: ..., RiskLevel: ..., OutreachStatus: ..., VAMC: ...}, Object{ReachID: ..., FirstName: ..., MiddleName: ..., LastName: ..., SSN: ..., Phone: ..., DateIdentifiedRisk: ..., RiskLevel: ..., OutreachStatus: ..., VAMC: ...}, Object{ReachID: ..., FirstName: ..., MiddleName: ..., LastName: ..., SSN: ..., Phone: ..., DateIdentifiedRisk: ..., RiskLevel: ..., OutreachStatus: ..., VAMC: ...}, Object{ReachID: ..., FirstName: ..., MiddleName: ..., LastName: ..., SSN: ..., Phone: ..., DateIdentifiedRisk: ..., RiskLevel: ..., OutreachStatus: ..., VAMC: ...}, Object{ReachID: ..., FirstName: ..., MiddleName: ..., LastName: ..., SSN: ..., Phone: ..., DateIdentifiedRisk: ..., RiskLevel: ..., OutreachStatus: ..., VAMC: ...}, Object{ReachID: ..., FirstName: ..., MiddleName: ..., LastName: ..., SSN: ..., Phone: ..., DateIdentifiedRisk: ..., RiskLevel: ..., OutreachStatus: ..., VAMC: ...}, Object{ReachID: ..., FirstName: ..., MiddleName: ..., LastName: ..., SSN: ..., Phone: ..., DateIdentifiedRisk: ..., RiskLevel: ..., OutreachStatus: ..., VAMC: ...}, Object{ReachID: ..., FirstName: ..., MiddleName: ..., LastName: ..., SSN: ..., Phone: ..., DateIdentifiedRisk: ..., RiskLevel: ..., OutreachStatus: ..., VAMC: ...}, Object{ReachID: ..., FirstName: ..., MiddleName: ..., LastName: ..., SSN: ..., Phone: ..., DateIdentifiedRisk: ..., RiskLevel: ..., OutreachStatus: ..., VAMC: ...}, Object{ReachID: ..., FirstName: ..., MiddleName: ..., LastName: ..., SSN: ..., Phone: ..., DateIdentifiedRisk: ..., RiskLevel: ..., OutreachStatus: ..., VAMC: ...}, Object{ReachID: ..., FirstName: ..., MiddleName: ..., LastName: ..., SSN: ..., Phone: ..., DateIdentifiedRisk: ..., RiskLevel: ..., OutreachStatus: ..., VAMC: ...}, Object{ReachID: ..., FirstName: ..., MiddleName: ..., LastName: ..., SSN: ..., Phone: ..., DateIdentifiedRisk: ..., RiskLevel: ..., OutreachStatus: ..., VAMC: ...}, Object{ReachID: ..., FirstName: ..., MiddleName: ..., LastName: ..., SSN: ..., Phone: ..., DateIdentifiedRisk: ..., RiskLevel: ..., OutreachStatus: ..., VAMC: ...}, Object{ReachID: ..., FirstName: ..., MiddleName: ..., LastName: ..., SSN: ..., Phone: ..., DateIdentifiedRisk: ..., RiskLevel: ..., OutreachStatus: ..., VAMC: ...}, Object{ReachID: ..., FirstName: ..., MiddleName: ..., LastName: ..., SSN: ..., Phone: ..., DateIdentifiedRisk: ..., RiskLevel: ..., OutreachStatus: ..., VAMC: ...}, Object{ReachID: ..., FirstName: ..., MiddleName: ..., LastName: ..., SSN: ..., Phone: ..., DateIdentifiedRisk: ..., RiskLevel: ..., OutreachStatus: ..., VAMC: ...}, Object{ReachID: ..., FirstName: ..., MiddleName: ..., LastName: ..., SSN: ..., Phone: ..., DateIdentifiedRisk: ..., RiskLevel: ..., OutreachStatus: ..., VAMC: ...}], [Object{OutReachStatusID: ..., StatusName: ..., StatusDefinition: ...}, Object{OutReachStatusID: ..., StatusName: ..., StatusDefinition: ...}, Object{OutReachStatusID: ..., StatusName: ..., StatusDefinition: ...}, Object{OutReachStatusID: ..., StatusName: ..., StatusDefinition: ...}, Object{OutReachStatusID: ..., StatusName: ..., StatusDefinition: ...}]]
,PhantomJS 1.9.8 (Windows 7) LOG: 'dtoptionsbuilder, dtcolumnsdefbuilder, dtinstances'
,PhantomJS 1.9.8 (Windows 7) LOG: Object{newOptions: function () { ... }, fromSource: function (ajax) { ... }, fromFnPromise: function (fnPromise) { ... }}
,PhantomJS 1.9.8 (Windows 7) LOG: Object{newColumnDef: function (targets) { ... }}
,PhantomJS 1.9.8 (Windows 7) LOG: Object{register: function register(dtInstance, result) { ... }, getLast: function getLast() { ... }, getList: function getList() { ... }}
,PhantomJS 1.9.8 (Windows 7) LOG: 'dtoptions:  '
,PhantomJS 1.9.8 (Windows 7) LOG: Object{withScroller: function withScroller() { ... }, dom: 'lfrtiS', deferRender: true, scrollY: 200, paging: false}
,PhantomJS 1.9.8 (Windows 7) LOG: 'dtcolumns:  '
,PhantomJS 1.9.8 (Windows 7) LOG: [Object{aTargets: [...]}, Object{aTargets: [...]}, Object{aTargets: [...]}, Object{aTargets: [...]}, Object{aTargets: [...]}, Object{aTargets: [...]}]
,PhantomJS 1.9.8 (Windows 7) LOG: 'scope::'
,PhantomJS 1.9.8 (Windows 7) LOG: Scope{$id: 2377, $$childTail: Scope{$id: 2378, $$childTail: null, $$childHead: null, $$prevSibling: null, $$nextSibling: null, $$watchers: [..., ..., ...], $parent: Scope{$id: ..., $$childTail: ..., $$childHead: ..., $$prevSibling: ..., $$nextSibling: ..., $$watchers: ..., $parent: ..., $$phase: ..., $root: ..., $$destroyed: ..., $$listeners: ..., $$listenerCount: ..., $$isolateBindings: ..., $$asyncQueue: ..., $$postDigestQueue: ..., $$applyAsyncQueue: ..., myData: ..., widgetData: ..., dtinstance: ..., veteranList: ..., dtOptions: ..., dtColumns: ..., columns: ...}, $$phase: null, $root: Scope{$id: ..., $$childTail: ..., $$childHead: ..., $$prevSibling: ..., $$nextSibling: ..., $$watchers: ..., $parent: ..., $$phase: ..., $root: ..., $$destroyed: ..., $$listeners: ..., $$listenerCount: ..., $$isolateBindings: ..., $$asyncQueue: ..., $$postDigestQueue: ..., $$applyAsyncQueue: ..., myData: ..., widgetData: ..., dtinstance: ..., veteranList: ..., dtOptions: ..., dtColumns: ..., columns: ...}, $$destroyed: false, $$listeners: Object{$destroy: ...}, $$listenerCount: Object{$destroy: ...}, $$isolateBindings: Object{dtOptions: ..., dtColumns: ..., dtColumnDefs: ..., datatable: ...}, dtOptions: Object{withScroller: ..., dom: ..., deferRender: ..., scrollY: ..., paging: ...}, dtColumns: undefined, dtColumnDefs: undefined, datatable: 'ng'}, $$childHead: Scope{$id: 2378, $$childTail: null, $$childHead: null, $$prevSibling: null, $$nextSibling: null, $$watchers: [..., ..., ...], $parent: Scope{$id: ..., $$childTail: ..., $$childHead: ..., $$prevSibling: ..., $$nextSibling: ..., $$watchers: ..., $parent: ..., $$phase: ..., $root: ..., $$destroyed: ..., $$listeners: ..., $$listenerCount: ..., $$isolateBindings: ..., $$asyncQueue: ..., $$postDigestQueue: ..., $$applyAsyncQueue: ..., myData: ..., widgetData: ..., dtinstance: ..., veteranList: ..., dtOptions: ..., dtColumns: ..., columns: ...}, $$phase: null, $root: Scope{$id: ..., $$childTail: ..., $$childHead: ..., $$prevSibling: ..., $$nextSibling: ..., $$watchers: ..., $parent: ..., $$phase: ..., $root: ..., $$destroyed: ..., $$listeners: ..., $$listenerCount: ..., $$isolateBindings: ..., $$asyncQueue: ..., $$postDigestQueue: ..., $$applyAsyncQueue: ..., myData: ..., widgetData: ..., dtinstance: ..., veteranList: ..., dtOptions: ..., dtColumns: ..., columns: ...}, $$destroyed: false, $$listeners: Object{$destroy: ...}, $$listenerCount: Object{$destroy: ...}, $$isolateBindings: Object{dtOptions: ..., dtColumns: ..., dtColumnDefs: ..., datatable: ...}, dtOptions: Object{withScroller: ..., dom: ..., deferRender: ..., scrollY: ..., paging: ...}, dtColumns: undefined, dtColumnDefs: undefined, datatable: 'ng'}, $$prevSibling: null, $$nextSibling: null, $$watchers: [Object{fn: ..., last: ..., get: ..., exp: ..., eq: ...}, Object{fn: ..., last: ..., get: ..., exp: ..., eq: ...}, Object{fn: ..., last: ..., get: ..., exp: ..., eq: ...}, Object{fn: ..., last: ..., get: ..., exp: ..., eq: ...}, Object{fn: ..., last: ..., get: ..., exp: ..., eq: ...}], $parent: null, $$phase: '$digest', $root: Scope{$id: 2377, $$childTail: Scope{$id: ..., $$childTail: ..., $$childHead: ..., $$prevSibling: ..., $$nextSibling: ..., $$watchers: ..., $parent: ..., $$phase: ..., $root: ..., $$destroyed: ..., $$listeners: ..., $$listenerCount: ..., $$isolateBindings: ..., dtOptions: ..., dtColumns: ..., dtColumnDefs: ..., datatable: ...}, $$childHead: Scope{$id: ..., $$childTail: ..., $$childHead: ..., $$prevSibling: ..., $$nextSibling: ..., $$watchers: ..., $parent: ..., $$phase: ..., $root: ..., $$destroyed: ..., $$listeners: ..., $$listenerCount: ..., $$isolateBindings: ..., dtOptions: ..., dtColumns: ..., dtColumnDefs: ..., datatable: ...}, $$prevSibling: null, $$nextSibling: null, $$watchers: [..., ..., ..., ..., ...], $parent: null, $$phase: '$digest', $root: Scope{$id: ..., $$childTail: ..., $$childHead: ..., $$prevSibling: ..., $$nextSibling: ..., $$watchers: ..., $parent: ..., $$phase: ..., $root: ..., $$destroyed: ..., $$listeners: ..., $$listenerCount: ..., $$isolateBindings: ..., $$asyncQueue: ..., $$postDigestQueue: ..., $$applyAsyncQueue: ..., myData: ..., widgetData: ..., dtinstance: ..., veteranList: ..., dtOptions: ..., dtColumns: ..., columns: ...}, $$destroyed: false, $$listeners: Object{}, $$listenerCount: Object{$destroy: ...}, $$isolateBindings: null, $$asyncQueue: [..., ..., ..., ...], $$postDigestQueue: [], $$applyAsyncQueue: [], myData: [], widgetData: [..., ..., ...], dtinstance: Object{register: ..., getLast: ..., getList: ...}, veteranList: [..., ..., ...], dtOptions: Object{withScroller: ..., dom: ..., deferRender: ..., scrollY: ..., paging: ...}, dtColumns: [..., ..., ..., ..., ..., ...], columns: [..., ..., ..., ..., ..., ...]}, $$destroyed: false, $$listeners: Object{}, $$listenerCount: Object{$destroy: 4}, $$isolateBindings: null, $$asyncQueue: [Object{scope: ..., expression: ..., locals: ...}, Object{scope: ..., expression: ..., locals: ...}, Object{scope: ..., expression: ..., locals: ...}, Object{scope: ..., expression: ..., locals: ...}], $$postDigestQueue: [], $$applyAsyncQueue: [], myData: [], widgetData: [1, [..., ..., ..., ..., ..., ..., ..., ..., ..., ..., ..., ..., ..., ..., ..., ..., ..., ..., ..., ..., ..., ..., ..., ..., ..., ..., ..., ..., ..., ..., ..., ..., ..., ..., ..., ..., ..., ..., ..., ..., ..., ..., ..., ..., ..., ..., ..., ..., ..., ..., ..., ..., ..., ..., ..., ..., ..., ..., ..., ..., ..., ..., ..., ..., ..., ..., ..., ..., ..., ..., ..., ..., ..., ..., ..., ..., ..., ..., ..., ..., ..., ..., ..., ..., ..., ..., ..., ..., ..., ..., ..., ..., ..., ..., ..., ..., ..., ..., ..., ..., ..., ..., ..., ..., ..., ..., ..., ..., ..., ..., ..., ..., ..., ..., ..., ..., ..., ..., ..., ..., ..., ..., ..., ..., ..., ..., ..., ..., ..., ..., ..., ..., ..., ..., ..., ..., ..., ..., ..., ..., ..., ..., ..., ..., ..., ..., ..., ..., ..., ..., ..., ..., ..., ..., ..., ..., ..., ..., ..., ..., ..., ..., ..., ..., ..., ..., ..., ..., ..., ..., ..., ..., ..., ..., ..., ..., ..., ..., ..., ..., ..., ..., ..., ..., ..., ..., ..., ..., ..., ..., ..., ..., ..., ..., ..., ..., ..., ..., ..., ..., ..., ..., ..., ..., ..., ..., ..., ..., ..., ..., ..., ..., ..., ..., ..., ..., ..., ..., ..., ..., ..., ..., ..., ..., ..., ..., ..., ..., ..., ..., ..., ..., ..., ..., ..., ..., ..., ..., ..., ..., ..., ..., ..., ..., ..., ..., ..., ..., ..., ..., ..., ..., ..., ..., ..., ..., ..., ..., ..., ..., ..., ..., ..., ..., ..., ..., ..., ..., ..., ..., ..., ..., ..., ..., ..., ..., ..., ..., ..., ..., ..., ..., ..., ..., ..., ..., ..., ..., ..., ..., ..., ..., ..., ..., ..., ..., ..., ..., ..., ..., ..., ..., ..., ..., ..., ..., ..., ..., ..., ..., ..., ..., ..., ..., ..., ..., ..., ..., ..., ..., ..., ..., ..., ..., ..., ..., ..., ..., ..., ..., ..., ..., ..., ..., ..., ...], [..., ..., ..., ..., ...]], dtinstance: Object{register: function register(dtInstance, result) { ... }, getLast: function getLast() { ... }, getList: function getList() { ... }}, veteranList: [1, [..., ..., ..., ..., ..., ..., ..., ..., ..., ..., ..., ..., ..., ..., ..., ..., ..., ..., ..., ..., ..., ..., ..., ..., ..., ..., ..., ..., ..., ..., ..., ..., ..., ..., ..., ..., ..., ..., ..., ..., ..., ..., ..., ..., ..., ..., ..., ..., ..., ..., ..., ..., ..., ..., ..., ..., ..., ..., ..., ..., ..., ..., ..., ..., ..., ..., ..., ..., ..., ..., ..., ..., ..., ..., ..., ..., ..., ..., ..., ..., ..., ..., ..., ..., ..., ..., ..., ..., ..., ..., ..., ..., ..., ..., ..., ..., ..., ..., ..., ..., ..., ..., ..., ..., ..., ..., ..., ..., ..., ..., ..., ..., ..., ..., ..., ..., ..., ..., ..., ..., ..., ..., ..., ..., ..., ..., ..., ..., ..., ..., ..., ..., ..., ..., ..., ..., ..., ..., ..., ..., ..., ..., ..., ..., ..., ..., ..., ..., ..., ..., ..., ..., ..., ..., ..., ..., ..., ..., ..., ..., ..., ..., ..., ..., ..., ..., ..., ..., ..., ..., ..., ..., ..., ..., ..., ..., ..., ..., ..., ..., ..., ..., ..., ..., ..., ..., ..., ..., ..., ..., ..., ..., ..., ..., ..., ..., ..., ..., ..., ..., ..., ..., ..., ..., ..., ..., ..., ..., ..., ..., ..., ..., ..., ..., ..., ..., ..., ..., ..., ..., ..., ..., ..., ..., ..., ..., ..., ..., ..., ..., ..., ..., ..., ..., ..., ..., ..., ..., ..., ..., ..., ..., ..., ..., ..., ..., ..., ..., ..., ..., ..., ..., ..., ..., ..., ..., ..., ..., ..., ..., ..., ..., ..., ..., ..., ..., ..., ..., ..., ..., ..., ..., ..., ..., ..., ..., ..., ..., ..., ..., ..., ..., ..., ..., ..., ..., ..., ..., ..., ..., ..., ..., ..., ..., ..., ..., ..., ..., ..., ..., ..., ..., ..., ..., ..., ..., ..., ..., ..., ..., ..., ..., ..., ..., ..., ..., ..., ..., ..., ..., ..., ..., ..., ..., ..., ..., ..., ..., ..., ..., ..., ..., ..., ..., ..., ...], [..., ..., ..., ..., ...]], dtOptions: Object{withScroller: function withScroller() { ... }, dom: 'lfrtiS', deferRender: true, scrollY: 200, paging: false}, dtColumns: [Object{aTargets: ...}, Object{aTargets: ...}, Object{aTargets: ...}, Object{aTargets: ...}, Object{aTargets: ...}, Object{aTargets: ...}], columns: [Object{Name: ...}, Object{Name: ...}, Object{Name: ...}, Object{Name: ...}, Object{Name: ...}, Object{Name: ...}]}
,PhantomJS 1.9.8 (Windows 7) LOG: 'inside veteran roster directive before check'
,PhantomJS 1.9.8 (Windows 7) LOG: [1, [Object{ReachID: ..., FirstName: ..., MiddleName: ..., LastName: ..., SSN: ..., Phone: ..., DateIdentifiedRisk: ..., RiskLevel: ..., OutreachStatus: ..., VAMC: ...}, Object{ReachID: ..., FirstName: ..., MiddleName: ..., LastName: ..., SSN: ..., Phone: ..., DateIdentifiedRisk: ..., RiskLevel: ..., OutreachStatus: ..., VAMC: ...}, Object{ReachID: ..., FirstName: ..., MiddleName: ..., LastName: ..., SSN: ..., Phone: ..., DateIdentifiedRisk: ..., RiskLevel: ..., OutreachStatus: ..., VAMC: ...}, Object{ReachID: ..., FirstName: ..., MiddleName: ..., LastName: ..., SSN: ..., Phone: ..., DateIdentifiedRisk: ..., RiskLevel: ..., OutreachStatus: ..., VAMC: ...}, Object{ReachID: ..., FirstName: ..., MiddleName: ..., LastName: ..., SSN: ..., Phone: ..., DateIdentifiedRisk: ..., RiskLevel: ..., OutreachStatus: ..., VAMC: ...}, Object{ReachID: ..., FirstName: ..., MiddleName: ..., LastName: ..., SSN: ..., Phone: ..., DateIdentifiedRisk: ..., RiskLevel: ..., OutreachStatus: ..., VAMC: ...}, Object{ReachID: ..., FirstName: ..., MiddleName: ..., LastName: ..., SSN: ..., Phone: ..., DateIdentifiedRisk: ..., RiskLevel: ..., OutreachStatus: ..., VAMC: ...}, Object{ReachID: ..., FirstName: ..., MiddleName: ..., LastName: ..., SSN: ..., Phone: ..., DateIdentifiedRisk: ..., RiskLevel: ..., OutreachStatus: ..., VAMC: ...}, Object{ReachID: ..., FirstName: ..., MiddleName: ..., LastName: ..., SSN: ..., Phone: ..., DateIdentifiedRisk: ..., RiskLevel: ..., OutreachStatus: ..., VAMC: ...}, Object{ReachID: ..., FirstName: ..., MiddleName: ..., LastName: ..., SSN: ..., Phone: ..., DateIdentifiedRisk: ..., RiskLevel: ..., OutreachStatus: ..., VAMC: ...}, Object{ReachID: ..., FirstName: ..., MiddleName: ..., LastName: ..., SSN: ..., Phone: ..., DateIdentifiedRisk: ..., RiskLevel: ..., OutreachStatus: ..., VAMC: ...}, Object{ReachID: ..., FirstName: ..., MiddleName: ..., LastName: ..., SSN: ..., Phone: ..., DateIdentifiedRisk: ..., RiskLevel: ..., OutreachStatus: ..., VAMC: ...}, Object{ReachID: ..., FirstName: ..., MiddleName: ..., LastName: ..., SSN: ..., Phone: ..., DateIdentifiedRisk: ..., RiskLevel: ..., OutreachStatus: ..., VAMC: ...}, Object{ReachID: ..., FirstName: ..., MiddleName: ..., LastName: ..., SSN: ..., Phone: ..., DateIdentifiedRisk: ..., RiskLevel: ..., OutreachStatus: ..., VAMC: ...}, Object{ReachID: ..., FirstName: ..., MiddleName: ..., LastName: ..., SSN: ..., Phone: ..., DateIdentifiedRisk: ..., RiskLevel: ..., OutreachStatus: ..., VAMC: ...}, Object{ReachID: ..., FirstName: ..., MiddleName: ..., LastName: ..., SSN: ..., Phone: ..., DateIdentifiedRisk: ..., RiskLevel: ..., OutreachStatus: ..., VAMC: ...}, Object{ReachID: ..., FirstName: ..., MiddleName: ..., LastName: ..., SSN: ..., Phone: ..., DateIdentifiedRisk: ..., RiskLevel: ..., OutreachStatus: ..., VAMC: ...}, Object{ReachID: ..., FirstName: ..., MiddleName: ..., LastName: ..., SSN: ..., Phone: ..., DateIdentifiedRisk: ..., RiskLevel: ..., OutreachStatus: ..., VAMC: ...}, Object{ReachID: ..., FirstName: ..., MiddleName: ..., LastName: ..., SSN: ..., Phone: ..., DateIdentifiedRisk: ..., RiskLevel: ..., OutreachStatus: ..., VAMC: ...}, Object{ReachID: ..., FirstName: ..., MiddleName: ..., LastName: ..., SSN: ..., Phone: ..., DateIdentifiedRisk: ..., RiskLevel: ..., OutreachStatus: ..., VAMC: ...}, Object{ReachID: ..., FirstName: ..., MiddleName: ..., LastName: ..., SSN: ..., Phone: ..., DateIdentifiedRisk: ..., RiskLevel: ..., OutreachStatus: ..., VAMC: ...}, Object{ReachID: ..., FirstName: ..., MiddleName: ..., LastName: ..., SSN: ..., Phone: ..., DateIdentifiedRisk: ..., RiskLevel: ..., OutreachStatus: ..., VAMC: ...}, Object{ReachID: ..., FirstName: ..., MiddleName: ..., LastName: ..., SSN: ..., Phone: ..., DateIdentifiedRisk: ..., RiskLevel: ..., OutreachStatus: ..., VAMC: ...}, Object{ReachID: ..., FirstName: ..., MiddleName: ..., LastName: ..., SSN: ..., Phone: ..., DateIdentifiedRisk: ..., RiskLevel: ..., OutreachStatus: ..., VAMC: ...}, Object{ReachID: ..., FirstName: ..., MiddleName: ..., LastName: ..., SSN: ..., Phone: ..., DateIdentifiedRisk: ..., RiskLevel: ..., OutreachStatus: ..., VAMC: ...}, Object{ReachID: ..., FirstName: ..., MiddleName: ..., LastName: ..., SSN: ..., Phone: ..., DateIdentifiedRisk: ..., RiskLevel: ..., OutreachStatus: ..., VAMC: ...}, Object{ReachID: ..., FirstName: ..., MiddleName: ..., LastName: ..., SSN: ..., Phone: ..., DateIdentifiedRisk: ..., RiskLevel: ..., OutreachStatus: ..., VAMC: ...}, Object{ReachID: ..., FirstName: ..., MiddleName: ..., LastName: ..., SSN: ..., Phone: ..., DateIdentifiedRisk: ..., RiskLevel: ..., OutreachStatus: ..., VAMC: ...}, Object{ReachID: ..., FirstName: ..., MiddleName: ..., LastName: ..., SSN: ..., Phone: ..., DateIdentifiedRisk: ..., RiskLevel: ..., OutreachStatus: ..., VAMC: ...}, Object{ReachID: ..., FirstName: ..., MiddleName: ..., LastName: ..., SSN: ..., Phone: ..., DateIdentifiedRisk: ..., RiskLevel: ..., OutreachStatus: ..., VAMC: ...}, Object{ReachID: ..., FirstName: ..., MiddleName: ..., LastName: ..., SSN: ..., Phone: ..., DateIdentifiedRisk: ..., RiskLevel: ..., OutreachStatus: ..., VAMC: ...}, Object{ReachID: ..., FirstName: ..., MiddleName: ..., LastName: ..., SSN: ..., Phone: ..., DateIdentifiedRisk: ..., RiskLevel: ..., OutreachStatus: ..., VAMC: ...}, Object{ReachID: ..., FirstName: ..., MiddleName: ..., LastName: ..., SSN: ..., Phone: ..., DateIdentifiedRisk: ..., RiskLevel: ..., OutreachStatus: ..., VAMC: ...}, Object{ReachID: ..., FirstName: ..., MiddleName: ..., LastName: ..., SSN: ..., Phone: ..., DateIdentifiedRisk: ..., RiskLevel: ..., OutreachStatus: ..., VAMC: ...}, Object{ReachID: ..., FirstName: ..., MiddleName: ..., LastName: ..., SSN: ..., Phone: ..., DateIdentifiedRisk: ..., RiskLevel: ..., OutreachStatus: ..., VAMC: ...}, Object{ReachID: ..., FirstName: ..., MiddleName: ..., LastName: ..., SSN: ..., Phone: ..., DateIdentifiedRisk: ..., RiskLevel: ..., OutreachStatus: ..., VAMC: ...}, Object{ReachID: ..., FirstName: ..., MiddleName: ..., LastName: ..., SSN: ..., Phone: ..., DateIdentifiedRisk: ..., RiskLevel: ..., OutreachStatus: ..., VAMC: ...}, Object{ReachID: ..., FirstName: ..., MiddleName: ..., LastName: ..., SSN: ..., Phone: ..., DateIdentifiedRisk: ..., RiskLevel: ..., OutreachStatus: ..., VAMC: ...}, Object{ReachID: ..., FirstName: ..., MiddleName: ..., LastName: ..., SSN: ..., Phone: ..., DateIdentifiedRisk: ..., RiskLevel: ..., OutreachStatus: ..., VAMC: ...}, Object{ReachID: ..., FirstName: ..., MiddleName: ..., LastName: ..., SSN: ..., Phone: ..., DateIdentifiedRisk: ..., RiskLevel: ..., OutreachStatus: ..., VAMC: ...}, Object{ReachID: ..., FirstName: ..., MiddleName: ..., LastName: ..., SSN: ..., Phone: ..., DateIdentifiedRisk: ..., RiskLevel: ..., OutreachStatus: ..., VAMC: ...}, Object{ReachID: ..., FirstName: ..., MiddleName: ..., LastName: ..., SSN: ..., Phone: ..., DateIdentifiedRisk: ..., RiskLevel: ..., OutreachStatus: ..., VAMC: ...}, Object{ReachID: ..., FirstName: ..., MiddleName: ..., LastName: ..., SSN: ..., Phone: ..., DateIdentifiedRisk: ..., RiskLevel: ..., OutreachStatus: ..., VAMC: ...}, Object{ReachID: ..., FirstName: ..., MiddleName: ..., LastName: ..., SSN: ..., Phone: ..., DateIdentifiedRisk: ..., RiskLevel: ..., OutreachStatus: ..., VAMC: ...}, Object{ReachID: ..., FirstName: ..., MiddleName: ..., LastName: ..., SSN: ..., Phone: ..., DateIdentifiedRisk: ..., RiskLevel: ..., OutreachStatus: ..., VAMC: ...}, Object{ReachID: ..., FirstName: ..., MiddleName: ..., LastName: ..., SSN: ..., Phone: ..., DateIdentifiedRisk: ..., RiskLevel: ..., OutreachStatus: ..., VAMC: ...}, Object{ReachID: ..., FirstName: ..., MiddleName: ..., LastName: ..., SSN: ..., Phone: ..., DateIdentifiedRisk: ..., RiskLevel: ..., OutreachStatus: ..., VAMC: ...}, Object{ReachID: ..., FirstName: ..., MiddleName: ..., LastName: ..., SSN: ..., Phone: ..., DateIdentifiedRisk: ..., RiskLevel: ..., OutreachStatus: ..., VAMC: ...}, Object{ReachID: ..., FirstName: ..., MiddleName: ..., LastName: ..., SSN: ..., Phone: ..., DateIdentifiedRisk: ..., RiskLevel: ..., OutreachStatus: ..., VAMC: ...}, Object{ReachID: ..., FirstName: ..., MiddleName: ..., LastName: ..., SSN: ..., Phone: ..., DateIdentifiedRisk: ..., RiskLevel: ..., OutreachStatus: ..., VAMC: ...}, Object{ReachID: ..., FirstName: ..., MiddleName: ..., LastName: ..., SSN: ..., Phone: ..., DateIdentifiedRisk: ..., RiskLevel: ..., OutreachStatus: ..., VAMC: ...}, Object{ReachID: ..., FirstName: ..., MiddleName: ..., LastName: ..., SSN: ..., Phone: ..., DateIdentifiedRisk: ..., RiskLevel: ..., OutreachStatus: ..., VAMC: ...}, Object{ReachID: ..., FirstName: ..., MiddleName: ..., LastName: ..., SSN: ..., Phone: ..., DateIdentifiedRisk: ..., RiskLevel: ..., OutreachStatus: ..., VAMC: ...}, Object{ReachID: ..., FirstName: ..., MiddleName: ..., LastName: ..., SSN: ..., Phone: ..., DateIdentifiedRisk: ..., RiskLevel: ..., OutreachStatus: ..., VAMC: ...}, Object{ReachID: ..., FirstName: ..., MiddleName: ..., LastName: ..., SSN: ..., Phone: ..., DateIdentifiedRisk: ..., RiskLevel: ..., OutreachStatus: ..., VAMC: ...}, Object{ReachID: ..., FirstName: ..., MiddleName: ..., LastName: ..., SSN: ..., Phone: ..., DateIdentifiedRisk: ..., RiskLevel: ..., OutreachStatus: ..., VAMC: ...}, Object{ReachID: ..., FirstName: ..., MiddleName: ..., LastName: ..., SSN: ..., Phone: ..., DateIdentifiedRisk: ..., RiskLevel: ..., OutreachStatus: ..., VAMC: ...}, Object{ReachID: ..., FirstName: ..., MiddleName: ..., LastName: ..., SSN: ..., Phone: ..., DateIdentifiedRisk: ..., RiskLevel: ..., OutreachStatus: ..., VAMC: ...}, Object{ReachID: ..., FirstName: ..., MiddleName: ..., LastName: ..., SSN: ..., Phone: ..., DateIdentifiedRisk: ..., RiskLevel: ..., OutreachStatus: ..., VAMC: ...}, Object{ReachID: ..., FirstName: ..., MiddleName: ..., LastName: ..., SSN: ..., Phone: ..., DateIdentifiedRisk: ..., RiskLevel: ..., OutreachStatus: ..., VAMC: ...}, Object{ReachID: ..., FirstName: ..., MiddleName: ..., LastName: ..., SSN: ..., Phone: ..., DateIdentifiedRisk: ..., RiskLevel: ..., OutreachStatus: ..., VAMC: ...}, Object{ReachID: ..., FirstName: ..., MiddleName: ..., LastName: ..., SSN: ..., Phone: ..., DateIdentifiedRisk: ..., RiskLevel: ..., OutreachStatus: ..., VAMC: ...}, Object{ReachID: ..., FirstName: ..., MiddleName: ..., LastName: ..., SSN: ..., Phone: ..., DateIdentifiedRisk: ..., RiskLevel: ..., OutreachStatus: ..., VAMC: ...}, Object{ReachID: ..., FirstName: ..., MiddleName: ..., LastName: ..., SSN: ..., Phone: ..., DateIdentifiedRisk: ..., RiskLevel: ..., OutreachStatus: ..., VAMC: ...}, Object{ReachID: ..., FirstName: ..., MiddleName: ..., LastName: ..., SSN: ..., Phone: ..., DateIdentifiedRisk: ..., RiskLevel: ..., OutreachStatus: ..., VAMC: ...}, Object{ReachID: ..., FirstName: ..., MiddleName: ..., LastName: ..., SSN: ..., Phone: ..., DateIdentifiedRisk: ..., RiskLevel: ..., OutreachStatus: ..., VAMC: ...}, Object{ReachID: ..., FirstName: ..., MiddleName: ..., LastName: ..., SSN: ..., Phone: ..., DateIdentifiedRisk: ..., RiskLevel: ..., OutreachStatus: ..., VAMC: ...}, Object{ReachID: ..., FirstName: ..., MiddleName: ..., LastName: ..., SSN: ..., Phone: ..., DateIdentifiedRisk: ..., RiskLevel: ..., OutreachStatus: ..., VAMC: ...}, Object{ReachID: ..., FirstName: ..., MiddleName: ..., LastName: ..., SSN: ..., Phone: ..., DateIdentifiedRisk: ..., RiskLevel: ..., OutreachStatus: ..., VAMC: ...}, Object{ReachID: ..., FirstName: ..., MiddleName: ..., LastName: ..., SSN: ..., Phone: ..., DateIdentifiedRisk: ..., RiskLevel: ..., OutreachStatus: ..., VAMC: ...}, Object{ReachID: ..., FirstName: ..., MiddleName: ..., LastName: ..., SSN: ..., Phone: ..., DateIdentifiedRisk: ..., RiskLevel: ..., OutreachStatus: ..., VAMC: ...}, Object{ReachID: ..., FirstName: ..., MiddleName: ..., LastName: ..., SSN: ..., Phone: ..., DateIdentifiedRisk: ..., RiskLevel: ..., OutreachStatus: ..., VAMC: ...}, Object{ReachID: ..., FirstName: ..., MiddleName: ..., LastName: ..., SSN: ..., Phone: ..., DateIdentifiedRisk: ..., RiskLevel: ..., OutreachStatus: ..., VAMC: ...}, Object{ReachID: ..., FirstName: ..., MiddleName: ..., LastName: ..., SSN: ..., Phone: ..., DateIdentifiedRisk: ..., RiskLevel: ..., OutreachStatus: ..., VAMC: ...}, Object{ReachID: ..., FirstName: ..., MiddleName: ..., LastName: ..., SSN: ..., Phone: ..., DateIdentifiedRisk: ..., RiskLevel: ..., OutreachStatus: ..., VAMC: ...}, Object{ReachID: ..., FirstName: ..., MiddleName: ..., LastName: ..., SSN: ..., Phone: ..., DateIdentifiedRisk: ..., RiskLevel: ..., OutreachStatus: ..., VAMC: ...}, Object{ReachID: ..., FirstName: ..., MiddleName: ..., LastName: ..., SSN: ..., Phone: ..., DateIdentifiedRisk: ..., RiskLevel: ..., OutreachStatus: ..., VAMC: ...}, Object{ReachID: ..., FirstName: ..., MiddleName: ..., LastName: ..., SSN: ..., Phone: ..., DateIdentifiedRisk: ..., RiskLevel: ..., OutreachStatus: ..., VAMC: ...}, Object{ReachID: ..., FirstName: ..., MiddleName: ..., LastName: ..., SSN: ..., Phone: ..., DateIdentifiedRisk: ..., RiskLevel: ..., OutreachStatus: ..., VAMC: ...}, Object{ReachID: ..., FirstName: ..., MiddleName: ..., LastName: ..., SSN: ..., Phone: ..., DateIdentifiedRisk: ..., RiskLevel: ..., OutreachStatus: ..., VAMC: ...}, Object{ReachID: ..., FirstName: ..., MiddleName: ..., LastName: ..., SSN: ..., Phone: ..., DateIdentifiedRisk: ..., RiskLevel: ..., OutreachStatus: ..., VAMC: ...}, Object{ReachID: ..., FirstName: ..., MiddleName: ..., LastName: ..., SSN: ..., Phone: ..., DateIdentifiedRisk: ..., RiskLevel: ..., OutreachStatus: ..., VAMC: ...}, Object{ReachID: ..., FirstName: ..., MiddleName: ..., LastName: ..., SSN: ..., Phone: ..., DateIdentifiedRisk: ..., RiskLevel: ..., OutreachStatus: ..., VAMC: ...}, Object{ReachID: ..., FirstName: ..., MiddleName: ..., LastName: ..., SSN: ..., Phone: ..., DateIdentifiedRisk: ..., RiskLevel: ..., OutreachStatus: ..., VAMC: ...}, Object{ReachID: ..., FirstName: ..., MiddleName: ..., LastName: ..., SSN: ..., Phone: ..., DateIdentifiedRisk: ..., RiskLevel: ..., OutreachStatus: ..., VAMC: ...}, Object{ReachID: ..., FirstName: ..., MiddleName: ..., LastName: ..., SSN: ..., Phone: ..., DateIdentifiedRisk: ..., RiskLevel: ..., OutreachStatus: ..., VAMC: ...}, Object{ReachID: ..., FirstName: ..., MiddleName: ..., LastName: ..., SSN: ..., Phone: ..., DateIdentifiedRisk: ..., RiskLevel: ..., OutreachStatus: ..., VAMC: ...}, Object{ReachID: ..., FirstName: ..., MiddleName: ..., LastName: ..., SSN: ..., Phone: ..., DateIdentifiedRisk: ..., RiskLevel: ..., OutreachStatus: ..., VAMC: ...}, Object{ReachID: ..., FirstName: ..., MiddleName: ..., LastName: ..., SSN: ..., Phone: ..., DateIdentifiedRisk: ..., RiskLevel: ..., OutreachStatus: ..., VAMC: ...}, Object{ReachID: ..., FirstName: ..., MiddleName: ..., LastName: ..., SSN: ..., Phone: ..., DateIdentifiedRisk: ..., RiskLevel: ..., OutreachStatus: ..., VAMC: ...}, Object{ReachID: ..., FirstName: ..., MiddleName: ..., LastName: ..., SSN: ..., Phone: ..., DateIdentifiedRisk: ..., RiskLevel: ..., OutreachStatus: ..., VAMC: ...}, Object{ReachID: ..., FirstName: ..., MiddleName: ..., LastName: ..., SSN: ..., Phone: ..., DateIdentifiedRisk: ..., RiskLevel: ..., OutreachStatus: ..., VAMC: ...}, Object{ReachID: ..., FirstName: ..., MiddleName: ..., LastName: ..., SSN: ..., Phone: ..., DateIdentifiedRisk: ..., RiskLevel: ..., OutreachStatus: ..., VAMC: ...}, Object{ReachID: ..., FirstName: ..., MiddleName: ..., LastName: ..., SSN: ..., Phone: ..., DateIdentifiedRisk: ..., RiskLevel: ..., OutreachStatus: ..., VAMC: ...}, Object{ReachID: ..., FirstName: ..., MiddleName: ..., LastName: ..., SSN: ..., Phone: ..., DateIdentifiedRisk: ..., RiskLevel: ..., OutreachStatus: ..., VAMC: ...}, Object{ReachID: ..., FirstName: ..., MiddleName: ..., LastName: ..., SSN: ..., Phone: ..., DateIdentifiedRisk: ..., RiskLevel: ..., OutreachStatus: ..., VAMC: ...}, Object{ReachID: ..., FirstName: ..., MiddleName: ..., LastName: ..., SSN: ..., Phone: ..., DateIdentifiedRisk: ..., RiskLevel: ..., OutreachStatus: ..., VAMC: ...}, Object{ReachID: ..., FirstName: ..., MiddleName: ..., LastName: ..., SSN: ..., Phone: ..., DateIdentifiedRisk: ..., RiskLevel: ..., OutreachStatus: ..., VAMC: ...}, Object{ReachID: ..., FirstName: ..., MiddleName: ..., LastName: ..., SSN: ..., Phone: ..., DateIdentifiedRisk: ..., RiskLevel: ..., OutreachStatus: ..., VAMC: ...}, Object{ReachID: ..., FirstName: ..., MiddleName: ..., LastName: ..., SSN: ..., Phone: ..., DateIdentifiedRisk: ..., RiskLevel: ..., OutreachStatus: ..., VAMC: ...}, Object{ReachID: ..., FirstName: ..., MiddleName: ..., LastName: ..., SSN: ..., Phone: ..., DateIdentifiedRisk: ..., RiskLevel: ..., OutreachStatus: ..., VAMC: ...}, Object{ReachID: ..., FirstName: ..., MiddleName: ..., LastName: ..., SSN: ..., Phone: ..., DateIdentifiedRisk: ..., RiskLevel: ..., OutreachStatus: ..., VAMC: ...}, Object{ReachID: ..., FirstName: ..., MiddleName: ..., LastName: ..., SSN: ..., Phone: ..., DateIdentifiedRisk: ..., RiskLevel: ..., OutreachStatus: ..., VAMC: ...}, Object{ReachID: ..., FirstName: ..., MiddleName: ..., LastName: ..., SSN: ..., Phone: ..., DateIdentifiedRisk: ..., RiskLevel: ..., OutreachStatus: ..., VAMC: ...}, Object{ReachID: ..., FirstName: ..., MiddleName: ..., LastName: ..., SSN: ..., Phone: ..., DateIdentifiedRisk: ..., RiskLevel: ..., OutreachStatus: ..., VAMC: ...}, Object{ReachID: ..., FirstName: ..., MiddleName: ..., LastName: ..., SSN: ..., Phone: ..., DateIdentifiedRisk: ..., RiskLevel: ..., OutreachStatus: ..., VAMC: ...}, Object{ReachID: ..., FirstName: ..., MiddleName: ..., LastName: ..., SSN: ..., Phone: ..., DateIdentifiedRisk: ..., RiskLevel: ..., OutreachStatus: ..., VAMC: ...}, Object{ReachID: ..., FirstName: ..., MiddleName: ..., LastName: ..., SSN: ..., Phone: ..., DateIdentifiedRisk: ..., RiskLevel: ..., OutreachStatus: ..., VAMC: ...}, Object{ReachID: ..., FirstName: ..., MiddleName: ..., LastName: ..., SSN: ..., Phone: ..., DateIdentifiedRisk: ..., RiskLevel: ..., OutreachStatus: ..., VAMC: ...}, Object{ReachID: ..., FirstName: ..., MiddleName: ..., LastName: ..., SSN: ..., Phone: ..., DateIdentifiedRisk: ..., RiskLevel: ..., OutreachStatus: ..., VAMC: ...}, Object{ReachID: ..., FirstName: ..., MiddleName: ..., LastName: ..., SSN: ..., Phone: ..., DateIdentifiedRisk: ..., RiskLevel: ..., OutreachStatus: ..., VAMC: ...}, Object{ReachID: ..., FirstName: ..., MiddleName: ..., LastName: ..., SSN: ..., Phone: ..., DateIdentifiedRisk: ..., RiskLevel: ..., OutreachStatus: ..., VAMC: ...}, Object{ReachID: ..., FirstName: ..., MiddleName: ..., LastName: ..., SSN: ..., Phone: ..., DateIdentifiedRisk: ..., RiskLevel: ..., OutreachStatus: ..., VAMC: ...}, Object{ReachID: ..., FirstName: ..., MiddleName: ..., LastName: ..., SSN: ..., Phone: ..., DateIdentifiedRisk: ..., RiskLevel: ..., OutreachStatus: ..., VAMC: ...}, Object{ReachID: ..., FirstName: ..., MiddleName: ..., LastName: ..., SSN: ..., Phone: ..., DateIdentifiedRisk: ..., RiskLevel: ..., OutreachStatus: ..., VAMC: ...}, Object{ReachID: ..., FirstName: ..., MiddleName: ..., LastName: ..., SSN: ..., Phone: ..., DateIdentifiedRisk: ..., RiskLevel: ..., OutreachStatus: ..., VAMC: ...}, Object{ReachID: ..., FirstName: ..., MiddleName: ..., LastName: ..., SSN: ..., Phone: ..., DateIdentifiedRisk: ..., RiskLevel: ..., OutreachStatus: ..., VAMC: ...}, Object{ReachID: ..., FirstName: ..., MiddleName: ..., LastName: ..., SSN: ..., Phone: ..., DateIdentifiedRisk: ..., RiskLevel: ..., OutreachStatus: ..., VAMC: ...}, Object{ReachID: ..., FirstName: ..., MiddleName: ..., LastName: ..., SSN: ..., Phone: ..., DateIdentifiedRisk: ..., RiskLevel: ..., OutreachStatus: ..., VAMC: ...}, Object{ReachID: ..., FirstName: ..., MiddleName: ..., LastName: ..., SSN: ..., Phone: ..., DateIdentifiedRisk: ..., RiskLevel: ..., OutreachStatus: ..., VAMC: ...}, Object{ReachID: ..., FirstName: ..., MiddleName: ..., LastName: ..., SSN: ..., Phone: ..., DateIdentifiedRisk: ..., RiskLevel: ..., OutreachStatus: ..., VAMC: ...}, Object{ReachID: ..., FirstName: ..., MiddleName: ..., LastName: ..., SSN: ..., Phone: ..., DateIdentifiedRisk: ..., RiskLevel: ..., OutreachStatus: ..., VAMC: ...}, Object{ReachID: ..., FirstName: ..., MiddleName: ..., LastName: ..., SSN: ..., Phone: ..., DateIdentifiedRisk: ..., RiskLevel: ..., OutreachStatus: ..., VAMC: ...}, Object{ReachID: ..., FirstName: ..., MiddleName: ..., LastName: ..., SSN: ..., Phone: ..., DateIdentifiedRisk: ..., RiskLevel: ..., OutreachStatus: ..., VAMC: ...}, Object{ReachID: ..., FirstName: ..., MiddleName: ..., LastName: ..., SSN: ..., Phone: ..., DateIdentifiedRisk: ..., RiskLevel: ..., OutreachStatus: ..., VAMC: ...}, Object{ReachID: ..., FirstName: ..., MiddleName: ..., LastName: ..., SSN: ..., Phone: ..., DateIdentifiedRisk: ..., RiskLevel: ..., OutreachStatus: ..., VAMC: ...}, Object{ReachID: ..., FirstName: ..., MiddleName: ..., LastName: ..., SSN: ..., Phone: ..., DateIdentifiedRisk: ..., RiskLevel: ..., OutreachStatus: ..., VAMC: ...}, Object{ReachID: ..., FirstName: ..., MiddleName: ..., LastName: ..., SSN: ..., Phone: ..., DateIdentifiedRisk: ..., RiskLevel: ..., OutreachStatus: ..., VAMC: ...}, Object{ReachID: ..., FirstName: ..., MiddleName: ..., LastName: ..., SSN: ..., Phone: ..., DateIdentifiedRisk: ..., RiskLevel: ..., OutreachStatus: ..., VAMC: ...}, Object{ReachID: ..., FirstName: ..., MiddleName: ..., LastName: ..., SSN: ..., Phone: ..., DateIdentifiedRisk: ..., RiskLevel: ..., OutreachStatus: ..., VAMC: ...}, Object{ReachID: ..., FirstName: ..., MiddleName: ..., LastName: ..., SSN: ..., Phone: ..., DateIdentifiedRisk: ..., RiskLevel: ..., OutreachStatus: ..., VAMC: ...}, Object{ReachID: ..., FirstName: ..., MiddleName: ..., LastName: ..., SSN: ..., Phone: ..., DateIdentifiedRisk: ..., RiskLevel: ..., OutreachStatus: ..., VAMC: ...}, Object{ReachID: ..., FirstName: ..., MiddleName: ..., LastName: ..., SSN: ..., Phone: ..., DateIdentifiedRisk: ..., RiskLevel: ..., OutreachStatus: ..., VAMC: ...}, Object{ReachID: ..., FirstName: ..., MiddleName: ..., LastName: ..., SSN: ..., Phone: ..., DateIdentifiedRisk: ..., RiskLevel: ..., OutreachStatus: ..., VAMC: ...}, Object{ReachID: ..., FirstName: ..., MiddleName: ..., LastName: ..., SSN: ..., Phone: ..., DateIdentifiedRisk: ..., RiskLevel: ..., OutreachStatus: ..., VAMC: ...}, Object{ReachID: ..., FirstName: ..., MiddleName: ..., LastName: ..., SSN: ..., Phone: ..., DateIdentifiedRisk: ..., RiskLevel: ..., OutreachStatus: ..., VAMC: ...}, Object{ReachID: ..., FirstName: ..., MiddleName: ..., LastName: ..., SSN: ..., Phone: ..., DateIdentifiedRisk: ..., RiskLevel: ..., OutreachStatus: ..., VAMC: ...}, Object{ReachID: ..., FirstName: ..., MiddleName: ..., LastName: ..., SSN: ..., Phone: ..., DateIdentifiedRisk: ..., RiskLevel: ..., OutreachStatus: ..., VAMC: ...}, Object{ReachID: ..., FirstName: ..., MiddleName: ..., LastName: ..., SSN: ..., Phone: ..., DateIdentifiedRisk: ..., RiskLevel: ..., OutreachStatus: ..., VAMC: ...}, Object{ReachID: ..., FirstName: ..., MiddleName: ..., LastName: ..., SSN: ..., Phone: ..., DateIdentifiedRisk: ..., RiskLevel: ..., OutreachStatus: ..., VAMC: ...}, Object{ReachID: ..., FirstName: ..., MiddleName: ..., LastName: ..., SSN: ..., Phone: ..., DateIdentifiedRisk: ..., RiskLevel: ..., OutreachStatus: ..., VAMC: ...}, Object{ReachID: ..., FirstName: ..., MiddleName: ..., LastName: ..., SSN: ..., Phone: ..., DateIdentifiedRisk: ..., RiskLevel: ..., OutreachStatus: ..., VAMC: ...}, Object{ReachID: ..., FirstName: ..., MiddleName: ..., LastName: ..., SSN: ..., Phone: ..., DateIdentifiedRisk: ..., RiskLevel: ..., OutreachStatus: ..., VAMC: ...}, Object{ReachID: ..., FirstName: ..., MiddleName: ..., LastName: ..., SSN: ..., Phone: ..., DateIdentifiedRisk: ..., RiskLevel: ..., OutreachStatus: ..., VAMC: ...}, Object{ReachID: ..., FirstName: ..., MiddleName: ..., LastName: ..., SSN: ..., Phone: ..., DateIdentifiedRisk: ..., RiskLevel: ..., OutreachStatus: ..., VAMC: ...}, Object{ReachID: ..., FirstName: ..., MiddleName: ..., LastName: ..., SSN: ..., Phone: ..., DateIdentifiedRisk: ..., RiskLevel: ..., OutreachStatus: ..., VAMC: ...}, Object{ReachID: ..., FirstName: ..., MiddleName: ..., LastName: ..., SSN: ..., Phone: ..., DateIdentifiedRisk: ..., RiskLevel: ..., OutreachStatus: ..., VAMC: ...}, Object{ReachID: ..., FirstName: ..., MiddleName: ..., LastName: ..., SSN: ..., Phone: ..., DateIdentifiedRisk: ..., RiskLevel: ..., OutreachStatus: ..., VAMC: ...}, Object{ReachID: ..., FirstName: ..., MiddleName: ..., LastName: ..., SSN: ..., Phone: ..., DateIdentifiedRisk: ..., RiskLevel: ..., OutreachStatus: ..., VAMC: ...}, Object{ReachID: ..., FirstName: ..., MiddleName: ..., LastName: ..., SSN: ..., Phone: ..., DateIdentifiedRisk: ..., RiskLevel: ..., OutreachStatus: ..., VAMC: ...}, Object{ReachID: ..., FirstName: ..., MiddleName: ..., LastName: ..., SSN: ..., Phone: ..., DateIdentifiedRisk: ..., RiskLevel: ..., OutreachStatus: ..., VAMC: ...}, Object{ReachID: ..., FirstName: ..., MiddleName: ..., LastName: ..., SSN: ..., Phone: ..., DateIdentifiedRisk: ..., RiskLevel: ..., OutreachStatus: ..., VAMC: ...}, Object{ReachID: ..., FirstName: ..., MiddleName: ..., LastName: ..., SSN: ..., Phone: ..., DateIdentifiedRisk: ..., RiskLevel: ..., OutreachStatus: ..., VAMC: ...}, Object{ReachID: ..., FirstName: ..., MiddleName: ..., LastName: ..., SSN: ..., Phone: ..., DateIdentifiedRisk: ..., RiskLevel: ..., OutreachStatus: ..., VAMC: ...}, Object{ReachID: ..., FirstName: ..., MiddleName: ..., LastName: ..., SSN: ..., Phone: ..., DateIdentifiedRisk: ..., RiskLevel: ..., OutreachStatus: ..., VAMC: ...}, Object{ReachID: ..., FirstName: ..., MiddleName: ..., LastName: ..., SSN: ..., Phone: ..., DateIdentifiedRisk: ..., RiskLevel: ..., OutreachStatus: ..., VAMC: ...}, Object{ReachID: ..., FirstName: ..., MiddleName: ..., LastName: ..., SSN: ..., Phone: ..., DateIdentifiedRisk: ..., RiskLevel: ..., OutreachStatus: ..., VAMC: ...}, Object{ReachID: ..., FirstName: ..., MiddleName: ..., LastName: ..., SSN: ..., Phone: ..., DateIdentifiedRisk: ..., RiskLevel: ..., OutreachStatus: ..., VAMC: ...}, Object{ReachID: ..., FirstName: ..., MiddleName: ..., LastName: ..., SSN: ..., Phone: ..., DateIdentifiedRisk: ..., RiskLevel: ..., OutreachStatus: ..., VAMC: ...}, Object{ReachID: ..., FirstName: ..., MiddleName: ..., LastName: ..., SSN: ..., Phone: ..., DateIdentifiedRisk: ..., RiskLevel: ..., OutreachStatus: ..., VAMC: ...}, Object{ReachID: ..., FirstName: ..., MiddleName: ..., LastName: ..., SSN: ..., Phone: ..., DateIdentifiedRisk: ..., RiskLevel: ..., OutreachStatus: ..., VAMC: ...}, Object{ReachID: ..., FirstName: ..., MiddleName: ..., LastName: ..., SSN: ..., Phone: ..., DateIdentifiedRisk: ..., RiskLevel: ..., OutreachStatus: ..., VAMC: ...}, Object{ReachID: ..., FirstName: ..., MiddleName: ..., LastName: ..., SSN: ..., Phone: ..., DateIdentifiedRisk: ..., RiskLevel: ..., OutreachStatus: ..., VAMC: ...}, Object{ReachID: ..., FirstName: ..., MiddleName: ..., LastName: ..., SSN: ..., Phone: ..., DateIdentifiedRisk: ..., RiskLevel: ..., OutreachStatus: ..., VAMC: ...}, Object{ReachID: ..., FirstName: ..., MiddleName: ..., LastName: ..., SSN: ..., Phone: ..., DateIdentifiedRisk: ..., RiskLevel: ..., OutreachStatus: ..., VAMC: ...}, Object{ReachID: ..., FirstName: ..., MiddleName: ..., LastName: ..., SSN: ..., Phone: ..., DateIdentifiedRisk: ..., RiskLevel: ..., OutreachStatus: ..., VAMC: ...}, Object{ReachID: ..., FirstName: ..., MiddleName: ..., LastName: ..., SSN: ..., Phone: ..., DateIdentifiedRisk: ..., RiskLevel: ..., OutreachStatus: ..., VAMC: ...}, Object{ReachID: ..., FirstName: ..., MiddleName: ..., LastName: ..., SSN: ..., Phone: ..., DateIdentifiedRisk: ..., RiskLevel: ..., OutreachStatus: ..., VAMC: ...}, Object{ReachID: ..., FirstName: ..., MiddleName: ..., LastName: ..., SSN: ..., Phone: ..., DateIdentifiedRisk: ..., RiskLevel: ..., OutreachStatus: ..., VAMC: ...}, Object{ReachID: ..., FirstName: ..., MiddleName: ..., LastName: ..., SSN: ..., Phone: ..., DateIdentifiedRisk: ..., RiskLevel: ..., OutreachStatus: ..., VAMC: ...}, Object{ReachID: ..., FirstName: ..., MiddleName: ..., LastName: ..., SSN: ..., Phone: ..., DateIdentifiedRisk: ..., RiskLevel: ..., OutreachStatus: ..., VAMC: ...}, Object{ReachID: ..., FirstName: ..., MiddleName: ..., LastName: ..., SSN: ..., Phone: ..., DateIdentifiedRisk: ..., RiskLevel: ..., OutreachStatus: ..., VAMC: ...}, Object{ReachID: ..., FirstName: ..., MiddleName: ..., LastName: ..., SSN: ..., Phone: ..., DateIdentifiedRisk: ..., RiskLevel: ..., OutreachStatus: ..., VAMC: ...}, Object{ReachID: ..., FirstName: ..., MiddleName: ..., LastName: ..., SSN: ..., Phone: ..., DateIdentifiedRisk: ..., RiskLevel: ..., OutreachStatus: ..., VAMC: ...}, Object{ReachID: ..., FirstName: ..., MiddleName: ..., LastName: ..., SSN: ..., Phone: ..., DateIdentifiedRisk: ..., RiskLevel: ..., OutreachStatus: ..., VAMC: ...}, Object{ReachID: ..., FirstName: ..., MiddleName: ..., LastName: ..., SSN: ..., Phone: ..., DateIdentifiedRisk: ..., RiskLevel: ..., OutreachStatus: ..., VAMC: ...}, Object{ReachID: ..., FirstName: ..., MiddleName: ..., LastName: ..., SSN: ..., Phone: ..., DateIdentifiedRisk: ..., RiskLevel: ..., OutreachStatus: ..., VAMC: ...}, Object{ReachID: ..., FirstName: ..., MiddleName: ..., LastName: ..., SSN: ..., Phone: ..., DateIdentifiedRisk: ..., RiskLevel: ..., OutreachStatus: ..., VAMC: ...}, Object{ReachID: ..., FirstName: ..., MiddleName: ..., LastName: ..., SSN: ..., Phone: ..., DateIdentifiedRisk: ..., RiskLevel: ..., OutreachStatus: ..., VAMC: ...}, Object{ReachID: ..., FirstName: ..., MiddleName: ..., LastName: ..., SSN: ..., Phone: ..., DateIdentifiedRisk: ..., RiskLevel: ..., OutreachStatus: ..., VAMC: ...}, Object{ReachID: ..., FirstName: ..., MiddleName: ..., LastName: ..., SSN: ..., Phone: ..., DateIdentifiedRisk: ..., RiskLevel: ..., OutreachStatus: ..., VAMC: ...}, Object{ReachID: ..., FirstName: ..., MiddleName: ..., LastName: ..., SSN: ..., Phone: ..., DateIdentifiedRisk: ..., RiskLevel: ..., OutreachStatus: ..., VAMC: ...}, Object{ReachID: ..., FirstName: ..., MiddleName: ..., LastName: ..., SSN: ..., Phone: ..., DateIdentifiedRisk: ..., RiskLevel: ..., OutreachStatus: ..., VAMC: ...}, Object{ReachID: ..., FirstName: ..., MiddleName: ..., LastName: ..., SSN: ..., Phone: ..., DateIdentifiedRisk: ..., RiskLevel: ..., OutreachStatus: ..., VAMC: ...}, Object{ReachID: ..., FirstName: ..., MiddleName: ..., LastName: ..., SSN: ..., Phone: ..., DateIdentifiedRisk: ..., RiskLevel: ..., OutreachStatus: ..., VAMC: ...}, Object{ReachID: ..., FirstName: ..., MiddleName: ..., LastName: ..., SSN: ..., Phone: ..., DateIdentifiedRisk: ..., RiskLevel: ..., OutreachStatus: ..., VAMC: ...}, Object{ReachID: ..., FirstName: ..., MiddleName: ..., LastName: ..., SSN: ..., Phone: ..., DateIdentifiedRisk: ..., RiskLevel: ..., OutreachStatus: ..., VAMC: ...}, Object{ReachID: ..., FirstName: ..., MiddleName: ..., LastName: ..., SSN: ..., Phone: ..., DateIdentifiedRisk: ..., RiskLevel: ..., OutreachStatus: ..., VAMC: ...}, Object{ReachID: ..., FirstName: ..., MiddleName: ..., LastName: ..., SSN: ..., Phone: ..., DateIdentifiedRisk: ..., RiskLevel: ..., OutreachStatus: ..., VAMC: ...}, Object{ReachID: ..., FirstName: ..., MiddleName: ..., LastName: ..., SSN: ..., Phone: ..., DateIdentifiedRisk: ..., RiskLevel: ..., OutreachStatus: ..., VAMC: ...}, Object{ReachID: ..., FirstName: ..., MiddleName: ..., LastName: ..., SSN: ..., Phone: ..., DateIdentifiedRisk: ..., RiskLevel: ..., OutreachStatus: ..., VAMC: ...}, Object{ReachID: ..., FirstName: ..., MiddleName: ..., LastName: ..., SSN: ..., Phone: ..., DateIdentifiedRisk: ..., RiskLevel: ..., OutreachStatus: ..., VAMC: ...}, Object{ReachID: ..., FirstName: ..., MiddleName: ..., LastName: ..., SSN: ..., Phone: ..., DateIdentifiedRisk: ..., RiskLevel: ..., OutreachStatus: ..., VAMC: ...}, Object{ReachID: ..., FirstName: ..., MiddleName: ..., LastName: ..., SSN: ..., Phone: ..., DateIdentifiedRisk: ..., RiskLevel: ..., OutreachStatus: ..., VAMC: ...}, Object{ReachID: ..., FirstName: ..., MiddleName: ..., LastName: ..., SSN: ..., Phone: ..., DateIdentifiedRisk: ..., RiskLevel: ..., OutreachStatus: ..., VAMC: ...}, Object{ReachID: ..., FirstName: ..., MiddleName: ..., LastName: ..., SSN: ..., Phone: ..., DateIdentifiedRisk: ..., RiskLevel: ..., OutreachStatus: ..., VAMC: ...}, Object{ReachID: ..., FirstName: ..., MiddleName: ..., LastName: ..., SSN: ..., Phone: ..., DateIdentifiedRisk: ..., RiskLevel: ..., OutreachStatus: ..., VAMC: ...}, Object{ReachID: ..., FirstName: ..., MiddleName: ..., LastName: ..., SSN: ..., Phone: ..., DateIdentifiedRisk: ..., RiskLevel: ..., OutreachStatus: ..., VAMC: ...}, Object{ReachID: ..., FirstName: ..., MiddleName: ..., LastName: ..., SSN: ..., Phone: ..., DateIdentifiedRisk: ..., RiskLevel: ..., OutreachStatus: ..., VAMC: ...}, Object{ReachID: ..., FirstName: ..., MiddleName: ..., LastName: ..., SSN: ..., Phone: ..., DateIdentifiedRisk: ..., RiskLevel: ..., OutreachStatus: ..., VAMC: ...}, Object{ReachID: ..., FirstName: ..., MiddleName: ..., LastName: ..., SSN: ..., Phone: ..., DateIdentifiedRisk: ..., RiskLevel: ..., OutreachStatus: ..., VAMC: ...}, Object{ReachID: ..., FirstName: ..., MiddleName: ..., LastName: ..., SSN: ..., Phone: ..., DateIdentifiedRisk: ..., RiskLevel: ..., OutreachStatus: ..., VAMC: ...}, Object{ReachID: ..., FirstName: ..., MiddleName: ..., LastName: ..., SSN: ..., Phone: ..., DateIdentifiedRisk: ..., RiskLevel: ..., OutreachStatus: ..., VAMC: ...}, Object{ReachID: ..., FirstName: ..., MiddleName: ..., LastName: ..., SSN: ..., Phone: ..., DateIdentifiedRisk: ..., RiskLevel: ..., OutreachStatus: ..., VAMC: ...}, Object{ReachID: ..., FirstName: ..., MiddleName: ..., LastName: ..., SSN: ..., Phone: ..., DateIdentifiedRisk: ..., RiskLevel: ..., OutreachStatus: ..., VAMC: ...}, Object{ReachID: ..., FirstName: ..., MiddleName: ..., LastName: ..., SSN: ..., Phone: ..., DateIdentifiedRisk: ..., RiskLevel: ..., OutreachStatus: ..., VAMC: ...}, Object{ReachID: ..., FirstName: ..., MiddleName: ..., LastName: ..., SSN: ..., Phone: ..., DateIdentifiedRisk: ..., RiskLevel: ..., OutreachStatus: ..., VAMC: ...}, Object{ReachID: ..., FirstName: ..., MiddleName: ..., LastName: ..., SSN: ..., Phone: ..., DateIdentifiedRisk: ..., RiskLevel: ..., OutreachStatus: ..., VAMC: ...}, Object{ReachID: ..., FirstName: ..., MiddleName: ..., LastName: ..., SSN: ..., Phone: ..., DateIdentifiedRisk: ..., RiskLevel: ..., OutreachStatus: ..., VAMC: ...}, Object{ReachID: ..., FirstName: ..., MiddleName: ..., LastName: ..., SSN: ..., Phone: ..., DateIdentifiedRisk: ..., RiskLevel: ..., OutreachStatus: ..., VAMC: ...}, Object{ReachID: ..., FirstName: ..., MiddleName: ..., LastName: ..., SSN: ..., Phone: ..., DateIdentifiedRisk: ..., RiskLevel: ..., OutreachStatus: ..., VAMC: ...}, Object{ReachID: ..., FirstName: ..., MiddleName: ..., LastName: ..., SSN: ..., Phone: ..., DateIdentifiedRisk: ..., RiskLevel: ..., OutreachStatus: ..., VAMC: ...}, Object{ReachID: ..., FirstName: ..., MiddleName: ..., LastName: ..., SSN: ..., Phone: ..., DateIdentifiedRisk: ..., RiskLevel: ..., OutreachStatus: ..., VAMC: ...}, Object{ReachID: ..., FirstName: ..., MiddleName: ..., LastName: ..., SSN: ..., Phone: ..., DateIdentifiedRisk: ..., RiskLevel: ..., OutreachStatus: ..., VAMC: ...}, Object{ReachID: ..., FirstName: ..., MiddleName: ..., LastName: ..., SSN: ..., Phone: ..., DateIdentifiedRisk: ..., RiskLevel: ..., OutreachStatus: ..., VAMC: ...}, Object{ReachID: ..., FirstName: ..., MiddleName: ..., LastName: ..., SSN: ..., Phone: ..., DateIdentifiedRisk: ..., RiskLevel: ..., OutreachStatus: ..., VAMC: ...}, Object{ReachID: ..., FirstName: ..., MiddleName: ..., LastName: ..., SSN: ..., Phone: ..., DateIdentifiedRisk: ..., RiskLevel: ..., OutreachStatus: ..., VAMC: ...}, Object{ReachID: ..., FirstName: ..., MiddleName: ..., LastName: ..., SSN: ..., Phone: ..., DateIdentifiedRisk: ..., RiskLevel: ..., OutreachStatus: ..., VAMC: ...}, Object{ReachID: ..., FirstName: ..., MiddleName: ..., LastName: ..., SSN: ..., Phone: ..., DateIdentifiedRisk: ..., RiskLevel: ..., OutreachStatus: ..., VAMC: ...}, Object{ReachID: ..., FirstName: ..., MiddleName: ..., LastName: ..., SSN: ..., Phone: ..., DateIdentifiedRisk: ..., RiskLevel: ..., OutreachStatus: ..., VAMC: ...}, Object{ReachID: ..., FirstName: ..., MiddleName: ..., LastName: ..., SSN: ..., Phone: ..., DateIdentifiedRisk: ..., RiskLevel: ..., OutreachStatus: ..., VAMC: ...}, Object{ReachID: ..., FirstName: ..., MiddleName: ..., LastName: ..., SSN: ..., Phone: ..., DateIdentifiedRisk: ..., RiskLevel: ..., OutreachStatus: ..., VAMC: ...}, Object{ReachID: ..., FirstName: ..., MiddleName: ..., LastName: ..., SSN: ..., Phone: ..., DateIdentifiedRisk: ..., RiskLevel: ..., OutreachStatus: ..., VAMC: ...}, Object{ReachID: ..., FirstName: ..., MiddleName: ..., LastName: ..., SSN: ..., Phone: ..., DateIdentifiedRisk: ..., RiskLevel: ..., OutreachStatus: ..., VAMC: ...}, Object{ReachID: ..., FirstName: ..., MiddleName: ..., LastName: ..., SSN: ..., Phone: ..., DateIdentifiedRisk: ..., RiskLevel: ..., OutreachStatus: ..., VAMC: ...}, Object{ReachID: ..., FirstName: ..., MiddleName: ..., LastName: ..., SSN: ..., Phone: ..., DateIdentifiedRisk: ..., RiskLevel: ..., OutreachStatus: ..., VAMC: ...}, Object{ReachID: ..., FirstName: ..., MiddleName: ..., LastName: ..., SSN: ..., Phone: ..., DateIdentifiedRisk: ..., RiskLevel: ..., OutreachStatus: ..., VAMC: ...}, Object{ReachID: ..., FirstName: ..., MiddleName: ..., LastName: ..., SSN: ..., Phone: ..., DateIdentifiedRisk: ..., RiskLevel: ..., OutreachStatus: ..., VAMC: ...}, Object{ReachID: ..., FirstName: ..., MiddleName: ..., LastName: ..., SSN: ..., Phone: ..., DateIdentifiedRisk: ..., RiskLevel: ..., OutreachStatus: ..., VAMC: ...}, Object{ReachID: ..., FirstName: ..., MiddleName: ..., LastName: ..., SSN: ..., Phone: ..., DateIdentifiedRisk: ..., RiskLevel: ..., OutreachStatus: ..., VAMC: ...}, Object{ReachID: ..., FirstName: ..., MiddleName: ..., LastName: ..., SSN: ..., Phone: ..., DateIdentifiedRisk: ..., RiskLevel: ..., OutreachStatus: ..., VAMC: ...}, Object{ReachID: ..., FirstName: ..., MiddleName: ..., LastName: ..., SSN: ..., Phone: ..., DateIdentifiedRisk: ..., RiskLevel: ..., OutreachStatus: ..., VAMC: ...}, Object{ReachID: ..., FirstName: ..., MiddleName: ..., LastName: ..., SSN: ..., Phone: ..., DateIdentifiedRisk: ..., RiskLevel: ..., OutreachStatus: ..., VAMC: ...}, Object{ReachID: ..., FirstName: ..., MiddleName: ..., LastName: ..., SSN: ..., Phone: ..., DateIdentifiedRisk: ..., RiskLevel: ..., OutreachStatus: ..., VAMC: ...}, Object{ReachID: ..., FirstName: ..., MiddleName: ..., LastName: ..., SSN: ..., Phone: ..., DateIdentifiedRisk: ..., RiskLevel: ..., OutreachStatus: ..., VAMC: ...}, Object{ReachID: ..., FirstName: ..., MiddleName: ..., LastName: ..., SSN: ..., Phone: ..., DateIdentifiedRisk: ..., RiskLevel: ..., OutreachStatus: ..., VAMC: ...}, Object{ReachID: ..., FirstName: ..., MiddleName: ..., LastName: ..., SSN: ..., Phone: ..., DateIdentifiedRisk: ..., RiskLevel: ..., OutreachStatus: ..., VAMC: ...}, Object{ReachID: ..., FirstName: ..., MiddleName: ..., LastName: ..., SSN: ..., Phone: ..., DateIdentifiedRisk: ..., RiskLevel: ..., OutreachStatus: ..., VAMC: ...}, Object{ReachID: ..., FirstName: ..., MiddleName: ..., LastName: ..., SSN: ..., Phone: ..., DateIdentifiedRisk: ..., RiskLevel: ..., OutreachStatus: ..., VAMC: ...}, Object{ReachID: ..., FirstName: ..., MiddleName: ..., LastName: ..., SSN: ..., Phone: ..., DateIdentifiedRisk: ..., RiskLevel: ..., OutreachStatus: ..., VAMC: ...}, Object{ReachID: ..., FirstName: ..., MiddleName: ..., LastName: ..., SSN: ..., Phone: ..., DateIdentifiedRisk: ..., RiskLevel: ..., OutreachStatus: ..., VAMC: ...}, Object{ReachID: ..., FirstName: ..., MiddleName: ..., LastName: ..., SSN: ..., Phone: ..., DateIdentifiedRisk: ..., RiskLevel: ..., OutreachStatus: ..., VAMC: ...}, Object{ReachID: ..., FirstName: ..., MiddleName: ..., LastName: ..., SSN: ..., Phone: ..., DateIdentifiedRisk: ..., RiskLevel: ..., OutreachStatus: ..., VAMC: ...}, Object{ReachID: ..., FirstName: ..., MiddleName: ..., LastName: ..., SSN: ..., Phone: ..., DateIdentifiedRisk: ..., RiskLevel: ..., OutreachStatus: ..., VAMC: ...}, Object{ReachID: ..., FirstName: ..., MiddleName: ..., LastName: ..., SSN: ..., Phone: ..., DateIdentifiedRisk: ..., RiskLevel: ..., OutreachStatus: ..., VAMC: ...}, Object{ReachID: ..., FirstName: ..., MiddleName: ..., LastName: ..., SSN: ..., Phone: ..., DateIdentifiedRisk: ..., RiskLevel: ..., OutreachStatus: ..., VAMC: ...}, Object{ReachID: ..., FirstName: ..., MiddleName: ..., LastName: ..., SSN: ..., Phone: ..., DateIdentifiedRisk: ..., RiskLevel: ..., OutreachStatus: ..., VAMC: ...}, Object{ReachID: ..., FirstName: ..., MiddleName: ..., LastName: ..., SSN: ..., Phone: ..., DateIdentifiedRisk: ..., RiskLevel: ..., OutreachStatus: ..., VAMC: ...}, Object{ReachID: ..., FirstName: ..., MiddleName: ..., LastName: ..., SSN: ..., Phone: ..., DateIdentifiedRisk: ..., RiskLevel: ..., OutreachStatus: ..., VAMC: ...}, Object{ReachID: ..., FirstName: ..., MiddleName: ..., LastName: ..., SSN: ..., Phone: ..., DateIdentifiedRisk: ..., RiskLevel: ..., OutreachStatus: ..., VAMC: ...}, Object{ReachID: ..., FirstName: ..., MiddleName: ..., LastName: ..., SSN: ..., Phone: ..., DateIdentifiedRisk: ..., RiskLevel: ..., OutreachStatus: ..., VAMC: ...}, Object{ReachID: ..., FirstName: ..., MiddleName: ..., LastName: ..., SSN: ..., Phone: ..., DateIdentifiedRisk: ..., RiskLevel: ..., OutreachStatus: ..., VAMC: ...}, Object{ReachID: ..., FirstName: ..., MiddleName: ..., LastName: ..., SSN: ..., Phone: ..., DateIdentifiedRisk: ..., RiskLevel: ..., OutreachStatus: ..., VAMC: ...}, Object{ReachID: ..., FirstName: ..., MiddleName: ..., LastName: ..., SSN: ..., Phone: ..., DateIdentifiedRisk: ..., RiskLevel: ..., OutreachStatus: ..., VAMC: ...}, Object{ReachID: ..., FirstName: ..., MiddleName: ..., LastName: ..., SSN: ..., Phone: ..., DateIdentifiedRisk: ..., RiskLevel: ..., OutreachStatus: ..., VAMC: ...}, Object{ReachID: ..., FirstName: ..., MiddleName: ..., LastName: ..., SSN: ..., Phone: ..., DateIdentifiedRisk: ..., RiskLevel: ..., OutreachStatus: ..., VAMC: ...}, Object{ReachID: ..., FirstName: ..., MiddleName: ..., LastName: ..., SSN: ..., Phone: ..., DateIdentifiedRisk: ..., RiskLevel: ..., OutreachStatus: ..., VAMC: ...}, Object{ReachID: ..., FirstName: ..., MiddleName: ..., LastName: ..., SSN: ..., Phone: ..., DateIdentifiedRisk: ..., RiskLevel: ..., OutreachStatus: ..., VAMC: ...}, Object{ReachID: ..., FirstName: ..., MiddleName: ..., LastName: ..., SSN: ..., Phone: ..., DateIdentifiedRisk: ..., RiskLevel: ..., OutreachStatus: ..., VAMC: ...}, Object{ReachID: ..., FirstName: ..., MiddleName: ..., LastName: ..., SSN: ..., Phone: ..., DateIdentifiedRisk: ..., RiskLevel: ..., OutreachStatus: ..., VAMC: ...}, Object{ReachID: ..., FirstName: ..., MiddleName: ..., LastName: ..., SSN: ..., Phone: ..., DateIdentifiedRisk: ..., RiskLevel: ..., OutreachStatus: ..., VAMC: ...}, Object{ReachID: ..., FirstName: ..., MiddleName: ..., LastName: ..., SSN: ..., Phone: ..., DateIdentifiedRisk: ..., RiskLevel: ..., OutreachStatus: ..., VAMC: ...}, Object{ReachID: ..., FirstName: ..., MiddleName: ..., LastName: ..., SSN: ..., Phone: ..., DateIdentifiedRisk: ..., RiskLevel: ..., OutreachStatus: ..., VAMC: ...}, Object{ReachID: ..., FirstName: ..., MiddleName: ..., LastName: ..., SSN: ..., Phone: ..., DateIdentifiedRisk: ..., RiskLevel: ..., OutreachStatus: ..., VAMC: ...}, Object{ReachID: ..., FirstName: ..., MiddleName: ..., LastName: ..., SSN: ..., Phone: ..., DateIdentifiedRisk: ..., RiskLevel: ..., OutreachStatus: ..., VAMC: ...}, Object{ReachID: ..., FirstName: ..., MiddleName: ..., LastName: ..., SSN: ..., Phone: ..., DateIdentifiedRisk: ..., RiskLevel: ..., OutreachStatus: ..., VAMC: ...}, Object{ReachID: ..., FirstName: ..., MiddleName: ..., LastName: ..., SSN: ..., Phone: ..., DateIdentifiedRisk: ..., RiskLevel: ..., OutreachStatus: ..., VAMC: ...}, Object{ReachID: ..., FirstName: ..., MiddleName: ..., LastName: ..., SSN: ..., Phone: ..., DateIdentifiedRisk: ..., RiskLevel: ..., OutreachStatus: ..., VAMC: ...}, Object{ReachID: ..., FirstName: ..., MiddleName: ..., LastName: ..., SSN: ..., Phone: ..., DateIdentifiedRisk: ..., RiskLevel: ..., OutreachStatus: ..., VAMC: ...}, Object{ReachID: ..., FirstName: ..., MiddleName: ..., LastName: ..., SSN: ..., Phone: ..., DateIdentifiedRisk: ..., RiskLevel: ..., OutreachStatus: ..., VAMC: ...}, Object{ReachID: ..., FirstName: ..., MiddleName: ..., LastName: ..., SSN: ..., Phone: ..., DateIdentifiedRisk: ..., RiskLevel: ..., OutreachStatus: ..., VAMC: ...}, Object{ReachID: ..., FirstName: ..., MiddleName: ..., LastName: ..., SSN: ..., Phone: ..., DateIdentifiedRisk: ..., RiskLevel: ..., OutreachStatus: ..., VAMC: ...}, Object{ReachID: ..., FirstName: ..., MiddleName: ..., LastName: ..., SSN: ..., Phone: ..., DateIdentifiedRisk: ..., RiskLevel: ..., OutreachStatus: ..., VAMC: ...}, Object{ReachID: ..., FirstName: ..., MiddleName: ..., LastName: ..., SSN: ..., Phone: ..., DateIdentifiedRisk: ..., RiskLevel: ..., OutreachStatus: ..., VAMC: ...}, Object{ReachID: ..., FirstName: ..., MiddleName: ..., LastName: ..., SSN: ..., Phone: ..., DateIdentifiedRisk: ..., RiskLevel: ..., OutreachStatus: ..., VAMC: ...}, Object{ReachID: ..., FirstName: ..., MiddleName: ..., LastName: ..., SSN: ..., Phone: ..., DateIdentifiedRisk: ..., RiskLevel: ..., OutreachStatus: ..., VAMC: ...}, Object{ReachID: ..., FirstName: ..., MiddleName: ..., LastName: ..., SSN: ..., Phone: ..., DateIdentifiedRisk: ..., RiskLevel: ..., OutreachStatus: ..., VAMC: ...}, Object{ReachID: ..., FirstName: ..., MiddleName: ..., LastName: ..., SSN: ..., Phone: ..., DateIdentifiedRisk: ..., RiskLevel: ..., OutreachStatus: ..., VAMC: ...}, Object{ReachID: ..., FirstName: ..., MiddleName: ..., LastName: ..., SSN: ..., Phone: ..., DateIdentifiedRisk: ..., RiskLevel: ..., OutreachStatus: ..., VAMC: ...}, Object{ReachID: ..., FirstName: ..., MiddleName: ..., LastName: ..., SSN: ..., Phone: ..., DateIdentifiedRisk: ..., RiskLevel: ..., OutreachStatus: ..., VAMC: ...}, Object{ReachID: ..., FirstName: ..., MiddleName: ..., LastName: ..., SSN: ..., Phone: ..., DateIdentifiedRisk: ..., RiskLevel: ..., OutreachStatus: ..., VAMC: ...}, Object{ReachID: ..., FirstName: ..., MiddleName: ..., LastName: ..., SSN: ..., Phone: ..., DateIdentifiedRisk: ..., RiskLevel: ..., OutreachStatus: ..., VAMC: ...}, Object{ReachID: ..., FirstName: ..., MiddleName: ..., LastName: ..., SSN: ..., Phone: ..., DateIdentifiedRisk: ..., RiskLevel: ..., OutreachStatus: ..., VAMC: ...}, Object{ReachID: ..., FirstName: ..., MiddleName: ..., LastName: ..., SSN: ..., Phone: ..., DateIdentifiedRisk: ..., RiskLevel: ..., OutreachStatus: ..., VAMC: ...}, Object{ReachID: ..., FirstName: ..., MiddleName: ..., LastName: ..., SSN: ..., Phone: ..., DateIdentifiedRisk: ..., RiskLevel: ..., OutreachStatus: ..., VAMC: ...}, Object{ReachID: ..., FirstName: ..., MiddleName: ..., LastName: ..., SSN: ..., Phone: ..., DateIdentifiedRisk: ..., RiskLevel: ..., OutreachStatus: ..., VAMC: ...}, Object{ReachID: ..., FirstName: ..., MiddleName: ..., LastName: ..., SSN: ..., Phone: ..., DateIdentifiedRisk: ..., RiskLevel: ..., OutreachStatus: ..., VAMC: ...}, Object{ReachID: ..., FirstName: ..., MiddleName: ..., LastName: ..., SSN: ..., Phone: ..., DateIdentifiedRisk: ..., RiskLevel: ..., OutreachStatus: ..., VAMC: ...}, Object{ReachID: ..., FirstName: ..., MiddleName: ..., LastName: ..., SSN: ..., Phone: ..., DateIdentifiedRisk: ..., RiskLevel: ..., OutreachStatus: ..., VAMC: ...}, Object{ReachID: ..., FirstName: ..., MiddleName: ..., LastName: ..., SSN: ..., Phone: ..., DateIdentifiedRisk: ..., RiskLevel: ..., OutreachStatus: ..., VAMC: ...}, Object{ReachID: ..., FirstName: ..., MiddleName: ..., LastName: ..., SSN: ..., Phone: ..., DateIdentifiedRisk: ..., RiskLevel: ..., OutreachStatus: ..., VAMC: ...}, Object{ReachID: ..., FirstName: ..., MiddleName: ..., LastName: ..., SSN: ..., Phone: ..., DateIdentifiedRisk: ..., RiskLevel: ..., OutreachStatus: ..., VAMC: ...}, Object{ReachID: ..., FirstName: ..., MiddleName: ..., LastName: ..., SSN: ..., Phone: ..., DateIdentifiedRisk: ..., RiskLevel: ..., OutreachStatus: ..., VAMC: ...}, Object{ReachID: ..., FirstName: ..., MiddleName: ..., LastName: ..., SSN: ..., Phone: ..., DateIdentifiedRisk: ..., RiskLevel: ..., OutreachStatus: ..., VAMC: ...}, Object{ReachID: ..., FirstName: ..., MiddleName: ..., LastName: ..., SSN: ..., Phone: ..., DateIdentifiedRisk: ..., RiskLevel: ..., OutreachStatus: ..., VAMC: ...}, Object{ReachID: ..., FirstName: ..., MiddleName: ..., LastName: ..., SSN: ..., Phone: ..., DateIdentifiedRisk: ..., RiskLevel: ..., OutreachStatus: ..., VAMC: ...}, Object{ReachID: ..., FirstName: ..., MiddleName: ..., LastName: ..., SSN: ..., Phone: ..., DateIdentifiedRisk: ..., RiskLevel: ..., OutreachStatus: ..., VAMC: ...}, Object{ReachID: ..., FirstName: ..., MiddleName: ..., LastName: ..., SSN: ..., Phone: ..., DateIdentifiedRisk: ..., RiskLevel: ..., OutreachStatus: ..., VAMC: ...}, Object{ReachID: ..., FirstName: ..., MiddleName: ..., LastName: ..., SSN: ..., Phone: ..., DateIdentifiedRisk: ..., RiskLevel: ..., OutreachStatus: ..., VAMC: ...}, Object{ReachID: ..., FirstName: ..., MiddleName: ..., LastName: ..., SSN: ..., Phone: ..., DateIdentifiedRisk: ..., RiskLevel: ..., OutreachStatus: ..., VAMC: ...}, Object{ReachID: ..., FirstName: ..., MiddleName: ..., LastName: ..., SSN: ..., Phone: ..., DateIdentifiedRisk: ..., RiskLevel: ..., OutreachStatus: ..., VAMC: ...}, Object{ReachID: ..., FirstName: ..., MiddleName: ..., LastName: ..., SSN: ..., Phone: ..., DateIdentifiedRisk: ..., RiskLevel: ..., OutreachStatus: ..., VAMC: ...}, Object{ReachID: ..., FirstName: ..., MiddleName: ..., LastName: ..., SSN: ..., Phone: ..., DateIdentifiedRisk: ..., RiskLevel: ..., OutreachStatus: ..., VAMC: ...}, Object{ReachID: ..., FirstName: ..., MiddleName: ..., LastName: ..., SSN: ..., Phone: ..., DateIdentifiedRisk: ..., RiskLevel: ..., OutreachStatus: ..., VAMC: ...}, Object{ReachID: ..., FirstName: ..., MiddleName: ..., LastName: ..., SSN: ..., Phone: ..., DateIdentifiedRisk: ..., RiskLevel: ..., OutreachStatus: ..., VAMC: ...}, Object{ReachID: ..., FirstName: ..., MiddleName: ..., LastName: ..., SSN: ..., Phone: ..., DateIdentifiedRisk: ..., RiskLevel: ..., OutreachStatus: ..., VAMC: ...}, Object{ReachID: ..., FirstName: ..., MiddleName: ..., LastName: ..., SSN: ..., Phone: ..., DateIdentifiedRisk: ..., RiskLevel: ..., OutreachStatus: ..., VAMC: ...}, Object{ReachID: ..., FirstName: ..., MiddleName: ..., LastName: ..., SSN: ..., Phone: ..., DateIdentifiedRisk: ..., RiskLevel: ..., OutreachStatus: ..., VAMC: ...}, Object{ReachID: ..., FirstName: ..., MiddleName: ..., LastName: ..., SSN: ..., Phone: ..., DateIdentifiedRisk: ..., RiskLevel: ..., OutreachStatus: ..., VAMC: ...}, Object{ReachID: ..., FirstName: ..., MiddleName: ..., LastName: ..., SSN: ..., Phone: ..., DateIdentifiedRisk: ..., RiskLevel: ..., OutreachStatus: ..., VAMC: ...}, Object{ReachID: ..., FirstName: ..., MiddleName: ..., LastName: ..., SSN: ..., Phone: ..., DateIdentifiedRisk: ..., RiskLevel: ..., OutreachStatus: ..., VAMC: ...}, Object{ReachID: ..., FirstName: ..., MiddleName: ..., LastName: ..., SSN: ..., Phone: ..., DateIdentifiedRisk: ..., RiskLevel: ..., OutreachStatus: ..., VAMC: ...}, Object{ReachID: ..., FirstName: ..., MiddleName: ..., LastName: ..., SSN: ..., Phone: ..., DateIdentifiedRisk: ..., RiskLevel: ..., OutreachStatus: ..., VAMC: ...}, Object{ReachID: ..., FirstName: ..., MiddleName: ..., LastName: ..., SSN: ..., Phone: ..., DateIdentifiedRisk: ..., RiskLevel: ..., OutreachStatus: ..., VAMC: ...}, Object{ReachID: ..., FirstName: ..., MiddleName: ..., LastName: ..., SSN: ..., Phone: ..., DateIdentifiedRisk: ..., RiskLevel: ..., OutreachStatus: ..., VAMC: ...}, Object{ReachID: ..., FirstName: ..., MiddleName: ..., LastName: ..., SSN: ..., Phone: ..., DateIdentifiedRisk: ..., RiskLevel: ..., OutreachStatus: ..., VAMC: ...}, Object{ReachID: ..., FirstName: ..., MiddleName: ..., LastName: ..., SSN: ..., Phone: ..., DateIdentifiedRisk: ..., RiskLevel: ..., OutreachStatus: ..., VAMC: ...}, Object{ReachID: ..., FirstName: ..., MiddleName: ..., LastName: ..., SSN: ..., Phone: ..., DateIdentifiedRisk: ..., RiskLevel: ..., OutreachStatus: ..., VAMC: ...}, Object{ReachID: ..., FirstName: ..., MiddleName: ..., LastName: ..., SSN: ..., Phone: ..., DateIdentifiedRisk: ..., RiskLevel: ..., OutreachStatus: ..., VAMC: ...}, Object{ReachID: ..., FirstName: ..., MiddleName: ..., LastName: ..., SSN: ..., Phone: ..., DateIdentifiedRisk: ..., RiskLevel: ..., OutreachStatus: ..., VAMC: ...}, Object{ReachID: ..., FirstName: ..., MiddleName: ..., LastName: ..., SSN: ..., Phone: ..., DateIdentifiedRisk: ..., RiskLevel: ..., OutreachStatus: ..., VAMC: ...}, Object{ReachID: ..., FirstName: ..., MiddleName: ..., LastName: ..., SSN: ..., Phone: ..., DateIdentifiedRisk: ..., RiskLevel: ..., OutreachStatus: ..., VAMC: ...}, Object{ReachID: ..., FirstName: ..., MiddleName: ..., LastName: ..., SSN: ..., Phone: ..., DateIdentifiedRisk: ..., RiskLevel: ..., OutreachStatus: ..., VAMC: ...}, Object{ReachID: ..., FirstName: ..., MiddleName: ..., LastName: ..., SSN: ..., Phone: ..., DateIdentifiedRisk: ..., RiskLevel: ..., OutreachStatus: ..., VAMC: ...}, Object{ReachID: ..., FirstName: ..., MiddleName: ..., LastName: ..., SSN: ..., Phone: ..., DateIdentifiedRisk: ..., RiskLevel: ..., OutreachStatus: ..., VAMC: ...}, Object{ReachID: ..., FirstName: ..., MiddleName: ..., LastName: ..., SSN: ..., Phone: ..., DateIdentifiedRisk: ..., RiskLevel: ..., OutreachStatus: ..., VAMC: ...}, Object{ReachID: ..., FirstName: ..., MiddleName: ..., LastName: ..., SSN: ..., Phone: ..., DateIdentifiedRisk: ..., RiskLevel: ..., OutreachStatus: ..., VAMC: ...}, Object{ReachID: ..., FirstName: ..., MiddleName: ..., LastName: ..., SSN: ..., Phone: ..., DateIdentifiedRisk: ..., RiskLevel: ..., OutreachStatus: ..., VAMC: ...}, Object{ReachID: ..., FirstName: ..., MiddleName: ..., LastName: ..., SSN: ..., Phone: ..., DateIdentifiedRisk: ..., RiskLevel: ..., OutreachStatus: ..., VAMC: ...}, Object{ReachID: ..., FirstName: ..., MiddleName: ..., LastName: ..., SSN: ..., Phone: ..., DateIdentifiedRisk: ..., RiskLevel: ..., OutreachStatus: ..., VAMC: ...}, Object{ReachID: ..., FirstName: ..., MiddleName: ..., LastName: ..., SSN: ..., Phone: ..., DateIdentifiedRisk: ..., RiskLevel: ..., OutreachStatus: ..., VAMC: ...}, Object{ReachID: ..., FirstName: ..., MiddleName: ..., LastName: ..., SSN: ..., Phone: ..., DateIdentifiedRisk: ..., RiskLevel: ..., OutreachStatus: ..., VAMC: ...}, Object{ReachID: ..., FirstName: ..., MiddleName: ..., LastName: ..., SSN: ..., Phone: ..., DateIdentifiedRisk: ..., RiskLevel: ..., OutreachStatus: ..., VAMC: ...}, Object{ReachID: ..., FirstName: ..., MiddleName: ..., LastName: ..., SSN: ..., Phone: ..., DateIdentifiedRisk: ..., RiskLevel: ..., OutreachStatus: ..., VAMC: ...}, Object{ReachID: ..., FirstName: ..., MiddleName: ..., LastName: ..., SSN: ..., Phone: ..., DateIdentifiedRisk: ..., RiskLevel: ..., OutreachStatus: ..., VAMC: ...}, Object{ReachID: ..., FirstName: ..., MiddleName: ..., LastName: ..., SSN: ..., Phone: ..., DateIdentifiedRisk: ..., RiskLevel: ..., OutreachStatus: ..., VAMC: ...}], [Object{OutReachStatusID: ..., StatusName: ..., StatusDefinition: ...}, Object{OutReachStatusID: ..., StatusName: ..., StatusDefinition: ...}, Object{OutReachStatusID: ..., StatusName: ..., StatusDefinition: ...}, Object{OutReachStatusID: ..., StatusName: ..., StatusDefinition: ...}, Object{OutReachStatusID: ..., StatusName: ..., StatusDefinition: ...}]]
,PhantomJS 1.9.8 (Windows 7) LOG: 'inside veteran roster directive after check is positive'
,PhantomJS 1.9.8 (Windows 7) LOG: [1, [Object{ReachID: ..., FirstName: ..., MiddleName: ..., LastName: ..., SSN: ..., Phone: ..., DateIdentifiedRisk: ..., RiskLevel: ..., OutreachStatus: ..., VAMC: ...}, Object{ReachID: ..., FirstName: ..., MiddleName: ..., LastName: ..., SSN: ..., Phone: ..., DateIdentifiedRisk: ..., RiskLevel: ..., OutreachStatus: ..., VAMC: ...}, Object{ReachID: ..., FirstName: ..., MiddleName: ..., LastName: ..., SSN: ..., Phone: ..., DateIdentifiedRisk: ..., RiskLevel: ..., OutreachStatus: ..., VAMC: ...}, Object{ReachID: ..., FirstName: ..., MiddleName: ..., LastName: ..., SSN: ..., Phone: ..., DateIdentifiedRisk: ..., RiskLevel: ..., OutreachStatus: ..., VAMC: ...}, Object{ReachID: ..., FirstName: ..., MiddleName: ..., LastName: ..., SSN: ..., Phone: ..., DateIdentifiedRisk: ..., RiskLevel: ..., OutreachStatus: ..., VAMC: ...}, Object{ReachID: ..., FirstName: ..., MiddleName: ..., LastName: ..., SSN: ..., Phone: ..., DateIdentifiedRisk: ..., RiskLevel: ..., OutreachStatus: ..., VAMC: ...}, Object{ReachID: ..., FirstName: ..., MiddleName: ..., LastName: ..., SSN: ..., Phone: ..., DateIdentifiedRisk: ..., RiskLevel: ..., OutreachStatus: ..., VAMC: ...}, Object{ReachID: ..., FirstName: ..., MiddleName: ..., LastName: ..., SSN: ..., Phone: ..., DateIdentifiedRisk: ..., RiskLevel: ..., OutreachStatus: ..., VAMC: ...}, Object{ReachID: ..., FirstName: ..., MiddleName: ..., LastName: ..., SSN: ..., Phone: ..., DateIdentifiedRisk: ..., RiskLevel: ..., OutreachStatus: ..., VAMC: ...}, Object{ReachID: ..., FirstName: ..., MiddleName: ..., LastName: ..., SSN: ..., Phone: ..., DateIdentifiedRisk: ..., RiskLevel: ..., OutreachStatus: ..., VAMC: ...}, Object{ReachID: ..., FirstName: ..., MiddleName: ..., LastName: ..., SSN: ..., Phone: ..., DateIdentifiedRisk: ..., RiskLevel: ..., OutreachStatus: ..., VAMC: ...}, Object{ReachID: ..., FirstName: ..., MiddleName: ..., LastName: ..., SSN: ..., Phone: ..., DateIdentifiedRisk: ..., RiskLevel: ..., OutreachStatus: ..., VAMC: ...}, Object{ReachID: ..., FirstName: ..., MiddleName: ..., LastName: ..., SSN: ..., Phone: ..., DateIdentifiedRisk: ..., RiskLevel: ..., OutreachStatus: ..., VAMC: ...}, Object{ReachID: ..., FirstName: ..., MiddleName: ..., LastName: ..., SSN: ..., Phone: ..., DateIdentifiedRisk: ..., RiskLevel: ..., OutreachStatus: ..., VAMC: ...}, Object{ReachID: ..., FirstName: ..., MiddleName: ..., LastName: ..., SSN: ..., Phone: ..., DateIdentifiedRisk: ..., RiskLevel: ..., OutreachStatus: ..., VAMC: ...}, Object{ReachID: ..., FirstName: ..., MiddleName: ..., LastName: ..., SSN: ..., Phone: ..., DateIdentifiedRisk: ..., RiskLevel: ..., OutreachStatus: ..., VAMC: ...}, Object{ReachID: ..., FirstName: ..., MiddleName: ..., LastName: ..., SSN: ..., Phone: ..., DateIdentifiedRisk: ..., RiskLevel: ..., OutreachStatus: ..., VAMC: ...}, Object{ReachID: ..., FirstName: ..., MiddleName: ..., LastName: ..., SSN: ..., Phone: ..., DateIdentifiedRisk: ..., RiskLevel: ..., OutreachStatus: ..., VAMC: ...}, Object{ReachID: ..., FirstName: ..., MiddleName: ..., LastName: ..., SSN: ..., Phone: ..., DateIdentifiedRisk: ..., RiskLevel: ..., OutreachStatus: ..., VAMC: ...}, Object{ReachID: ..., FirstName: ..., MiddleName: ..., LastName: ..., SSN: ..., Phone: ..., DateIdentifiedRisk: ..., RiskLevel: ..., OutreachStatus: ..., VAMC: ...}, Object{ReachID: ..., FirstName: ..., MiddleName: ..., LastName: ..., SSN: ..., Phone: ..., DateIdentifiedRisk: ..., RiskLevel: ..., OutreachStatus: ..., VAMC: ...}, Object{ReachID: ..., FirstName: ..., MiddleName: ..., LastName: ..., SSN: ..., Phone: ..., DateIdentifiedRisk: ..., RiskLevel: ..., OutreachStatus: ..., VAMC: ...}, Object{ReachID: ..., FirstName: ..., MiddleName: ..., LastName: ..., SSN: ..., Phone: ..., DateIdentifiedRisk: ..., RiskLevel: ..., OutreachStatus: ..., VAMC: ...}, Object{ReachID: ..., FirstName: ..., MiddleName: ..., LastName: ..., SSN: ..., Phone: ..., DateIdentifiedRisk: ..., RiskLevel: ..., OutreachStatus: ..., VAMC: ...}, Object{ReachID: ..., FirstName: ..., MiddleName: ..., LastName: ..., SSN: ..., Phone: ..., DateIdentifiedRisk: ..., RiskLevel: ..., OutreachStatus: ..., VAMC: ...}, Object{ReachID: ..., FirstName: ..., MiddleName: ..., LastName: ..., SSN: ..., Phone: ..., DateIdentifiedRisk: ..., RiskLevel: ..., OutreachStatus: ..., VAMC: ...}, Object{ReachID: ..., FirstName: ..., MiddleName: ..., LastName: ..., SSN: ..., Phone: ..., DateIdentifiedRisk: ..., RiskLevel: ..., OutreachStatus: ..., VAMC: ...}, Object{ReachID: ..., FirstName: ..., MiddleName: ..., LastName: ..., SSN: ..., Phone: ..., DateIdentifiedRisk: ..., RiskLevel: ..., OutreachStatus: ..., VAMC: ...}, Object{ReachID: ..., FirstName: ..., MiddleName: ..., LastName: ..., SSN: ..., Phone: ..., DateIdentifiedRisk: ..., RiskLevel: ..., OutreachStatus: ..., VAMC: ...}, Object{ReachID: ..., FirstName: ..., MiddleName: ..., LastName: ..., SSN: ..., Phone: ..., DateIdentifiedRisk: ..., RiskLevel: ..., OutreachStatus: ..., VAMC: ...}, Object{ReachID: ..., FirstName: ..., MiddleName: ..., LastName: ..., SSN: ..., Phone: ..., DateIdentifiedRisk: ..., RiskLevel: ..., OutreachStatus: ..., VAMC: ...}, Object{ReachID: ..., FirstName: ..., MiddleName: ..., LastName: ..., SSN: ..., Phone: ..., DateIdentifiedRisk: ..., RiskLevel: ..., OutreachStatus: ..., VAMC: ...}, Object{ReachID: ..., FirstName: ..., MiddleName: ..., LastName: ..., SSN: ..., Phone: ..., DateIdentifiedRisk: ..., RiskLevel: ..., OutreachStatus: ..., VAMC: ...}, Object{ReachID: ..., FirstName: ..., MiddleName: ..., LastName: ..., SSN: ..., Phone: ..., DateIdentifiedRisk: ..., RiskLevel: ..., OutreachStatus: ..., VAMC: ...}, Object{ReachID: ..., FirstName: ..., MiddleName: ..., LastName: ..., SSN: ..., Phone: ..., DateIdentifiedRisk: ..., RiskLevel: ..., OutreachStatus: ..., VAMC: ...}, Object{ReachID: ..., FirstName: ..., MiddleName: ..., LastName: ..., SSN: ..., Phone: ..., DateIdentifiedRisk: ..., RiskLevel: ..., OutreachStatus: ..., VAMC: ...}, Object{ReachID: ..., FirstName: ..., MiddleName: ..., LastName: ..., SSN: ..., Phone: ..., DateIdentifiedRisk: ..., RiskLevel: ..., OutreachStatus: ..., VAMC: ...}, Object{ReachID: ..., FirstName: ..., MiddleName: ..., LastName: ..., SSN: ..., Phone: ..., DateIdentifiedRisk: ..., RiskLevel: ..., OutreachStatus: ..., VAMC: ...}, Object{ReachID: ..., FirstName: ..., MiddleName: ..., LastName: ..., SSN: ..., Phone: ..., DateIdentifiedRisk: ..., RiskLevel: ..., OutreachStatus: ..., VAMC: ...}, Object{ReachID: ..., FirstName: ..., MiddleName: ..., LastName: ..., SSN: ..., Phone: ..., DateIdentifiedRisk: ..., RiskLevel: ..., OutreachStatus: ..., VAMC: ...}, Object{ReachID: ..., FirstName: ..., MiddleName: ..., LastName: ..., SSN: ..., Phone: ..., DateIdentifiedRisk: ..., RiskLevel: ..., OutreachStatus: ..., VAMC: ...}, Object{ReachID: ..., FirstName: ..., MiddleName: ..., LastName: ..., SSN: ..., Phone: ..., DateIdentifiedRisk: ..., RiskLevel: ..., OutreachStatus: ..., VAMC: ...}, Object{ReachID: ..., FirstName: ..., MiddleName: ..., LastName: ..., SSN: ..., Phone: ..., DateIdentifiedRisk: ..., RiskLevel: ..., OutreachStatus: ..., VAMC: ...}, Object{ReachID: ..., FirstName: ..., MiddleName: ..., LastName: ..., SSN: ..., Phone: ..., DateIdentifiedRisk: ..., RiskLevel: ..., OutreachStatus: ..., VAMC: ...}, Object{ReachID: ..., FirstName: ..., MiddleName: ..., LastName: ..., SSN: ..., Phone: ..., DateIdentifiedRisk: ..., RiskLevel: ..., OutreachStatus: ..., VAMC: ...}, Object{ReachID: ..., FirstName: ..., MiddleName: ..., LastName: ..., SSN: ..., Phone: ..., DateIdentifiedRisk: ..., RiskLevel: ..., OutreachStatus: ..., VAMC: ...}, Object{ReachID: ..., FirstName: ..., MiddleName: ..., LastName: ..., SSN: ..., Phone: ..., DateIdentifiedRisk: ..., RiskLevel: ..., OutreachStatus: ..., VAMC: ...}, Object{ReachID: ..., FirstName: ..., MiddleName: ..., LastName: ..., SSN: ..., Phone: ..., DateIdentifiedRisk: ..., RiskLevel: ..., OutreachStatus: ..., VAMC: ...}, Object{ReachID: ..., FirstName: ..., MiddleName: ..., LastName: ..., SSN: ..., Phone: ..., DateIdentifiedRisk: ..., RiskLevel: ..., OutreachStatus: ..., VAMC: ...}, Object{ReachID: ..., FirstName: ..., MiddleName: ..., LastName: ..., SSN: ..., Phone: ..., DateIdentifiedRisk: ..., RiskLevel: ..., OutreachStatus: ..., VAMC: ...}, Object{ReachID: ..., FirstName: ..., MiddleName: ..., LastName: ..., SSN: ..., Phone: ..., DateIdentifiedRisk: ..., RiskLevel: ..., OutreachStatus: ..., VAMC: ...}, Object{ReachID: ..., FirstName: ..., MiddleName: ..., LastName: ..., SSN: ..., Phone: ..., DateIdentifiedRisk: ..., RiskLevel: ..., OutreachStatus: ..., VAMC: ...}, Object{ReachID: ..., FirstName: ..., MiddleName: ..., LastName: ..., SSN: ..., Phone: ..., DateIdentifiedRisk: ..., RiskLevel: ..., OutreachStatus: ..., VAMC: ...}, Object{ReachID: ..., FirstName: ..., MiddleName: ..., LastName: ..., SSN: ..., Phone: ..., DateIdentifiedRisk: ..., RiskLevel: ..., OutreachStatus: ..., VAMC: ...}, Object{ReachID: ..., FirstName: ..., MiddleName: ..., LastName: ..., SSN: ..., Phone: ..., DateIdentifiedRisk: ..., RiskLevel: ..., OutreachStatus: ..., VAMC: ...}, Object{ReachID: ..., FirstName: ..., MiddleName: ..., LastName: ..., SSN: ..., Phone: ..., DateIdentifiedRisk: ..., RiskLevel: ..., OutreachStatus: ..., VAMC: ...}, Object{ReachID: ..., FirstName: ..., MiddleName: ..., LastName: ..., SSN: ..., Phone: ..., DateIdentifiedRisk: ..., RiskLevel: ..., OutreachStatus: ..., VAMC: ...}, Object{ReachID: ..., FirstName: ..., MiddleName: ..., LastName: ..., SSN: ..., Phone: ..., DateIdentifiedRisk: ..., RiskLevel: ..., OutreachStatus: ..., VAMC: ...}, Object{ReachID: ..., FirstName: ..., MiddleName: ..., LastName: ..., SSN: ..., Phone: ..., DateIdentifiedRisk: ..., RiskLevel: ..., OutreachStatus: ..., VAMC: ...}, Object{ReachID: ..., FirstName: ..., MiddleName: ..., LastName: ..., SSN: ..., Phone: ..., DateIdentifiedRisk: ..., RiskLevel: ..., OutreachStatus: ..., VAMC: ...}, Object{ReachID: ..., FirstName: ..., MiddleName: ..., LastName: ..., SSN: ..., Phone: ..., DateIdentifiedRisk: ..., RiskLevel: ..., OutreachStatus: ..., VAMC: ...}, Object{ReachID: ..., FirstName: ..., MiddleName: ..., LastName: ..., SSN: ..., Phone: ..., DateIdentifiedRisk: ..., RiskLevel: ..., OutreachStatus: ..., VAMC: ...}, Object{ReachID: ..., FirstName: ..., MiddleName: ..., LastName: ..., SSN: ..., Phone: ..., DateIdentifiedRisk: ..., RiskLevel: ..., OutreachStatus: ..., VAMC: ...}, Object{ReachID: ..., FirstName: ..., MiddleName: ..., LastName: ..., SSN: ..., Phone: ..., DateIdentifiedRisk: ..., RiskLevel: ..., OutreachStatus: ..., VAMC: ...}, Object{ReachID: ..., FirstName: ..., MiddleName: ..., LastName: ..., SSN: ..., Phone: ..., DateIdentifiedRisk: ..., RiskLevel: ..., OutreachStatus: ..., VAMC: ...}, Object{ReachID: ..., FirstName: ..., MiddleName: ..., LastName: ..., SSN: ..., Phone: ..., DateIdentifiedRisk: ..., RiskLevel: ..., OutreachStatus: ..., VAMC: ...}, Object{ReachID: ..., FirstName: ..., MiddleName: ..., LastName: ..., SSN: ..., Phone: ..., DateIdentifiedRisk: ..., RiskLevel: ..., OutreachStatus: ..., VAMC: ...}, Object{ReachID: ..., FirstName: ..., MiddleName: ..., LastName: ..., SSN: ..., Phone: ..., DateIdentifiedRisk: ..., RiskLevel: ..., OutreachStatus: ..., VAMC: ...}, Object{ReachID: ..., FirstName: ..., MiddleName: ..., LastName: ..., SSN: ..., Phone: ..., DateIdentifiedRisk: ..., RiskLevel: ..., OutreachStatus: ..., VAMC: ...}, Object{ReachID: ..., FirstName: ..., MiddleName: ..., LastName: ..., SSN: ..., Phone: ..., DateIdentifiedRisk: ..., RiskLevel: ..., OutreachStatus: ..., VAMC: ...}, Object{ReachID: ..., FirstName: ..., MiddleName: ..., LastName: ..., SSN: ..., Phone: ..., DateIdentifiedRisk: ..., RiskLevel: ..., OutreachStatus: ..., VAMC: ...}, Object{ReachID: ..., FirstName: ..., MiddleName: ..., LastName: ..., SSN: ..., Phone: ..., DateIdentifiedRisk: ..., RiskLevel: ..., OutreachStatus: ..., VAMC: ...}, Object{ReachID: ..., FirstName: ..., MiddleName: ..., LastName: ..., SSN: ..., Phone: ..., DateIdentifiedRisk: ..., RiskLevel: ..., OutreachStatus: ..., VAMC: ...}, Object{ReachID: ..., FirstName: ..., MiddleName: ..., LastName: ..., SSN: ..., Phone: ..., DateIdentifiedRisk: ..., RiskLevel: ..., OutreachStatus: ..., VAMC: ...}, Object{ReachID: ..., FirstName: ..., MiddleName: ..., LastName: ..., SSN: ..., Phone: ..., DateIdentifiedRisk: ..., RiskLevel: ..., OutreachStatus: ..., VAMC: ...}, Object{ReachID: ..., FirstName: ..., MiddleName: ..., LastName: ..., SSN: ..., Phone: ..., DateIdentifiedRisk: ..., RiskLevel: ..., OutreachStatus: ..., VAMC: ...}, Object{ReachID: ..., FirstName: ..., MiddleName: ..., LastName: ..., SSN: ..., Phone: ..., DateIdentifiedRisk: ..., RiskLevel: ..., OutreachStatus: ..., VAMC: ...}, Object{ReachID: ..., FirstName: ..., MiddleName: ..., LastName: ..., SSN: ..., Phone: ..., DateIdentifiedRisk: ..., RiskLevel: ..., OutreachStatus: ..., VAMC: ...}, Object{ReachID: ..., FirstName: ..., MiddleName: ..., LastName: ..., SSN: ..., Phone: ..., DateIdentifiedRisk: ..., RiskLevel: ..., OutreachStatus: ..., VAMC: ...}, Object{ReachID: ..., FirstName: ..., MiddleName: ..., LastName: ..., SSN: ..., Phone: ..., DateIdentifiedRisk: ..., RiskLevel: ..., OutreachStatus: ..., VAMC: ...}, Object{ReachID: ..., FirstName: ..., MiddleName: ..., LastName: ..., SSN: ..., Phone: ..., DateIdentifiedRisk: ..., RiskLevel: ..., OutreachStatus: ..., VAMC: ...}, Object{ReachID: ..., FirstName: ..., MiddleName: ..., LastName: ..., SSN: ..., Phone: ..., DateIdentifiedRisk: ..., RiskLevel: ..., OutreachStatus: ..., VAMC: ...}, Object{ReachID: ..., FirstName: ..., MiddleName: ..., LastName: ..., SSN: ..., Phone: ..., DateIdentifiedRisk: ..., RiskLevel: ..., OutreachStatus: ..., VAMC: ...}, Object{ReachID: ..., FirstName: ..., MiddleName: ..., LastName: ..., SSN: ..., Phone: ..., DateIdentifiedRisk: ..., RiskLevel: ..., OutreachStatus: ..., VAMC: ...}, Object{ReachID: ..., FirstName: ..., MiddleName: ..., LastName: ..., SSN: ..., Phone: ..., DateIdentifiedRisk: ..., RiskLevel: ..., OutreachStatus: ..., VAMC: ...}, Object{ReachID: ..., FirstName: ..., MiddleName: ..., LastName: ..., SSN: ..., Phone: ..., DateIdentifiedRisk: ..., RiskLevel: ..., OutreachStatus: ..., VAMC: ...}, Object{ReachID: ..., FirstName: ..., MiddleName: ..., LastName: ..., SSN: ..., Phone: ..., DateIdentifiedRisk: ..., RiskLevel: ..., OutreachStatus: ..., VAMC: ...}, Object{ReachID: ..., FirstName: ..., MiddleName: ..., LastName: ..., SSN: ..., Phone: ..., DateIdentifiedRisk: ..., RiskLevel: ..., OutreachStatus: ..., VAMC: ...}, Object{ReachID: ..., FirstName: ..., MiddleName: ..., LastName: ..., SSN: ..., Phone: ..., DateIdentifiedRisk: ..., RiskLevel: ..., OutreachStatus: ..., VAMC: ...}, Object{ReachID: ..., FirstName: ..., MiddleName: ..., LastName: ..., SSN: ..., Phone: ..., DateIdentifiedRisk: ..., RiskLevel: ..., OutreachStatus: ..., VAMC: ...}, Object{ReachID: ..., FirstName: ..., MiddleName: ..., LastName: ..., SSN: ..., Phone: ..., DateIdentifiedRisk: ..., RiskLevel: ..., OutreachStatus: ..., VAMC: ...}, Object{ReachID: ..., FirstName: ..., MiddleName: ..., LastName: ..., SSN: ..., Phone: ..., DateIdentifiedRisk: ..., RiskLevel: ..., OutreachStatus: ..., VAMC: ...}, Object{ReachID: ..., FirstName: ..., MiddleName: ..., LastName: ..., SSN: ..., Phone: ..., DateIdentifiedRisk: ..., RiskLevel: ..., OutreachStatus: ..., VAMC: ...}, Object{ReachID: ..., FirstName: ..., MiddleName: ..., LastName: ..., SSN: ..., Phone: ..., DateIdentifiedRisk: ..., RiskLevel: ..., OutreachStatus: ..., VAMC: ...}, Object{ReachID: ..., FirstName: ..., MiddleName: ..., LastName: ..., SSN: ..., Phone: ..., DateIdentifiedRisk: ..., RiskLevel: ..., OutreachStatus: ..., VAMC: ...}, Object{ReachID: ..., FirstName: ..., MiddleName: ..., LastName: ..., SSN: ..., Phone: ..., DateIdentifiedRisk: ..., RiskLevel: ..., OutreachStatus: ..., VAMC: ...}, Object{ReachID: ..., FirstName: ..., MiddleName: ..., LastName: ..., SSN: ..., Phone: ..., DateIdentifiedRisk: ..., RiskLevel: ..., OutreachStatus: ..., VAMC: ...}, Object{ReachID: ..., FirstName: ..., MiddleName: ..., LastName: ..., SSN: ..., Phone: ..., DateIdentifiedRisk: ..., RiskLevel: ..., OutreachStatus: ..., VAMC: ...}, Object{ReachID: ..., FirstName: ..., MiddleName: ..., LastName: ..., SSN: ..., Phone: ..., DateIdentifiedRisk: ..., RiskLevel: ..., OutreachStatus: ..., VAMC: ...}, Object{ReachID: ..., FirstName: ..., MiddleName: ..., LastName: ..., SSN: ..., Phone: ..., DateIdentifiedRisk: ..., RiskLevel: ..., OutreachStatus: ..., VAMC: ...}, Object{ReachID: ..., FirstName: ..., MiddleName: ..., LastName: ..., SSN: ..., Phone: ..., DateIdentifiedRisk: ..., RiskLevel: ..., OutreachStatus: ..., VAMC: ...}, Object{ReachID: ..., FirstName: ..., MiddleName: ..., LastName: ..., SSN: ..., Phone: ..., DateIdentifiedRisk: ..., RiskLevel: ..., OutreachStatus: ..., VAMC: ...}, Object{ReachID: ..., FirstName: ..., MiddleName: ..., LastName: ..., SSN: ..., Phone: ..., DateIdentifiedRisk: ..., RiskLevel: ..., OutreachStatus: ..., VAMC: ...}, Object{ReachID: ..., FirstName: ..., MiddleName: ..., LastName: ..., SSN: ..., Phone: ..., DateIdentifiedRisk: ..., RiskLevel: ..., OutreachStatus: ..., VAMC: ...}, Object{ReachID: ..., FirstName: ..., MiddleName: ..., LastName: ..., SSN: ..., Phone: ..., DateIdentifiedRisk: ..., RiskLevel: ..., OutreachStatus: ..., VAMC: ...}, Object{ReachID: ..., FirstName: ..., MiddleName: ..., LastName: ..., SSN: ..., Phone: ..., DateIdentifiedRisk: ..., RiskLevel: ..., OutreachStatus: ..., VAMC: ...}, Object{ReachID: ..., FirstName: ..., MiddleName: ..., LastName: ..., SSN: ..., Phone: ..., DateIdentifiedRisk: ..., RiskLevel: ..., OutreachStatus: ..., VAMC: ...}, Object{ReachID: ..., FirstName: ..., MiddleName: ..., LastName: ..., SSN: ..., Phone: ..., DateIdentifiedRisk: ..., RiskLevel: ..., OutreachStatus: ..., VAMC: ...}, Object{ReachID: ..., FirstName: ..., MiddleName: ..., LastName: ..., SSN: ..., Phone: ..., DateIdentifiedRisk: ..., RiskLevel: ..., OutreachStatus: ..., VAMC: ...}, Object{ReachID: ..., FirstName: ..., MiddleName: ..., LastName: ..., SSN: ..., Phone: ..., DateIdentifiedRisk: ..., RiskLevel: ..., OutreachStatus: ..., VAMC: ...}, Object{ReachID: ..., FirstName: ..., MiddleName: ..., LastName: ..., SSN: ..., Phone: ..., DateIdentifiedRisk: ..., RiskLevel: ..., OutreachStatus: ..., VAMC: ...}, Object{ReachID: ..., FirstName: ..., MiddleName: ..., LastName: ..., SSN: ..., Phone: ..., DateIdentifiedRisk: ..., RiskLevel: ..., OutreachStatus: ..., VAMC: ...}, Object{ReachID: ..., FirstName: ..., MiddleName: ..., LastName: ..., SSN: ..., Phone: ..., DateIdentifiedRisk: ..., RiskLevel: ..., OutreachStatus: ..., VAMC: ...}, Object{ReachID: ..., FirstName: ..., MiddleName: ..., LastName: ..., SSN: ..., Phone: ..., DateIdentifiedRisk: ..., RiskLevel: ..., OutreachStatus: ..., VAMC: ...}, Object{ReachID: ..., FirstName: ..., MiddleName: ..., LastName: ..., SSN: ..., Phone: ..., DateIdentifiedRisk: ..., RiskLevel: ..., OutreachStatus: ..., VAMC: ...}, Object{ReachID: ..., FirstName: ..., MiddleName: ..., LastName: ..., SSN: ..., Phone: ..., DateIdentifiedRisk: ..., RiskLevel: ..., OutreachStatus: ..., VAMC: ...}, Object{ReachID: ..., FirstName: ..., MiddleName: ..., LastName: ..., SSN: ..., Phone: ..., DateIdentifiedRisk: ..., RiskLevel: ..., OutreachStatus: ..., VAMC: ...}, Object{ReachID: ..., FirstName: ..., MiddleName: ..., LastName: ..., SSN: ..., Phone: ..., DateIdentifiedRisk: ..., RiskLevel: ..., OutreachStatus: ..., VAMC: ...}, Object{ReachID: ..., FirstName: ..., MiddleName: ..., LastName: ..., SSN: ..., Phone: ..., DateIdentifiedRisk: ..., RiskLevel: ..., OutreachStatus: ..., VAMC: ...}, Object{ReachID: ..., FirstName: ..., MiddleName: ..., LastName: ..., SSN: ..., Phone: ..., DateIdentifiedRisk: ..., RiskLevel: ..., OutreachStatus: ..., VAMC: ...}, Object{ReachID: ..., FirstName: ..., MiddleName: ..., LastName: ..., SSN: ..., Phone: ..., DateIdentifiedRisk: ..., RiskLevel: ..., OutreachStatus: ..., VAMC: ...}, Object{ReachID: ..., FirstName: ..., MiddleName: ..., LastName: ..., SSN: ..., Phone: ..., DateIdentifiedRisk: ..., RiskLevel: ..., OutreachStatus: ..., VAMC: ...}, Object{ReachID: ..., FirstName: ..., MiddleName: ..., LastName: ..., SSN: ..., Phone: ..., DateIdentifiedRisk: ..., RiskLevel: ..., OutreachStatus: ..., VAMC: ...}, Object{ReachID: ..., FirstName: ..., MiddleName: ..., LastName: ..., SSN: ..., Phone: ..., DateIdentifiedRisk: ..., RiskLevel: ..., OutreachStatus: ..., VAMC: ...}, Object{ReachID: ..., FirstName: ..., MiddleName: ..., LastName: ..., SSN: ..., Phone: ..., DateIdentifiedRisk: ..., RiskLevel: ..., OutreachStatus: ..., VAMC: ...}, Object{ReachID: ..., FirstName: ..., MiddleName: ..., LastName: ..., SSN: ..., Phone: ..., DateIdentifiedRisk: ..., RiskLevel: ..., OutreachStatus: ..., VAMC: ...}, Object{ReachID: ..., FirstName: ..., MiddleName: ..., LastName: ..., SSN: ..., Phone: ..., DateIdentifiedRisk: ..., RiskLevel: ..., OutreachStatus: ..., VAMC: ...}, Object{ReachID: ..., FirstName: ..., MiddleName: ..., LastName: ..., SSN: ..., Phone: ..., DateIdentifiedRisk: ..., RiskLevel: ..., OutreachStatus: ..., VAMC: ...}, Object{ReachID: ..., FirstName: ..., MiddleName: ..., LastName: ..., SSN: ..., Phone: ..., DateIdentifiedRisk: ..., RiskLevel: ..., OutreachStatus: ..., VAMC: ...}, Object{ReachID: ..., FirstName: ..., MiddleName: ..., LastName: ..., SSN: ..., Phone: ..., DateIdentifiedRisk: ..., RiskLevel: ..., OutreachStatus: ..., VAMC: ...}, Object{ReachID: ..., FirstName: ..., MiddleName: ..., LastName: ..., SSN: ..., Phone: ..., DateIdentifiedRisk: ..., RiskLevel: ..., OutreachStatus: ..., VAMC: ...}, Object{ReachID: ..., FirstName: ..., MiddleName: ..., LastName: ..., SSN: ..., Phone: ..., DateIdentifiedRisk: ..., RiskLevel: ..., OutreachStatus: ..., VAMC: ...}, Object{ReachID: ..., FirstName: ..., MiddleName: ..., LastName: ..., SSN: ..., Phone: ..., DateIdentifiedRisk: ..., RiskLevel: ..., OutreachStatus: ..., VAMC: ...}, Object{ReachID: ..., FirstName: ..., MiddleName: ..., LastName: ..., SSN: ..., Phone: ..., DateIdentifiedRisk: ..., RiskLevel: ..., OutreachStatus: ..., VAMC: ...}, Object{ReachID: ..., FirstName: ..., MiddleName: ..., LastName: ..., SSN: ..., Phone: ..., DateIdentifiedRisk: ..., RiskLevel: ..., OutreachStatus: ..., VAMC: ...}, Object{ReachID: ..., FirstName: ..., MiddleName: ..., LastName: ..., SSN: ..., Phone: ..., DateIdentifiedRisk: ..., RiskLevel: ..., OutreachStatus: ..., VAMC: ...}, Object{ReachID: ..., FirstName: ..., MiddleName: ..., LastName: ..., SSN: ..., Phone: ..., DateIdentifiedRisk: ..., RiskLevel: ..., OutreachStatus: ..., VAMC: ...}, Object{ReachID: ..., FirstName: ..., MiddleName: ..., LastName: ..., SSN: ..., Phone: ..., DateIdentifiedRisk: ..., RiskLevel: ..., OutreachStatus: ..., VAMC: ...}, Object{ReachID: ..., FirstName: ..., MiddleName: ..., LastName: ..., SSN: ..., Phone: ..., DateIdentifiedRisk: ..., RiskLevel: ..., OutreachStatus: ..., VAMC: ...}, Object{ReachID: ..., FirstName: ..., MiddleName: ..., LastName: ..., SSN: ..., Phone: ..., DateIdentifiedRisk: ..., RiskLevel: ..., OutreachStatus: ..., VAMC: ...}, Object{ReachID: ..., FirstName: ..., MiddleName: ..., LastName: ..., SSN: ..., Phone: ..., DateIdentifiedRisk: ..., RiskLevel: ..., OutreachStatus: ..., VAMC: ...}, Object{ReachID: ..., FirstName: ..., MiddleName: ..., LastName: ..., SSN: ..., Phone: ..., DateIdentifiedRisk: ..., RiskLevel: ..., OutreachStatus: ..., VAMC: ...}, Object{ReachID: ..., FirstName: ..., MiddleName: ..., LastName: ..., SSN: ..., Phone: ..., DateIdentifiedRisk: ..., RiskLevel: ..., OutreachStatus: ..., VAMC: ...}, Object{ReachID: ..., FirstName: ..., MiddleName: ..., LastName: ..., SSN: ..., Phone: ..., DateIdentifiedRisk: ..., RiskLevel: ..., OutreachStatus: ..., VAMC: ...}, Object{ReachID: ..., FirstName: ..., MiddleName: ..., LastName: ..., SSN: ..., Phone: ..., DateIdentifiedRisk: ..., RiskLevel: ..., OutreachStatus: ..., VAMC: ...}, Object{ReachID: ..., FirstName: ..., MiddleName: ..., LastName: ..., SSN: ..., Phone: ..., DateIdentifiedRisk: ..., RiskLevel: ..., OutreachStatus: ..., VAMC: ...}, Object{ReachID: ..., FirstName: ..., MiddleName: ..., LastName: ..., SSN: ..., Phone: ..., DateIdentifiedRisk: ..., RiskLevel: ..., OutreachStatus: ..., VAMC: ...}, Object{ReachID: ..., FirstName: ..., MiddleName: ..., LastName: ..., SSN: ..., Phone: ..., DateIdentifiedRisk: ..., RiskLevel: ..., OutreachStatus: ..., VAMC: ...}, Object{ReachID: ..., FirstName: ..., MiddleName: ..., LastName: ..., SSN: ..., Phone: ..., DateIdentifiedRisk: ..., RiskLevel: ..., OutreachStatus: ..., VAMC: ...}, Object{ReachID: ..., FirstName: ..., MiddleName: ..., LastName: ..., SSN: ..., Phone: ..., DateIdentifiedRisk: ..., RiskLevel: ..., OutreachStatus: ..., VAMC: ...}, Object{ReachID: ..., FirstName: ..., MiddleName: ..., LastName: ..., SSN: ..., Phone: ..., DateIdentifiedRisk: ..., RiskLevel: ..., OutreachStatus: ..., VAMC: ...}, Object{ReachID: ..., FirstName: ..., MiddleName: ..., LastName: ..., SSN: ..., Phone: ..., DateIdentifiedRisk: ..., RiskLevel: ..., OutreachStatus: ..., VAMC: ...}, Object{ReachID: ..., FirstName: ..., MiddleName: ..., LastName: ..., SSN: ..., Phone: ..., DateIdentifiedRisk: ..., RiskLevel: ..., OutreachStatus: ..., VAMC: ...}, Object{ReachID: ..., FirstName: ..., MiddleName: ..., LastName: ..., SSN: ..., Phone: ..., DateIdentifiedRisk: ..., RiskLevel: ..., OutreachStatus: ..., VAMC: ...}, Object{ReachID: ..., FirstName: ..., MiddleName: ..., LastName: ..., SSN: ..., Phone: ..., DateIdentifiedRisk: ..., RiskLevel: ..., OutreachStatus: ..., VAMC: ...}, Object{ReachID: ..., FirstName: ..., MiddleName: ..., LastName: ..., SSN: ..., Phone: ..., DateIdentifiedRisk: ..., RiskLevel: ..., OutreachStatus: ..., VAMC: ...}, Object{ReachID: ..., FirstName: ..., MiddleName: ..., LastName: ..., SSN: ..., Phone: ..., DateIdentifiedRisk: ..., RiskLevel: ..., OutreachStatus: ..., VAMC: ...}, Object{ReachID: ..., FirstName: ..., MiddleName: ..., LastName: ..., SSN: ..., Phone: ..., DateIdentifiedRisk: ..., RiskLevel: ..., OutreachStatus: ..., VAMC: ...}, Object{ReachID: ..., FirstName: ..., MiddleName: ..., LastName: ..., SSN: ..., Phone: ..., DateIdentifiedRisk: ..., RiskLevel: ..., OutreachStatus: ..., VAMC: ...}, Object{ReachID: ..., FirstName: ..., MiddleName: ..., LastName: ..., SSN: ..., Phone: ..., DateIdentifiedRisk: ..., RiskLevel: ..., OutreachStatus: ..., VAMC: ...}, Object{ReachID: ..., FirstName: ..., MiddleName: ..., LastName: ..., SSN: ..., Phone: ..., DateIdentifiedRisk: ..., RiskLevel: ..., OutreachStatus: ..., VAMC: ...}, Object{ReachID: ..., FirstName: ..., MiddleName: ..., LastName: ..., SSN: ..., Phone: ..., DateIdentifiedRisk: ..., RiskLevel: ..., OutreachStatus: ..., VAMC: ...}, Object{ReachID: ..., FirstName: ..., MiddleName: ..., LastName: ..., SSN: ..., Phone: ..., DateIdentifiedRisk: ..., RiskLevel: ..., OutreachStatus: ..., VAMC: ...}, Object{ReachID: ..., FirstName: ..., MiddleName: ..., LastName: ..., SSN: ..., Phone: ..., DateIdentifiedRisk: ..., RiskLevel: ..., OutreachStatus: ..., VAMC: ...}, Object{ReachID: ..., FirstName: ..., MiddleName: ..., LastName: ..., SSN: ..., Phone: ..., DateIdentifiedRisk: ..., RiskLevel: ..., OutreachStatus: ..., VAMC: ...}, Object{ReachID: ..., FirstName: ..., MiddleName: ..., LastName: ..., SSN: ..., Phone: ..., DateIdentifiedRisk: ..., RiskLevel: ..., OutreachStatus: ..., VAMC: ...}, Object{ReachID: ..., FirstName: ..., MiddleName: ..., LastName: ..., SSN: ..., Phone: ..., DateIdentifiedRisk: ..., RiskLevel: ..., OutreachStatus: ..., VAMC: ...}, Object{ReachID: ..., FirstName: ..., MiddleName: ..., LastName: ..., SSN: ..., Phone: ..., DateIdentifiedRisk: ..., RiskLevel: ..., OutreachStatus: ..., VAMC: ...}, Object{ReachID: ..., FirstName: ..., MiddleName: ..., LastName: ..., SSN: ..., Phone: ..., DateIdentifiedRisk: ..., RiskLevel: ..., OutreachStatus: ..., VAMC: ...}, Object{ReachID: ..., FirstName: ..., MiddleName: ..., LastName: ..., SSN: ..., Phone: ..., DateIdentifiedRisk: ..., RiskLevel: ..., OutreachStatus: ..., VAMC: ...}, Object{ReachID: ..., FirstName: ..., MiddleName: ..., LastName: ..., SSN: ..., Phone: ..., DateIdentifiedRisk: ..., RiskLevel: ..., OutreachStatus: ..., VAMC: ...}, Object{ReachID: ..., FirstName: ..., MiddleName: ..., LastName: ..., SSN: ..., Phone: ..., DateIdentifiedRisk: ..., RiskLevel: ..., OutreachStatus: ..., VAMC: ...}, Object{ReachID: ..., FirstName: ..., MiddleName: ..., LastName: ..., SSN: ..., Phone: ..., DateIdentifiedRisk: ..., RiskLevel: ..., OutreachStatus: ..., VAMC: ...}, Object{ReachID: ..., FirstName: ..., MiddleName: ..., LastName: ..., SSN: ..., Phone: ..., DateIdentifiedRisk: ..., RiskLevel: ..., OutreachStatus: ..., VAMC: ...}, Object{ReachID: ..., FirstName: ..., MiddleName: ..., LastName: ..., SSN: ..., Phone: ..., DateIdentifiedRisk: ..., RiskLevel: ..., OutreachStatus: ..., VAMC: ...}, Object{ReachID: ..., FirstName: ..., MiddleName: ..., LastName: ..., SSN: ..., Phone: ..., DateIdentifiedRisk: ..., RiskLevel: ..., OutreachStatus: ..., VAMC: ...}, Object{ReachID: ..., FirstName: ..., MiddleName: ..., LastName: ..., SSN: ..., Phone: ..., DateIdentifiedRisk: ..., RiskLevel: ..., OutreachStatus: ..., VAMC: ...}, Object{ReachID: ..., FirstName: ..., MiddleName: ..., LastName: ..., SSN: ..., Phone: ..., DateIdentifiedRisk: ..., RiskLevel: ..., OutreachStatus: ..., VAMC: ...}, Object{ReachID: ..., FirstName: ..., MiddleName: ..., LastName: ..., SSN: ..., Phone: ..., DateIdentifiedRisk: ..., RiskLevel: ..., OutreachStatus: ..., VAMC: ...}, Object{ReachID: ..., FirstName: ..., MiddleName: ..., LastName: ..., SSN: ..., Phone: ..., DateIdentifiedRisk: ..., RiskLevel: ..., OutreachStatus: ..., VAMC: ...}, Object{ReachID: ..., FirstName: ..., MiddleName: ..., LastName: ..., SSN: ..., Phone: ..., DateIdentifiedRisk: ..., RiskLevel: ..., OutreachStatus: ..., VAMC: ...}, Object{ReachID: ..., FirstName: ..., MiddleName: ..., LastName: ..., SSN: ..., Phone: ..., DateIdentifiedRisk: ..., RiskLevel: ..., OutreachStatus: ..., VAMC: ...}, Object{ReachID: ..., FirstName: ..., MiddleName: ..., LastName: ..., SSN: ..., Phone: ..., DateIdentifiedRisk: ..., RiskLevel: ..., OutreachStatus: ..., VAMC: ...}, Object{ReachID: ..., FirstName: ..., MiddleName: ..., LastName: ..., SSN: ..., Phone: ..., DateIdentifiedRisk: ..., RiskLevel: ..., OutreachStatus: ..., VAMC: ...}, Object{ReachID: ..., FirstName: ..., MiddleName: ..., LastName: ..., SSN: ..., Phone: ..., DateIdentifiedRisk: ..., RiskLevel: ..., OutreachStatus: ..., VAMC: ...}, Object{ReachID: ..., FirstName: ..., MiddleName: ..., LastName: ..., SSN: ..., Phone: ..., DateIdentifiedRisk: ..., RiskLevel: ..., OutreachStatus: ..., VAMC: ...}, Object{ReachID: ..., FirstName: ..., MiddleName: ..., LastName: ..., SSN: ..., Phone: ..., DateIdentifiedRisk: ..., RiskLevel: ..., OutreachStatus: ..., VAMC: ...}, Object{ReachID: ..., FirstName: ..., MiddleName: ..., LastName: ..., SSN: ..., Phone: ..., DateIdentifiedRisk: ..., RiskLevel: ..., OutreachStatus: ..., VAMC: ...}, Object{ReachID: ..., FirstName: ..., MiddleName: ..., LastName: ..., SSN: ..., Phone: ..., DateIdentifiedRisk: ..., RiskLevel: ..., OutreachStatus: ..., VAMC: ...}, Object{ReachID: ..., FirstName: ..., MiddleName: ..., LastName: ..., SSN: ..., Phone: ..., DateIdentifiedRisk: ..., RiskLevel: ..., OutreachStatus: ..., VAMC: ...}, Object{ReachID: ..., FirstName: ..., MiddleName: ..., LastName: ..., SSN: ..., Phone: ..., DateIdentifiedRisk: ..., RiskLevel: ..., OutreachStatus: ..., VAMC: ...}, Object{ReachID: ..., FirstName: ..., MiddleName: ..., LastName: ..., SSN: ..., Phone: ..., DateIdentifiedRisk: ..., RiskLevel: ..., OutreachStatus: ..., VAMC: ...}, Object{ReachID: ..., FirstName: ..., MiddleName: ..., LastName: ..., SSN: ..., Phone: ..., DateIdentifiedRisk: ..., RiskLevel: ..., OutreachStatus: ..., VAMC: ...}, Object{ReachID: ..., FirstName: ..., MiddleName: ..., LastName: ..., SSN: ..., Phone: ..., DateIdentifiedRisk: ..., RiskLevel: ..., OutreachStatus: ..., VAMC: ...}, Object{ReachID: ..., FirstName: ..., MiddleName: ..., LastName: ..., SSN: ..., Phone: ..., DateIdentifiedRisk: ..., RiskLevel: ..., OutreachStatus: ..., VAMC: ...}, Object{ReachID: ..., FirstName: ..., MiddleName: ..., LastName: ..., SSN: ..., Phone: ..., DateIdentifiedRisk: ..., RiskLevel: ..., OutreachStatus: ..., VAMC: ...}, Object{ReachID: ..., FirstName: ..., MiddleName: ..., LastName: ..., SSN: ..., Phone: ..., DateIdentifiedRisk: ..., RiskLevel: ..., OutreachStatus: ..., VAMC: ...}, Object{ReachID: ..., FirstName: ..., MiddleName: ..., LastName: ..., SSN: ..., Phone: ..., DateIdentifiedRisk: ..., RiskLevel: ..., OutreachStatus: ..., VAMC: ...}, Object{ReachID: ..., FirstName: ..., MiddleName: ..., LastName: ..., SSN: ..., Phone: ..., DateIdentifiedRisk: ..., RiskLevel: ..., OutreachStatus: ..., VAMC: ...}, Object{ReachID: ..., FirstName: ..., MiddleName: ..., LastName: ..., SSN: ..., Phone: ..., DateIdentifiedRisk: ..., RiskLevel: ..., OutreachStatus: ..., VAMC: ...}, Object{ReachID: ..., FirstName: ..., MiddleName: ..., LastName: ..., SSN: ..., Phone: ..., DateIdentifiedRisk: ..., RiskLevel: ..., OutreachStatus: ..., VAMC: ...}, Object{ReachID: ..., FirstName: ..., MiddleName: ..., LastName: ..., SSN: ..., Phone: ..., DateIdentifiedRisk: ..., RiskLevel: ..., OutreachStatus: ..., VAMC: ...}, Object{ReachID: ..., FirstName: ..., MiddleName: ..., LastName: ..., SSN: ..., Phone: ..., DateIdentifiedRisk: ..., RiskLevel: ..., OutreachStatus: ..., VAMC: ...}, Object{ReachID: ..., FirstName: ..., MiddleName: ..., LastName: ..., SSN: ..., Phone: ..., DateIdentifiedRisk: ..., RiskLevel: ..., OutreachStatus: ..., VAMC: ...}, Object{ReachID: ..., FirstName: ..., MiddleName: ..., LastName: ..., SSN: ..., Phone: ..., DateIdentifiedRisk: ..., RiskLevel: ..., OutreachStatus: ..., VAMC: ...}, Object{ReachID: ..., FirstName: ..., MiddleName: ..., LastName: ..., SSN: ..., Phone: ..., DateIdentifiedRisk: ..., RiskLevel: ..., OutreachStatus: ..., VAMC: ...}, Object{ReachID: ..., FirstName: ..., MiddleName: ..., LastName: ..., SSN: ..., Phone: ..., DateIdentifiedRisk: ..., RiskLevel: ..., OutreachStatus: ..., VAMC: ...}, Object{ReachID: ..., FirstName: ..., MiddleName: ..., LastName: ..., SSN: ..., Phone: ..., DateIdentifiedRisk: ..., RiskLevel: ..., OutreachStatus: ..., VAMC: ...}, Object{ReachID: ..., FirstName: ..., MiddleName: ..., LastName: ..., SSN: ..., Phone: ..., DateIdentifiedRisk: ..., RiskLevel: ..., OutreachStatus: ..., VAMC: ...}, Object{ReachID: ..., FirstName: ..., MiddleName: ..., LastName: ..., SSN: ..., Phone: ..., DateIdentifiedRisk: ..., RiskLevel: ..., OutreachStatus: ..., VAMC: ...}, Object{ReachID: ..., FirstName: ..., MiddleName: ..., LastName: ..., SSN: ..., Phone: ..., DateIdentifiedRisk: ..., RiskLevel: ..., OutreachStatus: ..., VAMC: ...}, Object{ReachID: ..., FirstName: ..., MiddleName: ..., LastName: ..., SSN: ..., Phone: ..., DateIdentifiedRisk: ..., RiskLevel: ..., OutreachStatus: ..., VAMC: ...}, Object{ReachID: ..., FirstName: ..., MiddleName: ..., LastName: ..., SSN: ..., Phone: ..., DateIdentifiedRisk: ..., RiskLevel: ..., OutreachStatus: ..., VAMC: ...}, Object{ReachID: ..., FirstName: ..., MiddleName: ..., LastName: ..., SSN: ..., Phone: ..., DateIdentifiedRisk: ..., RiskLevel: ..., OutreachStatus: ..., VAMC: ...}, Object{ReachID: ..., FirstName: ..., MiddleName: ..., LastName: ..., SSN: ..., Phone: ..., DateIdentifiedRisk: ..., RiskLevel: ..., OutreachStatus: ..., VAMC: ...}, Object{ReachID: ..., FirstName: ..., MiddleName: ..., LastName: ..., SSN: ..., Phone: ..., DateIdentifiedRisk: ..., RiskLevel: ..., OutreachStatus: ..., VAMC: ...}, Object{ReachID: ..., FirstName: ..., MiddleName: ..., LastName: ..., SSN: ..., Phone: ..., DateIdentifiedRisk: ..., RiskLevel: ..., OutreachStatus: ..., VAMC: ...}, Object{ReachID: ..., FirstName: ..., MiddleName: ..., LastName: ..., SSN: ..., Phone: ..., DateIdentifiedRisk: ..., RiskLevel: ..., OutreachStatus: ..., VAMC: ...}, Object{ReachID: ..., FirstName: ..., MiddleName: ..., LastName: ..., SSN: ..., Phone: ..., DateIdentifiedRisk: ..., RiskLevel: ..., OutreachStatus: ..., VAMC: ...}, Object{ReachID: ..., FirstName: ..., MiddleName: ..., LastName: ..., SSN: ..., Phone: ..., DateIdentifiedRisk: ..., RiskLevel: ..., OutreachStatus: ..., VAMC: ...}, Object{ReachID: ..., FirstName: ..., MiddleName: ..., LastName: ..., SSN: ..., Phone: ..., DateIdentifiedRisk: ..., RiskLevel: ..., OutreachStatus: ..., VAMC: ...}, Object{ReachID: ..., FirstName: ..., MiddleName: ..., LastName: ..., SSN: ..., Phone: ..., DateIdentifiedRisk: ..., RiskLevel: ..., OutreachStatus: ..., VAMC: ...}, Object{ReachID: ..., FirstName: ..., MiddleName: ..., LastName: ..., SSN: ..., Phone: ..., DateIdentifiedRisk: ..., RiskLevel: ..., OutreachStatus: ..., VAMC: ...}, Object{ReachID: ..., FirstName: ..., MiddleName: ..., LastName: ..., SSN: ..., Phone: ..., DateIdentifiedRisk: ..., RiskLevel: ..., OutreachStatus: ..., VAMC: ...}, Object{ReachID: ..., FirstName: ..., MiddleName: ..., LastName: ..., SSN: ..., Phone: ..., DateIdentifiedRisk: ..., RiskLevel: ..., OutreachStatus: ..., VAMC: ...}, Object{ReachID: ..., FirstName: ..., MiddleName: ..., LastName: ..., SSN: ..., Phone: ..., DateIdentifiedRisk: ..., RiskLevel: ..., OutreachStatus: ..., VAMC: ...}, Object{ReachID: ..., FirstName: ..., MiddleName: ..., LastName: ..., SSN: ..., Phone: ..., DateIdentifiedRisk: ..., RiskLevel: ..., OutreachStatus: ..., VAMC: ...}, Object{ReachID: ..., FirstName: ..., MiddleName: ..., LastName: ..., SSN: ..., Phone: ..., DateIdentifiedRisk: ..., RiskLevel: ..., OutreachStatus: ..., VAMC: ...}, Object{ReachID: ..., FirstName: ..., MiddleName: ..., LastName: ..., SSN: ..., Phone: ..., DateIdentifiedRisk: ..., RiskLevel: ..., OutreachStatus: ..., VAMC: ...}, Object{ReachID: ..., FirstName: ..., MiddleName: ..., LastName: ..., SSN: ..., Phone: ..., DateIdentifiedRisk: ..., RiskLevel: ..., OutreachStatus: ..., VAMC: ...}, Object{ReachID: ..., FirstName: ..., MiddleName: ..., LastName: ..., SSN: ..., Phone: ..., DateIdentifiedRisk: ..., RiskLevel: ..., OutreachStatus: ..., VAMC: ...}, Object{ReachID: ..., FirstName: ..., MiddleName: ..., LastName: ..., SSN: ..., Phone: ..., DateIdentifiedRisk: ..., RiskLevel: ..., OutreachStatus: ..., VAMC: ...}, Object{ReachID: ..., FirstName: ..., MiddleName: ..., LastName: ..., SSN: ..., Phone: ..., DateIdentifiedRisk: ..., RiskLevel: ..., OutreachStatus: ..., VAMC: ...}, Object{ReachID: ..., FirstName: ..., MiddleName: ..., LastName: ..., SSN: ..., Phone: ..., DateIdentifiedRisk: ..., RiskLevel: ..., OutreachStatus: ..., VAMC: ...}, Object{ReachID: ..., FirstName: ..., MiddleName: ..., LastName: ..., SSN: ..., Phone: ..., DateIdentifiedRisk: ..., RiskLevel: ..., OutreachStatus: ..., VAMC: ...}, Object{ReachID: ..., FirstName: ..., MiddleName: ..., LastName: ..., SSN: ..., Phone: ..., DateIdentifiedRisk: ..., RiskLevel: ..., OutreachStatus: ..., VAMC: ...}, Object{ReachID: ..., FirstName: ..., MiddleName: ..., LastName: ..., SSN: ..., Phone: ..., DateIdentifiedRisk: ..., RiskLevel: ..., OutreachStatus: ..., VAMC: ...}, Object{ReachID: ..., FirstName: ..., MiddleName: ..., LastName: ..., SSN: ..., Phone: ..., DateIdentifiedRisk: ..., RiskLevel: ..., OutreachStatus: ..., VAMC: ...}, Object{ReachID: ..., FirstName: ..., MiddleName: ..., LastName: ..., SSN: ..., Phone: ..., DateIdentifiedRisk: ..., RiskLevel: ..., OutreachStatus: ..., VAMC: ...}, Object{ReachID: ..., FirstName: ..., MiddleName: ..., LastName: ..., SSN: ..., Phone: ..., DateIdentifiedRisk: ..., RiskLevel: ..., OutreachStatus: ..., VAMC: ...}, Object{ReachID: ..., FirstName: ..., MiddleName: ..., LastName: ..., SSN: ..., Phone: ..., DateIdentifiedRisk: ..., RiskLevel: ..., OutreachStatus: ..., VAMC: ...}, Object{ReachID: ..., FirstName: ..., MiddleName: ..., LastName: ..., SSN: ..., Phone: ..., DateIdentifiedRisk: ..., RiskLevel: ..., OutreachStatus: ..., VAMC: ...}, Object{ReachID: ..., FirstName: ..., MiddleName: ..., LastName: ..., SSN: ..., Phone: ..., DateIdentifiedRisk: ..., RiskLevel: ..., OutreachStatus: ..., VAMC: ...}, Object{ReachID: ..., FirstName: ..., MiddleName: ..., LastName: ..., SSN: ..., Phone: ..., DateIdentifiedRisk: ..., RiskLevel: ..., OutreachStatus: ..., VAMC: ...}, Object{ReachID: ..., FirstName: ..., MiddleName: ..., LastName: ..., SSN: ..., Phone: ..., DateIdentifiedRisk: ..., RiskLevel: ..., OutreachStatus: ..., VAMC: ...}, Object{ReachID: ..., FirstName: ..., MiddleName: ..., LastName: ..., SSN: ..., Phone: ..., DateIdentifiedRisk: ..., RiskLevel: ..., OutreachStatus: ..., VAMC: ...}, Object{ReachID: ..., FirstName: ..., MiddleName: ..., LastName: ..., SSN: ..., Phone: ..., DateIdentifiedRisk: ..., RiskLevel: ..., OutreachStatus: ..., VAMC: ...}, Object{ReachID: ..., FirstName: ..., MiddleName: ..., LastName: ..., SSN: ..., Phone: ..., DateIdentifiedRisk: ..., RiskLevel: ..., OutreachStatus: ..., VAMC: ...}, Object{ReachID: ..., FirstName: ..., MiddleName: ..., LastName: ..., SSN: ..., Phone: ..., DateIdentifiedRisk: ..., RiskLevel: ..., OutreachStatus: ..., VAMC: ...}, Object{ReachID: ..., FirstName: ..., MiddleName: ..., LastName: ..., SSN: ..., Phone: ..., DateIdentifiedRisk: ..., RiskLevel: ..., OutreachStatus: ..., VAMC: ...}, Object{ReachID: ..., FirstName: ..., MiddleName: ..., LastName: ..., SSN: ..., Phone: ..., DateIdentifiedRisk: ..., RiskLevel: ..., OutreachStatus: ..., VAMC: ...}, Object{ReachID: ..., FirstName: ..., MiddleName: ..., LastName: ..., SSN: ..., Phone: ..., DateIdentifiedRisk: ..., RiskLevel: ..., OutreachStatus: ..., VAMC: ...}, Object{ReachID: ..., FirstName: ..., MiddleName: ..., LastName: ..., SSN: ..., Phone: ..., DateIdentifiedRisk: ..., RiskLevel: ..., OutreachStatus: ..., VAMC: ...}, Object{ReachID: ..., FirstName: ..., MiddleName: ..., LastName: ..., SSN: ..., Phone: ..., DateIdentifiedRisk: ..., RiskLevel: ..., OutreachStatus: ..., VAMC: ...}, Object{ReachID: ..., FirstName: ..., MiddleName: ..., LastName: ..., SSN: ..., Phone: ..., DateIdentifiedRisk: ..., RiskLevel: ..., OutreachStatus: ..., VAMC: ...}, Object{ReachID: ..., FirstName: ..., MiddleName: ..., LastName: ..., SSN: ..., Phone: ..., DateIdentifiedRisk: ..., RiskLevel: ..., OutreachStatus: ..., VAMC: ...}, Object{ReachID: ..., FirstName: ..., MiddleName: ..., LastName: ..., SSN: ..., Phone: ..., DateIdentifiedRisk: ..., RiskLevel: ..., OutreachStatus: ..., VAMC: ...}, Object{ReachID: ..., FirstName: ..., MiddleName: ..., LastName: ..., SSN: ..., Phone: ..., DateIdentifiedRisk: ..., RiskLevel: ..., OutreachStatus: ..., VAMC: ...}, Object{ReachID: ..., FirstName: ..., MiddleName: ..., LastName: ..., SSN: ..., Phone: ..., DateIdentifiedRisk: ..., RiskLevel: ..., OutreachStatus: ..., VAMC: ...}, Object{ReachID: ..., FirstName: ..., MiddleName: ..., LastName: ..., SSN: ..., Phone: ..., DateIdentifiedRisk: ..., RiskLevel: ..., OutreachStatus: ..., VAMC: ...}, Object{ReachID: ..., FirstName: ..., MiddleName: ..., LastName: ..., SSN: ..., Phone: ..., DateIdentifiedRisk: ..., RiskLevel: ..., OutreachStatus: ..., VAMC: ...}, Object{ReachID: ..., FirstName: ..., MiddleName: ..., LastName: ..., SSN: ..., Phone: ..., DateIdentifiedRisk: ..., RiskLevel: ..., OutreachStatus: ..., VAMC: ...}, Object{ReachID: ..., FirstName: ..., MiddleName: ..., LastName: ..., SSN: ..., Phone: ..., DateIdentifiedRisk: ..., RiskLevel: ..., OutreachStatus: ..., VAMC: ...}, Object{ReachID: ..., FirstName: ..., MiddleName: ..., LastName: ..., SSN: ..., Phone: ..., DateIdentifiedRisk: ..., RiskLevel: ..., OutreachStatus: ..., VAMC: ...}, Object{ReachID: ..., FirstName: ..., MiddleName: ..., LastName: ..., SSN: ..., Phone: ..., DateIdentifiedRisk: ..., RiskLevel: ..., OutreachStatus: ..., VAMC: ...}, Object{ReachID: ..., FirstName: ..., MiddleName: ..., LastName: ..., SSN: ..., Phone: ..., DateIdentifiedRisk: ..., RiskLevel: ..., OutreachStatus: ..., VAMC: ...}, Object{ReachID: ..., FirstName: ..., MiddleName: ..., LastName: ..., SSN: ..., Phone: ..., DateIdentifiedRisk: ..., RiskLevel: ..., OutreachStatus: ..., VAMC: ...}, Object{ReachID: ..., FirstName: ..., MiddleName: ..., LastName: ..., SSN: ..., Phone: ..., DateIdentifiedRisk: ..., RiskLevel: ..., OutreachStatus: ..., VAMC: ...}, Object{ReachID: ..., FirstName: ..., MiddleName: ..., LastName: ..., SSN: ..., Phone: ..., DateIdentifiedRisk: ..., RiskLevel: ..., OutreachStatus: ..., VAMC: ...}, Object{ReachID: ..., FirstName: ..., MiddleName: ..., LastName: ..., SSN: ..., Phone: ..., DateIdentifiedRisk: ..., RiskLevel: ..., OutreachStatus: ..., VAMC: ...}, Object{ReachID: ..., FirstName: ..., MiddleName: ..., LastName: ..., SSN: ..., Phone: ..., DateIdentifiedRisk: ..., RiskLevel: ..., OutreachStatus: ..., VAMC: ...}, Object{ReachID: ..., FirstName: ..., MiddleName: ..., LastName: ..., SSN: ..., Phone: ..., DateIdentifiedRisk: ..., RiskLevel: ..., OutreachStatus: ..., VAMC: ...}, Object{ReachID: ..., FirstName: ..., MiddleName: ..., LastName: ..., SSN: ..., Phone: ..., DateIdentifiedRisk: ..., RiskLevel: ..., OutreachStatus: ..., VAMC: ...}, Object{ReachID: ..., FirstName: ..., MiddleName: ..., LastName: ..., SSN: ..., Phone: ..., DateIdentifiedRisk: ..., RiskLevel: ..., OutreachStatus: ..., VAMC: ...}, Object{ReachID: ..., FirstName: ..., MiddleName: ..., LastName: ..., SSN: ..., Phone: ..., DateIdentifiedRisk: ..., RiskLevel: ..., OutreachStatus: ..., VAMC: ...}, Object{ReachID: ..., FirstName: ..., MiddleName: ..., LastName: ..., SSN: ..., Phone: ..., DateIdentifiedRisk: ..., RiskLevel: ..., OutreachStatus: ..., VAMC: ...}, Object{ReachID: ..., FirstName: ..., MiddleName: ..., LastName: ..., SSN: ..., Phone: ..., DateIdentifiedRisk: ..., RiskLevel: ..., OutreachStatus: ..., VAMC: ...}, Object{ReachID: ..., FirstName: ..., MiddleName: ..., LastName: ..., SSN: ..., Phone: ..., DateIdentifiedRisk: ..., RiskLevel: ..., OutreachStatus: ..., VAMC: ...}, Object{ReachID: ..., FirstName: ..., MiddleName: ..., LastName: ..., SSN: ..., Phone: ..., DateIdentifiedRisk: ..., RiskLevel: ..., OutreachStatus: ..., VAMC: ...}, Object{ReachID: ..., FirstName: ..., MiddleName: ..., LastName: ..., SSN: ..., Phone: ..., DateIdentifiedRisk: ..., RiskLevel: ..., OutreachStatus: ..., VAMC: ...}, Object{ReachID: ..., FirstName: ..., MiddleName: ..., LastName: ..., SSN: ..., Phone: ..., DateIdentifiedRisk: ..., RiskLevel: ..., OutreachStatus: ..., VAMC: ...}, Object{ReachID: ..., FirstName: ..., MiddleName: ..., LastName: ..., SSN: ..., Phone: ..., DateIdentifiedRisk: ..., RiskLevel: ..., OutreachStatus: ..., VAMC: ...}, Object{ReachID: ..., FirstName: ..., MiddleName: ..., LastName: ..., SSN: ..., Phone: ..., DateIdentifiedRisk: ..., RiskLevel: ..., OutreachStatus: ..., VAMC: ...}, Object{ReachID: ..., FirstName: ..., MiddleName: ..., LastName: ..., SSN: ..., Phone: ..., DateIdentifiedRisk: ..., RiskLevel: ..., OutreachStatus: ..., VAMC: ...}, Object{ReachID: ..., FirstName: ..., MiddleName: ..., LastName: ..., SSN: ..., Phone: ..., DateIdentifiedRisk: ..., RiskLevel: ..., OutreachStatus: ..., VAMC: ...}, Object{ReachID: ..., FirstName: ..., MiddleName: ..., LastName: ..., SSN: ..., Phone: ..., DateIdentifiedRisk: ..., RiskLevel: ..., OutreachStatus: ..., VAMC: ...}, Object{ReachID: ..., FirstName: ..., MiddleName: ..., LastName: ..., SSN: ..., Phone: ..., DateIdentifiedRisk: ..., RiskLevel: ..., OutreachStatus: ..., VAMC: ...}, Object{ReachID: ..., FirstName: ..., MiddleName: ..., LastName: ..., SSN: ..., Phone: ..., DateIdentifiedRisk: ..., RiskLevel: ..., OutreachStatus: ..., VAMC: ...}, Object{ReachID: ..., FirstName: ..., MiddleName: ..., LastName: ..., SSN: ..., Phone: ..., DateIdentifiedRisk: ..., RiskLevel: ..., OutreachStatus: ..., VAMC: ...}, Object{ReachID: ..., FirstName: ..., MiddleName: ..., LastName: ..., SSN: ..., Phone: ..., DateIdentifiedRisk: ..., RiskLevel: ..., OutreachStatus: ..., VAMC: ...}, Object{ReachID: ..., FirstName: ..., MiddleName: ..., LastName: ..., SSN: ..., Phone: ..., DateIdentifiedRisk: ..., RiskLevel: ..., OutreachStatus: ..., VAMC: ...}, Object{ReachID: ..., FirstName: ..., MiddleName: ..., LastName: ..., SSN: ..., Phone: ..., DateIdentifiedRisk: ..., RiskLevel: ..., OutreachStatus: ..., VAMC: ...}, Object{ReachID: ..., FirstName: ..., MiddleName: ..., LastName: ..., SSN: ..., Phone: ..., DateIdentifiedRisk: ..., RiskLevel: ..., OutreachStatus: ..., VAMC: ...}, Object{ReachID: ..., FirstName: ..., MiddleName: ..., LastName: ..., SSN: ..., Phone: ..., DateIdentifiedRisk: ..., RiskLevel: ..., OutreachStatus: ..., VAMC: ...}, Object{ReachID: ..., FirstName: ..., MiddleName: ..., LastName: ..., SSN: ..., Phone: ..., DateIdentifiedRisk: ..., RiskLevel: ..., OutreachStatus: ..., VAMC: ...}, Object{ReachID: ..., FirstName: ..., MiddleName: ..., LastName: ..., SSN: ..., Phone: ..., DateIdentifiedRisk: ..., RiskLevel: ..., OutreachStatus: ..., VAMC: ...}, Object{ReachID: ..., FirstName: ..., MiddleName: ..., LastName: ..., SSN: ..., Phone: ..., DateIdentifiedRisk: ..., RiskLevel: ..., OutreachStatus: ..., VAMC: ...}, Object{ReachID: ..., FirstName: ..., MiddleName: ..., LastName: ..., SSN: ..., Phone: ..., DateIdentifiedRisk: ..., RiskLevel: ..., OutreachStatus: ..., VAMC: ...}, Object{ReachID: ..., FirstName: ..., MiddleName: ..., LastName: ..., SSN: ..., Phone: ..., DateIdentifiedRisk: ..., RiskLevel: ..., OutreachStatus: ..., VAMC: ...}, Object{ReachID: ..., FirstName: ..., MiddleName: ..., LastName: ..., SSN: ..., Phone: ..., DateIdentifiedRisk: ..., RiskLevel: ..., OutreachStatus: ..., VAMC: ...}, Object{ReachID: ..., FirstName: ..., MiddleName: ..., LastName: ..., SSN: ..., Phone: ..., DateIdentifiedRisk: ..., RiskLevel: ..., OutreachStatus: ..., VAMC: ...}, Object{ReachID: ..., FirstName: ..., MiddleName: ..., LastName: ..., SSN: ..., Phone: ..., DateIdentifiedRisk: ..., RiskLevel: ..., OutreachStatus: ..., VAMC: ...}, Object{ReachID: ..., FirstName: ..., MiddleName: ..., LastName: ..., SSN: ..., Phone: ..., DateIdentifiedRisk: ..., RiskLevel: ..., OutreachStatus: ..., VAMC: ...}, Object{ReachID: ..., FirstName: ..., MiddleName: ..., LastName: ..., SSN: ..., Phone: ..., DateIdentifiedRisk: ..., RiskLevel: ..., OutreachStatus: ..., VAMC: ...}, Object{ReachID: ..., FirstName: ..., MiddleName: ..., LastName: ..., SSN: ..., Phone: ..., DateIdentifiedRisk: ..., RiskLevel: ..., OutreachStatus: ..., VAMC: ...}, Object{ReachID: ..., FirstName: ..., MiddleName: ..., LastName: ..., SSN: ..., Phone: ..., DateIdentifiedRisk: ..., RiskLevel: ..., OutreachStatus: ..., VAMC: ...}, Object{ReachID: ..., FirstName: ..., MiddleName: ..., LastName: ..., SSN: ..., Phone: ..., DateIdentifiedRisk: ..., RiskLevel: ..., OutreachStatus: ..., VAMC: ...}, Object{ReachID: ..., FirstName: ..., MiddleName: ..., LastName: ..., SSN: ..., Phone: ..., DateIdentifiedRisk: ..., RiskLevel: ..., OutreachStatus: ..., VAMC: ...}, Object{ReachID: ..., FirstName: ..., MiddleName: ..., LastName: ..., SSN: ..., Phone: ..., DateIdentifiedRisk: ..., RiskLevel: ..., OutreachStatus: ..., VAMC: ...}, Object{ReachID: ..., FirstName: ..., MiddleName: ..., LastName: ..., SSN: ..., Phone: ..., DateIdentifiedRisk: ..., RiskLevel: ..., OutreachStatus: ..., VAMC: ...}, Object{ReachID: ..., FirstName: ..., MiddleName: ..., LastName: ..., SSN: ..., Phone: ..., DateIdentifiedRisk: ..., RiskLevel: ..., OutreachStatus: ..., VAMC: ...}, Object{ReachID: ..., FirstName: ..., MiddleName: ..., LastName: ..., SSN: ..., Phone: ..., DateIdentifiedRisk: ..., RiskLevel: ..., OutreachStatus: ..., VAMC: ...}, Object{ReachID: ..., FirstName: ..., MiddleName: ..., LastName: ..., SSN: ..., Phone: ..., DateIdentifiedRisk: ..., RiskLevel: ..., OutreachStatus: ..., VAMC: ...}, Object{ReachID: ..., FirstName: ..., MiddleName: ..., LastName: ..., SSN: ..., Phone: ..., DateIdentifiedRisk: ..., RiskLevel: ..., OutreachStatus: ..., VAMC: ...}, Object{ReachID: ..., FirstName: ..., MiddleName: ..., LastName: ..., SSN: ..., Phone: ..., DateIdentifiedRisk: ..., RiskLevel: ..., OutreachStatus: ..., VAMC: ...}, Object{ReachID: ..., FirstName: ..., MiddleName: ..., LastName: ..., SSN: ..., Phone: ..., DateIdentifiedRisk: ..., RiskLevel: ..., OutreachStatus: ..., VAMC: ...}, Object{ReachID: ..., FirstName: ..., MiddleName: ..., LastName: ..., SSN: ..., Phone: ..., DateIdentifiedRisk: ..., RiskLevel: ..., OutreachStatus: ..., VAMC: ...}, Object{ReachID: ..., FirstName: ..., MiddleName: ..., LastName: ..., SSN: ..., Phone: ..., DateIdentifiedRisk: ..., RiskLevel: ..., OutreachStatus: ..., VAMC: ...}, Object{ReachID: ..., FirstName: ..., MiddleName: ..., LastName: ..., SSN: ..., Phone: ..., DateIdentifiedRisk: ..., RiskLevel: ..., OutreachStatus: ..., VAMC: ...}, Object{ReachID: ..., FirstName: ..., MiddleName: ..., LastName: ..., SSN: ..., Phone: ..., DateIdentifiedRisk: ..., RiskLevel: ..., OutreachStatus: ..., VAMC: ...}, Object{ReachID: ..., FirstName: ..., MiddleName: ..., LastName: ..., SSN: ..., Phone: ..., DateIdentifiedRisk: ..., RiskLevel: ..., OutreachStatus: ..., VAMC: ...}, Object{ReachID: ..., FirstName: ..., MiddleName: ..., LastName: ..., SSN: ..., Phone: ..., DateIdentifiedRisk: ..., RiskLevel: ..., OutreachStatus: ..., VAMC: ...}, Object{ReachID: ..., FirstName: ..., MiddleName: ..., LastName: ..., SSN: ..., Phone: ..., DateIdentifiedRisk: ..., RiskLevel: ..., OutreachStatus: ..., VAMC: ...}, Object{ReachID: ..., FirstName: ..., MiddleName: ..., LastName: ..., SSN: ..., Phone: ..., DateIdentifiedRisk: ..., RiskLevel: ..., OutreachStatus: ..., VAMC: ...}, Object{ReachID: ..., FirstName: ..., MiddleName: ..., LastName: ..., SSN: ..., Phone: ..., DateIdentifiedRisk: ..., RiskLevel: ..., OutreachStatus: ..., VAMC: ...}, Object{ReachID: ..., FirstName: ..., MiddleName: ..., LastName: ..., SSN: ..., Phone: ..., DateIdentifiedRisk: ..., RiskLevel: ..., OutreachStatus: ..., VAMC: ...}, Object{ReachID: ..., FirstName: ..., MiddleName: ..., LastName: ..., SSN: ..., Phone: ..., DateIdentifiedRisk: ..., RiskLevel: ..., OutreachStatus: ..., VAMC: ...}, Object{ReachID: ..., FirstName: ..., MiddleName: ..., LastName: ..., SSN: ..., Phone: ..., DateIdentifiedRisk: ..., RiskLevel: ..., OutreachStatus: ..., VAMC: ...}, Object{ReachID: ..., FirstName: ..., MiddleName: ..., LastName: ..., SSN: ..., Phone: ..., DateIdentifiedRisk: ..., RiskLevel: ..., OutreachStatus: ..., VAMC: ...}, Object{ReachID: ..., FirstName: ..., MiddleName: ..., LastName: ..., SSN: ..., Phone: ..., DateIdentifiedRisk: ..., RiskLevel: ..., OutreachStatus: ..., VAMC: ...}, Object{ReachID: ..., FirstName: ..., MiddleName: ..., LastName: ..., SSN: ..., Phone: ..., DateIdentifiedRisk: ..., RiskLevel: ..., OutreachStatus: ..., VAMC: ...}, Object{ReachID: ..., FirstName: ..., MiddleName: ..., LastName: ..., SSN: ..., Phone: ..., DateIdentifiedRisk: ..., RiskLevel: ..., OutreachStatus: ..., VAMC: ...}, Object{ReachID: ..., FirstName: ..., MiddleName: ..., LastName: ..., SSN: ..., Phone: ..., DateIdentifiedRisk: ..., RiskLevel: ..., OutreachStatus: ..., VAMC: ...}, Object{ReachID: ..., FirstName: ..., MiddleName: ..., LastName: ..., SSN: ..., Phone: ..., DateIdentifiedRisk: ..., RiskLevel: ..., OutreachStatus: ..., VAMC: ...}, Object{ReachID: ..., FirstName: ..., MiddleName: ..., LastName: ..., SSN: ..., Phone: ..., DateIdentifiedRisk: ..., RiskLevel: ..., OutreachStatus: ..., VAMC: ...}, Object{ReachID: ..., FirstName: ..., MiddleName: ..., LastName: ..., SSN: ..., Phone: ..., DateIdentifiedRisk: ..., RiskLevel: ..., OutreachStatus: ..., VAMC: ...}], [Object{OutReachStatusID: ..., StatusName: ..., StatusDefinition: ...}, Object{OutReachStatusID: ..., StatusName: ..., StatusDefinition: ...}, Object{OutReachStatusID: ..., StatusName: ..., StatusDefinition: ...}, Object{OutReachStatusID: ..., StatusName: ..., StatusDefinition: ...}, Object{OutReachStatusID: ..., StatusName: ..., StatusDefinition: ...}]]
,PhantomJS 1.9.8 (Windows 7) LOG: 'datamodelobj:::'
,PhantomJS 1.9.8 (Windows 7) LOG: Object{300389: null, 733218: null, 652427: 2, 577571: 4, 781151: null, 554367: null, 363524: null, 357451: null, 362646: null, 363387: null, 19835: null, 55457: null, 55767: null, 96042: null, 98254: null, 138016: null, 138163: null, 138834: null, 165693: null, 169823: null, 194555: null, 197452: null, 199073: null, 233916: null, 240151: null, 241624: null, 275715: null, 278117: null, 315760: null, 315788: null, 319886: null, 320359: null, 322882: null, 323682: null, 356838: null, 403529: null, 404711: null, 406823: null, 441482: null, 446088: null, 446368: null, 479697: null, 483768: null, 484889: null, 521558: null, 524125: null, 526833: null, 530171: null, 565431: null, 566384: 2, 567423: null, 568788: null, 601917: null, 604069: null, 604334: null, 605229: null, 605528: null, 605789: null, 610748: null, 610925: null, 664219: null, 705914: null, 708494: null, 710362: null, 712238: null, 746721: null, 747316: null, 748281: null, 787750: null, 794717: null, 795049: null, 795822: null, 827046: null, 830582: null, 835184: null, 871154: null, 910848: null, 911460: null, 912485: null, 912989: null, 913958: null, 914609: null, 918757: null, 954108: null, 957879: null, 958514: null, 959591: null, 990149: null, 990761: null, 592437: null, 592649: null, 592663: null, 642249: null, 675570: null, 676708: null, 681787: null, 682982: null, 714680: null, 715980: null, 717393: null, 718754: null, 756290: null, 760233: null, 763875: null, 764905: null, 765176: null, 798409: null, 799709: null, 802046: null, 837544: null, 878951: 2, 879513: null, 881698: null, 888113: null, 919192: null, 923886: null, 924685: null, 927245: null, 927646: null, 962837: null, 964040: null, 965080: null, 966795: null, 968453: null, 2692: null, 2727: null, 5685: null, 8398: null, 71604: null, 72224: null, 72496: null, 107668: null, 150796: null, 186655: null, 188984: null, 191571: null, 192081: null, 224556: null, 225614: null, 228906: null, 230110: null, 230656: null, 231566: null, 267513: null, 310871: null, 313681: null, 314996: null, 349738: null, 350976: null, 351844: null, 352934: null, 353023: null, 353047: null, 396232: null, 430378: null, 434929: null, 469374: null, 472447: null, 473960: null, 509927: null, 510254: null, 512840: null, 513756: null, 514059: null, 515914: null, 552258: null, 781683: null, 782756: null, 784019: null, 785055: null, 818644: null, 821792: null, 822550: null, 824710: null, 867002: null, 899777: null, 901358: null, 902600: null, 905445: null, 906673: null, 942890: null, 981612: null, 984756: null, 985317: null, 992756: null, 995749: null, 580790: null, 617695: null, 617826: null, 620005: null, 662003: null, 662154: null, 662964: null, 694019: null, 703265: null, 736024: null, 739376: null, 740045: null, 778577: null, 779097: null, 780626: null, 10295: null, 13442: null, 38996: null, 40019: null, 40425: null, 41069: null, 42438: null, 44723: null, 44803: null, 82697: null, 82808: null, 82932: null, 89833: null, 123328: null, 124465: null, 127968: null, 154303: null, 157211: null, 157978: null, 159323: null, 161636: null, 203314: null, 211323: null, 244168: null, 244874: null, 248864: null, 249656: null, 252676: null, 289298: null, 289299: null, 290471: null, 290876: null, 291289: null, 291375: null, 292440: null, 292580: null, 294811: null, 326409: null, 332103: null, 335057: null, 368971: null, 369794: null, 370696: null, 371325: null, 374526: null, 374933: null, 374949: null, 375441: null, 412574: null, 414245: null, 455186: null, 455466: null, 457763: null, 496921: null, 543387: null, 543423: null, 544781: null, 545084: null, 549885: null, 572386: null, 573175: null, 575367: null, 684790: null, 688033: null, 688919: null, 726627: null, 730383: null, 731522: null, 731576: null, 806728: null, 812683: null, 816132: null, 816292: null, 890393: null, 894498: null, 894877: null, 897608: null, 930323: null, 930336: 2, 931568: null, 932216: null, 934655: null, 934742: null, 935157: null, 935484: null, 936607: null, 938024: null, 973878: null, 979167: null, 979236: null, 336201: null, 339612: null, 379990: null, 383507: null, 383730: null, 386007: null, 419660: null, 420222: null, 461862: null, 462683: null, 503630: null, 503681: null, 507058: null, 508659: null, 531388: null, 538209: null, 583580: null, 584370: null, 587016: null, 627774: null, 628706: null, 645451: null, 647981: null, 27939: null, 34965: null, 46631: null, 50105: null, 51185: null, 113212: null, 113848: null, 116034: null, 173684: null, 177045: null, 177131: null, 178344: null, 178364: null, 216730: null, 217273: null, 222372: null, 256386: null, 256489: null, 259338: null, 260721: null, 262510: null, 263352: null, undefined: undefined}
,PhantomJS 1.9.8 (Windows 7) LOG: {0: <div wt-veteran-roster-table="" data="widgetData">
	<!--<div id="spinner" style="height: 100px;"> </div>-->
    <table datatable="ng" dt-options="dtOptions" dt-column-defs="dtColumnDefs" class="row-border hover ng-isolate-scope" id="sampleVet" width="100%" style="display: none; ">
    	<thead>
        <tr>
        	<!-- ngRepeat: column in columns --><th ng-repeat="column in columns" class="ng-binding ng-scope">Veteran Name</th><!-- end ngRepeat: column in columns --><th ng-repeat="column in columns" class="ng-binding ng-scope">Veteran SSN</th><!-- end ngRepeat: column in columns --><th ng-repeat="column in columns" class="ng-binding ng-scope">Veteran Phone</th><!-- end ngRepeat: column in columns --><th ng-repeat="column in columns" class="ng-binding ng-scope">Date First Identified</th><!-- end ngRepeat: column in columns --><th ng-repeat="column in columns" class="ng-binding ng-scope">Statistical Risk Level</th><!-- end ngRepeat: column in columns --><th ng-repeat="column in columns" class="ng-binding ng-scope">Outreach Status</th><!-- end ngRepeat: column in columns -->
        </tr>
        </thead>
        <tbody>
        <!-- ngRepeat: veteran in veteranList --><tr ng-repeat="veteran in veteranList" class="ng-scope">
            <td class="ng-binding"></td>
            <td class="ng-binding">xxx-xx-3169</td>
            <td class="ng-binding">(800) 555-1772</td>
            <td class="ng-binding">9/25/2013</td>
            <td class="ng-binding">Emergent</td>
            <td>
            	<select class="form-control" style="width: 180px;" id="vet_300389">
            		<option value=""></option>
            		<!-- ngRepeat: outreachStatus in outreachStatusList --><option ng-repeat="outreachStatus in outreachStatusList" value="1" class="ng-binding ng-scope">Not Contacted</option><!-- end ngRepeat: outreachStatus in outreachStatusList --><option ng-repeat="outreachStatus in outreachStatusList" value="2" class="ng-binding ng-scope">Outreach Initiated</option><!-- end ngRepeat: outreachStatus in outreachStatusList --><option ng-repeat="outreachStatus in outreachStatusList" value="3" class="ng-binding ng-scope">Outreach Attempted - No Response</option><!-- end ngRepeat: outreachStatus in outreachStatusList --><option ng-repeat="outreachStatus in outreachStatusList" value="4" class="ng-binding ng-scope">Services Refused</option><!-- end ngRepeat: outreachStatus in outreachStatusList --><option ng-repeat="outreachStatus in outreachStatusList" value="5" class="ng-binding ng-scope">No Additional Outreach Required</option><!-- end ngRepeat: outreachStatus in outreachStatusList -->
            	</select> 
            </td>
            <!--<td>{{ veteran.OutreachStatus }}</td>-->
        </tr><!-- end ngRepeat: veteran in veteranList --><tr ng-repeat="veteran in veteranList" class="ng-scope">
            <td class="ng-binding"></td>
            <td class="ng-binding">xxx-xx-1396</td>
            <td class="ng-binding">(800) 555-9751</td>
            <td class="ng-binding">11/12/2001</td>
            <td class="ng-binding">Emergent</td>
            <td>
            	<select class="form-control" style="width: 180px;" id="vet_733218">
            		<option value=""></option>
            		<!-- ngRepeat: outreachStatus in outreachStatusList --><option ng-repeat="outreachStatus in outreachStatusList" value="1" class="ng-binding ng-scope">Not Contacted</option><!-- end ngRepeat: outreachStatus in outreachStatusList --><option ng-repeat="outreachStatus in outreachStatusList" value="2" class="ng-binding ng-scope">Outreach Initiated</option><!-- end ngRepeat: outreachStatus in outreachStatusList --><option ng-repeat="outreachStatus in outreachStatusList" value="3" class="ng-binding ng-scope">Outreach Attempted - No Response</option><!-- end ngRepeat: outreachStatus in outreachStatusList --><option ng-repeat="outreachStatus in outreachStatusList" value="4" class="ng-binding ng-scope">Services Refused</option><!-- end ngRepeat: outreachStatus in outreachStatusList --><option ng-repeat="outreachStatus in outreachStatusList" value="5" class="ng-binding ng-scope">No Additional Outreach Required</option><!-- end ngRepeat: outreachStatus in outreachStatusList -->
            	</select> 
            </td>
            <!--<td>{{ veteran.OutreachStatus }}</td>-->
        </tr><!-- end ngRepeat: veteran in veteranList --><tr ng-repeat="veteran in veteranList" class="ng-scope">
            <td class="ng-binding"></td>
            <td class="ng-binding">xxx-xx-9041</td>
            <td class="ng-binding">(800) 555-9686</td>
            <td class="ng-binding">5/13/2011</td>
            <td class="ng-binding">Emergent</td>
            <td>
            	<select class="form-control" style="width: 180px;" id="vet_652427">
            		<option value=""></option>
            		<!-- ngRepeat: outreachStatus in outreachStatusList --><option ng-repeat="outreachStatus in outreachStatusList" value="1" class="ng-binding ng-scope">Not Contacted</option><!-- end ngRepeat: outreachStatus in outreachStatusList --><option ng-repeat="outreachStatus in outreachStatusList" value="2" class="ng-binding ng-scope">Outreach Initiated</option><!-- end ngRepeat: outreachStatus in outreachStatusList --><option ng-repeat="outreachStatus in outreachStatusList" value="3" class="ng-binding ng-scope">Outreach Attempted - No Response</option><!-- end ngRepeat: outreachStatus in outreachStatusList --><option ng-repeat="outreachStatus in outreachStatusList" value="4" class="ng-binding ng-scope">Services Refused</option><!-- end ngRepeat: outreachStatus in outreachStatusList --><option ng-repeat="outreachStatus in outreachStatusList" value="5" class="ng-binding ng-scope">No Additional Outreach Required</option><!-- end ngRepeat: outreachStatus in outreachStatusList -->
            	</select> 
            </td>
            <!--<td>{{ veteran.OutreachStatus }}</td>-->
        </tr><!-- end ngRepeat: veteran in veteranList --><tr ng-repeat="veteran in veteranList" class="ng-scope">
            <td class="ng-binding"></td>
            <td class="ng-binding">xxx-xx-1763</td>
            <td class="ng-binding">(800) 555-5567</td>
            <td class="ng-binding">4/20/2000</td>
            <td class="ng-binding">Emergent</td>
            <td>
            	<select class="form-control" style="width: 180px;" id="vet_577571">
            		<option value=""></option>
            		<!-- ngRepeat: outreachStatus in outreachStatusList --><option ng-repeat="outreachStatus in outreachStatusList" value="1" class="ng-binding ng-scope">Not Contacted</option><!-- end ngRepeat: outreachStatus in outreachStatusList --><option ng-repeat="outreachStatus in outreachStatusList" value="2" class="ng-binding ng-scope">Outreach Initiated</option><!-- end ngRepeat: outreachStatus in outreachStatusList --><option ng-repeat="outreachStatus in outreachStatusList" value="3" class="ng-binding ng-scope">Outreach Attempted - No Response</option><!-- end ngRepeat: outreachStatus in outreachStatusList --><option ng-repeat="outreachStatus in outreachStatusList" value="4" class="ng-binding ng-scope">Services Refused</option><!-- end ngRepeat: outreachStatus in outreachStatusList --><option ng-repeat="outreachStatus in outreachStatusList" value="5" class="ng-binding ng-scope">No Additional Outreach Required</option><!-- end ngRepeat: outreachStatus in outreachStatusList -->
            	</select> 
            </td>
            <!--<td>{{ veteran.OutreachStatus }}</td>-->
        </tr><!-- end ngRepeat: veteran in veteranList --><tr ng-repeat="veteran in veteranList" class="ng-scope">
            <td class="ng-binding"></td>
            <td class="ng-binding">xxx-xx-9018</td>
            <td class="ng-binding">(800) 555-4078</td>
            <td class="ng-binding">2/8/2011</td>
            <td class="ng-binding">Emergent</td>
            <td>
            	<select class="form-control" style="width: 180px;" id="vet_781151">
            		<option value=""></option>
            		<!-- ngRepeat: outreachStatus in outreachStatusList --><option ng-repeat="outreachStatus in outreachStatusList" value="1" class="ng-binding ng-scope">Not Contacted</option><!-- end ngRepeat: outreachStatus in outreachStatusList --><option ng-repeat="outreachStatus in outreachStatusList" value="2" class="ng-binding ng-scope">Outreach Initiated</option><!-- end ngRepeat: outreachStatus in outreachStatusList --><option ng-repeat="outreachStatus in outreachStatusList" value="3" class="ng-binding ng-scope">Outreach Attempted - No Response</option><!-- end ngRepeat: outreachStatus in outreachStatusList --><option ng-repeat="outreachStatus in outreachStatusList" value="4" class="ng-binding ng-scope">Services Refused</option><!-- end ngRepeat: outreachStatus in outreachStatusList --><option ng-repeat="outreachStatus in outreachStatusList" value="5" class="ng-binding ng-scope">No Additional Outreach Required</option><!-- end ngRepeat: outreachStatus in outreachStatusList -->
            	</select> 
            </td>
            <!--<td>{{ veteran.OutreachStatus }}</td>-->
        </tr><!-- end ngRepeat: veteran in veteranList --><tr ng-repeat="veteran in veteranList" class="ng-scope">
            <td class="ng-binding"></td>
            <td class="ng-binding">xxx-xx-7331</td>
            <td class="ng-binding">(800) 555-0821</td>
            <td class="ng-binding">6/21/2007</td>
            <td class="ng-binding">Emergent</td>
            <td>
            	<select class="form-control" style="width: 180px;" id="vet_554367">
            		<option value=""></option>
            		<!-- ngRepeat: outreachStatus in outreachStatusList --><option ng-repeat="outreachStatus in outreachStatusList" value="1" class="ng-binding ng-scope">Not Contacted</option><!-- end ngRepeat: outreachStatus in outreachStatusList --><option ng-repeat="outreachStatus in outreachStatusList" value="2" class="ng-binding ng-scope">Outreach Initiated</option><!-- end ngRepeat: outreachStatus in outreachStatusList --><option ng-repeat="outreachStatus in outreachStatusList" value="3" class="ng-binding ng-scope">Outreach Attempted - No Response</option><!-- end ngRepeat: outreachStatus in outreachStatusList --><option ng-repeat="outreachStatus in outreachStatusList" value="4" class="ng-binding ng-scope">Services Refused</option><!-- end ngRepeat: outreachStatus in outreachStatusList --><option ng-repeat="outreachStatus in outreachStatusList" value="5" class="ng-binding ng-scope">No Additional Outreach Required</option><!-- end ngRepeat: outreachStatus in outreachStatusList -->
            	</select> 
            </td>
            <!--<td>{{ veteran.OutreachStatus }}</td>-->
        </tr><!-- end ngRepeat: veteran in veteranList --><tr ng-repeat="veteran in veteranList" class="ng-scope">
            <td class="ng-binding"></td>
            <td class="ng-binding">xxx-xx-9683</td>
            <td class="ng-binding">(800) 555-0983</td>
            <td class="ng-binding">12/1/1995</td>
            <td class="ng-binding">Emergent</td>
            <td>
            	<select class="form-control" style="width: 180px;" id="vet_363524">
            		<option value=""></option>
            		<!-- ngRepeat: outreachStatus in outreachStatusList --><option ng-repeat="outreachStatus in outreachStatusList" value="1" class="ng-binding ng-scope">Not Contacted</option><!-- end ngRepeat: outreachStatus in outreachStatusList --><option ng-repeat="outreachStatus in outreachStatusList" value="2" class="ng-binding ng-scope">Outreach Initiated</option><!-- end ngRepeat: outreachStatus in outreachStatusList --><option ng-repeat="outreachStatus in outreachStatusList" value="3" class="ng-binding ng-scope">Outreach Attempted - No Response</option><!-- end ngRepeat: outreachStatus in outreachStatusList --><option ng-repeat="outreachStatus in outreachStatusList" value="4" class="ng-binding ng-scope">Services Refused</option><!-- end ngRepeat: outreachStatus in outreachStatusList --><option ng-repeat="outreachStatus in outreachStatusList" value="5" class="ng-binding ng-scope">No Additional Outreach Required</option><!-- end ngRepeat: outreachStatus in outreachStatusList -->
            	</select> 
            </td>
            <!--<td>{{ veteran.OutreachStatus }}</td>-->
        </tr><!-- end ngRepeat: veteran in veteranList --><tr ng-repeat="veteran in veteranList" class="ng-scope">
            <td class="ng-binding"></td>
            <td class="ng-binding">xxx-xx-4262</td>
            <td class="ng-binding">(800) 555-4140</td>
            <td class="ng-binding">6/13/2009</td>
            <td class="ng-binding">Emergent</td>
            <td>
            	<select class="form-control" style="width: 180px;" id="vet_357451">
            		<option value=""></option>
            		<!-- ngRepeat: outreachStatus in outreachStatusList --><option ng-repeat="outreachStatus in outreachStatusList" value="1" class="ng-binding ng-scope">Not Contacted</option><!-- end ngRepeat: outreachStatus in outreachStatusList --><option ng-repeat="outreachStatus in outreachStatusList" value="2" class="ng-binding ng-scope">Outreach Initiated</option><!-- end ngRepeat: outreachStatus in outreachStatusList --><option ng-repeat="outreachStatus in outreachStatusList" value="3" class="ng-binding ng-scope">Outreach Attempted - No Response</option><!-- end ngRepeat: outreachStatus in outreachStatusList --><option ng-repeat="outreachStatus in outreachStatusList" value="4" class="ng-binding ng-scope">Services Refused</option><!-- end ngRepeat: outreachStatus in outreachStatusList --><option ng-repeat="outreachStatus in outreachStatusList" value="5" class="ng-binding ng-scope">No Additional Outreach Required</option><!-- end ngRepeat: outreachStatus in outreachStatusList -->
            	</select> 
            </td>
            <!--<td>{{ veteran.OutreachStatus }}</td>-->
        </tr><!-- end ngRepeat: veteran in veteranList --><tr ng-repeat="veteran in veteranList" class="ng-scope">
            <td class="ng-binding"></td>
            <td class="ng-binding">xxx-xx-8575</td>
            <td class="ng-binding">(800) 555-6307</td>
            <td class="ng-binding">3/28/1999</td>
            <td class="ng-binding">High</td>
            <td>
            	<select class="form-control" style="width: 180px;" id="vet_362646">
            		<option value=""></option>
            		<!-- ngRepeat: outreachStatus in outreachStatusList --><option ng-repeat="outreachStatus in outreachStatusList" value="1" class="ng-binding ng-scope">Not Contacted</option><!-- end ngRepeat: outreachStatus in outreachStatusList --><option ng-repeat="outreachStatus in outreachStatusList" value="2" class="ng-binding ng-scope">Outreach Initiated</option><!-- end ngRepeat: outreachStatus in outreachStatusList --><option ng-repeat="outreachStatus in outreachStatusList" value="3" class="ng-binding ng-scope">Outreach Attempted - No Response</option><!-- end ngRepeat: outreachStatus in outreachStatusList --><option ng-repeat="outreachStatus in outreachStatusList" value="4" class="ng-binding ng-scope">Services Refused</option><!-- end ngRepeat: outreachStatus in outreachStatusList --><option ng-repeat="outreachStatus in outreachStatusList" value="5" class="ng-binding ng-scope">No Additional Outreach Required</option><!-- end ngRepeat: outreachStatus in outreachStatusList -->
            	</select> 
            </td>
            <!--<td>{{ veteran.OutreachStatus }}</td>-->
        </tr><!-- end ngRepeat: veteran in veteranList --><tr ng-repeat="veteran in veteranList" class="ng-scope">
            <td class="ng-binding"></td>
            <td class="ng-binding">xxx-xx-6825</td>
            <td class="ng-binding">(800) 555-9160</td>
            <td class="ng-binding">11/15/1999</td>
            <td class="ng-binding">High</td>
            <td>
            	<select class="form-control" style="width: 180px;" id="vet_363387">
            		<option value=""></option>
            		<!-- ngRepeat: outreachStatus in outreachStatusList --><option ng-repeat="outreachStatus in outreachStatusList" value="1" class="ng-binding ng-scope">Not Contacted</option><!-- end ngRepeat: outreachStatus in outreachStatusList --><option ng-repeat="outreachStatus in outreachStatusList" value="2" class="ng-binding ng-scope">Outreach Initiated</option><!-- end ngRepeat: outreachStatus in outreachStatusList --><option ng-repeat="outreachStatus in outreachStatusList" value="3" class="ng-binding ng-scope">Outreach Attempted - No Response</option><!-- end ngRepeat: outreachStatus in outreachStatusList --><option ng-repeat="outreachStatus in outreachStatusList" value="4" class="ng-binding ng-scope">Services Refused</option><!-- end ngRepeat: outreachStatus in outreachStatusList --><option ng-repeat="outreachStatus in outreachStatusList" value="5" class="ng-binding ng-scope">No Additional Outreach Required</option><!-- end ngRepeat: outreachStatus in outreachStatusList -->
            	</select> 
            </td>
            <!--<td>{{ veteran.OutreachStatus }}</td>-->
        </tr><!-- end ngRepeat: veteran in veteranList --><tr ng-repeat="veteran in veteranList" class="ng-scope">
            <td class="ng-binding"></td>
            <td class="ng-binding">xxx-xx-3453</td>
            <td class="ng-binding">(800) 555-9427</td>
            <td class="ng-binding">5/15/1998</td>
            <td class="ng-binding">High</td>
            <td>
            	<select class="form-control" style="width: 180px;" id="vet_19835">
            		<option value=""></option>
            		<!-- ngRepeat: outreachStatus in outreachStatusList --><option ng-repeat="outreachStatus in outreachStatusList" value="1" class="ng-binding ng-scope">Not Contacted</option><!-- end ngRepeat: outreachStatus in outreachStatusList --><option ng-repeat="outreachStatus in outreachStatusList" value="2" class="ng-binding ng-scope">Outreach Initiated</option><!-- end ngRepeat: outreachStatus in outreachStatusList --><option ng-repeat="outreachStatus in outreachStatusList" value="3" class="ng-binding ng-scope">Outreach Attempted - No Response</option><!-- end ngRepeat: outreachStatus in outreachStatusList --><option ng-repeat="outreachStatus in outreachStatusList" value="4" class="ng-binding ng-scope">Services Refused</option><!-- end ngRepeat: outreachStatus in outreachStatusList --><option ng-repeat="outreachStatus in outreachStatusList" value="5" class="ng-binding ng-scope">No Additional Outreach Required</option><!-- end ngRepeat: outreachStatus in outreachStatusList -->
            	</select> 
            </td>
            <!--<td>{{ veteran.OutreachStatus }}</td>-->
        </tr><!-- end ngRepeat: veteran in veteranList --><tr ng-repeat="veteran in veteranList" class="ng-scope">
            <td class="ng-binding"></td>
            <td class="ng-binding">xxx-xx-9248</td>
            <td class="ng-binding">(800) 555-5582</td>
            <td class="ng-binding">4/17/1996</td>
            <td class="ng-binding">High</td>
            <td>
            	<select class="form-control" style="width: 180px;" id="vet_55457">
            		<option value=""></option>
            		<!-- ngRepeat: outreachStatus in outreachStatusList --><option ng-repeat="outreachStatus in outreachStatusList" value="1" class="ng-binding ng-scope">Not Contacted</option><!-- end ngRepeat: outreachStatus in outreachStatusList --><option ng-repeat="outreachStatus in outreachStatusList" value="2" class="ng-binding ng-scope">Outreach Initiated</option><!-- end ngRepeat: outreachStatus in outreachStatusList --><option ng-repeat="outreachStatus in outreachStatusList" value="3" class="ng-binding ng-scope">Outreach Attempted - No Response</option><!-- end ngRepeat: outreachStatus in outreachStatusList --><option ng-repeat="outreachStatus in outreachStatusList" value="4" class="ng-binding ng-scope">Services Refused</option><!-- end ngRepeat: outreachStatus in outreachStatusList --><option ng-repeat="outreachStatus in outreachStatusList" value="5" class="ng-binding ng-scope">No Additional Outreach Required</option><!-- end ngRepeat: outreachStatus in outreachStatusList -->
            	</select> 
            </td>
            <!--<td>{{ veteran.OutreachStatus }}</td>-->
        </tr><!-- end ngRepeat: veteran in veteranList --><tr ng-repeat="veteran in veteranList" class="ng-scope">
            <td class="ng-binding"></td>
            <td class="ng-binding">xxx-xx-6364</td>
            <td class="ng-binding">(800) 555-0222</td>
            <td class="ng-binding">6/25/2003</td>
            <td class="ng-binding">High</td>
            <td>
            	<select class="form-control" style="width: 180px;" id="vet_55767">
            		<option value=""></option>
            		<!-- ngRepeat: outreachStatus in outreachStatusList --><option ng-repeat="outreachStatus in outreachStatusList" value="1" class="ng-binding ng-scope">Not Contacted</option><!-- end ngRepeat: outreachStatus in outreachStatusList --><option ng-repeat="outreachStatus in outreachStatusList" value="2" class="ng-binding ng-scope">Outreach Initiated</option><!-- end ngRepeat: outreachStatus in outreachStatusList --><option ng-repeat="outreachStatus in outreachStatusList" value="3" class="ng-binding ng-scope">Outreach Attempted - No Response</option><!-- end ngRepeat: outreachStatus in outreachStatusList --><option ng-repeat="outreachStatus in outreachStatusList" value="4" class="ng-binding ng-scope">Services Refused</option><!-- end ngRepeat: outreachStatus in outreachStatusList --><option ng-repeat="outreachStatus in outreachStatusList" value="5" class="ng-binding ng-scope">No Additional Outreach Required</option><!-- end ngRepeat: outreachStatus in outreachStatusList -->
            	</select> 
            </td>
            <!--<td>{{ veteran.OutreachStatus }}</td>-->
        </tr><!-- end ngRepeat: veteran in veteranList --><tr ng-repeat="veteran in veteranList" class="ng-scope">
            <td class="ng-binding"></td>
            <td class="ng-binding">xxx-xx-9333</td>
            <td class="ng-binding">(800) 555-9854</td>
            <td class="ng-binding">12/3/2008</td>
            <td class="ng-binding">High</td>
            <td>
            	<select class="form-control" style="width: 180px;" id="vet_96042">
            		<option value=""></option>
            		<!-- ngRepeat: outreachStatus in outreachStatusList --><option ng-repeat="outreachStatus in outreachStatusList" value="1" class="ng-binding ng-scope">Not Contacted</option><!-- end ngRepeat: outreachStatus in outreachStatusList --><option ng-repeat="outreachStatus in outreachStatusList" value="2" class="ng-binding ng-scope">Outreach Initiated</option><!-- end ngRepeat: outreachStatus in outreachStatusList --><option ng-repeat="outreachStatus in outreachStatusList" value="3" class="ng-binding ng-scope">Outreach Attempted - No Response</option><!-- end ngRepeat: outreachStatus in outreachStatusList --><option ng-repeat="outreachStatus in outreachStatusList" value="4" class="ng-binding ng-scope">Services Refused</option><!-- end ngRepeat: outreachStatus in outreachStatusList --><option ng-repeat="outreachStatus in outreachStatusList" value="5" class="ng-binding ng-scope">No Additional Outreach Required</option><!-- end ngRepeat: outreachStatus in outreachStatusList -->
            	</select> 
            </td>
            <!--<td>{{ veteran.OutreachStatus }}</td>-->
        </tr><!-- end ngRepeat: veteran in veteranList --><tr ng-repeat="veteran in veteranList" class="ng-scope">
            <td class="ng-binding"></td>
            <td class="ng-binding">xxx-xx-6088</td>
            <td class="ng-binding">(800) 555-4574</td>
            <td class="ng-binding">10/14/2005</td>
            <td class="ng-binding">High</td>
            <td>
            	<select class="form-control" style="width: 180px;" id="vet_98254">
            		<option value=""></option>
            		<!-- ngRepeat: outreachStatus in outreachStatusList --><option ng-repeat="outreachStatus in outreachStatusList" value="1" class="ng-binding ng-scope">Not Contacted</option><!-- end ngRepeat: outreachStatus in outreachStatusList --><option ng-repeat="outreachStatus in outreachStatusList" value="2" class="ng-binding ng-scope">Outreach Initiated</option><!-- end ngRepeat: outreachStatus in outreachStatusList --><option ng-repeat="outreachStatus in outreachStatusList" value="3" class="ng-binding ng-scope">Outreach Attempted - No Response</option><!-- end ngRepeat: outreachStatus in outreachStatusList --><option ng-repeat="outreachStatus in outreachStatusList" value="4" class="ng-binding ng-scope">Services Refused</option><!-- end ngRepeat: outreachStatus in outreachStatusList --><option ng-repeat="outreachStatus in outreachStatusList" value="5" class="ng-binding ng-scope">No Additional Outreach Required</option><!-- end ngRepeat: outreachStatus in outreachStatusList -->
            	</select> 
            </td>
            <!--<td>{{ veteran.OutreachStatus }}</td>-->
        </tr><!-- end ngRepeat: veteran in veteranList --><tr ng-repeat="veteran in veteranList" class="ng-scope">
            <td class="ng-binding"></td>
            <td class="ng-binding">xxx-xx-4271</td>
            <td class="ng-binding">(800) 555-7735</td>
            <td class="ng-binding">5/2/2011</td>
            <td class="ng-binding">High</td>
            <td>
            	<select class="form-control" style="width: 180px;" id="vet_138016">
            		<option value=""></option>
            		<!-- ngRepeat: outreachStatus in outreachStatusList --><option ng-repeat="outreachStatus in outreachStatusList" value="1" class="ng-binding ng-scope">Not Contacted</option><!-- end ngRepeat: outreachStatus in outreachStatusList --><option ng-repeat="outreachStatus in outreachStatusList" value="2" class="ng-binding ng-scope">Outreach Initiated</option><!-- end ngRepeat: outreachStatus in outreachStatusList --><option ng-repeat="outreachStatus in outreachStatusList" value="3" class="ng-binding ng-scope">Outreach Attempted - No Response</option><!-- end ngRepeat: outreachStatus in outreachStatusList --><option ng-repeat="outreachStatus in outreachStatusList" value="4" class="ng-binding ng-scope">Services Refused</option><!-- end ngRepeat: outreachStatus in outreachStatusList --><option ng-repeat="outreachStatus in outreachStatusList" value="5" class="ng-binding ng-scope">No Additional Outreach Required</option><!-- end ngRepeat: outreachStatus in outreachStatusList -->
            	</select> 
            </td>
            <!--<td>{{ veteran.OutreachStatus }}</td>-->
        </tr><!-- end ngRepeat: veteran in veteranList --><tr ng-repeat="veteran in veteranList" class="ng-scope">
            <td class="ng-binding"></td>
            <td class="ng-binding">xxx-xx-9961</td>
            <td class="ng-binding">(800) 555-1359</td>
            <td class="ng-binding">7/22/2002</td>
            <td class="ng-binding">High</td>
            <td>
            	<select class="form-control" style="width: 180px;" id="vet_138163">
            		<option value=""></option>
            		<!-- ngRepeat: outreachStatus in outreachStatusList --><option ng-repeat="outreachStatus in outreachStatusList" value="1" class="ng-binding ng-scope">Not Contacted</option><!-- end ngRepeat: outreachStatus in outreachStatusList --><option ng-repeat="outreachStatus in outreachStatusList" value="2" class="ng-binding ng-scope">Outreach Initiated</option><!-- end ngRepeat: outreachStatus in outreachStatusList --><option ng-repeat="outreachStatus in outreachStatusList" value="3" class="ng-binding ng-scope">Outreach Attempted - No Response</option><!-- end ngRepeat: outreachStatus in outreachStatusList --><option ng-repeat="outreachStatus in outreachStatusList" value="4" class="ng-binding ng-scope">Services Refused</option><!-- end ngRepeat: outreachStatus in outreachStatusList --><option ng-repeat="outreachStatus in outreachStatusList" value="5" class="ng-binding ng-scope">No Additional Outreach Required</option><!-- end ngRepeat: outreachStatus in outreachStatusList -->
            	</select> 
            </td>
            <!--<td>{{ veteran.OutreachStatus }}</td>-->
        </tr><!-- end ngRepeat: veteran in veteranList --><tr ng-repeat="veteran in veteranList" class="ng-scope">
            <td class="ng-binding"></td>
            <td class="ng-binding">xxx-xx-0023</td>
            <td class="ng-binding">(800) 555-1084</td>
            <td class="ng-binding">1/27/2014</td>
            <td class="ng-binding">High</td>
            <td>
            	<select class="form-control" style="width: 180px;" id="vet_138834">
            		<option value=""></option>
            		<!-- ngRepeat: outreachStatus in outreachStatusList --><option ng-repeat="outreachStatus in outreachStatusList" value="1" class="ng-binding ng-scope">Not Contacted</option><!-- end ngRepeat: outreachStatus in outreachStatusList --><option ng-repeat="outreachStatus in outreachStatusList" value="2" class="ng-binding ng-scope">Outreach Initiated</option><!-- end ngRepeat: outreachStatus in outreachStatusList --><option ng-repeat="outreachStatus in outreachStatusList" value="3" class="ng-binding ng-scope">Outreach Attempted - No Response</option><!-- end ngRepeat: outreachStatus in outreachStatusList --><option ng-repeat="outreachStatus in outreachStatusList" value="4" class="ng-binding ng-scope">Services Refused</option><!-- end ngRepeat: outreachStatus in outreachStatusList --><option ng-repeat="outreachStatus in outreachStatusList" value="5" class="ng-binding ng-scope">No Additional Outreach Required</option><!-- end ngRepeat: outreachStatus in outreachStatusList -->
            	</select> 
            </td>
            <!--<td>{{ veteran.OutreachStatus }}</td>-->
        </tr><!-- end ngRepeat: veteran in veteranList --><tr ng-repeat="veteran in veteranList" class="ng-scope">
            <td class="ng-binding"></td>
            <td class="ng-binding">xxx-xx-2623</td>
            <td class="ng-binding">(800) 555-9075</td>
            <td class="ng-binding">10/3/2005</td>
            <td class="ng-binding">High</td>
            <td>
            	<select class="form-control" style="width: 180px;" id="vet_165693">
            		<option value=""></option>
            		<!-- ngRepeat: outreachStatus in outreachStatusList --><option ng-repeat="outreachStatus in outreachStatusList" value="1" class="ng-binding ng-scope">Not Contacted</option><!-- end ngRepeat: outreachStatus in outreachStatusList --><option ng-repeat="outreachStatus in outreachStatusList" value="2" class="ng-binding ng-scope">Outreach Initiated</option><!-- end ngRepeat: outreachStatus in outreachStatusList --><option ng-repeat="outreachStatus in outreachStatusList" value="3" class="ng-binding ng-scope">Outreach Attempted - No Response</option><!-- end ngRepeat: outreachStatus in outreachStatusList --><option ng-repeat="outreachStatus in outreachStatusList" value="4" class="ng-binding ng-scope">Services Refused</option><!-- end ngRepeat: outreachStatus in outreachStatusList --><option ng-repeat="outreachStatus in outreachStatusList" value="5" class="ng-binding ng-scope">No Additional Outreach Required</option><!-- end ngRepeat: outreachStatus in outreachStatusList -->
            	</select> 
            </td>
            <!--<td>{{ veteran.OutreachStatus }}</td>-->
        </tr><!-- end ngRepeat: veteran in veteranList --><tr ng-repeat="veteran in veteranList" class="ng-scope">
            <td class="ng-binding"></td>
            <td class="ng-binding">xxx-xx-3245</td>
            <td class="ng-binding">(800) 555-6576</td>
            <td class="ng-binding">8/2/2000</td>
            <td class="ng-binding">High</td>
            <td>
            	<select class="form-control" style="width: 180px;" id="vet_169823">
            		<option value=""></option>
            		<!-- ngRepeat: outreachStatus in outreachStatusList --><option ng-repeat="outreachStatus in outreachStatusList" value="1" class="ng-binding ng-scope">Not Contacted</option><!-- end ngRepeat: outreachStatus in outreachStatusList --><option ng-repeat="outreachStatus in outreachStatusList" value="2" class="ng-binding ng-scope">Outreach Initiated</option><!-- end ngRepeat: outreachStatus in outreachStatusList --><option ng-repeat="outreachStatus in outreachStatusList" value="3" class="ng-binding ng-scope">Outreach Attempted - No Response</option><!-- end ngRepeat: outreachStatus in outreachStatusList --><option ng-repeat="outreachStatus in outreachStatusList" value="4" class="ng-binding ng-scope">Services Refused</option><!-- end ngRepeat: outreachStatus in outreachStatusList --><option ng-repeat="outreachStatus in outreachStatusList" value="5" class="ng-binding ng-scope">No Additional Outreach Required</option><!-- end ngRepeat: outreachStatus in outreachStatusList -->
            	</select> 
            </td>
            <!--<td>{{ veteran.OutreachStatus }}</td>-->
        </tr><!-- end ngRepeat: veteran in veteranList --><tr ng-repeat="veteran in veteranList" class="ng-scope">
            <td class="ng-binding"></td>
            <td class="ng-binding">xxx-xx-8466</td>
            <td class="ng-binding">(800) 555-2904</td>
            <td class="ng-binding">7/20/2002</td>
            <td class="ng-binding">High</td>
            <td>
            	<select class="form-control" style="width: 180px;" id="vet_194555">
            		<option value=""></option>
            		<!-- ngRepeat: outreachStatus in outreachStatusList --><option ng-repeat="outreachStatus in outreachStatusList" value="1" class="ng-binding ng-scope">Not Contacted</option><!-- end ngRepeat: outreachStatus in outreachStatusList --><option ng-repeat="outreachStatus in outreachStatusList" value="2" class="ng-binding ng-scope">Outreach Initiated</option><!-- end ngRepeat: outreachStatus in outreachStatusList --><option ng-repeat="outreachStatus in outreachStatusList" value="3" class="ng-binding ng-scope">Outreach Attempted - No Response</option><!-- end ngRepeat: outreachStatus in outreachStatusList --><option ng-repeat="outreachStatus in outreachStatusList" value="4" class="ng-binding ng-scope">Services Refused</option><!-- end ngRepeat: outreachStatus in outreachStatusList --><option ng-repeat="outreachStatus in outreachStatusList" value="5" class="ng-binding ng-scope">No Additional Outreach Required</option><!-- end ngRepeat: outreachStatus in outreachStatusList -->
            	</select> 
            </td>
            <!--<td>{{ veteran.OutreachStatus }}</td>-->
        </tr><!-- end ngRepeat: veteran in veteranList --><tr ng-repeat="veteran in veteranList" class="ng-scope">
            <td class="ng-binding"></td>
            <td class="ng-binding">xxx-xx-8047</td>
            <td class="ng-binding">(800) 555-7577</td>
            <td class="ng-binding">3/8/2011</td>
            <td class="ng-binding">High</td>
            <td>
            	<select class="form-control" style="width: 180px;" id="vet_197452">
            		<option value=""></option>
            		<!-- ngRepeat: outreachStatus in outreachStatusList --><option ng-repeat="outreachStatus in outreachStatusList" value="1" class="ng-binding ng-scope">Not Contacted</option><!-- end ngRepeat: outreachStatus in outreachStatusList --><option ng-repeat="outreachStatus in outreachStatusList" value="2" class="ng-binding ng-scope">Outreach Initiated</option><!-- end ngRepeat: outreachStatus in outreachStatusList --><option ng-repeat="outreachStatus in outreachStatusList" value="3" class="ng-binding ng-scope">Outreach Attempted - No Response</option><!-- end ngRepeat: outreachStatus in outreachStatusList --><option ng-repeat="outreachStatus in outreachStatusList" value="4" class="ng-binding ng-scope">Services Refused</option><!-- end ngRepeat: outreachStatus in outreachStatusList --><option ng-repeat="outreachStatus in outreachStatusList" value="5" class="ng-binding ng-scope">No Additional Outreach Required</option><!-- end ngRepeat: outreachStatus in outreachStatusList -->
            	</select> 
            </td>
            <!--<td>{{ veteran.OutreachStatus }}</td>-->
        </tr><!-- end ngRepeat: veteran in veteranList --><tr ng-repeat="veteran in veteranList" class="ng-scope">
            <td class="ng-binding"></td>
            <td class="ng-binding">xxx-xx-5866</td>
            <td class="ng-binding">(800) 555-8162</td>
            <td class="ng-binding">10/8/1999</td>
            <td class="ng-binding">High</td>
            <td>
            	<select class="form-control" style="width: 180px;" id="vet_199073">
            		<option value=""></option>
            		<!-- ngRepeat: outreachStatus in outreachStatusList --><option ng-repeat="outreachStatus in outreachStatusList" value="1" class="ng-binding ng-scope">Not Contacted</option><!-- end ngRepeat: outreachStatus in outreachStatusList --><option ng-repeat="outreachStatus in outreachStatusList" value="2" class="ng-binding ng-scope">Outreach Initiated</option><!-- end ngRepeat: outreachStatus in outreachStatusList --><option ng-repeat="outreachStatus in outreachStatusList" value="3" class="ng-binding ng-scope">Outreach Attempted - No Response</option><!-- end ngRepeat: outreachStatus in outreachStatusList --><option ng-repeat="outreachStatus in outreachStatusList" value="4" class="ng-binding ng-scope">Services Refused</option><!-- end ngRepeat: outreachStatus in outreachStatusList --><option ng-repeat="outreachStatus in outreachStatusList" value="5" class="ng-binding ng-scope">No Additional Outreach Required</option><!-- end ngRepeat: outreachStatus in outreachStatusList -->
            	</select> 
            </td>
            <!--<td>{{ veteran.OutreachStatus }}</td>-->
        </tr><!-- end ngRepeat: veteran in veteranList --><tr ng-repeat="veteran in veteranList" class="ng-scope">
            <td class="ng-binding"></td>
            <td class="ng-binding">xxx-xx-5783</td>
            <td class="ng-binding">(800) 555-2999</td>
            <td class="ng-binding">11/3/2007</td>
            <td class="ng-binding">High</td>
            <td>
            	<select class="form-control" style="width: 180px;" id="vet_233916">
            		<option value=""></option>
            		<!-- ngRepeat: outreachStatus in outreachStatusList --><option ng-repeat="outreachStatus in outreachStatusList" value="1" class="ng-binding ng-scope">Not Contacted</option><!-- end ngRepeat: outreachStatus in outreachStatusList --><option ng-repeat="outreachStatus in outreachStatusList" value="2" class="ng-binding ng-scope">Outreach Initiated</option><!-- end ngRepeat: outreachStatus in outreachStatusList --><option ng-repeat="outreachStatus in outreachStatusList" value="3" class="ng-binding ng-scope">Outreach Attempted - No Response</option><!-- end ngRepeat: outreachStatus in outreachStatusList --><option ng-repeat="outreachStatus in outreachStatusList" value="4" class="ng-binding ng-scope">Services Refused</option><!-- end ngRepeat: outreachStatus in outreachStatusList --><option ng-repeat="outreachStatus in outreachStatusList" value="5" class="ng-binding ng-scope">No Additional Outreach Required</option><!-- end ngRepeat: outreachStatus in outreachStatusList -->
            	</select> 
            </td>
            <!--<td>{{ veteran.OutreachStatus }}</td>-->
        </tr><!-- end ngRepeat: veteran in veteranList --><tr ng-repeat="veteran in veteranList" class="ng-scope">
            <td class="ng-binding"></td>
            <td class="ng-binding">xxx-xx-4149</td>
            <td class="ng-binding">(800) 555-3106</td>
            <td class="ng-binding">9/21/2004</td>
            <td class="ng-binding">High</td>
            <td>
            	<select class="form-control" style="width: 180px;" id="vet_240151">
            		<option value=""></option>
            		<!-- ngRepeat: outreachStatus in outreachStatusList --><option ng-repeat="outreachStatus in outreachStatusList" value="1" class="ng-binding ng-scope">Not Contacted</option><!-- end ngRepeat: outreachStatus in outreachStatusList --><option ng-repeat="outreachStatus in outreachStatusList" value="2" class="ng-binding ng-scope">Outreach Initiated</option><!-- end ngRepeat: outreachStatus in outreachStatusList --><option ng-repeat="outreachStatus in outreachStatusList" value="3" class="ng-binding ng-scope">Outreach Attempted - No Response</option><!-- end ngRepeat: outreachStatus in outreachStatusList --><option ng-repeat="outreachStatus in outreachStatusList" value="4" class="ng-binding ng-scope">Services Refused</option><!-- end ngRepeat: outreachStatus in outreachStatusList --><option ng-repeat="outreachStatus in outreachStatusList" value="5" class="ng-binding ng-scope">No Additional Outreach Required</option><!-- end ngRepeat: outreachStatus in outreachStatusList -->
            	</select> 
            </td>
            <!--<td>{{ veteran.OutreachStatus }}</td>-->
        </tr><!-- end ngRepeat: veteran in veteranList --><tr ng-repeat="veteran in veteranList" class="ng-scope">
            <td class="ng-binding"></td>
            <td class="ng-binding">xxx-xx-9832</td>
            <td class="ng-binding">(800) 555-0977</td>
            <td class="ng-binding">12/2/1998</td>
            <td class="ng-binding">High</td>
            <td>
            	<select class="form-control" style="width: 180px;" id="vet_241624">
            		<option value=""></option>
            		<!-- ngRepeat: outreachStatus in outreachStatusList --><option ng-repeat="outreachStatus in outreachStatusList" value="1" class="ng-binding ng-scope">Not Contacted</option><!-- end ngRepeat: outreachStatus in outreachStatusList --><option ng-repeat="outreachStatus in outreachStatusList" value="2" class="ng-binding ng-scope">Outreach Initiated</option><!-- end ngRepeat: outreachStatus in outreachStatusList --><option ng-repeat="outreachStatus in outreachStatusList" value="3" class="ng-binding ng-scope">Outreach Attempted - No Response</option><!-- end ngRepeat: outreachStatus in outreachStatusList --><option ng-repeat="outreachStatus in outreachStatusList" value="4" class="ng-binding ng-scope">Services Refused</option><!-- end ngRepeat: outreachStatus in outreachStatusList --><option ng-repeat="outreachStatus in outreachStatusList" value="5" class="ng-binding ng-scope">No Additional Outreach Required</option><!-- end ngRepeat: outreachStatus in outreachStatusList -->
            	</select> 
            </td>
            <!--<td>{{ veteran.OutreachStatus }}</td>-->
        </tr><!-- end ngRepeat: veteran in veteranList --><tr ng-repeat="veteran in veteranList" class="ng-scope">
            <td class="ng-binding"></td>
            <td class="ng-binding">xxx-xx-6692</td>
            <td class="ng-binding">(800) 555-7102</td>
            <td class="ng-binding">9/4/2012</td>
            <td class="ng-binding">High</td>
            <td>
            	<select class="form-control" style="width: 180px;" id="vet_275715">
            		<option value=""></option>
            		<!-- ngRepeat: outreachStatus in outreachStatusList --><option ng-repeat="outreachStatus in outreachStatusList" value="1" class="ng-binding ng-scope">Not Contacted</option><!-- end ngRepeat: outreachStatus in outreachStatusList --><option ng-repeat="outreachStatus in outreachStatusList" value="2" class="ng-binding ng-scope">Outreach Initiated</option><!-- end ngRepeat: outreachStatus in outreachStatusList --><option ng-repeat="outreachStatus in outreachStatusList" value="3" class="ng-binding ng-scope">Outreach Attempted - No Response</option><!-- end ngRepeat: outreachStatus in outreachStatusList --><option ng-repeat="outreachStatus in outreachStatusList" value="4" class="ng-binding ng-scope">Services Refused</option><!-- end ngRepeat: outreachStatus in outreachStatusList --><option ng-repeat="outreachStatus in outreachStatusList" value="5" class="ng-binding ng-scope">No Additional Outreach Required</option><!-- end ngRepeat: outreachStatus in outreachStatusList -->
            	</select> 
            </td>
            <!--<td>{{ veteran.OutreachStatus }}</td>-->
        </tr><!-- end ngRepeat: veteran in veteranList --><tr ng-repeat="veteran in veteranList" class="ng-scope">
            <td class="ng-binding"></td>
            <td class="ng-binding">xxx-xx-7659</td>
            <td class="ng-binding">(800) 555-4197</td>
            <td class="ng-binding">11/29/1995</td>
            <td class="ng-binding">High</td>
            <td>
            	<select class="form-control" style="width: 180px;" id="vet_278117">
            		<option value=""></option>
            		<!-- ngRepeat: outreachStatus in outreachStatusList --><option ng-repeat="outreachStatus in outreachStatusList" value="1" class="ng-binding ng-scope">Not Contacted</option><!-- end ngRepeat: outreachStatus in outreachStatusList --><option ng-repeat="outreachStatus in outreachStatusList" value="2" class="ng-binding ng-scope">Outreach Initiated</option><!-- end ngRepeat: outreachStatus in outreachStatusList --><option ng-repeat="outreachStatus in outreachStatusList" value="3" class="ng-binding ng-scope">Outreach Attempted - No Response</option><!-- end ngRepeat: outreachStatus in outreachStatusList --><option ng-repeat="outreachStatus in outreachStatusList" value="4" class="ng-binding ng-scope">Services Refused</option><!-- end ngRepeat: outreachStatus in outreachStatusList --><option ng-repeat="outreachStatus in outreachStatusList" value="5" class="ng-binding ng-scope">No Additional Outreach Required</option><!-- end ngRepeat: outreachStatus in outreachStatusList -->
            	</select> 
            </td>
            <!--<td>{{ veteran.OutreachStatus }}</td>-->
        </tr><!-- end ngRepeat: veteran in veteranList --><tr ng-repeat="veteran in veteranList" class="ng-scope">
            <td class="ng-binding"></td>
            <td class="ng-binding">xxx-xx-7248</td>
            <td class="ng-binding">(800) 555-1454</td>
            <td class="ng-binding">8/12/2006</td>
            <td class="ng-binding">High</td>
            <td>
            	<select class="form-control" style="width: 180px;" id="vet_315760">
            		<option value=""></option>
            		<!-- ngRepeat: outreachStatus in outreachStatusList --><option ng-repeat="outreachStatus in outreachStatusList" value="1" class="ng-binding ng-scope">Not Contacted</option><!-- end ngRepeat: outreachStatus in outreachStatusList --><option ng-repeat="outreachStatus in outreachStatusList" value="2" class="ng-binding ng-scope">Outreach Initiated</option><!-- end ngRepeat: outreachStatus in outreachStatusList --><option ng-repeat="outreachStatus in outreachStatusList" value="3" class="ng-binding ng-scope">Outreach Attempted - No Response</option><!-- end ngRepeat: outreachStatus in outreachStatusList --><option ng-repeat="outreachStatus in outreachStatusList" value="4" class="ng-binding ng-scope">Services Refused</option><!-- end ngRepeat: outreachStatus in outreachStatusList --><option ng-repeat="outreachStatus in outreachStatusList" value="5" class="ng-binding ng-scope">No Additional Outreach Required</option><!-- end ngRepeat: outreachStatus in outreachStatusList -->
            	</select> 
            </td>
            <!--<td>{{ veteran.OutreachStatus }}</td>-->
        </tr><!-- end ngRepeat: veteran in veteranList --><tr ng-repeat="veteran in veteranList" class="ng-scope">
            <td class="ng-binding"></td>
            <td class="ng-binding">xxx-xx-8879</td>
            <td class="ng-binding">(800) 555-0394</td>
            <td class="ng-binding">5/23/2009</td>
            <td class="ng-binding">High</td>
            <td>
            	<select class="form-control" style="width: 180px;" id="vet_315788">
            		<option value=""></option>
            		<!-- ngRepeat: outreachStatus in outreachStatusList --><option ng-repeat="outreachStatus in outreachStatusList" value="1" class="ng-binding ng-scope">Not Contacted</option><!-- end ngRepeat: outreachStatus in outreachStatusList --><option ng-repeat="outreachStatus in outreachStatusList" value="2" class="ng-binding ng-scope">Outreach Initiated</option><!-- end ngRepeat: outreachStatus in outreachStatusList --><option ng-repeat="outreachStatus in outreachStatusList" value="3" class="ng-binding ng-scope">Outreach Attempted - No Response</option><!-- end ngRepeat: outreachStatus in outreachStatusList --><option ng-repeat="outreachStatus in outreachStatusList" value="4" class="ng-binding ng-scope">Services Refused</option><!-- end ngRepeat: outreachStatus in outreachStatusList --><option ng-repeat="outreachStatus in outreachStatusList" value="5" class="ng-binding ng-scope">No Additional Outreach Required</option><!-- end ngRepeat: outreachStatus in outreachStatusList -->
            	</select> 
            </td>
            <!--<td>{{ veteran.OutreachStatus }}</td>-->
        </tr><!-- end ngRepeat: veteran in veteranList --><tr ng-repeat="veteran in veteranList" class="ng-scope">
            <td class="ng-binding"></td>
            <td class="ng-binding">xxx-xx-1834</td>
            <td class="ng-binding">(800) 555-5347</td>
            <td class="ng-binding">10/2/1999</td>
            <td class="ng-binding">High</td>
            <td>
            	<select class="form-control" style="width: 180px;" id="vet_319886">
            		<option value=""></option>
            		<!-- ngRepeat: outreachStatus in outreachStatusList --><option ng-repeat="outreachStatus in outreachStatusList" value="1" class="ng-binding ng-scope">Not Contacted</option><!-- end ngRepeat: outreachStatus in outreachStatusList --><option ng-repeat="outreachStatus in outreachStatusList" value="2" class="ng-binding ng-scope">Outreach Initiated</option><!-- end ngRepeat: outreachStatus in outreachStatusList --><option ng-repeat="outreachStatus in outreachStatusList" value="3" class="ng-binding ng-scope">Outreach Attempted - No Response</option><!-- end ngRepeat: outreachStatus in outreachStatusList --><option ng-repeat="outreachStatus in outreachStatusList" value="4" class="ng-binding ng-scope">Services Refused</option><!-- end ngRepeat: outreachStatus in outreachStatusList --><option ng-repeat="outreachStatus in outreachStatusList" value="5" class="ng-binding ng-scope">No Additional Outreach Required</option><!-- end ngRepeat: outreachStatus in outreachStatusList -->
            	</select> 
            </td>
            <!--<td>{{ veteran.OutreachStatus }}</td>-->
        </tr><!-- end ngRepeat: veteran in veteranList --><tr ng-repeat="veteran in veteranList" class="ng-scope">
            <td class="ng-binding"></td>
            <td class="ng-binding">xxx-xx-0825</td>
            <td class="ng-binding">(800) 555-8299</td>
            <td class="ng-binding">9/24/2012</td>
            <td class="ng-binding">High</td>
            <td>
            	<select class="form-control" style="width: 180px;" id="vet_320359">
            		<option value=""></option>
            		<!-- ngRepeat: outreachStatus in outreachStatusList --><option ng-repeat="outreachStatus in outreachStatusList" value="1" class="ng-binding ng-scope">Not Contacted</option><!-- end ngRepeat: outreachStatus in outreachStatusList --><option ng-repeat="outreachStatus in outreachStatusList" value="2" class="ng-binding ng-scope">Outreach Initiated</option><!-- end ngRepeat: outreachStatus in outreachStatusList --><option ng-repeat="outreachStatus in outreachStatusList" value="3" class="ng-binding ng-scope">Outreach Attempted - No Response</option><!-- end ngRepeat: outreachStatus in outreachStatusList --><option ng-repeat="outreachStatus in outreachStatusList" value="4" class="ng-binding ng-scope">Services Refused</option><!-- end ngRepeat: outreachStatus in outreachStatusList --><option ng-repeat="outreachStatus in outreachStatusList" value="5" class="ng-binding ng-scope">No Additional Outreach Required</option><!-- end ngRepeat: outreachStatus in outreachStatusList -->
            	</select> 
            </td>
            <!--<td>{{ veteran.OutreachStatus }}</td>-->
        </tr><!-- end ngRepeat: veteran in veteranList --><tr ng-repeat="veteran in veteranList" class="ng-scope">
            <td class="ng-binding"></td>
            <td class="ng-binding">xxx-xx-7639</td>
            <td class="ng-binding">(800) 555-9832</td>
            <td class="ng-binding">12/31/2005</td>
            <td class="ng-binding">High</td>
            <td>
            	<select class="form-control" style="width: 180px;" id="vet_322882">
            		<option value=""></option>
            		<!-- ngRepeat: outreachStatus in outreachStatusList --><option ng-repeat="outreachStatus in outreachStatusList" value="1" class="ng-binding ng-scope">Not Contacted</option><!-- end ngRepeat: outreachStatus in outreachStatusList --><option ng-repeat="outreachStatus in outreachStatusList" value="2" class="ng-binding ng-scope">Outreach Initiated</option><!-- end ngRepeat: outreachStatus in outreachStatusList --><option ng-repeat="outreachStatus in outreachStatusList" value="3" class="ng-binding ng-scope">Outreach Attempted - No Response</option><!-- end ngRepeat: outreachStatus in outreachStatusList --><option ng-repeat="outreachStatus in outreachStatusList" value="4" class="ng-binding ng-scope">Services Refused</option><!-- end ngRepeat: outreachStatus in outreachStatusList --><option ng-repeat="outreachStatus in outreachStatusList" value="5" class="ng-binding ng-scope">No Additional Outreach Required</option><!-- end ngRepeat: outreachStatus in outreachStatusList -->
            	</select> 
            </td>
            <!--<td>{{ veteran.OutreachStatus }}</td>-->
        </tr><!-- end ngRepeat: veteran in veteranList --><tr ng-repeat="veteran in veteranList" class="ng-scope">
            <td class="ng-binding"></td>
            <td class="ng-binding">xxx-xx-1207</td>
            <td class="ng-binding">(800) 555-8179</td>
            <td class="ng-binding">1/5/2003</td>
            <td class="ng-binding">High</td>
            <td>
            	<select class="form-control" style="width: 180px;" id="vet_323682">
            		<option value=""></option>
            		<!-- ngRepeat: outreachStatus in outreachStatusList --><option ng-repeat="outreachStatus in outreachStatusList" value="1" class="ng-binding ng-scope">Not Contacted</option><!-- end ngRepeat: outreachStatus in outreachStatusList --><option ng-repeat="outreachStatus in outreachStatusList" value="2" class="ng-binding ng-scope">Outreach Initiated</option><!-- end ngRepeat: outreachStatus in outreachStatusList --><option ng-repeat="outreachStatus in outreachStatusList" value="3" class="ng-binding ng-scope">Outreach Attempted - No Response</option><!-- end ngRepeat: outreachStatus in outreachStatusList --><option ng-repeat="outreachStatus in outreachStatusList" value="4" class="ng-binding ng-scope">Services Refused</option><!-- end ngRepeat: outreachStatus in outreachStatusList --><option ng-repeat="outreachStatus in outreachStatusList" value="5" class="ng-binding ng-scope">No Additional Outreach Required</option><!-- end ngRepeat: outreachStatus in outreachStatusList -->
            	</select> 
            </td>
            <!--<td>{{ veteran.OutreachStatus }}</td>-->
        </tr><!-- end ngRepeat: veteran in veteranList --><tr ng-repeat="veteran in veteranList" class="ng-scope">
            <td class="ng-binding"></td>
            <td class="ng-binding">xxx-xx-8635</td>
            <td class="ng-binding">(800) 555-2276</td>
            <td class="ng-binding">9/25/2005</td>
            <td class="ng-binding">High</td>
            <td>
            	<select class="form-control" style="width: 180px;" id="vet_356838">
            		<option value=""></option>
            		<!-- ngRepeat: outreachStatus in outreachStatusList --><option ng-repeat="outreachStatus in outreachStatusList" value="1" class="ng-binding ng-scope">Not Contacted</option><!-- end ngRepeat: outreachStatus in outreachStatusList --><option ng-repeat="outreachStatus in outreachStatusList" value="2" class="ng-binding ng-scope">Outreach Initiated</option><!-- end ngRepeat: outreachStatus in outreachStatusList --><option ng-repeat="outreachStatus in outreachStatusList" value="3" class="ng-binding ng-scope">Outreach Attempted - No Response</option><!-- end ngRepeat: outreachStatus in outreachStatusList --><option ng-repeat="outreachStatus in outreachStatusList" value="4" class="ng-binding ng-scope">Services Refused</option><!-- end ngRepeat: outreachStatus in outreachStatusList --><option ng-repeat="outreachStatus in outreachStatusList" value="5" class="ng-binding ng-scope">No Additional Outreach Required</option><!-- end ngRepeat: outreachStatus in outreachStatusList -->
            	</select> 
            </td>
            <!--<td>{{ veteran.OutreachStatus }}</td>-->
        </tr><!-- end ngRepeat: veteran in veteranList --><tr ng-repeat="veteran in veteranList" class="ng-scope">
            <td class="ng-binding"></td>
            <td class="ng-binding">xxx-xx-3477</td>
            <td class="ng-binding">(800) 555-1838</td>
            <td class="ng-binding">10/7/2000</td>
            <td class="ng-binding">High</td>
            <td>
            	<select class="form-control" style="width: 180px;" id="vet_403529">
            		<option value=""></option>
            		<!-- ngRepeat: outreachStatus in outreachStatusList --><option ng-repeat="outreachStatus in outreachStatusList" value="1" class="ng-binding ng-scope">Not Contacted</option><!-- end ngRepeat: outreachStatus in outreachStatusList --><option ng-repeat="outreachStatus in outreachStatusList" value="2" class="ng-binding ng-scope">Outreach Initiated</option><!-- end ngRepeat: outreachStatus in outreachStatusList --><option ng-repeat="outreachStatus in outreachStatusList" value="3" class="ng-binding ng-scope">Outreach Attempted - No Response</option><!-- end ngRepeat: outreachStatus in outreachStatusList --><option ng-repeat="outreachStatus in outreachStatusList" value="4" class="ng-binding ng-scope">Services Refused</option><!-- end ngRepeat: outreachStatus in outreachStatusList --><option ng-repeat="outreachStatus in outreachStatusList" value="5" class="ng-binding ng-scope">No Additional Outreach Required</option><!-- end ngRepeat: outreachStatus in outreachStatusList -->
            	</select> 
            </td>
            <!--<td>{{ veteran.OutreachStatus }}</td>-->
        </tr><!-- end ngRepeat: veteran in veteranList --><tr ng-repeat="veteran in veteranList" class="ng-scope">
            <td class="ng-binding"></td>
            <td class="ng-binding">xxx-xx-2211</td>
            <td class="ng-binding">(800) 555-0575</td>
            <td class="ng-binding">1/3/1998</td>
            <td class="ng-binding">High</td>
            <td>
            	<select class="form-control" style="width: 180px;" id="vet_404711">
            		<option value=""></option>
            		<!-- ngRepeat: outreachStatus in outreachStatusList --><option ng-repeat="outreachStatus in outreachStatusList" value="1" class="ng-binding ng-scope">Not Contacted</option><!-- end ngRepeat: outreachStatus in outreachStatusList --><option ng-repeat="outreachStatus in outreachStatusList" value="2" class="ng-binding ng-scope">Outreach Initiated</option><!-- end ngRepeat: outreachStatus in outreachStatusList --><option ng-repeat="outreachStatus in outreachStatusList" value="3" class="ng-binding ng-scope">Outreach Attempted - No Response</option><!-- end ngRepeat: outreachStatus in outreachStatusList --><option ng-repeat="outreachStatus in outreachStatusList" value="4" class="ng-binding ng-scope">Services Refused</option><!-- end ngRepeat: outreachStatus in outreachStatusList --><option ng-repeat="outreachStatus in outreachStatusList" value="5" class="ng-binding ng-scope">No Additional Outreach Required</option><!-- end ngRepeat: outreachStatus in outreachStatusList -->
            	</select> 
            </td>
            <!--<td>{{ veteran.OutreachStatus }}</td>-->
        </tr><!-- end ngRepeat: veteran in veteranList --><tr ng-repeat="veteran in veteranList" class="ng-scope">
            <td class="ng-binding"></td>
            <td class="ng-binding">xxx-xx-2959</td>
            <td class="ng-binding">(800) 555-0533</td>
            <td class="ng-binding">1/2/2007</td>
            <td class="ng-binding">High</td>
            <td>
            	<select class="form-control" style="width: 180px;" id="vet_406823">
            		<option value=""></option>
            		<!-- ngRepeat: outreachStatus in outreachStatusList --><option ng-repeat="outreachStatus in outreachStatusList" value="1" class="ng-binding ng-scope">Not Contacted</option><!-- end ngRepeat: outreachStatus in outreachStatusList --><option ng-repeat="outreachStatus in outreachStatusList" value="2" class="ng-binding ng-scope">Outreach Initiated</option><!-- end ngRepeat: outreachStatus in outreachStatusList --><option ng-repeat="outreachStatus in outreachStatusList" value="3" class="ng-binding ng-scope">Outreach Attempted - No Response</option><!-- end ngRepeat: outreachStatus in outreachStatusList --><option ng-repeat="outreachStatus in outreachStatusList" value="4" class="ng-binding ng-scope">Services Refused</option><!-- end ngRepeat: outreachStatus in outreachStatusList --><option ng-repeat="outreachStatus in outreachStatusList" value="5" class="ng-binding ng-scope">No Additional Outreach Required</option><!-- end ngRepeat: outreachStatus in outreachStatusList -->
            	</select> 
            </td>
            <!--<td>{{ veteran.OutreachStatus }}</td>-->
        </tr><!-- end ngRepeat: veteran in veteranList --><tr ng-repeat="veteran in veteranList" class="ng-scope">
            <td class="ng-binding"></td>
            <td class="ng-binding">xxx-xx-1666</td>
            <td class="ng-binding">(800) 555-6082</td>
            <td class="ng-binding">2/3/2000</td>
            <td class="ng-binding">High</td>
            <td>
            	<select class="form-control" style="width: 180px;" id="vet_441482">
            		<option value=""></option>
            		<!-- ngRepeat: outreachStatus in outreachStatusList --><option ng-repeat="outreachStatus in outreachStatusList" value="1" class="ng-binding ng-scope">Not Contacted</option><!-- end ngRepeat: outreachStatus in outreachStatusList --><option ng-repeat="outreachStatus in outreachStatusList" value="2" class="ng-binding ng-scope">Outreach Initiated</option><!-- end ngRepeat: outreachStatus in outreachStatusList --><option ng-repeat="outreachStatus in outreachStatusList" value="3" class="ng-binding ng-scope">Outreach Attempted - No Response</option><!-- end ngRepeat: outreachStatus in outreachStatusList --><option ng-repeat="outreachStatus in outreachStatusList" value="4" class="ng-binding ng-scope">Services Refused</option><!-- end ngRepeat: outreachStatus in outreachStatusList --><option ng-repeat="outreachStatus in outreachStatusList" value="5" class="ng-binding ng-scope">No Additional Outreach Required</option><!-- end ngRepeat: outreachStatus in outreachStatusList -->
            	</select> 
            </td>
            <!--<td>{{ veteran.OutreachStatus }}</td>-->
        </tr><!-- end ngRepeat: veteran in veteranList --><tr ng-repeat="veteran in veteranList" class="ng-scope">
            <td class="ng-binding"></td>
            <td class="ng-binding">xxx-xx-6126</td>
            <td class="ng-binding">(800) 555-2376</td>
            <td class="ng-binding">6/3/2002</td>
            <td class="ng-binding">High</td>
            <td>
            	<select class="form-control" style="width: 180px;" id="vet_446088">
            		<option value=""></option>
            		<!-- ngRepeat: outreachStatus in outreachStatusList --><option ng-repeat="outreachStatus in outreachStatusList" value="1" class="ng-binding ng-scope">Not Contacted</option><!-- end ngRepeat: outreachStatus in outreachStatusList --><option ng-repeat="outreachStatus in outreachStatusList" value="2" class="ng-binding ng-scope">Outreach Initiated</option><!-- end ngRepeat: outreachStatus in outreachStatusList --><option ng-repeat="outreachStatus in outreachStatusList" value="3" class="ng-binding ng-scope">Outreach Attempted - No Response</option><!-- end ngRepeat: outreachStatus in outreachStatusList --><option ng-repeat="outreachStatus in outreachStatusList" value="4" class="ng-binding ng-scope">Services Refused</option><!-- end ngRepeat: outreachStatus in outreachStatusList --><option ng-repeat="outreachStatus in outreachStatusList" value="5" class="ng-binding ng-scope">No Additional Outreach Required</option><!-- end ngRepeat: outreachStatus in outreachStatusList -->
            	</select> 
            </td>
            <!--<td>{{ veteran.OutreachStatus }}</td>-->
        </tr><!-- end ngRepeat: veteran in veteranList --><tr ng-repeat="veteran in veteranList" class="ng-scope">
            <td class="ng-binding"></td>
            <td class="ng-binding">xxx-xx-5391</td>
            <td class="ng-binding">(800) 555-9262</td>
            <td class="ng-binding">4/4/2003</td>
            <td class="ng-binding">High</td>
            <td>
            	<select class="form-control" style="width: 180px;" id="vet_446368">
            		<option value=""></option>
            		<!-- ngRepeat: outreachStatus in outreachStatusList --><option ng-repeat="outreachStatus in outreachStatusList" value="1" class="ng-binding ng-scope">Not Contacted</option><!-- end ngRepeat: outreachStatus in outreachStatusList --><option ng-repeat="outreachStatus in outreachStatusList" value="2" class="ng-binding ng-scope">Outreach Initiated</option><!-- end ngRepeat: outreachStatus in outreachStatusList --><option ng-repeat="outreachStatus in outreachStatusList" value="3" class="ng-binding ng-scope">Outreach Attempted - No Response</option><!-- end ngRepeat: outreachStatus in outreachStatusList --><option ng-repeat="outreachStatus in outreachStatusList" value="4" class="ng-binding ng-scope">Services Refused</option><!-- end ngRepeat: outreachStatus in outreachStatusList --><option ng-repeat="outreachStatus in outreachStatusList" value="5" class="ng-binding ng-scope">No Additional Outreach Required</option><!-- end ngRepeat: outreachStatus in outreachStatusList -->
            	</select> 
            </td>
            <!--<td>{{ veteran.OutreachStatus }}</td>-->
        </tr><!-- end ngRepeat: veteran in veteranList --><tr ng-repeat="veteran in veteranList" class="ng-scope">
            <td class="ng-binding"></td>
            <td class="ng-binding">xxx-xx-2739</td>
            <td class="ng-binding">(800) 555-1493</td>
            <td class="ng-binding">4/1/2001</td>
            <td class="ng-binding">High</td>
            <td>
            	<select class="form-control" style="width: 180px;" id="vet_479697">
            		<option value=""></option>
            		<!-- ngRepeat: outreachStatus in outreachStatusList --><option ng-repeat="outreachStatus in outreachStatusList" value="1" class="ng-binding ng-scope">Not Contacted</option><!-- end ngRepeat: outreachStatus in outreachStatusList --><option ng-repeat="outreachStatus in outreachStatusList" value="2" class="ng-binding ng-scope">Outreach Initiated</option><!-- end ngRepeat: outreachStatus in outreachStatusList --><option ng-repeat="outreachStatus in outreachStatusList" value="3" class="ng-binding ng-scope">Outreach Attempted - No Response</option><!-- end ngRepeat: outreachStatus in outreachStatusList --><option ng-repeat="outreachStatus in outreachStatusList" value="4" class="ng-binding ng-scope">Services Refused</option><!-- end ngRepeat: outreachStatus in outreachStatusList --><option ng-repeat="outreachStatus in outreachStatusList" value="5" class="ng-binding ng-scope">No Additional Outreach Required</option><!-- end ngRepeat: outreachStatus in outreachStatusList -->
            	</select> 
            </td>
            <!--<td>{{ veteran.OutreachStatus }}</td>-->
        </tr><!-- end ngRepeat: veteran in veteranList --><tr ng-repeat="veteran in veteranList" class="ng-scope">
            <td class="ng-binding"></td>
            <td class="ng-binding">xxx-xx-0931</td>
            <td class="ng-binding">(800) 555-9966</td>
            <td class="ng-binding">8/19/2004</td>
            <td class="ng-binding">High</td>
            <td>
            	<select class="form-control" style="width: 180px;" id="vet_483768">
            		<option value=""></option>
            		<!-- ngRepeat: outreachStatus in outreachStatusList --><option ng-repeat="outreachStatus in outreachStatusList" value="1" class="ng-binding ng-scope">Not Contacted</option><!-- end ngRepeat: outreachStatus in outreachStatusList --><option ng-repeat="outreachStatus in outreachStatusList" value="2" class="ng-binding ng-scope">Outreach Initiated</option><!-- end ngRepeat: outreachStatus in outreachStatusList --><option ng-repeat="outreachStatus in outreachStatusList" value="3" class="ng-binding ng-scope">Outreach Attempted - No Response</option><!-- end ngRepeat: outreachStatus in outreachStatusList --><option ng-repeat="outreachStatus in outreachStatusList" value="4" class="ng-binding ng-scope">Services Refused</option><!-- end ngRepeat: outreachStatus in outreachStatusList --><option ng-repeat="outreachStatus in outreachStatusList" value="5" class="ng-binding ng-scope">No Additional Outreach Required</option><!-- end ngRepeat: outreachStatus in outreachStatusList -->
            	</select> 
            </td>
            <!--<td>{{ veteran.OutreachStatus }}</td>-->
        </tr><!-- end ngRepeat: veteran in veteranList --><tr ng-repeat="veteran in veteranList" class="ng-scope">
            <td class="ng-binding"></td>
            <td class="ng-binding">xxx-xx-5732</td>
            <td class="ng-binding">(800) 555-2830</td>
            <td class="ng-binding">3/11/1997</td>
            <td class="ng-binding">High</td>
            <td>
            	<select class="form-control" style="width: 180px;" id="vet_484889">
            		<option value=""></option>
            		<!-- ngRepeat: outreachStatus in outreachStatusList --><option ng-repeat="outreachStatus in outreachStatusList" value="1" class="ng-binding ng-scope">Not Contacted</option><!-- end ngRepeat: outreachStatus in outreachStatusList --><option ng-repeat="outreachStatus in outreachStatusList" value="2" class="ng-binding ng-scope">Outreach Initiated</option><!-- end ngRepeat: outreachStatus in outreachStatusList --><option ng-repeat="outreachStatus in outreachStatusList" value="3" class="ng-binding ng-scope">Outreach Attempted - No Response</option><!-- end ngRepeat: outreachStatus in outreachStatusList --><option ng-repeat="outreachStatus in outreachStatusList" value="4" class="ng-binding ng-scope">Services Refused</option><!-- end ngRepeat: outreachStatus in outreachStatusList --><option ng-repeat="outreachStatus in outreachStatusList" value="5" class="ng-binding ng-scope">No Additional Outreach Required</option><!-- end ngRepeat: outreachStatus in outreachStatusList -->
            	</select> 
            </td>
            <!--<td>{{ veteran.OutreachStatus }}</td>-->
        </tr><!-- end ngRepeat: veteran in veteranList --><tr ng-repeat="veteran in veteranList" class="ng-scope">
            <td class="ng-binding"></td>
            <td class="ng-binding">xxx-xx-6800</td>
            <td class="ng-binding">(800) 555-5400</td>
            <td class="ng-binding">7/17/2014</td>
            <td class="ng-binding">High</td>
            <td>
            	<select class="form-control" style="width: 180px;" id="vet_521558">
            		<option value=""></option>
            		<!-- ngRepeat: outreachStatus in outreachStatusList --><option ng-repeat="outreachStatus in outreachStatusList" value="1" class="ng-binding ng-scope">Not Contacted</option><!-- end ngRepeat: outreachStatus in outreachStatusList --><option ng-repeat="outreachStatus in outreachStatusList" value="2" class="ng-binding ng-scope">Outreach Initiated</option><!-- end ngRepeat: outreachStatus in outreachStatusList --><option ng-repeat="outreachStatus in outreachStatusList" value="3" class="ng-binding ng-scope">Outreach Attempted - No Response</option><!-- end ngRepeat: outreachStatus in outreachStatusList --><option ng-repeat="outreachStatus in outreachStatusList" value="4" class="ng-binding ng-scope">Services Refused</option><!-- end ngRepeat: outreachStatus in outreachStatusList --><option ng-repeat="outreachStatus in outreachStatusList" value="5" class="ng-binding ng-scope">No Additional Outreach Required</option><!-- end ngRepeat: outreachStatus in outreachStatusList -->
            	</select> 
            </td>
            <!--<td>{{ veteran.OutreachStatus }}</td>-->
        </tr><!-- end ngRepeat: veteran in veteranList --><tr ng-repeat="veteran in veteranList" class="ng-scope">
            <td class="ng-binding"></td>
            <td class="ng-binding">xxx-xx-2696</td>
            <td class="ng-binding">(800) 555-6321</td>
            <td class="ng-binding">7/27/1998</td>
            <td class="ng-binding">High</td>
            <td>
            	<select class="form-control" style="width: 180px;" id="vet_524125">
            		<option value=""></option>
            		<!-- ngRepeat: outreachStatus in outreachStatusList --><option ng-repeat="outreachStatus in outreachStatusList" value="1" class="ng-binding ng-scope">Not Contacted</option><!-- end ngRepeat: outreachStatus in outreachStatusList --><option ng-repeat="outreachStatus in outreachStatusList" value="2" class="ng-binding ng-scope">Outreach Initiated</option><!-- end ngRepeat: outreachStatus in outreachStatusList --><option ng-repeat="outreachStatus in outreachStatusList" value="3" class="ng-binding ng-scope">Outreach Attempted - No Response</option><!-- end ngRepeat: outreachStatus in outreachStatusList --><option ng-repeat="outreachStatus in outreachStatusList" value="4" class="ng-binding ng-scope">Services Refused</option><!-- end ngRepeat: outreachStatus in outreachStatusList --><option ng-repeat="outreachStatus in outreachStatusList" value="5" class="ng-binding ng-scope">No Additional Outreach Required</option><!-- end ngRepeat: outreachStatus in outreachStatusList -->
            	</select> 
            </td>
            <!--<td>{{ veteran.OutreachStatus }}</td>-->
        </tr><!-- end ngRepeat: veteran in veteranList --><tr ng-repeat="veteran in veteranList" class="ng-scope">
            <td class="ng-binding"></td>
            <td class="ng-binding">xxx-xx-5198</td>
            <td class="ng-binding">(800) 555-6053</td>
            <td class="ng-binding">6/27/2002</td>
            <td class="ng-binding">High</td>
            <td>
            	<select class="form-control" style="width: 180px;" id="vet_526833">
            		<option value=""></option>
            		<!-- ngRepeat: outreachStatus in outreachStatusList --><option ng-repeat="outreachStatus in outreachStatusList" value="1" class="ng-binding ng-scope">Not Contacted</option><!-- end ngRepeat: outreachStatus in outreachStatusList --><option ng-repeat="outreachStatus in outreachStatusList" value="2" class="ng-binding ng-scope">Outreach Initiated</option><!-- end ngRepeat: outreachStatus in outreachStatusList --><option ng-repeat="outreachStatus in outreachStatusList" value="3" class="ng-binding ng-scope">Outreach Attempted - No Response</option><!-- end ngRepeat: outreachStatus in outreachStatusList --><option ng-repeat="outreachStatus in outreachStatusList" value="4" class="ng-binding ng-scope">Services Refused</option><!-- end ngRepeat: outreachStatus in outreachStatusList --><option ng-repeat="outreachStatus in outreachStatusList" value="5" class="ng-binding ng-scope">No Additional Outreach Required</option><!-- end ngRepeat: outreachStatus in outreachStatusList -->
            	</select> 
            </td>
            <!--<td>{{ veteran.OutreachStatus }}</td>-->
        </tr><!-- end ngRepeat: veteran in veteranList --><tr ng-repeat="veteran in veteranList" class="ng-scope">
            <td class="ng-binding"></td>
            <td class="ng-binding">xxx-xx-1331</td>
            <td class="ng-binding">(800) 555-9999</td>
            <td class="ng-binding">5/14/2003</td>
            <td class="ng-binding">High</td>
            <td>
            	<select class="form-control" style="width: 180px;" id="vet_530171">
            		<option value=""></option>
            		<!-- ngRepeat: outreachStatus in outreachStatusList --><option ng-repeat="outreachStatus in outreachStatusList" value="1" class="ng-binding ng-scope">Not Contacted</option><!-- end ngRepeat: outreachStatus in outreachStatusList --><option ng-repeat="outreachStatus in outreachStatusList" value="2" class="ng-binding ng-scope">Outreach Initiated</option><!-- end ngRepeat: outreachStatus in outreachStatusList --><option ng-repeat="outreachStatus in outreachStatusList" value="3" class="ng-binding ng-scope">Outreach Attempted - No Response</option><!-- end ngRepeat: outreachStatus in outreachStatusList --><option ng-repeat="outreachStatus in outreachStatusList" value="4" class="ng-binding ng-scope">Services Refused</option><!-- end ngRepeat: outreachStatus in outreachStatusList --><option ng-repeat="outreachStatus in outreachStatusList" value="5" class="ng-binding ng-scope">No Additional Outreach Required</option><!-- end ngRepeat: outreachStatus in outreachStatusList -->
            	</select> 
            </td>
            <!--<td>{{ veteran.OutreachStatus }}</td>-->
        </tr><!-- end ngRepeat: veteran in veteranList --><tr ng-repeat="veteran in veteranList" class="ng-scope">
            <td class="ng-binding"></td>
            <td class="ng-binding">xxx-xx-6925</td>
            <td class="ng-binding">(800) 555-4637</td>
            <td class="ng-binding">4/27/1999</td>
            <td class="ng-binding">High</td>
            <td>
            	<select class="form-control" style="width: 180px;" id="vet_565431">
            		<option value=""></option>
            		<!-- ngRepeat: outreachStatus in outreachStatusList --><option ng-repeat="outreachStatus in outreachStatusList" value="1" class="ng-binding ng-scope">Not Contacted</option><!-- end ngRepeat: outreachStatus in outreachStatusList --><option ng-repeat="outreachStatus in outreachStatusList" value="2" class="ng-binding ng-scope">Outreach Initiated</option><!-- end ngRepeat: outreachStatus in outreachStatusList --><option ng-repeat="outreachStatus in outreachStatusList" value="3" class="ng-binding ng-scope">Outreach Attempted - No Response</option><!-- end ngRepeat: outreachStatus in outreachStatusList --><option ng-repeat="outreachStatus in outreachStatusList" value="4" class="ng-binding ng-scope">Services Refused</option><!-- end ngRepeat: outreachStatus in outreachStatusList --><option ng-repeat="outreachStatus in outreachStatusList" value="5" class="ng-binding ng-scope">No Additional Outreach Required</option><!-- end ngRepeat: outreachStatus in outreachStatusList -->
            	</select> 
            </td>
            <!--<td>{{ veteran.OutreachStatus }}</td>-->
        </tr><!-- end ngRepeat: veteran in veteranList --><tr ng-repeat="veteran in veteranList" class="ng-scope">
            <td class="ng-binding"></td>
            <td class="ng-binding">xxx-xx-1458</td>
            <td class="ng-binding">(800) 555-3121</td>
            <td class="ng-binding">2/20/2007</td>
            <td class="ng-binding">High</td>
            <td>
            	<select class="form-control" style="width: 180px;" id="vet_566384">
            		<option value=""></option>
            		<!-- ngRepeat: outreachStatus in outreachStatusList --><option ng-repeat="outreachStatus in outreachStatusList" value="1" class="ng-binding ng-scope">Not Contacted</option><!-- end ngRepeat: outreachStatus in outreachStatusList --><option ng-repeat="outreachStatus in outreachStatusList" value="2" class="ng-binding ng-scope">Outreach Initiated</option><!-- end ngRepeat: outreachStatus in outreachStatusList --><option ng-repeat="outreachStatus in outreachStatusList" value="3" class="ng-binding ng-scope">Outreach Attempted - No Response</option><!-- end ngRepeat: outreachStatus in outreachStatusList --><option ng-repeat="outreachStatus in outreachStatusList" value="4" class="ng-binding ng-scope">Services Refused</option><!-- end ngRepeat: outreachStatus in outreachStatusList --><option ng-repeat="outreachStatus in outreachStatusList" value="5" class="ng-binding ng-scope">No Additional Outreach Required</option><!-- end ngRepeat: outreachStatus in outreachStatusList -->
            	</select> 
            </td>
            <!--<td>{{ veteran.OutreachStatus }}</td>-->
        </tr><!-- end ngRepeat: veteran in veteranList --><tr ng-repeat="veteran in veteranList" class="ng-scope">
            <td class="ng-binding"></td>
            <td class="ng-binding">xxx-xx-4414</td>
            <td class="ng-binding">(800) 555-4373</td>
            <td class="ng-binding">12/23/2009</td>
            <td class="ng-binding">High</td>
            <td>
            	<select class="form-control" style="width: 180px;" id="vet_567423">
            		<option value=""></option>
            		<!-- ngRepeat: outreachStatus in outreachStatusList --><option ng-repeat="outreachStatus in outreachStatusList" value="1" class="ng-binding ng-scope">Not Contacted</option><!-- end ngRepeat: outreachStatus in outreachStatusList --><option ng-repeat="outreachStatus in outreachStatusList" value="2" class="ng-binding ng-scope">Outreach Initiated</option><!-- end ngRepeat: outreachStatus in outreachStatusList --><option ng-repeat="outreachStatus in outreachStatusList" value="3" class="ng-binding ng-scope">Outreach Attempted - No Response</option><!-- end ngRepeat: outreachStatus in outreachStatusList --><option ng-repeat="outreachStatus in outreachStatusList" value="4" class="ng-binding ng-scope">Services Refused</option><!-- end ngRepeat: outreachStatus in outreachStatusList --><option ng-repeat="outreachStatus in outreachStatusList" value="5" class="ng-binding ng-scope">No Additional Outreach Required</option><!-- end ngRepeat: outreachStatus in outreachStatusList -->
            	</select> 
            </td>
            <!--<td>{{ veteran.OutreachStatus }}</td>-->
        </tr><!-- end ngRepeat: veteran in veteranList --><tr ng-repeat="veteran in veteranList" class="ng-scope">
            <td class="ng-binding"></td>
            <td class="ng-binding">xxx-xx-5611</td>
            <td class="ng-binding">(800) 555-0340</td>
            <td class="ng-binding">11/4/2008</td>
            <td class="ng-binding">High</td>
            <td>
            	<select class="form-control" style="width: 180px;" id="vet_568788">
            		<option value=""></option>
            		<!-- ngRepeat: outreachStatus in outreachStatusList --><option ng-repeat="outreachStatus in outreachStatusList" value="1" class="ng-binding ng-scope">Not Contacted</option><!-- end ngRepeat: outreachStatus in outreachStatusList --><option ng-repeat="outreachStatus in outreachStatusList" value="2" class="ng-binding ng-scope">Outreach Initiated</option><!-- end ngRepeat: outreachStatus in outreachStatusList --><option ng-repeat="outreachStatus in outreachStatusList" value="3" class="ng-binding ng-scope">Outreach Attempted - No Response</option><!-- end ngRepeat: outreachStatus in outreachStatusList --><option ng-repeat="outreachStatus in outreachStatusList" value="4" class="ng-binding ng-scope">Services Refused</option><!-- end ngRepeat: outreachStatus in outreachStatusList --><option ng-repeat="outreachStatus in outreachStatusList" value="5" class="ng-binding ng-scope">No Additional Outreach Required</option><!-- end ngRepeat: outreachStatus in outreachStatusList -->
            	</select> 
            </td>
            <!--<td>{{ veteran.OutreachStatus }}</td>-->
        </tr><!-- end ngRepeat: veteran in veteranList --><tr ng-repeat="veteran in veteranList" class="ng-scope">
            <td class="ng-binding"></td>
            <td class="ng-binding">xxx-xx-1207</td>
            <td class="ng-binding">(800) 555-5100</td>
            <td class="ng-binding">5/14/1999</td>
            <td class="ng-binding">High</td>
            <td>
            	<select class="form-control" style="width: 180px;" id="vet_601917">
            		<option value=""></option>
            		<!-- ngRepeat: outreachStatus in outreachStatusList --><option ng-repeat="outreachStatus in outreachStatusList" value="1" class="ng-binding ng-scope">Not Contacted</option><!-- end ngRepeat: outreachStatus in outreachStatusList --><option ng-repeat="outreachStatus in outreachStatusList" value="2" class="ng-binding ng-scope">Outreach Initiated</option><!-- end ngRepeat: outreachStatus in outreachStatusList --><option ng-repeat="outreachStatus in outreachStatusList" value="3" class="ng-binding ng-scope">Outreach Attempted - No Response</option><!-- end ngRepeat: outreachStatus in outreachStatusList --><option ng-repeat="outreachStatus in outreachStatusList" value="4" class="ng-binding ng-scope">Services Refused</option><!-- end ngRepeat: outreachStatus in outreachStatusList --><option ng-repeat="outreachStatus in outreachStatusList" value="5" class="ng-binding ng-scope">No Additional Outreach Required</option><!-- end ngRepeat: outreachStatus in outreachStatusList -->
            	</select> 
            </td>
            <!--<td>{{ veteran.OutreachStatus }}</td>-->
        </tr><!-- end ngRepeat: veteran in veteranList --><tr ng-repeat="veteran in veteranList" class="ng-scope">
            <td class="ng-binding"></td>
            <td class="ng-binding">xxx-xx-3899</td>
            <td class="ng-binding">(800) 555-0082</td>
            <td class="ng-binding">12/23/1995</td>
            <td class="ng-binding">High</td>
            <td>
            	<select class="form-control" style="width: 180px;" id="vet_604069">
            		<option value=""></option>
            		<!-- ngRepeat: outreachStatus in outreachStatusList --><option ng-repeat="outreachStatus in outreachStatusList" value="1" class="ng-binding ng-scope">Not Contacted</option><!-- end ngRepeat: outreachStatus in outreachStatusList --><option ng-repeat="outreachStatus in outreachStatusList" value="2" class="ng-binding ng-scope">Outreach Initiated</option><!-- end ngRepeat: outreachStatus in outreachStatusList --><option ng-repeat="outreachStatus in outreachStatusList" value="3" class="ng-binding ng-scope">Outreach Attempted - No Response</option><!-- end ngRepeat: outreachStatus in outreachStatusList --><option ng-repeat="outreachStatus in outreachStatusList" value="4" class="ng-binding ng-scope">Services Refused</option><!-- end ngRepeat: outreachStatus in outreachStatusList --><option ng-repeat="outreachStatus in outreachStatusList" value="5" class="ng-binding ng-scope">No Additional Outreach Required</option><!-- end ngRepeat: outreachStatus in outreachStatusList -->
            	</select> 
            </td>
            <!--<td>{{ veteran.OutreachStatus }}</td>-->
        </tr><!-- end ngRepeat: veteran in veteranList --><tr ng-repeat="veteran in veteranList" class="ng-scope">
            <td class="ng-binding"></td>
            <td class="ng-binding">xxx-xx-0510</td>
            <td class="ng-binding">(800) 555-2287</td>
            <td class="ng-binding">12/11/2004</td>
            <td class="ng-binding">High</td>
            <td>
            	<select class="form-control" style="width: 180px;" id="vet_604334">
            		<option value=""></option>
            		<!-- ngRepeat: outreachStatus in outreachStatusList --><option ng-repeat="outreachStatus in outreachStatusList" value="1" class="ng-binding ng-scope">Not Contacted</option><!-- end ngRepeat: outreachStatus in outreachStatusList --><option ng-repeat="outreachStatus in outreachStatusList" value="2" class="ng-binding ng-scope">Outreach Initiated</option><!-- end ngRepeat: outreachStatus in outreachStatusList --><option ng-repeat="outreachStatus in outreachStatusList" value="3" class="ng-binding ng-scope">Outreach Attempted - No Response</option><!-- end ngRepeat: outreachStatus in outreachStatusList --><option ng-repeat="outreachStatus in outreachStatusList" value="4" class="ng-binding ng-scope">Services Refused</option><!-- end ngRepeat: outreachStatus in outreachStatusList --><option ng-repeat="outreachStatus in outreachStatusList" value="5" class="ng-binding ng-scope">No Additional Outreach Required</option><!-- end ngRepeat: outreachStatus in outreachStatusList -->
            	</select> 
            </td>
            <!--<td>{{ veteran.OutreachStatus }}</td>-->
        </tr><!-- end ngRepeat: veteran in veteranList --><tr ng-repeat="veteran in veteranList" class="ng-scope">
            <td class="ng-binding"></td>
            <td class="ng-binding">xxx-xx-7939</td>
            <td class="ng-binding">(800) 555-2605</td>
            <td class="ng-binding">11/11/2003</td>
            <td class="ng-binding">High</td>
            <td>
            	<select class="form-control" style="width: 180px;" id="vet_605229">
            		<option value=""></option>
            		<!-- ngRepeat: outreachStatus in outreachStatusList --><option ng-repeat="outreachStatus in outreachStatusList" value="1" class="ng-binding ng-scope">Not Contacted</option><!-- end ngRepeat: outreachStatus in outreachStatusList --><option ng-repeat="outreachStatus in outreachStatusList" value="2" class="ng-binding ng-scope">Outreach Initiated</option><!-- end ngRepeat: outreachStatus in outreachStatusList --><option ng-repeat="outreachStatus in outreachStatusList" value="3" class="ng-binding ng-scope">Outreach Attempted - No Response</option><!-- end ngRepeat: outreachStatus in outreachStatusList --><option ng-repeat="outreachStatus in outreachStatusList" value="4" class="ng-binding ng-scope">Services Refused</option><!-- end ngRepeat: outreachStatus in outreachStatusList --><option ng-repeat="outreachStatus in outreachStatusList" value="5" class="ng-binding ng-scope">No Additional Outreach Required</option><!-- end ngRepeat: outreachStatus in outreachStatusList -->
            	</select> 
            </td>
            <!--<td>{{ veteran.OutreachStatus }}</td>-->
        </tr><!-- end ngRepeat: veteran in veteranList --><tr ng-repeat="veteran in veteranList" class="ng-scope">
            <td class="ng-binding"></td>
            <td class="ng-binding">xxx-xx-3484</td>
            <td class="ng-binding">(800) 555-3633</td>
            <td class="ng-binding">11/2/2003</td>
            <td class="ng-binding">High</td>
            <td>
            	<select class="form-control" style="width: 180px;" id="vet_605528">
            		<option value=""></option>
            		<!-- ngRepeat: outreachStatus in outreachStatusList --><option ng-repeat="outreachStatus in outreachStatusList" value="1" class="ng-binding ng-scope">Not Contacted</option><!-- end ngRepeat: outreachStatus in outreachStatusList --><option ng-repeat="outreachStatus in outreachStatusList" value="2" class="ng-binding ng-scope">Outreach Initiated</option><!-- end ngRepeat: outreachStatus in outreachStatusList --><option ng-repeat="outreachStatus in outreachStatusList" value="3" class="ng-binding ng-scope">Outreach Attempted - No Response</option><!-- end ngRepeat: outreachStatus in outreachStatusList --><option ng-repeat="outreachStatus in outreachStatusList" value="4" class="ng-binding ng-scope">Services Refused</option><!-- end ngRepeat: outreachStatus in outreachStatusList --><option ng-repeat="outreachStatus in outreachStatusList" value="5" class="ng-binding ng-scope">No Additional Outreach Required</option><!-- end ngRepeat: outreachStatus in outreachStatusList -->
            	</select> 
            </td>
            <!--<td>{{ veteran.OutreachStatus }}</td>-->
        </tr><!-- end ngRepeat: veteran in veteranList --><tr ng-repeat="veteran in veteranList" class="ng-scope">
            <td class="ng-binding"></td>
            <td class="ng-binding">xxx-xx-7504</td>
            <td class="ng-binding">(800) 555-7695</td>
            <td class="ng-binding">7/26/2002</td>
            <td class="ng-binding">High</td>
            <td>
            	<select class="form-control" style="width: 180px;" id="vet_605789">
            		<option value=""></option>
            		<!-- ngRepeat: outreachStatus in outreachStatusList --><option ng-repeat="outreachStatus in outreachStatusList" value="1" class="ng-binding ng-scope">Not Contacted</option><!-- end ngRepeat: outreachStatus in outreachStatusList --><option ng-repeat="outreachStatus in outreachStatusList" value="2" class="ng-binding ng-scope">Outreach Initiated</option><!-- end ngRepeat: outreachStatus in outreachStatusList --><option ng-repeat="outreachStatus in outreachStatusList" value="3" class="ng-binding ng-scope">Outreach Attempted - No Response</option><!-- end ngRepeat: outreachStatus in outreachStatusList --><option ng-repeat="outreachStatus in outreachStatusList" value="4" class="ng-binding ng-scope">Services Refused</option><!-- end ngRepeat: outreachStatus in outreachStatusList --><option ng-repeat="outreachStatus in outreachStatusList" value="5" class="ng-binding ng-scope">No Additional Outreach Required</option><!-- end ngRepeat: outreachStatus in outreachStatusList -->
            	</select> 
            </td>
            <!--<td>{{ veteran.OutreachStatus }}</td>-->
        </tr><!-- end ngRepeat: veteran in veteranList --><tr ng-repeat="veteran in veteranList" class="ng-scope">
            <td class="ng-binding"></td>
            <td class="ng-binding">xxx-xx-2270</td>
            <td class="ng-binding">(800) 555-3924</td>
            <td class="ng-binding">8/28/2008</td>
            <td class="ng-binding">High</td>
            <td>
            	<select class="form-control" style="width: 180px;" id="vet_610748">
            		<option value=""></option>
            		<!-- ngRepeat: outreachStatus in outreachStatusList --><option ng-repeat="outreachStatus in outreachStatusList" value="1" class="ng-binding ng-scope">Not Contacted</option><!-- end ngRepeat: outreachStatus in outreachStatusList --><option ng-repeat="outreachStatus in outreachStatusList" value="2" class="ng-binding ng-scope">Outreach Initiated</option><!-- end ngRepeat: outreachStatus in outreachStatusList --><option ng-repeat="outreachStatus in outreachStatusList" value="3" class="ng-binding ng-scope">Outreach Attempted - No Response</option><!-- end ngRepeat: outreachStatus in outreachStatusList --><option ng-repeat="outreachStatus in outreachStatusList" value="4" class="ng-binding ng-scope">Services Refused</option><!-- end ngRepeat: outreachStatus in outreachStatusList --><option ng-repeat="outreachStatus in outreachStatusList" value="5" class="ng-binding ng-scope">No Additional Outreach Required</option><!-- end ngRepeat: outreachStatus in outreachStatusList -->
            	</select> 
            </td>
            <!--<td>{{ veteran.OutreachStatus }}</td>-->
        </tr><!-- end ngRepeat: veteran in veteranList --><tr ng-repeat="veteran in veteranList" class="ng-scope">
            <td class="ng-binding"></td>
            <td class="ng-binding">xxx-xx-0000</td>
            <td class="ng-binding">(800) 555-5356</td>
            <td class="ng-binding">1/9/2000</td>
            <td class="ng-binding">High</td>
            <td>
            	<select class="form-control" style="width: 180px;" id="vet_610925">
            		<option value=""></option>
            		<!-- ngRepeat: outreachStatus in outreachStatusList --><option ng-repeat="outreachStatus in outreachStatusList" value="1" class="ng-binding ng-scope">Not Contacted</option><!-- end ngRepeat: outreachStatus in outreachStatusList --><option ng-repeat="outreachStatus in outreachStatusList" value="2" class="ng-binding ng-scope">Outreach Initiated</option><!-- end ngRepeat: outreachStatus in outreachStatusList --><option ng-repeat="outreachStatus in outreachStatusList" value="3" class="ng-binding ng-scope">Outreach Attempted - No Response</option><!-- end ngRepeat: outreachStatus in outreachStatusList --><option ng-repeat="outreachStatus in outreachStatusList" value="4" class="ng-binding ng-scope">Services Refused</option><!-- end ngRepeat: outreachStatus in outreachStatusList --><option ng-repeat="outreachStatus in outreachStatusList" value="5" class="ng-binding ng-scope">No Additional Outreach Required</option><!-- end ngRepeat: outreachStatus in outreachStatusList -->
            	</select> 
            </td>
            <!--<td>{{ veteran.OutreachStatus }}</td>-->
        </tr><!-- end ngRepeat: veteran in veteranList --><tr ng-repeat="veteran in veteranList" class="ng-scope">
            <td class="ng-binding"></td>
            <td class="ng-binding">xxx-xx-9530</td>
            <td class="ng-binding">(800) 555-3130</td>
            <td class="ng-binding">3/25/2012</td>
            <td class="ng-binding">High</td>
            <td>
            	<select class="form-control" style="width: 180px;" id="vet_664219">
            		<option value=""></option>
            		<!-- ngRepeat: outreachStatus in outreachStatusList --><option ng-repeat="outreachStatus in outreachStatusList" value="1" class="ng-binding ng-scope">Not Contacted</option><!-- end ngRepeat: outreachStatus in outreachStatusList --><option ng-repeat="outreachStatus in outreachStatusList" value="2" class="ng-binding ng-scope">Outreach Initiated</option><!-- end ngRepeat: outreachStatus in outreachStatusList --><option ng-repeat="outreachStatus in outreachStatusList" value="3" class="ng-binding ng-scope">Outreach Attempted - No Response</option><!-- end ngRepeat: outreachStatus in outreachStatusList --><option ng-repeat="outreachStatus in outreachStatusList" value="4" class="ng-binding ng-scope">Services Refused</option><!-- end ngRepeat: outreachStatus in outreachStatusList --><option ng-repeat="outreachStatus in outreachStatusList" value="5" class="ng-binding ng-scope">No Additional Outreach Required</option><!-- end ngRepeat: outreachStatus in outreachStatusList -->
            	</select> 
            </td>
            <!--<td>{{ veteran.OutreachStatus }}</td>-->
        </tr><!-- end ngRepeat: veteran in veteranList --><tr ng-repeat="veteran in veteranList" class="ng-scope">
            <td class="ng-binding"></td>
            <td class="ng-binding">xxx-xx-1537</td>
            <td class="ng-binding">(800) 555-0853</td>
            <td class="ng-binding">10/10/1999</td>
            <td class="ng-binding">High</td>
            <td>
            	<select class="form-control" style="width: 180px;" id="vet_705914">
            		<option value=""></option>
            		<!-- ngRepeat: outreachStatus in outreachStatusList --><option ng-repeat="outreachStatus in outreachStatusList" value="1" class="ng-binding ng-scope">Not Contacted</option><!-- end ngRepeat: outreachStatus in outreachStatusList --><option ng-repeat="outreachStatus in outreachStatusList" value="2" class="ng-binding ng-scope">Outreach Initiated</option><!-- end ngRepeat: outreachStatus in outreachStatusList --><option ng-repeat="outreachStatus in outreachStatusList" value="3" class="ng-binding ng-scope">Outreach Attempted - No Response</option><!-- end ngRepeat: outreachStatus in outreachStatusList --><option ng-repeat="outreachStatus in outreachStatusList" value="4" class="ng-binding ng-scope">Services Refused</option><!-- end ngRepeat: outreachStatus in outreachStatusList --><option ng-repeat="outreachStatus in outreachStatusList" value="5" class="ng-binding ng-scope">No Additional Outreach Required</option><!-- end ngRepeat: outreachStatus in outreachStatusList -->
            	</select> 
            </td>
            <!--<td>{{ veteran.OutreachStatus }}</td>-->
        </tr><!-- end ngRepeat: veteran in veteranList --><tr ng-repeat="veteran in veteranList" class="ng-scope">
            <td class="ng-binding"></td>
            <td class="ng-binding">xxx-xx-5632</td>
            <td class="ng-binding">(800) 555-5596</td>
            <td class="ng-binding">5/12/2005</td>
            <td class="ng-binding">High</td>
            <td>
            	<select class="form-control" style="width: 180px;" id="vet_708494">
            		<option value=""></option>
            		<!-- ngRepeat: outreachStatus in outreachStatusList --><option ng-repeat="outreachStatus in outreachStatusList" value="1" class="ng-binding ng-scope">Not Contacted</option><!-- end ngRepeat: outreachStatus in outreachStatusList --><option ng-repeat="outreachStatus in outreachStatusList" value="2" class="ng-binding ng-scope">Outreach Initiated</option><!-- end ngRepeat: outreachStatus in outreachStatusList --><option ng-repeat="outreachStatus in outreachStatusList" value="3" class="ng-binding ng-scope">Outreach Attempted - No Response</option><!-- end ngRepeat: outreachStatus in outreachStatusList --><option ng-repeat="outreachStatus in outreachStatusList" value="4" class="ng-binding ng-scope">Services Refused</option><!-- end ngRepeat: outreachStatus in outreachStatusList --><option ng-repeat="outreachStatus in outreachStatusList" value="5" class="ng-binding ng-scope">No Additional Outreach Required</option><!-- end ngRepeat: outreachStatus in outreachStatusList -->
            	</select> 
            </td>
            <!--<td>{{ veteran.OutreachStatus }}</td>-->
        </tr><!-- end ngRepeat: veteran in veteranList --><tr ng-repeat="veteran in veteranList" class="ng-scope">
            <td class="ng-binding"></td>
            <td class="ng-binding">xxx-xx-6918</td>
            <td class="ng-binding">(800) 555-6479</td>
            <td class="ng-binding">7/10/1999</td>
            <td class="ng-binding">High</td>
            <td>
            	<select class="form-control" style="width: 180px;" id="vet_710362">
            		<option value=""></option>
            		<!-- ngRepeat: outreachStatus in outreachStatusList --><option ng-repeat="outreachStatus in outreachStatusList" value="1" class="ng-binding ng-scope">Not Contacted</option><!-- end ngRepeat: outreachStatus in outreachStatusList --><option ng-repeat="outreachStatus in outreachStatusList" value="2" class="ng-binding ng-scope">Outreach Initiated</option><!-- end ngRepeat: outreachStatus in outreachStatusList --><option ng-repeat="outreachStatus in outreachStatusList" value="3" class="ng-binding ng-scope">Outreach Attempted - No Response</option><!-- end ngRepeat: outreachStatus in outreachStatusList --><option ng-repeat="outreachStatus in outreachStatusList" value="4" class="ng-binding ng-scope">Services Refused</option><!-- end ngRepeat: outreachStatus in outreachStatusList --><option ng-repeat="outreachStatus in outreachStatusList" value="5" class="ng-binding ng-scope">No Additional Outreach Required</option><!-- end ngRepeat: outreachStatus in outreachStatusList -->
            	</select> 
            </td>
            <!--<td>{{ veteran.OutreachStatus }}</td>-->
        </tr><!-- end ngRepeat: veteran in veteranList --><tr ng-repeat="veteran in veteranList" class="ng-scope">
            <td class="ng-binding"></td>
            <td class="ng-binding">xxx-xx-2325</td>
            <td class="ng-binding">(800) 555-0487</td>
            <td class="ng-binding">7/25/2012</td>
            <td class="ng-binding">High</td>
            <td>
            	<select class="form-control" style="width: 180px;" id="vet_712238">
            		<option value=""></option>
            		<!-- ngRepeat: outreachStatus in outreachStatusList --><option ng-repeat="outreachStatus in outreachStatusList" value="1" class="ng-binding ng-scope">Not Contacted</option><!-- end ngRepeat: outreachStatus in outreachStatusList --><option ng-repeat="outreachStatus in outreachStatusList" value="2" class="ng-binding ng-scope">Outreach Initiated</option><!-- end ngRepeat: outreachStatus in outreachStatusList --><option ng-repeat="outreachStatus in outreachStatusList" value="3" class="ng-binding ng-scope">Outreach Attempted - No Response</option><!-- end ngRepeat: outreachStatus in outreachStatusList --><option ng-repeat="outreachStatus in outreachStatusList" value="4" class="ng-binding ng-scope">Services Refused</option><!-- end ngRepeat: outreachStatus in outreachStatusList --><option ng-repeat="outreachStatus in outreachStatusList" value="5" class="ng-binding ng-scope">No Additional Outreach Required</option><!-- end ngRepeat: outreachStatus in outreachStatusList -->
            	</select> 
            </td>
            <!--<td>{{ veteran.OutreachStatus }}</td>-->
        </tr><!-- end ngRepeat: veteran in veteranList --><tr ng-repeat="veteran in veteranList" class="ng-scope">
            <td class="ng-binding"></td>
            <td class="ng-binding">xxx-xx-8415</td>
            <td class="ng-binding">(800) 555-1823</td>
            <td class="ng-binding">3/14/2012</td>
            <td class="ng-binding">High</td>
            <td>
            	<select class="form-control" style="width: 180px;" id="vet_746721">
            		<option value=""></option>
            		<!-- ngRepeat: outreachStatus in outreachStatusList --><option ng-repeat="outreachStatus in outreachStatusList" value="1" class="ng-binding ng-scope">Not Contacted</option><!-- end ngRepeat: outreachStatus in outreachStatusList --><option ng-repeat="outreachStatus in outreachStatusList" value="2" class="ng-binding ng-scope">Outreach Initiated</option><!-- end ngRepeat: outreachStatus in outreachStatusList --><option ng-repeat="outreachStatus in outreachStatusList" value="3" class="ng-binding ng-scope">Outreach Attempted - No Response</option><!-- end ngRepeat: outreachStatus in outreachStatusList --><option ng-repeat="outreachStatus in outreachStatusList" value="4" class="ng-binding ng-scope">Services Refused</option><!-- end ngRepeat: outreachStatus in outreachStatusList --><option ng-repeat="outreachStatus in outreachStatusList" value="5" class="ng-binding ng-scope">No Additional Outreach Required</option><!-- end ngRepeat: outreachStatus in outreachStatusList -->
            	</select> 
            </td>
            <!--<td>{{ veteran.OutreachStatus }}</td>-->
        </tr><!-- end ngRepeat: veteran in veteranList --><tr ng-repeat="veteran in veteranList" class="ng-scope">
            <td class="ng-binding"></td>
            <td class="ng-binding">xxx-xx-3639</td>
            <td class="ng-binding">(800) 555-9892</td>
            <td class="ng-binding">6/2/2012</td>
            <td class="ng-binding">High</td>
            <td>
            	<select class="form-control" style="width: 180px;" id="vet_747316">
            		<option value=""></option>
            		<!-- ngRepeat: outreachStatus in outreachStatusList --><option ng-repeat="outreachStatus in outreachStatusList" value="1" class="ng-binding ng-scope">Not Contacted</option><!-- end ngRepeat: outreachStatus in outreachStatusList --><option ng-repeat="outreachStatus in outreachStatusList" value="2" class="ng-binding ng-scope">Outreach Initiated</option><!-- end ngRepeat: outreachStatus in outreachStatusList --><option ng-repeat="outreachStatus in outreachStatusList" value="3" class="ng-binding ng-scope">Outreach Attempted - No Response</option><!-- end ngRepeat: outreachStatus in outreachStatusList --><option ng-repeat="outreachStatus in outreachStatusList" value="4" class="ng-binding ng-scope">Services Refused</option><!-- end ngRepeat: outreachStatus in outreachStatusList --><option ng-repeat="outreachStatus in outreachStatusList" value="5" class="ng-binding ng-scope">No Additional Outreach Required</option><!-- end ngRepeat: outreachStatus in outreachStatusList -->
            	</select> 
            </td>
            <!--<td>{{ veteran.OutreachStatus }}</td>-->
        </tr><!-- end ngRepeat: veteran in veteranList --><tr ng-repeat="veteran in veteranList" class="ng-scope">
            <td class="ng-binding"></td>
            <td class="ng-binding">xxx-xx-0101</td>
            <td class="ng-binding">(800) 555-0892</td>
            <td class="ng-binding">1/29/2003</td>
            <td class="ng-binding">High</td>
            <td>
            	<select class="form-control" style="width: 180px;" id="vet_748281">
            		<option value=""></option>
            		<!-- ngRepeat: outreachStatus in outreachStatusList --><option ng-repeat="outreachStatus in outreachStatusList" value="1" class="ng-binding ng-scope">Not Contacted</option><!-- end ngRepeat: outreachStatus in outreachStatusList --><option ng-repeat="outreachStatus in outreachStatusList" value="2" class="ng-binding ng-scope">Outreach Initiated</option><!-- end ngRepeat: outreachStatus in outreachStatusList --><option ng-repeat="outreachStatus in outreachStatusList" value="3" class="ng-binding ng-scope">Outreach Attempted - No Response</option><!-- end ngRepeat: outreachStatus in outreachStatusList --><option ng-repeat="outreachStatus in outreachStatusList" value="4" class="ng-binding ng-scope">Services Refused</option><!-- end ngRepeat: outreachStatus in outreachStatusList --><option ng-repeat="outreachStatus in outreachStatusList" value="5" class="ng-binding ng-scope">No Additional Outreach Required</option><!-- end ngRepeat: outreachStatus in outreachStatusList -->
            	</select> 
            </td>
            <!--<td>{{ veteran.OutreachStatus }}</td>-->
        </tr><!-- end ngRepeat: veteran in veteranList --><tr ng-repeat="veteran in veteranList" class="ng-scope">
            <td class="ng-binding"></td>
            <td class="ng-binding">xxx-xx-3715</td>
            <td class="ng-binding">(800) 555-4340</td>
            <td class="ng-binding">12/16/1996</td>
            <td class="ng-binding">High</td>
            <td>
            	<select class="form-control" style="width: 180px;" id="vet_787750">
            		<option value=""></option>
            		<!-- ngRepeat: outreachStatus in outreachStatusList --><option ng-repeat="outreachStatus in outreachStatusList" value="1" class="ng-binding ng-scope">Not Contacted</option><!-- end ngRepeat: outreachStatus in outreachStatusList --><option ng-repeat="outreachStatus in outreachStatusList" value="2" class="ng-binding ng-scope">Outreach Initiated</option><!-- end ngRepeat: outreachStatus in outreachStatusList --><option ng-repeat="outreachStatus in outreachStatusList" value="3" class="ng-binding ng-scope">Outreach Attempted - No Response</option><!-- end ngRepeat: outreachStatus in outreachStatusList --><option ng-repeat="outreachStatus in outreachStatusList" value="4" class="ng-binding ng-scope">Services Refused</option><!-- end ngRepeat: outreachStatus in outreachStatusList --><option ng-repeat="outreachStatus in outreachStatusList" value="5" class="ng-binding ng-scope">No Additional Outreach Required</option><!-- end ngRepeat: outreachStatus in outreachStatusList -->
            	</select> 
            </td>
            <!--<td>{{ veteran.OutreachStatus }}</td>-->
        </tr><!-- end ngRepeat: veteran in veteranList --><tr ng-repeat="veteran in veteranList" class="ng-scope">
            <td class="ng-binding"></td>
            <td class="ng-binding">xxx-xx-2409</td>
            <td class="ng-binding">(800) 555-2623</td>
            <td class="ng-binding">11/5/2010</td>
            <td class="ng-binding">High</td>
            <td>
            	<select class="form-control" style="width: 180px;" id="vet_794717">
            		<option value=""></option>
            		<!-- ngRepeat: outreachStatus in outreachStatusList --><option ng-repeat="outreachStatus in outreachStatusList" value="1" class="ng-binding ng-scope">Not Contacted</option><!-- end ngRepeat: outreachStatus in outreachStatusList --><option ng-repeat="outreachStatus in outreachStatusList" value="2" class="ng-binding ng-scope">Outreach Initiated</option><!-- end ngRepeat: outreachStatus in outreachStatusList --><option ng-repeat="outreachStatus in outreachStatusList" value="3" class="ng-binding ng-scope">Outreach Attempted - No Response</option><!-- end ngRepeat: outreachStatus in outreachStatusList --><option ng-repeat="outreachStatus in outreachStatusList" value="4" class="ng-binding ng-scope">Services Refused</option><!-- end ngRepeat: outreachStatus in outreachStatusList --><option ng-repeat="outreachStatus in outreachStatusList" value="5" class="ng-binding ng-scope">No Additional Outreach Required</option><!-- end ngRepeat: outreachStatus in outreachStatusList -->
            	</select> 
            </td>
            <!--<td>{{ veteran.OutreachStatus }}</td>-->
        </tr><!-- end ngRepeat: veteran in veteranList --><tr ng-repeat="veteran in veteranList" class="ng-scope">
            <td class="ng-binding"></td>
            <td class="ng-binding">xxx-xx-8845</td>
            <td class="ng-binding">(800) 555-6539</td>
            <td class="ng-binding">5/30/2003</td>
            <td class="ng-binding">High</td>
            <td>
            	<select class="form-control" style="width: 180px;" id="vet_795049">
            		<option value=""></option>
            		<!-- ngRepeat: outreachStatus in outreachStatusList --><option ng-repeat="outreachStatus in outreachStatusList" value="1" class="ng-binding ng-scope">Not Contacted</option><!-- end ngRepeat: outreachStatus in outreachStatusList --><option ng-repeat="outreachStatus in outreachStatusList" value="2" class="ng-binding ng-scope">Outreach Initiated</option><!-- end ngRepeat: outreachStatus in outreachStatusList --><option ng-repeat="outreachStatus in outreachStatusList" value="3" class="ng-binding ng-scope">Outreach Attempted - No Response</option><!-- end ngRepeat: outreachStatus in outreachStatusList --><option ng-repeat="outreachStatus in outreachStatusList" value="4" class="ng-binding ng-scope">Services Refused</option><!-- end ngRepeat: outreachStatus in outreachStatusList --><option ng-repeat="outreachStatus in outreachStatusList" value="5" class="ng-binding ng-scope">No Additional Outreach Required</option><!-- end ngRepeat: outreachStatus in outreachStatusList -->
            	</select> 
            </td>
            <!--<td>{{ veteran.OutreachStatus }}</td>-->
        </tr><!-- end ngRepeat: veteran in veteranList --><tr ng-repeat="veteran in veteranList" class="ng-scope">
            <td class="ng-binding"></td>
            <td class="ng-binding">xxx-xx-8823</td>
            <td class="ng-binding">(800) 555-6302</td>
            <td class="ng-binding">12/19/2005</td>
            <td class="ng-binding">High</td>
            <td>
            	<select class="form-control" style="width: 180px;" id="vet_795822">
            		<option value=""></option>
            		<!-- ngRepeat: outreachStatus in outreachStatusList --><option ng-repeat="outreachStatus in outreachStatusList" value="1" class="ng-binding ng-scope">Not Contacted</option><!-- end ngRepeat: outreachStatus in outreachStatusList --><option ng-repeat="outreachStatus in outreachStatusList" value="2" class="ng-binding ng-scope">Outreach Initiated</option><!-- end ngRepeat: outreachStatus in outreachStatusList --><option ng-repeat="outreachStatus in outreachStatusList" value="3" class="ng-binding ng-scope">Outreach Attempted - No Response</option><!-- end ngRepeat: outreachStatus in outreachStatusList --><option ng-repeat="outreachStatus in outreachStatusList" value="4" class="ng-binding ng-scope">Services Refused</option><!-- end ngRepeat: outreachStatus in outreachStatusList --><option ng-repeat="outreachStatus in outreachStatusList" value="5" class="ng-binding ng-scope">No Additional Outreach Required</option><!-- end ngRepeat: outreachStatus in outreachStatusList -->
            	</select> 
            </td>
            <!--<td>{{ veteran.OutreachStatus }}</td>-->
        </tr><!-- end ngRepeat: veteran in veteranList --><tr ng-repeat="veteran in veteranList" class="ng-scope">
            <td class="ng-binding"></td>
            <td class="ng-binding">xxx-xx-8262</td>
            <td class="ng-binding">(800) 555-9472</td>
            <td class="ng-binding">5/17/2005</td>
            <td class="ng-binding">High</td>
            <td>
            	<select class="form-control" style="width: 180px;" id="vet_827046">
            		<option value=""></option>
            		<!-- ngRepeat: outreachStatus in outreachStatusList --><option ng-repeat="outreachStatus in outreachStatusList" value="1" class="ng-binding ng-scope">Not Contacted</option><!-- end ngRepeat: outreachStatus in outreachStatusList --><option ng-repeat="outreachStatus in outreachStatusList" value="2" class="ng-binding ng-scope">Outreach Initiated</option><!-- end ngRepeat: outreachStatus in outreachStatusList --><option ng-repeat="outreachStatus in outreachStatusList" value="3" class="ng-binding ng-scope">Outreach Attempted - No Response</option><!-- end ngRepeat: outreachStatus in outreachStatusList --><option ng-repeat="outreachStatus in outreachStatusList" value="4" class="ng-binding ng-scope">Services Refused</option><!-- end ngRepeat: outreachStatus in outreachStatusList --><option ng-repeat="outreachStatus in outreachStatusList" value="5" class="ng-binding ng-scope">No Additional Outreach Required</option><!-- end ngRepeat: outreachStatus in outreachStatusList -->
            	</select> 
            </td>
            <!--<td>{{ veteran.OutreachStatus }}</td>-->
        </tr><!-- end ngRepeat: veteran in veteranList --><tr ng-repeat="veteran in veteranList" class="ng-scope">
            <td class="ng-binding"></td>
            <td class="ng-binding">xxx-xx-0610</td>
            <td class="ng-binding">(800) 555-6316</td>
            <td class="ng-binding">6/24/2000</td>
            <td class="ng-binding">High</td>
            <td>
            	<select class="form-control" style="width: 180px;" id="vet_830582">
            		<option value=""></option>
            		<!-- ngRepeat: outreachStatus in outreachStatusList --><option ng-repeat="outreachStatus in outreachStatusList" value="1" class="ng-binding ng-scope">Not Contacted</option><!-- end ngRepeat: outreachStatus in outreachStatusList --><option ng-repeat="outreachStatus in outreachStatusList" value="2" class="ng-binding ng-scope">Outreach Initiated</option><!-- end ngRepeat: outreachStatus in outreachStatusList --><option ng-repeat="outreachStatus in outreachStatusList" value="3" class="ng-binding ng-scope">Outreach Attempted - No Response</option><!-- end ngRepeat: outreachStatus in outreachStatusList --><option ng-repeat="outreachStatus in outreachStatusList" value="4" class="ng-binding ng-scope">Services Refused</option><!-- end ngRepeat: outreachStatus in outreachStatusList --><option ng-repeat="outreachStatus in outreachStatusList" value="5" class="ng-binding ng-scope">No Additional Outreach Required</option><!-- end ngRepeat: outreachStatus in outreachStatusList -->
            	</select> 
            </td>
            <!--<td>{{ veteran.OutreachStatus }}</td>-->
        </tr><!-- end ngRepeat: veteran in veteranList --><tr ng-repeat="veteran in veteranList" class="ng-scope">
            <td class="ng-binding"></td>
            <td class="ng-binding">xxx-xx-3654</td>
            <td class="ng-binding">(800) 555-2261</td>
            <td class="ng-binding">12/20/2006</td>
            <td class="ng-binding">High</td>
            <td>
            	<select class="form-control" style="width: 180px;" id="vet_835184">
            		<option value=""></option>
            		<!-- ngRepeat: outreachStatus in outreachStatusList --><option ng-repeat="outreachStatus in outreachStatusList" value="1" class="ng-binding ng-scope">Not Contacted</option><!-- end ngRepeat: outreachStatus in outreachStatusList --><option ng-repeat="outreachStatus in outreachStatusList" value="2" class="ng-binding ng-scope">Outreach Initiated</option><!-- end ngRepeat: outreachStatus in outreachStatusList --><option ng-repeat="outreachStatus in outreachStatusList" value="3" class="ng-binding ng-scope">Outreach Attempted - No Response</option><!-- end ngRepeat: outreachStatus in outreachStatusList --><option ng-repeat="outreachStatus in outreachStatusList" value="4" class="ng-binding ng-scope">Services Refused</option><!-- end ngRepeat: outreachStatus in outreachStatusList --><option ng-repeat="outreachStatus in outreachStatusList" value="5" class="ng-binding ng-scope">No Additional Outreach Required</option><!-- end ngRepeat: outreachStatus in outreachStatusList -->
            	</select> 
            </td>
            <!--<td>{{ veteran.OutreachStatus }}</td>-->
        </tr><!-- end ngRepeat: veteran in veteranList --><tr ng-repeat="veteran in veteranList" class="ng-scope">
            <td class="ng-binding"></td>
            <td class="ng-binding">xxx-xx-0489</td>
            <td class="ng-binding">(800) 555-8607</td>
            <td class="ng-binding">3/29/2007</td>
            <td class="ng-binding">High</td>
            <td>
            	<select class="form-control" style="width: 180px;" id="vet_871154">
            		<option value=""></option>
            		<!-- ngRepeat: outreachStatus in outreachStatusList --><option ng-repeat="outreachStatus in outreachStatusList" value="1" class="ng-binding ng-scope">Not Contacted</option><!-- end ngRepeat: outreachStatus in outreachStatusList --><option ng-repeat="outreachStatus in outreachStatusList" value="2" class="ng-binding ng-scope">Outreach Initiated</option><!-- end ngRepeat: outreachStatus in outreachStatusList --><option ng-repeat="outreachStatus in outreachStatusList" value="3" class="ng-binding ng-scope">Outreach Attempted - No Response</option><!-- end ngRepeat: outreachStatus in outreachStatusList --><option ng-repeat="outreachStatus in outreachStatusList" value="4" class="ng-binding ng-scope">Services Refused</option><!-- end ngRepeat: outreachStatus in outreachStatusList --><option ng-repeat="outreachStatus in outreachStatusList" value="5" class="ng-binding ng-scope">No Additional Outreach Required</option><!-- end ngRepeat: outreachStatus in outreachStatusList -->
            	</select> 
            </td>
            <!--<td>{{ veteran.OutreachStatus }}</td>-->
        </tr><!-- end ngRepeat: veteran in veteranList --><tr ng-repeat="veteran in veteranList" class="ng-scope">
            <td class="ng-binding"></td>
            <td class="ng-binding">xxx-xx-9796</td>
            <td class="ng-binding">(800) 555-6526</td>
            <td class="ng-binding">9/24/2002</td>
            <td class="ng-binding">High</td>
            <td>
            	<select class="form-control" style="width: 180px;" id="vet_910848">
            		<option value=""></option>
            		<!-- ngRepeat: outreachStatus in outreachStatusList --><option ng-repeat="outreachStatus in outreachStatusList" value="1" class="ng-binding ng-scope">Not Contacted</option><!-- end ngRepeat: outreachStatus in outreachStatusList --><option ng-repeat="outreachStatus in outreachStatusList" value="2" class="ng-binding ng-scope">Outreach Initiated</option><!-- end ngRepeat: outreachStatus in outreachStatusList --><option ng-repeat="outreachStatus in outreachStatusList" value="3" class="ng-binding ng-scope">Outreach Attempted - No Response</option><!-- end ngRepeat: outreachStatus in outreachStatusList --><option ng-repeat="outreachStatus in outreachStatusList" value="4" class="ng-binding ng-scope">Services Refused</option><!-- end ngRepeat: outreachStatus in outreachStatusList --><option ng-repeat="outreachStatus in outreachStatusList" value="5" class="ng-binding ng-scope">No Additional Outreach Required</option><!-- end ngRepeat: outreachStatus in outreachStatusList -->
            	</select> 
            </td>
            <!--<td>{{ veteran.OutreachStatus }}</td>-->
        </tr><!-- end ngRepeat: veteran in veteranList --><tr ng-repeat="veteran in veteranList" class="ng-scope">
            <td class="ng-binding"></td>
            <td class="ng-binding">xxx-xx-3081</td>
            <td class="ng-binding">(800) 555-2123</td>
            <td class="ng-binding">5/5/2003</td>
            <td class="ng-binding">High</td>
            <td>
            	<select class="form-control" style="width: 180px;" id="vet_911460">
            		<option value=""></option>
            		<!-- ngRepeat: outreachStatus in outreachStatusList --><option ng-repeat="outreachStatus in outreachStatusList" value="1" class="ng-binding ng-scope">Not Contacted</option><!-- end ngRepeat: outreachStatus in outreachStatusList --><option ng-repeat="outreachStatus in outreachStatusList" value="2" class="ng-binding ng-scope">Outreach Initiated</option><!-- end ngRepeat: outreachStatus in outreachStatusList --><option ng-repeat="outreachStatus in outreachStatusList" value="3" class="ng-binding ng-scope">Outreach Attempted - No Response</option><!-- end ngRepeat: outreachStatus in outreachStatusList --><option ng-repeat="outreachStatus in outreachStatusList" value="4" class="ng-binding ng-scope">Services Refused</option><!-- end ngRepeat: outreachStatus in outreachStatusList --><option ng-repeat="outreachStatus in outreachStatusList" value="5" class="ng-binding ng-scope">No Additional Outreach Required</option><!-- end ngRepeat: outreachStatus in outreachStatusList -->
            	</select> 
            </td>
            <!--<td>{{ veteran.OutreachStatus }}</td>-->
        </tr><!-- end ngRepeat: veteran in veteranList --><tr ng-repeat="veteran in veteranList" class="ng-scope">
            <td class="ng-binding"></td>
            <td class="ng-binding">xxx-xx-1074</td>
            <td class="ng-binding">(800) 555-2762</td>
            <td class="ng-binding">4/25/2007</td>
            <td class="ng-binding">High</td>
            <td>
            	<select class="form-control" style="width: 180px;" id="vet_912485">
            		<option value=""></option>
            		<!-- ngRepeat: outreachStatus in outreachStatusList --><option ng-repeat="outreachStatus in outreachStatusList" value="1" class="ng-binding ng-scope">Not Contacted</option><!-- end ngRepeat: outreachStatus in outreachStatusList --><option ng-repeat="outreachStatus in outreachStatusList" value="2" class="ng-binding ng-scope">Outreach Initiated</option><!-- end ngRepeat: outreachStatus in outreachStatusList --><option ng-repeat="outreachStatus in outreachStatusList" value="3" class="ng-binding ng-scope">Outreach Attempted - No Response</option><!-- end ngRepeat: outreachStatus in outreachStatusList --><option ng-repeat="outreachStatus in outreachStatusList" value="4" class="ng-binding ng-scope">Services Refused</option><!-- end ngRepeat: outreachStatus in outreachStatusList --><option ng-repeat="outreachStatus in outreachStatusList" value="5" class="ng-binding ng-scope">No Additional Outreach Required</option><!-- end ngRepeat: outreachStatus in outreachStatusList -->
            	</select> 
            </td>
            <!--<td>{{ veteran.OutreachStatus }}</td>-->
        </tr><!-- end ngRepeat: veteran in veteranList --><tr ng-repeat="veteran in veteranList" class="ng-scope">
            <td class="ng-binding"></td>
            <td class="ng-binding">xxx-xx-9020</td>
            <td class="ng-binding">(800) 555-3156</td>
            <td class="ng-binding">10/20/1999</td>
            <td class="ng-binding">High</td>
            <td>
            	<select class="form-control" style="width: 180px;" id="vet_912989">
            		<option value=""></option>
            		<!-- ngRepeat: outreachStatus in outreachStatusList --><option ng-repeat="outreachStatus in outreachStatusList" value="1" class="ng-binding ng-scope">Not Contacted</option><!-- end ngRepeat: outreachStatus in outreachStatusList --><option ng-repeat="outreachStatus in outreachStatusList" value="2" class="ng-binding ng-scope">Outreach Initiated</option><!-- end ngRepeat: outreachStatus in outreachStatusList --><option ng-repeat="outreachStatus in outreachStatusList" value="3" class="ng-binding ng-scope">Outreach Attempted - No Response</option><!-- end ngRepeat: outreachStatus in outreachStatusList --><option ng-repeat="outreachStatus in outreachStatusList" value="4" class="ng-binding ng-scope">Services Refused</option><!-- end ngRepeat: outreachStatus in outreachStatusList --><option ng-repeat="outreachStatus in outreachStatusList" value="5" class="ng-binding ng-scope">No Additional Outreach Required</option><!-- end ngRepeat: outreachStatus in outreachStatusList -->
            	</select> 
            </td>
            <!--<td>{{ veteran.OutreachStatus }}</td>-->
        </tr><!-- end ngRepeat: veteran in veteranList --><tr ng-repeat="veteran in veteranList" class="ng-scope">
            <td class="ng-binding"></td>
            <td class="ng-binding">xxx-xx-9027</td>
            <td class="ng-binding">(800) 555-6228</td>
            <td class="ng-binding">10/2/2008</td>
            <td class="ng-binding">High</td>
            <td>
            	<select class="form-control" style="width: 180px;" id="vet_913958">
            		<option value=""></option>
            		<!-- ngRepeat: outreachStatus in outreachStatusList --><option ng-repeat="outreachStatus in outreachStatusList" value="1" class="ng-binding ng-scope">Not Contacted</option><!-- end ngRepeat: outreachStatus in outreachStatusList --><option ng-repeat="outreachStatus in outreachStatusList" value="2" class="ng-binding ng-scope">Outreach Initiated</option><!-- end ngRepeat: outreachStatus in outreachStatusList --><option ng-repeat="outreachStatus in outreachStatusList" value="3" class="ng-binding ng-scope">Outreach Attempted - No Response</option><!-- end ngRepeat: outreachStatus in outreachStatusList --><option ng-repeat="outreachStatus in outreachStatusList" value="4" class="ng-binding ng-scope">Services Refused</option><!-- end ngRepeat: outreachStatus in outreachStatusList --><option ng-repeat="outreachStatus in outreachStatusList" value="5" class="ng-binding ng-scope">No Additional Outreach Required</option><!-- end ngRepeat: outreachStatus in outreachStatusList -->
            	</select> 
            </td>
            <!--<td>{{ veteran.OutreachStatus }}</td>-->
        </tr><!-- end ngRepeat: veteran in veteranList --><tr ng-repeat="veteran in veteranList" class="ng-scope">
            <td class="ng-binding"></td>
            <td class="ng-binding">xxx-xx-9030</td>
            <td class="ng-binding">(800) 555-5154</td>
            <td class="ng-binding">12/17/2012</td>
            <td class="ng-binding">High</td>
            <td>
            	<select class="form-control" style="width: 180px;" id="vet_914609">
            		<option value=""></option>
            		<!-- ngRepeat: outreachStatus in outreachStatusList --><option ng-repeat="outreachStatus in outreachStatusList" value="1" class="ng-binding ng-scope">Not Contacted</option><!-- end ngRepeat: outreachStatus in outreachStatusList --><option ng-repeat="outreachStatus in outreachStatusList" value="2" class="ng-binding ng-scope">Outreach Initiated</option><!-- end ngRepeat: outreachStatus in outreachStatusList --><option ng-repeat="outreachStatus in outreachStatusList" value="3" class="ng-binding ng-scope">Outreach Attempted - No Response</option><!-- end ngRepeat: outreachStatus in outreachStatusList --><option ng-repeat="outreachStatus in outreachStatusList" value="4" class="ng-binding ng-scope">Services Refused</option><!-- end ngRepeat: outreachStatus in outreachStatusList --><option ng-repeat="outreachStatus in outreachStatusList" value="5" class="ng-binding ng-scope">No Additional Outreach Required</option><!-- end ngRepeat: outreachStatus in outreachStatusList -->
            	</select> 
            </td>
            <!--<td>{{ veteran.OutreachStatus }}</td>-->
        </tr><!-- end ngRepeat: veteran in veteranList --><tr ng-repeat="veteran in veteranList" class="ng-scope">
            <td class="ng-binding"></td>
            <td class="ng-binding">xxx-xx-0585</td>
            <td class="ng-binding">(800) 555-9062</td>
            <td class="ng-binding">12/13/2005</td>
            <td class="ng-binding">High</td>
            <td>
            	<select class="form-control" style="width: 180px;" id="vet_918757">
            		<option value=""></option>
            		<!-- ngRepeat: outreachStatus in outreachStatusList --><option ng-repeat="outreachStatus in outreachStatusList" value="1" class="ng-binding ng-scope">Not Contacted</option><!-- end ngRepeat: outreachStatus in outreachStatusList --><option ng-repeat="outreachStatus in outreachStatusList" value="2" class="ng-binding ng-scope">Outreach Initiated</option><!-- end ngRepeat: outreachStatus in outreachStatusList --><option ng-repeat="outreachStatus in outreachStatusList" value="3" class="ng-binding ng-scope">Outreach Attempted - No Response</option><!-- end ngRepeat: outreachStatus in outreachStatusList --><option ng-repeat="outreachStatus in outreachStatusList" value="4" class="ng-binding ng-scope">Services Refused</option><!-- end ngRepeat: outreachStatus in outreachStatusList --><option ng-repeat="outreachStatus in outreachStatusList" value="5" class="ng-binding ng-scope">No Additional Outreach Required</option><!-- end ngRepeat: outreachStatus in outreachStatusList -->
            	</select> 
            </td>
            <!--<td>{{ veteran.OutreachStatus }}</td>-->
        </tr><!-- end ngRepeat: veteran in veteranList --><tr ng-repeat="veteran in veteranList" class="ng-scope">
            <td class="ng-binding"></td>
            <td class="ng-binding">xxx-xx-1771</td>
            <td class="ng-binding">(800) 555-9297</td>
            <td class="ng-binding">5/14/2005</td>
            <td class="ng-binding">High</td>
            <td>
            	<select class="form-control" style="width: 180px;" id="vet_954108">
            		<option value=""></option>
            		<!-- ngRepeat: outreachStatus in outreachStatusList --><option ng-repeat="outreachStatus in outreachStatusList" value="1" class="ng-binding ng-scope">Not Contacted</option><!-- end ngRepeat: outreachStatus in outreachStatusList --><option ng-repeat="outreachStatus in outreachStatusList" value="2" class="ng-binding ng-scope">Outreach Initiated</option><!-- end ngRepeat: outreachStatus in outreachStatusList --><option ng-repeat="outreachStatus in outreachStatusList" value="3" class="ng-binding ng-scope">Outreach Attempted - No Response</option><!-- end ngRepeat: outreachStatus in outreachStatusList --><option ng-repeat="outreachStatus in outreachStatusList" value="4" class="ng-binding ng-scope">Services Refused</option><!-- end ngRepeat: outreachStatus in outreachStatusList --><option ng-repeat="outreachStatus in outreachStatusList" value="5" class="ng-binding ng-scope">No Additional Outreach Required</option><!-- end ngRepeat: outreachStatus in outreachStatusList -->
            	</select> 
            </td>
            <!--<td>{{ veteran.OutreachStatus }}</td>-->
        </tr><!-- end ngRepeat: veteran in veteranList --><tr ng-repeat="veteran in veteranList" class="ng-scope">
            <td class="ng-binding"></td>
            <td class="ng-binding">xxx-xx-0114</td>
            <td class="ng-binding">(800) 555-6280</td>
            <td class="ng-binding">4/12/2008</td>
            <td class="ng-binding">High</td>
            <td>
            	<select class="form-control" style="width: 180px;" id="vet_957879">
            		<option value=""></option>
            		<!-- ngRepeat: outreachStatus in outreachStatusList --><option ng-repeat="outreachStatus in outreachStatusList" value="1" class="ng-binding ng-scope">Not Contacted</option><!-- end ngRepeat: outreachStatus in outreachStatusList --><option ng-repeat="outreachStatus in outreachStatusList" value="2" class="ng-binding ng-scope">Outreach Initiated</option><!-- end ngRepeat: outreachStatus in outreachStatusList --><option ng-repeat="outreachStatus in outreachStatusList" value="3" class="ng-binding ng-scope">Outreach Attempted - No Response</option><!-- end ngRepeat: outreachStatus in outreachStatusList --><option ng-repeat="outreachStatus in outreachStatusList" value="4" class="ng-binding ng-scope">Services Refused</option><!-- end ngRepeat: outreachStatus in outreachStatusList --><option ng-repeat="outreachStatus in outreachStatusList" value="5" class="ng-binding ng-scope">No Additional Outreach Required</option><!-- end ngRepeat: outreachStatus in outreachStatusList -->
            	</select> 
            </td>
            <!--<td>{{ veteran.OutreachStatus }}</td>-->
        </tr><!-- end ngRepeat: veteran in veteranList --><tr ng-repeat="veteran in veteranList" class="ng-scope">
            <td class="ng-binding"></td>
            <td class="ng-binding">xxx-xx-2821</td>
            <td class="ng-binding">(800) 555-7956</td>
            <td class="ng-binding">11/5/2009</td>
            <td class="ng-binding">High</td>
            <td>
            	<select class="form-control" style="width: 180px;" id="vet_958514">
            		<option value=""></option>
            		<!-- ngRepeat: outreachStatus in outreachStatusList --><option ng-repeat="outreachStatus in outreachStatusList" value="1" class="ng-binding ng-scope">Not Contacted</option><!-- end ngRepeat: outreachStatus in outreachStatusList --><option ng-repeat="outreachStatus in outreachStatusList" value="2" class="ng-binding ng-scope">Outreach Initiated</option><!-- end ngRepeat: outreachStatus in outreachStatusList --><option ng-repeat="outreachStatus in outreachStatusList" value="3" class="ng-binding ng-scope">Outreach Attempted - No Response</option><!-- end ngRepeat: outreachStatus in outreachStatusList --><option ng-repeat="outreachStatus in outreachStatusList" value="4" class="ng-binding ng-scope">Services Refused</option><!-- end ngRepeat: outreachStatus in outreachStatusList --><option ng-repeat="outreachStatus in outreachStatusList" value="5" class="ng-binding ng-scope">No Additional Outreach Required</option><!-- end ngRepeat: outreachStatus in outreachStatusList -->
            	</select> 
            </td>
            <!--<td>{{ veteran.OutreachStatus }}</td>-->
        </tr><!-- end ngRepeat: veteran in veteranList --><tr ng-repeat="veteran in veteranList" class="ng-scope">
            <td class="ng-binding"></td>
            <td class="ng-binding">xxx-xx-3985</td>
            <td class="ng-binding">(800) 555-8674</td>
            <td class="ng-binding">7/19/2008</td>
            <td class="ng-binding">High</td>
            <td>
            	<select class="form-control" style="width: 180px;" id="vet_959591">
            		<option value=""></option>
            		<!-- ngRepeat: outreachStatus in outreachStatusList --><option ng-repeat="outreachStatus in outreachStatusList" value="1" class="ng-binding ng-scope">Not Contacted</option><!-- end ngRepeat: outreachStatus in outreachStatusList --><option ng-repeat="outreachStatus in outreachStatusList" value="2" class="ng-binding ng-scope">Outreach Initiated</option><!-- end ngRepeat: outreachStatus in outreachStatusList --><option ng-repeat="outreachStatus in outreachStatusList" value="3" class="ng-binding ng-scope">Outreach Attempted - No Response</option><!-- end ngRepeat: outreachStatus in outreachStatusList --><option ng-repeat="outreachStatus in outreachStatusList" value="4" class="ng-binding ng-scope">Services Refused</option><!-- end ngRepeat: outreachStatus in outreachStatusList --><option ng-repeat="outreachStatus in outreachStatusList" value="5" class="ng-binding ng-scope">No Additional Outreach Required</option><!-- end ngRepeat: outreachStatus in outreachStatusList -->
            	</select> 
            </td>
            <!--<td>{{ veteran.OutreachStatus }}</td>-->
        </tr><!-- end ngRepeat: veteran in veteranList --><tr ng-repeat="veteran in veteranList" class="ng-scope">
            <td class="ng-binding"></td>
            <td class="ng-binding">xxx-xx-0163</td>
            <td class="ng-binding">(800) 555-0435</td>
            <td class="ng-binding">5/17/2004</td>
            <td class="ng-binding">High</td>
            <td>
            	<select class="form-control" style="width: 180px;" id="vet_990149">
            		<option value=""></option>
            		<!-- ngRepeat: outreachStatus in outreachStatusList --><option ng-repeat="outreachStatus in outreachStatusList" value="1" class="ng-binding ng-scope">Not Contacted</option><!-- end ngRepeat: outreachStatus in outreachStatusList --><option ng-repeat="outreachStatus in outreachStatusList" value="2" class="ng-binding ng-scope">Outreach Initiated</option><!-- end ngRepeat: outreachStatus in outreachStatusList --><option ng-repeat="outreachStatus in outreachStatusList" value="3" class="ng-binding ng-scope">Outreach Attempted - No Response</option><!-- end ngRepeat: outreachStatus in outreachStatusList --><option ng-repeat="outreachStatus in outreachStatusList" value="4" class="ng-binding ng-scope">Services Refused</option><!-- end ngRepeat: outreachStatus in outreachStatusList --><option ng-repeat="outreachStatus in outreachStatusList" value="5" class="ng-binding ng-scope">No Additional Outreach Required</option><!-- end ngRepeat: outreachStatus in outreachStatusList -->
            	</select> 
            </td>
            <!--<td>{{ veteran.OutreachStatus }}</td>-->
        </tr><!-- end ngRepeat: veteran in veteranList --><tr ng-repeat="veteran in veteranList" class="ng-scope">
            <td class="ng-binding"></td>
            <td class="ng-binding">xxx-xx-6379</td>
            <td class="ng-binding">(800) 555-6078</td>
            <td class="ng-binding">12/26/1996</td>
            <td class="ng-binding">High</td>
            <td>
            	<select class="form-control" style="width: 180px;" id="vet_990761">
            		<option value=""></option>
            		<!-- ngRepeat: outreachStatus in outreachStatusList --><option ng-repeat="outreachStatus in outreachStatusList" value="1" class="ng-binding ng-scope">Not Contacted</option><!-- end ngRepeat: outreachStatus in outreachStatusList --><option ng-repeat="outreachStatus in outreachStatusList" value="2" class="ng-binding ng-scope">Outreach Initiated</option><!-- end ngRepeat: outreachStatus in outreachStatusList --><option ng-repeat="outreachStatus in outreachStatusList" value="3" class="ng-binding ng-scope">Outreach Attempted - No Response</option><!-- end ngRepeat: outreachStatus in outreachStatusList --><option ng-repeat="outreachStatus in outreachStatusList" value="4" class="ng-binding ng-scope">Services Refused</option><!-- end ngRepeat: outreachStatus in outreachStatusList --><option ng-repeat="outreachStatus in outreachStatusList" value="5" class="ng-binding ng-scope">No Additional Outreach Required</option><!-- end ngRepeat: outreachStatus in outreachStatusList -->
            	</select> 
            </td>
            <!--<td>{{ veteran.OutreachStatus }}</td>-->
        </tr><!-- end ngRepeat: veteran in veteranList --><tr ng-repeat="veteran in veteranList" class="ng-scope">
            <td class="ng-binding"></td>
            <td class="ng-binding">xxx-xx-2982</td>
            <td class="ng-binding">(800) 555-4987</td>
            <td class="ng-binding">1/13/2010</td>
            <td class="ng-binding">High</td>
            <td>
            	<select class="form-control" style="width: 180px;" id="vet_592437">
            		<option value=""></option>
            		<!-- ngRepeat: outreachStatus in outreachStatusList --><option ng-repeat="outreachStatus in outreachStatusList" value="1" class="ng-binding ng-scope">Not Contacted</option><!-- end ngRepeat: outreachStatus in outreachStatusList --><option ng-repeat="outreachStatus in outreachStatusList" value="2" class="ng-binding ng-scope">Outreach Initiated</option><!-- end ngRepeat: outreachStatus in outreachStatusList --><option ng-repeat="outreachStatus in outreachStatusList" value="3" class="ng-binding ng-scope">Outreach Attempted - No Response</option><!-- end ngRepeat: outreachStatus in outreachStatusList --><option ng-repeat="outreachStatus in outreachStatusList" value="4" class="ng-binding ng-scope">Services Refused</option><!-- end ngRepeat: outreachStatus in outreachStatusList --><option ng-repeat="outreachStatus in outreachStatusList" value="5" class="ng-binding ng-scope">No Additional Outreach Required</option><!-- end ngRepeat: outreachStatus in outreachStatusList -->
            	</select> 
            </td>
            <!--<td>{{ veteran.OutreachStatus }}</td>-->
        </tr><!-- end ngRepeat: veteran in veteranList --><tr ng-repeat="veteran in veteranList" class="ng-scope">
            <td class="ng-binding"></td>
            <td class="ng-binding">xxx-xx-7234</td>
            <td class="ng-binding">(800) 555-7656</td>
            <td class="ng-binding">6/25/1996</td>
            <td class="ng-binding">High</td>
            <td>
            	<select class="form-control" style="width: 180px;" id="vet_592649">
            		<option value=""></option>
            		<!-- ngRepeat: outreachStatus in outreachStatusList --><option ng-repeat="outreachStatus in outreachStatusList" value="1" class="ng-binding ng-scope">Not Contacted</option><!-- end ngRepeat: outreachStatus in outreachStatusList --><option ng-repeat="outreachStatus in outreachStatusList" value="2" class="ng-binding ng-scope">Outreach Initiated</option><!-- end ngRepeat: outreachStatus in outreachStatusList --><option ng-repeat="outreachStatus in outreachStatusList" value="3" class="ng-binding ng-scope">Outreach Attempted - No Response</option><!-- end ngRepeat: outreachStatus in outreachStatusList --><option ng-repeat="outreachStatus in outreachStatusList" value="4" class="ng-binding ng-scope">Services Refused</option><!-- end ngRepeat: outreachStatus in outreachStatusList --><option ng-repeat="outreachStatus in outreachStatusList" value="5" class="ng-binding ng-scope">No Additional Outreach Required</option><!-- end ngRepeat: outreachStatus in outreachStatusList -->
            	</select> 
            </td>
            <!--<td>{{ veteran.OutreachStatus }}</td>-->
        </tr><!-- end ngRepeat: veteran in veteranList --><tr ng-repeat="veteran in veteranList" class="ng-scope">
            <td class="ng-binding"></td>
            <td class="ng-binding">xxx-xx-7787</td>
            <td class="ng-binding">(800) 555-6640</td>
            <td class="ng-binding">2/15/2004</td>
            <td class="ng-binding">High</td>
            <td>
            	<select class="form-control" style="width: 180px;" id="vet_592663">
            		<option value=""></option>
            		<!-- ngRepeat: outreachStatus in outreachStatusList --><option ng-repeat="outreachStatus in outreachStatusList" value="1" class="ng-binding ng-scope">Not Contacted</option><!-- end ngRepeat: outreachStatus in outreachStatusList --><option ng-repeat="outreachStatus in outreachStatusList" value="2" class="ng-binding ng-scope">Outreach Initiated</option><!-- end ngRepeat: outreachStatus in outreachStatusList --><option ng-repeat="outreachStatus in outreachStatusList" value="3" class="ng-binding ng-scope">Outreach Attempted - No Response</option><!-- end ngRepeat: outreachStatus in outreachStatusList --><option ng-repeat="outreachStatus in outreachStatusList" value="4" class="ng-binding ng-scope">Services Refused</option><!-- end ngRepeat: outreachStatus in outreachStatusList --><option ng-repeat="outreachStatus in outreachStatusList" value="5" class="ng-binding ng-scope">No Additional Outreach Required</option><!-- end ngRepeat: outreachStatus in outreachStatusList -->
            	</select> 
            </td>
            <!--<td>{{ veteran.OutreachStatus }}</td>-->
        </tr><!-- end ngRepeat: veteran in veteranList --><tr ng-repeat="veteran in veteranList" class="ng-scope">
            <td class="ng-binding"></td>
            <td class="ng-binding">xxx-xx-6269</td>
            <td class="ng-binding">(800) 555-7819</td>
            <td class="ng-binding">3/6/2001</td>
            <td class="ng-binding">High</td>
            <td>
            	<select class="form-control" style="width: 180px;" id="vet_642249">
            		<option value=""></option>
            		<!-- ngRepeat: outreachStatus in outreachStatusList --><option ng-repeat="outreachStatus in outreachStatusList" value="1" class="ng-binding ng-scope">Not Contacted</option><!-- end ngRepeat: outreachStatus in outreachStatusList --><option ng-repeat="outreachStatus in outreachStatusList" value="2" class="ng-binding ng-scope">Outreach Initiated</option><!-- end ngRepeat: outreachStatus in outreachStatusList --><option ng-repeat="outreachStatus in outreachStatusList" value="3" class="ng-binding ng-scope">Outreach Attempted - No Response</option><!-- end ngRepeat: outreachStatus in outreachStatusList --><option ng-repeat="outreachStatus in outreachStatusList" value="4" class="ng-binding ng-scope">Services Refused</option><!-- end ngRepeat: outreachStatus in outreachStatusList --><option ng-repeat="outreachStatus in outreachStatusList" value="5" class="ng-binding ng-scope">No Additional Outreach Required</option><!-- end ngRepeat: outreachStatus in outreachStatusList -->
            	</select> 
            </td>
            <!--<td>{{ veteran.OutreachStatus }}</td>-->
        </tr><!-- end ngRepeat: veteran in veteranList --><tr ng-repeat="veteran in veteranList" class="ng-scope">
            <td class="ng-binding"></td>
            <td class="ng-binding">xxx-xx-4281</td>
            <td class="ng-binding">(800) 555-4964</td>
            <td class="ng-binding">9/25/2006</td>
            <td class="ng-binding">High</td>
            <td>
            	<select class="form-control" style="width: 180px;" id="vet_675570">
            		<option value=""></option>
            		<!-- ngRepeat: outreachStatus in outreachStatusList --><option ng-repeat="outreachStatus in outreachStatusList" value="1" class="ng-binding ng-scope">Not Contacted</option><!-- end ngRepeat: outreachStatus in outreachStatusList --><option ng-repeat="outreachStatus in outreachStatusList" value="2" class="ng-binding ng-scope">Outreach Initiated</option><!-- end ngRepeat: outreachStatus in outreachStatusList --><option ng-repeat="outreachStatus in outreachStatusList" value="3" class="ng-binding ng-scope">Outreach Attempted - No Response</option><!-- end ngRepeat: outreachStatus in outreachStatusList --><option ng-repeat="outreachStatus in outreachStatusList" value="4" class="ng-binding ng-scope">Services Refused</option><!-- end ngRepeat: outreachStatus in outreachStatusList --><option ng-repeat="outreachStatus in outreachStatusList" value="5" class="ng-binding ng-scope">No Additional Outreach Required</option><!-- end ngRepeat: outreachStatus in outreachStatusList -->
            	</select> 
            </td>
            <!--<td>{{ veteran.OutreachStatus }}</td>-->
        </tr><!-- end ngRepeat: veteran in veteranList --><tr ng-repeat="veteran in veteranList" class="ng-scope">
            <td class="ng-binding"></td>
            <td class="ng-binding">xxx-xx-3540</td>
            <td class="ng-binding">(800) 555-0530</td>
            <td class="ng-binding">3/19/2011</td>
            <td class="ng-binding">High</td>
            <td>
            	<select class="form-control" style="width: 180px;" id="vet_676708">
            		<option value=""></option>
            		<!-- ngRepeat: outreachStatus in outreachStatusList --><option ng-repeat="outreachStatus in outreachStatusList" value="1" class="ng-binding ng-scope">Not Contacted</option><!-- end ngRepeat: outreachStatus in outreachStatusList --><option ng-repeat="outreachStatus in outreachStatusList" value="2" class="ng-binding ng-scope">Outreach Initiated</option><!-- end ngRepeat: outreachStatus in outreachStatusList --><option ng-repeat="outreachStatus in outreachStatusList" value="3" class="ng-binding ng-scope">Outreach Attempted - No Response</option><!-- end ngRepeat: outreachStatus in outreachStatusList --><option ng-repeat="outreachStatus in outreachStatusList" value="4" class="ng-binding ng-scope">Services Refused</option><!-- end ngRepeat: outreachStatus in outreachStatusList --><option ng-repeat="outreachStatus in outreachStatusList" value="5" class="ng-binding ng-scope">No Additional Outreach Required</option><!-- end ngRepeat: outreachStatus in outreachStatusList -->
            	</select> 
            </td>
            <!--<td>{{ veteran.OutreachStatus }}</td>-->
        </tr><!-- end ngRepeat: veteran in veteranList --><tr ng-repeat="veteran in veteranList" class="ng-scope">
            <td class="ng-binding"></td>
            <td class="ng-binding">xxx-xx-9865</td>
            <td class="ng-binding">(800) 555-1844</td>
            <td class="ng-binding">2/13/1996</td>
            <td class="ng-binding">High</td>
            <td>
            	<select class="form-control" style="width: 180px;" id="vet_681787">
            		<option value=""></option>
            		<!-- ngRepeat: outreachStatus in outreachStatusList --><option ng-repeat="outreachStatus in outreachStatusList" value="1" class="ng-binding ng-scope">Not Contacted</option><!-- end ngRepeat: outreachStatus in outreachStatusList --><option ng-repeat="outreachStatus in outreachStatusList" value="2" class="ng-binding ng-scope">Outreach Initiated</option><!-- end ngRepeat: outreachStatus in outreachStatusList --><option ng-repeat="outreachStatus in outreachStatusList" value="3" class="ng-binding ng-scope">Outreach Attempted - No Response</option><!-- end ngRepeat: outreachStatus in outreachStatusList --><option ng-repeat="outreachStatus in outreachStatusList" value="4" class="ng-binding ng-scope">Services Refused</option><!-- end ngRepeat: outreachStatus in outreachStatusList --><option ng-repeat="outreachStatus in outreachStatusList" value="5" class="ng-binding ng-scope">No Additional Outreach Required</option><!-- end ngRepeat: outreachStatus in outreachStatusList -->
            	</select> 
            </td>
            <!--<td>{{ veteran.OutreachStatus }}</td>-->
        </tr><!-- end ngRepeat: veteran in veteranList --><tr ng-repeat="veteran in veteranList" class="ng-scope">
            <td class="ng-binding"></td>
            <td class="ng-binding">xxx-xx-8935</td>
            <td class="ng-binding">(800) 555-8726</td>
            <td class="ng-binding">10/28/2013</td>
            <td class="ng-binding">High</td>
            <td>
            	<select class="form-control" style="width: 180px;" id="vet_682982">
            		<option value=""></option>
            		<!-- ngRepeat: outreachStatus in outreachStatusList --><option ng-repeat="outreachStatus in outreachStatusList" value="1" class="ng-binding ng-scope">Not Contacted</option><!-- end ngRepeat: outreachStatus in outreachStatusList --><option ng-repeat="outreachStatus in outreachStatusList" value="2" class="ng-binding ng-scope">Outreach Initiated</option><!-- end ngRepeat: outreachStatus in outreachStatusList --><option ng-repeat="outreachStatus in outreachStatusList" value="3" class="ng-binding ng-scope">Outreach Attempted - No Response</option><!-- end ngRepeat: outreachStatus in outreachStatusList --><option ng-repeat="outreachStatus in outreachStatusList" value="4" class="ng-binding ng-scope">Services Refused</option><!-- end ngRepeat: outreachStatus in outreachStatusList --><option ng-repeat="outreachStatus in outreachStatusList" value="5" class="ng-binding ng-scope">No Additional Outreach Required</option><!-- end ngRepeat: outreachStatus in outreachStatusList -->
            	</select> 
            </td>
            <!--<td>{{ veteran.OutreachStatus }}</td>-->
        </tr><!-- end ngRepeat: veteran in veteranList --><tr ng-repeat="veteran in veteranList" class="ng-scope">
            <td class="ng-binding"></td>
            <td class="ng-binding">xxx-xx-3881</td>
            <td class="ng-binding">(800) 555-7848</td>
            <td class="ng-binding">10/14/2009</td>
            <td class="ng-binding">High</td>
            <td>
            	<select class="form-control" style="width: 180px;" id="vet_714680">
            		<option value=""></option>
            		<!-- ngRepeat: outreachStatus in outreachStatusList --><option ng-repeat="outreachStatus in outreachStatusList" value="1" class="ng-binding ng-scope">Not Contacted</option><!-- end ngRepeat: outreachStatus in outreachStatusList --><option ng-repeat="outreachStatus in outreachStatusList" value="2" class="ng-binding ng-scope">Outreach Initiated</option><!-- end ngRepeat: outreachStatus in outreachStatusList --><option ng-repeat="outreachStatus in outreachStatusList" value="3" class="ng-binding ng-scope">Outreach Attempted - No Response</option><!-- end ngRepeat: outreachStatus in outreachStatusList --><option ng-repeat="outreachStatus in outreachStatusList" value="4" class="ng-binding ng-scope">Services Refused</option><!-- end ngRepeat: outreachStatus in outreachStatusList --><option ng-repeat="outreachStatus in outreachStatusList" value="5" class="ng-binding ng-scope">No Additional Outreach Required</option><!-- end ngRepeat: outreachStatus in outreachStatusList -->
            	</select> 
            </td>
            <!--<td>{{ veteran.OutreachStatus }}</td>-->
        </tr><!-- end ngRepeat: veteran in veteranList --><tr ng-repeat="veteran in veteranList" class="ng-scope">
            <td class="ng-binding"></td>
            <td class="ng-binding">xxx-xx-2922</td>
            <td class="ng-binding">(800) 555-6858</td>
            <td class="ng-binding">11/30/2011</td>
            <td class="ng-binding">High</td>
            <td>
            	<select class="form-control" style="width: 180px;" id="vet_715980">
            		<option value=""></option>
            		<!-- ngRepeat: outreachStatus in outreachStatusList --><option ng-repeat="outreachStatus in outreachStatusList" value="1" class="ng-binding ng-scope">Not Contacted</option><!-- end ngRepeat: outreachStatus in outreachStatusList --><option ng-repeat="outreachStatus in outreachStatusList" value="2" class="ng-binding ng-scope">Outreach Initiated</option><!-- end ngRepeat: outreachStatus in outreachStatusList --><option ng-repeat="outreachStatus in outreachStatusList" value="3" class="ng-binding ng-scope">Outreach Attempted - No Response</option><!-- end ngRepeat: outreachStatus in outreachStatusList --><option ng-repeat="outreachStatus in outreachStatusList" value="4" class="ng-binding ng-scope">Services Refused</option><!-- end ngRepeat: outreachStatus in outreachStatusList --><option ng-repeat="outreachStatus in outreachStatusList" value="5" class="ng-binding ng-scope">No Additional Outreach Required</option><!-- end ngRepeat: outreachStatus in outreachStatusList -->
            	</select> 
            </td>
            <!--<td>{{ veteran.OutreachStatus }}</td>-->
        </tr><!-- end ngRepeat: veteran in veteranList --><tr ng-repeat="veteran in veteranList" class="ng-scope">
            <td class="ng-binding"></td>
            <td class="ng-binding">xxx-xx-8856</td>
            <td class="ng-binding">(800) 555-3651</td>
            <td class="ng-binding">11/27/2002</td>
            <td class="ng-binding">High</td>
            <td>
            	<select class="form-control" style="width: 180px;" id="vet_717393">
            		<option value=""></option>
            		<!-- ngRepeat: outreachStatus in outreachStatusList --><option ng-repeat="outreachStatus in outreachStatusList" value="1" class="ng-binding ng-scope">Not Contacted</option><!-- end ngRepeat: outreachStatus in outreachStatusList --><option ng-repeat="outreachStatus in outreachStatusList" value="2" class="ng-binding ng-scope">Outreach Initiated</option><!-- end ngRepeat: outreachStatus in outreachStatusList --><option ng-repeat="outreachStatus in outreachStatusList" value="3" class="ng-binding ng-scope">Outreach Attempted - No Response</option><!-- end ngRepeat: outreachStatus in outreachStatusList --><option ng-repeat="outreachStatus in outreachStatusList" value="4" class="ng-binding ng-scope">Services Refused</option><!-- end ngRepeat: outreachStatus in outreachStatusList --><option ng-repeat="outreachStatus in outreachStatusList" value="5" class="ng-binding ng-scope">No Additional Outreach Required</option><!-- end ngRepeat: outreachStatus in outreachStatusList -->
            	</select> 
            </td>
            <!--<td>{{ veteran.OutreachStatus }}</td>-->
        </tr><!-- end ngRepeat: veteran in veteranList --><tr ng-repeat="veteran in veteranList" class="ng-scope">
            <td class="ng-binding"></td>
            <td class="ng-binding">xxx-xx-5471</td>
            <td class="ng-binding">(800) 555-6069</td>
            <td class="ng-binding">7/4/2009</td>
            <td class="ng-binding">High</td>
            <td>
            	<select class="form-control" style="width: 180px;" id="vet_718754">
            		<option value=""></option>
            		<!-- ngRepeat: outreachStatus in outreachStatusList --><option ng-repeat="outreachStatus in outreachStatusList" value="1" class="ng-binding ng-scope">Not Contacted</option><!-- end ngRepeat: outreachStatus in outreachStatusList --><option ng-repeat="outreachStatus in outreachStatusList" value="2" class="ng-binding ng-scope">Outreach Initiated</option><!-- end ngRepeat: outreachStatus in outreachStatusList --><option ng-repeat="outreachStatus in outreachStatusList" value="3" class="ng-binding ng-scope">Outreach Attempted - No Response</option><!-- end ngRepeat: outreachStatus in outreachStatusList --><option ng-repeat="outreachStatus in outreachStatusList" value="4" class="ng-binding ng-scope">Services Refused</option><!-- end ngRepeat: outreachStatus in outreachStatusList --><option ng-repeat="outreachStatus in outreachStatusList" value="5" class="ng-binding ng-scope">No Additional Outreach Required</option><!-- end ngRepeat: outreachStatus in outreachStatusList -->
            	</select> 
            </td>
            <!--<td>{{ veteran.OutreachStatus }}</td>-->
        </tr><!-- end ngRepeat: veteran in veteranList --><tr ng-repeat="veteran in veteranList" class="ng-scope">
            <td class="ng-binding"></td>
            <td class="ng-binding">xxx-xx-8338</td>
            <td class="ng-binding">(800) 555-8792</td>
            <td class="ng-binding">3/5/2006</td>
            <td class="ng-binding">High</td>
            <td>
            	<select class="form-control" style="width: 180px;" id="vet_756290">
            		<option value=""></option>
            		<!-- ngRepeat: outreachStatus in outreachStatusList --><option ng-repeat="outreachStatus in outreachStatusList" value="1" class="ng-binding ng-scope">Not Contacted</option><!-- end ngRepeat: outreachStatus in outreachStatusList --><option ng-repeat="outreachStatus in outreachStatusList" value="2" class="ng-binding ng-scope">Outreach Initiated</option><!-- end ngRepeat: outreachStatus in outreachStatusList --><option ng-repeat="outreachStatus in outreachStatusList" value="3" class="ng-binding ng-scope">Outreach Attempted - No Response</option><!-- end ngRepeat: outreachStatus in outreachStatusList --><option ng-repeat="outreachStatus in outreachStatusList" value="4" class="ng-binding ng-scope">Services Refused</option><!-- end ngRepeat: outreachStatus in outreachStatusList --><option ng-repeat="outreachStatus in outreachStatusList" value="5" class="ng-binding ng-scope">No Additional Outreach Required</option><!-- end ngRepeat: outreachStatus in outreachStatusList -->
            	</select> 
            </td>
            <!--<td>{{ veteran.OutreachStatus }}</td>-->
        </tr><!-- end ngRepeat: veteran in veteranList --><tr ng-repeat="veteran in veteranList" class="ng-scope">
            <td class="ng-binding"></td>
            <td class="ng-binding">xxx-xx-1964</td>
            <td class="ng-binding">(800) 555-4571</td>
            <td class="ng-binding">2/2/2004</td>
            <td class="ng-binding">High</td>
            <td>
            	<select class="form-control" style="width: 180px;" id="vet_760233">
            		<option value=""></option>
            		<!-- ngRepeat: outreachStatus in outreachStatusList --><option ng-repeat="outreachStatus in outreachStatusList" value="1" class="ng-binding ng-scope">Not Contacted</option><!-- end ngRepeat: outreachStatus in outreachStatusList --><option ng-repeat="outreachStatus in outreachStatusList" value="2" class="ng-binding ng-scope">Outreach Initiated</option><!-- end ngRepeat: outreachStatus in outreachStatusList --><option ng-repeat="outreachStatus in outreachStatusList" value="3" class="ng-binding ng-scope">Outreach Attempted - No Response</option><!-- end ngRepeat: outreachStatus in outreachStatusList --><option ng-repeat="outreachStatus in outreachStatusList" value="4" class="ng-binding ng-scope">Services Refused</option><!-- end ngRepeat: outreachStatus in outreachStatusList --><option ng-repeat="outreachStatus in outreachStatusList" value="5" class="ng-binding ng-scope">No Additional Outreach Required</option><!-- end ngRepeat: outreachStatus in outreachStatusList -->
            	</select> 
            </td>
            <!--<td>{{ veteran.OutreachStatus }}</td>-->
        </tr><!-- end ngRepeat: veteran in veteranList --><tr ng-repeat="veteran in veteranList" class="ng-scope">
            <td class="ng-binding"></td>
            <td class="ng-binding">xxx-xx-6672</td>
            <td class="ng-binding">(800) 555-3247</td>
            <td class="ng-binding">5/6/2013</td>
            <td class="ng-binding">High</td>
            <td>
            	<select class="form-control" style="width: 180px;" id="vet_763875">
            		<option value=""></option>
            		<!-- ngRepeat: outreachStatus in outreachStatusList --><option ng-repeat="outreachStatus in outreachStatusList" value="1" class="ng-binding ng-scope">Not Contacted</option><!-- end ngRepeat: outreachStatus in outreachStatusList --><option ng-repeat="outreachStatus in outreachStatusList" value="2" class="ng-binding ng-scope">Outreach Initiated</option><!-- end ngRepeat: outreachStatus in outreachStatusList --><option ng-repeat="outreachStatus in outreachStatusList" value="3" class="ng-binding ng-scope">Outreach Attempted - No Response</option><!-- end ngRepeat: outreachStatus in outreachStatusList --><option ng-repeat="outreachStatus in outreachStatusList" value="4" class="ng-binding ng-scope">Services Refused</option><!-- end ngRepeat: outreachStatus in outreachStatusList --><option ng-repeat="outreachStatus in outreachStatusList" value="5" class="ng-binding ng-scope">No Additional Outreach Required</option><!-- end ngRepeat: outreachStatus in outreachStatusList -->
            	</select> 
            </td>
            <!--<td>{{ veteran.OutreachStatus }}</td>-->
        </tr><!-- end ngRepeat: veteran in veteranList --><tr ng-repeat="veteran in veteranList" class="ng-scope">
            <td class="ng-binding"></td>
            <td class="ng-binding">xxx-xx-5492</td>
            <td class="ng-binding">(800) 555-2316</td>
            <td class="ng-binding">9/20/2012</td>
            <td class="ng-binding">High</td>
            <td>
            	<select class="form-control" style="width: 180px;" id="vet_764905">
            		<option value=""></option>
            		<!-- ngRepeat: outreachStatus in outreachStatusList --><option ng-repeat="outreachStatus in outreachStatusList" value="1" class="ng-binding ng-scope">Not Contacted</option><!-- end ngRepeat: outreachStatus in outreachStatusList --><option ng-repeat="outreachStatus in outreachStatusList" value="2" class="ng-binding ng-scope">Outreach Initiated</option><!-- end ngRepeat: outreachStatus in outreachStatusList --><option ng-repeat="outreachStatus in outreachStatusList" value="3" class="ng-binding ng-scope">Outreach Attempted - No Response</option><!-- end ngRepeat: outreachStatus in outreachStatusList --><option ng-repeat="outreachStatus in outreachStatusList" value="4" class="ng-binding ng-scope">Services Refused</option><!-- end ngRepeat: outreachStatus in outreachStatusList --><option ng-repeat="outreachStatus in outreachStatusList" value="5" class="ng-binding ng-scope">No Additional Outreach Required</option><!-- end ngRepeat: outreachStatus in outreachStatusList -->
            	</select> 
            </td>
            <!--<td>{{ veteran.OutreachStatus }}</td>-->
        </tr><!-- end ngRepeat: veteran in veteranList --><tr ng-repeat="veteran in veteranList" class="ng-scope">
            <td class="ng-binding"></td>
            <td class="ng-binding">xxx-xx-9335</td>
            <td class="ng-binding">(800) 555-8271</td>
            <td class="ng-binding">11/13/2003</td>
            <td class="ng-binding">High</td>
            <td>
            	<select class="form-control" style="width: 180px;" id="vet_765176">
            		<option value=""></option>
            		<!-- ngRepeat: outreachStatus in outreachStatusList --><option ng-repeat="outreachStatus in outreachStatusList" value="1" class="ng-binding ng-scope">Not Contacted</option><!-- end ngRepeat: outreachStatus in outreachStatusList --><option ng-repeat="outreachStatus in outreachStatusList" value="2" class="ng-binding ng-scope">Outreach Initiated</option><!-- end ngRepeat: outreachStatus in outreachStatusList --><option ng-repeat="outreachStatus in outreachStatusList" value="3" class="ng-binding ng-scope">Outreach Attempted - No Response</option><!-- end ngRepeat: outreachStatus in outreachStatusList --><option ng-repeat="outreachStatus in outreachStatusList" value="4" class="ng-binding ng-scope">Services Refused</option><!-- end ngRepeat: outreachStatus in outreachStatusList --><option ng-repeat="outreachStatus in outreachStatusList" value="5" class="ng-binding ng-scope">No Additional Outreach Required</option><!-- end ngRepeat: outreachStatus in outreachStatusList -->
            	</select> 
            </td>
            <!--<td>{{ veteran.OutreachStatus }}</td>-->
        </tr><!-- end ngRepeat: veteran in veteranList --><tr ng-repeat="veteran in veteranList" class="ng-scope">
            <td class="ng-binding"></td>
            <td class="ng-binding">xxx-xx-5412</td>
            <td class="ng-binding">(800) 555-1036</td>
            <td class="ng-binding">6/24/2005</td>
            <td class="ng-binding">High</td>
            <td>
            	<select class="form-control" style="width: 180px;" id="vet_798409">
            		<option value=""></option>
            		<!-- ngRepeat: outreachStatus in outreachStatusList --><option ng-repeat="outreachStatus in outreachStatusList" value="1" class="ng-binding ng-scope">Not Contacted</option><!-- end ngRepeat: outreachStatus in outreachStatusList --><option ng-repeat="outreachStatus in outreachStatusList" value="2" class="ng-binding ng-scope">Outreach Initiated</option><!-- end ngRepeat: outreachStatus in outreachStatusList --><option ng-repeat="outreachStatus in outreachStatusList" value="3" class="ng-binding ng-scope">Outreach Attempted - No Response</option><!-- end ngRepeat: outreachStatus in outreachStatusList --><option ng-repeat="outreachStatus in outreachStatusList" value="4" class="ng-binding ng-scope">Services Refused</option><!-- end ngRepeat: outreachStatus in outreachStatusList --><option ng-repeat="outreachStatus in outreachStatusList" value="5" class="ng-binding ng-scope">No Additional Outreach Required</option><!-- end ngRepeat: outreachStatus in outreachStatusList -->
            	</select> 
            </td>
            <!--<td>{{ veteran.OutreachStatus }}</td>-->
        </tr><!-- end ngRepeat: veteran in veteranList --><tr ng-repeat="veteran in veteranList" class="ng-scope">
            <td class="ng-binding"></td>
            <td class="ng-binding">xxx-xx-4113</td>
            <td class="ng-binding">(800) 555-3048</td>
            <td class="ng-binding">5/2/2005</td>
            <td class="ng-binding">High</td>
            <td>
            	<select class="form-control" style="width: 180px;" id="vet_799709">
            		<option value=""></option>
            		<!-- ngRepeat: outreachStatus in outreachStatusList --><option ng-repeat="outreachStatus in outreachStatusList" value="1" class="ng-binding ng-scope">Not Contacted</option><!-- end ngRepeat: outreachStatus in outreachStatusList --><option ng-repeat="outreachStatus in outreachStatusList" value="2" class="ng-binding ng-scope">Outreach Initiated</option><!-- end ngRepeat: outreachStatus in outreachStatusList --><option ng-repeat="outreachStatus in outreachStatusList" value="3" class="ng-binding ng-scope">Outreach Attempted - No Response</option><!-- end ngRepeat: outreachStatus in outreachStatusList --><option ng-repeat="outreachStatus in outreachStatusList" value="4" class="ng-binding ng-scope">Services Refused</option><!-- end ngRepeat: outreachStatus in outreachStatusList --><option ng-repeat="outreachStatus in outreachStatusList" value="5" class="ng-binding ng-scope">No Additional Outreach Required</option><!-- end ngRepeat: outreachStatus in outreachStatusList -->
            	</select> 
            </td>
            <!--<td>{{ veteran.OutreachStatus }}</td>-->
        </tr><!-- end ngRepeat: veteran in veteranList --><tr ng-repeat="veteran in veteranList" class="ng-scope">
            <td class="ng-binding"></td>
            <td class="ng-binding">xxx-xx-0300</td>
            <td class="ng-binding">(800) 555-2049</td>
            <td class="ng-binding">3/22/2013</td>
            <td class="ng-binding">High</td>
            <td>
            	<select class="form-control" style="width: 180px;" id="vet_802046">
            		<option value=""></option>
            		<!-- ngRepeat: outreachStatus in outreachStatusList --><option ng-repeat="outreachStatus in outreachStatusList" value="1" class="ng-binding ng-scope">Not Contacted</option><!-- end ngRepeat: outreachStatus in outreachStatusList --><option ng-repeat="outreachStatus in outreachStatusList" value="2" class="ng-binding ng-scope">Outreach Initiated</option><!-- end ngRepeat: outreachStatus in outreachStatusList --><option ng-repeat="outreachStatus in outreachStatusList" value="3" class="ng-binding ng-scope">Outreach Attempted - No Response</option><!-- end ngRepeat: outreachStatus in outreachStatusList --><option ng-repeat="outreachStatus in outreachStatusList" value="4" class="ng-binding ng-scope">Services Refused</option><!-- end ngRepeat: outreachStatus in outreachStatusList --><option ng-repeat="outreachStatus in outreachStatusList" value="5" class="ng-binding ng-scope">No Additional Outreach Required</option><!-- end ngRepeat: outreachStatus in outreachStatusList -->
            	</select> 
            </td>
            <!--<td>{{ veteran.OutreachStatus }}</td>-->
        </tr><!-- end ngRepeat: veteran in veteranList --><tr ng-repeat="veteran in veteranList" class="ng-scope">
            <td class="ng-binding"></td>
            <td class="ng-binding">xxx-xx-0053</td>
            <td class="ng-binding">(800) 555-5713</td>
            <td class="ng-binding">6/10/2000</td>
            <td class="ng-binding">High</td>
            <td>
            	<select class="form-control" style="width: 180px;" id="vet_837544">
            		<option value=""></option>
            		<!-- ngRepeat: outreachStatus in outreachStatusList --><option ng-repeat="outreachStatus in outreachStatusList" value="1" class="ng-binding ng-scope">Not Contacted</option><!-- end ngRepeat: outreachStatus in outreachStatusList --><option ng-repeat="outreachStatus in outreachStatusList" value="2" class="ng-binding ng-scope">Outreach Initiated</option><!-- end ngRepeat: outreachStatus in outreachStatusList --><option ng-repeat="outreachStatus in outreachStatusList" value="3" class="ng-binding ng-scope">Outreach Attempted - No Response</option><!-- end ngRepeat: outreachStatus in outreachStatusList --><option ng-repeat="outreachStatus in outreachStatusList" value="4" class="ng-binding ng-scope">Services Refused</option><!-- end ngRepeat: outreachStatus in outreachStatusList --><option ng-repeat="outreachStatus in outreachStatusList" value="5" class="ng-binding ng-scope">No Additional Outreach Required</option><!-- end ngRepeat: outreachStatus in outreachStatusList -->
            	</select> 
            </td>
            <!--<td>{{ veteran.OutreachStatus }}</td>-->
        </tr><!-- end ngRepeat: veteran in veteranList --><tr ng-repeat="veteran in veteranList" class="ng-scope">
            <td class="ng-binding"></td>
            <td class="ng-binding">xxx-xx-0828</td>
            <td class="ng-binding">(800) 555-5331</td>
            <td class="ng-binding">12/19/2004</td>
            <td class="ng-binding">High</td>
            <td>
            	<select class="form-control" style="width: 180px;" id="vet_878951">
            		<option value=""></option>
            		<!-- ngRepeat: outreachStatus in outreachStatusList --><option ng-repeat="outreachStatus in outreachStatusList" value="1" class="ng-binding ng-scope">Not Contacted</option><!-- end ngRepeat: outreachStatus in outreachStatusList --><option ng-repeat="outreachStatus in outreachStatusList" value="2" class="ng-binding ng-scope">Outreach Initiated</option><!-- end ngRepeat: outreachStatus in outreachStatusList --><option ng-repeat="outreachStatus in outreachStatusList" value="3" class="ng-binding ng-scope">Outreach Attempted - No Response</option><!-- end ngRepeat: outreachStatus in outreachStatusList --><option ng-repeat="outreachStatus in outreachStatusList" value="4" class="ng-binding ng-scope">Services Refused</option><!-- end ngRepeat: outreachStatus in outreachStatusList --><option ng-repeat="outreachStatus in outreachStatusList" value="5" class="ng-binding ng-scope">No Additional Outreach Required</option><!-- end ngRepeat: outreachStatus in outreachStatusList -->
            	</select> 
            </td>
            <!--<td>{{ veteran.OutreachStatus }}</td>-->
        </tr><!-- end ngRepeat: veteran in veteranList --><tr ng-repeat="veteran in veteranList" class="ng-scope">
            <td class="ng-binding"></td>
            <td class="ng-binding">xxx-xx-0700</td>
            <td class="ng-binding">(800) 555-4747</td>
            <td class="ng-binding">2/17/2012</td>
            <td class="ng-binding">High</td>
            <td>
            	<select class="form-control" style="width: 180px;" id="vet_879513">
            		<option value=""></option>
            		<!-- ngRepeat: outreachStatus in outreachStatusList --><option ng-repeat="outreachStatus in outreachStatusList" value="1" class="ng-binding ng-scope">Not Contacted</option><!-- end ngRepeat: outreachStatus in outreachStatusList --><option ng-repeat="outreachStatus in outreachStatusList" value="2" class="ng-binding ng-scope">Outreach Initiated</option><!-- end ngRepeat: outreachStatus in outreachStatusList --><option ng-repeat="outreachStatus in outreachStatusList" value="3" class="ng-binding ng-scope">Outreach Attempted - No Response</option><!-- end ngRepeat: outreachStatus in outreachStatusList --><option ng-repeat="outreachStatus in outreachStatusList" value="4" class="ng-binding ng-scope">Services Refused</option><!-- end ngRepeat: outreachStatus in outreachStatusList --><option ng-repeat="outreachStatus in outreachStatusList" value="5" class="ng-binding ng-scope">No Additional Outreach Required</option><!-- end ngRepeat: outreachStatus in outreachStatusList -->
            	</select> 
            </td>
            <!--<td>{{ veteran.OutreachStatus }}</td>-->
        </tr><!-- end ngRepeat: veteran in veteranList --><tr ng-repeat="veteran in veteranList" class="ng-scope">
            <td class="ng-binding"></td>
            <td class="ng-binding">xxx-xx-3126</td>
            <td class="ng-binding">(800) 555-0911</td>
            <td class="ng-binding">3/31/2008</td>
            <td class="ng-binding">High</td>
            <td>
            	<select class="form-control" style="width: 180px;" id="vet_881698">
            		<option value=""></option>
            		<!-- ngRepeat: outreachStatus in outreachStatusList --><option ng-repeat="outreachStatus in outreachStatusList" value="1" class="ng-binding ng-scope">Not Contacted</option><!-- end ngRepeat: outreachStatus in outreachStatusList --><option ng-repeat="outreachStatus in outreachStatusList" value="2" class="ng-binding ng-scope">Outreach Initiated</option><!-- end ngRepeat: outreachStatus in outreachStatusList --><option ng-repeat="outreachStatus in outreachStatusList" value="3" class="ng-binding ng-scope">Outreach Attempted - No Response</option><!-- end ngRepeat: outreachStatus in outreachStatusList --><option ng-repeat="outreachStatus in outreachStatusList" value="4" class="ng-binding ng-scope">Services Refused</option><!-- end ngRepeat: outreachStatus in outreachStatusList --><option ng-repeat="outreachStatus in outreachStatusList" value="5" class="ng-binding ng-scope">No Additional Outreach Required</option><!-- end ngRepeat: outreachStatus in outreachStatusList -->
            	</select> 
            </td>
            <!--<td>{{ veteran.OutreachStatus }}</td>-->
        </tr><!-- end ngRepeat: veteran in veteranList --><tr ng-repeat="veteran in veteranList" class="ng-scope">
            <td class="ng-binding"></td>
            <td class="ng-binding">xxx-xx-9009</td>
            <td class="ng-binding">(800) 555-8985</td>
            <td class="ng-binding">5/26/2003</td>
            <td class="ng-binding">High</td>
            <td>
            	<select class="form-control" style="width: 180px;" id="vet_888113">
            		<option value=""></option>
            		<!-- ngRepeat: outreachStatus in outreachStatusList --><option ng-repeat="outreachStatus in outreachStatusList" value="1" class="ng-binding ng-scope">Not Contacted</option><!-- end ngRepeat: outreachStatus in outreachStatusList --><option ng-repeat="outreachStatus in outreachStatusList" value="2" class="ng-binding ng-scope">Outreach Initiated</option><!-- end ngRepeat: outreachStatus in outreachStatusList --><option ng-repeat="outreachStatus in outreachStatusList" value="3" class="ng-binding ng-scope">Outreach Attempted - No Response</option><!-- end ngRepeat: outreachStatus in outreachStatusList --><option ng-repeat="outreachStatus in outreachStatusList" value="4" class="ng-binding ng-scope">Services Refused</option><!-- end ngRepeat: outreachStatus in outreachStatusList --><option ng-repeat="outreachStatus in outreachStatusList" value="5" class="ng-binding ng-scope">No Additional Outreach Required</option><!-- end ngRepeat: outreachStatus in outreachStatusList -->
            	</select> 
            </td>
            <!--<td>{{ veteran.OutreachStatus }}</td>-->
        </tr><!-- end ngRepeat: veteran in veteranList --><tr ng-repeat="veteran in veteranList" class="ng-scope">
            <td class="ng-binding"></td>
            <td class="ng-binding">xxx-xx-2589</td>
            <td class="ng-binding">(800) 555-3341</td>
            <td class="ng-binding">10/16/2007</td>
            <td class="ng-binding">High</td>
            <td>
            	<select class="form-control" style="width: 180px;" id="vet_919192">
            		<option value=""></option>
            		<!-- ngRepeat: outreachStatus in outreachStatusList --><option ng-repeat="outreachStatus in outreachStatusList" value="1" class="ng-binding ng-scope">Not Contacted</option><!-- end ngRepeat: outreachStatus in outreachStatusList --><option ng-repeat="outreachStatus in outreachStatusList" value="2" class="ng-binding ng-scope">Outreach Initiated</option><!-- end ngRepeat: outreachStatus in outreachStatusList --><option ng-repeat="outreachStatus in outreachStatusList" value="3" class="ng-binding ng-scope">Outreach Attempted - No Response</option><!-- end ngRepeat: outreachStatus in outreachStatusList --><option ng-repeat="outreachStatus in outreachStatusList" value="4" class="ng-binding ng-scope">Services Refused</option><!-- end ngRepeat: outreachStatus in outreachStatusList --><option ng-repeat="outreachStatus in outreachStatusList" value="5" class="ng-binding ng-scope">No Additional Outreach Required</option><!-- end ngRepeat: outreachStatus in outreachStatusList -->
            	</select> 
            </td>
            <!--<td>{{ veteran.OutreachStatus }}</td>-->
        </tr><!-- end ngRepeat: veteran in veteranList --><tr ng-repeat="veteran in veteranList" class="ng-scope">
            <td class="ng-binding"></td>
            <td class="ng-binding">xxx-xx-4696</td>
            <td class="ng-binding">(800) 555-9727</td>
            <td class="ng-binding">10/29/2008</td>
            <td class="ng-binding">High</td>
            <td>
            	<select class="form-control" style="width: 180px;" id="vet_923886">
            		<option value=""></option>
            		<!-- ngRepeat: outreachStatus in outreachStatusList --><option ng-repeat="outreachStatus in outreachStatusList" value="1" class="ng-binding ng-scope">Not Contacted</option><!-- end ngRepeat: outreachStatus in outreachStatusList --><option ng-repeat="outreachStatus in outreachStatusList" value="2" class="ng-binding ng-scope">Outreach Initiated</option><!-- end ngRepeat: outreachStatus in outreachStatusList --><option ng-repeat="outreachStatus in outreachStatusList" value="3" class="ng-binding ng-scope">Outreach Attempted - No Response</option><!-- end ngRepeat: outreachStatus in outreachStatusList --><option ng-repeat="outreachStatus in outreachStatusList" value="4" class="ng-binding ng-scope">Services Refused</option><!-- end ngRepeat: outreachStatus in outreachStatusList --><option ng-repeat="outreachStatus in outreachStatusList" value="5" class="ng-binding ng-scope">No Additional Outreach Required</option><!-- end ngRepeat: outreachStatus in outreachStatusList -->
            	</select> 
            </td>
            <!--<td>{{ veteran.OutreachStatus }}</td>-->
        </tr><!-- end ngRepeat: veteran in veteranList --><tr ng-repeat="veteran in veteranList" class="ng-scope">
            <td class="ng-binding"></td>
            <td class="ng-binding">xxx-xx-3392</td>
            <td class="ng-binding">(800) 555-0338</td>
            <td class="ng-binding">2/3/2005</td>
            <td class="ng-binding">High</td>
            <td>
            	<select class="form-control" style="width: 180px;" id="vet_924685">
            		<option value=""></option>
            		<!-- ngRepeat: outreachStatus in outreachStatusList --><option ng-repeat="outreachStatus in outreachStatusList" value="1" class="ng-binding ng-scope">Not Contacted</option><!-- end ngRepeat: outreachStatus in outreachStatusList --><option ng-repeat="outreachStatus in outreachStatusList" value="2" class="ng-binding ng-scope">Outreach Initiated</option><!-- end ngRepeat: outreachStatus in outreachStatusList --><option ng-repeat="outreachStatus in outreachStatusList" value="3" class="ng-binding ng-scope">Outreach Attempted - No Response</option><!-- end ngRepeat: outreachStatus in outreachStatusList --><option ng-repeat="outreachStatus in outreachStatusList" value="4" class="ng-binding ng-scope">Services Refused</option><!-- end ngRepeat: outreachStatus in outreachStatusList --><option ng-repeat="outreachStatus in outreachStatusList" value="5" class="ng-binding ng-scope">No Additional Outreach Required</option><!-- end ngRepeat: outreachStatus in outreachStatusList -->
            	</select> 
            </td>
            <!--<td>{{ veteran.OutreachStatus }}</td>-->
        </tr><!-- end ngRepeat: veteran in veteranList --><tr ng-repeat="veteran in veteranList" class="ng-scope">
            <td class="ng-binding"></td>
            <td class="ng-binding">xxx-xx-0421</td>
            <td class="ng-binding">(800) 555-6219</td>
            <td class="ng-binding">8/30/2014</td>
            <td class="ng-binding">High</td>
            <td>
            	<select class="form-control" style="width: 180px;" id="vet_927245">
            		<option value=""></option>
            		<!-- ngRepeat: outreachStatus in outreachStatusList --><option ng-repeat="outreachStatus in outreachStatusList" value="1" class="ng-binding ng-scope">Not Contacted</option><!-- end ngRepeat: outreachStatus in outreachStatusList --><option ng-repeat="outreachStatus in outreachStatusList" value="2" class="ng-binding ng-scope">Outreach Initiated</option><!-- end ngRepeat: outreachStatus in outreachStatusList --><option ng-repeat="outreachStatus in outreachStatusList" value="3" class="ng-binding ng-scope">Outreach Attempted - No Response</option><!-- end ngRepeat: outreachStatus in outreachStatusList --><option ng-repeat="outreachStatus in outreachStatusList" value="4" class="ng-binding ng-scope">Services Refused</option><!-- end ngRepeat: outreachStatus in outreachStatusList --><option ng-repeat="outreachStatus in outreachStatusList" value="5" class="ng-binding ng-scope">No Additional Outreach Required</option><!-- end ngRepeat: outreachStatus in outreachStatusList -->
            	</select> 
            </td>
            <!--<td>{{ veteran.OutreachStatus }}</td>-->
        </tr><!-- end ngRepeat: veteran in veteranList --><tr ng-repeat="veteran in veteranList" class="ng-scope">
            <td class="ng-binding"></td>
            <td class="ng-binding">xxx-xx-1202</td>
            <td class="ng-binding">(800) 555-9077</td>
            <td class="ng-binding">4/22/1996</td>
            <td class="ng-binding">High</td>
            <td>
            	<select class="form-control" style="width: 180px;" id="vet_927646">
            		<option value=""></option>
            		<!-- ngRepeat: outreachStatus in outreachStatusList --><option ng-repeat="outreachStatus in outreachStatusList" value="1" class="ng-binding ng-scope">Not Contacted</option><!-- end ngRepeat: outreachStatus in outreachStatusList --><option ng-repeat="outreachStatus in outreachStatusList" value="2" class="ng-binding ng-scope">Outreach Initiated</option><!-- end ngRepeat: outreachStatus in outreachStatusList --><option ng-repeat="outreachStatus in outreachStatusList" value="3" class="ng-binding ng-scope">Outreach Attempted - No Response</option><!-- end ngRepeat: outreachStatus in outreachStatusList --><option ng-repeat="outreachStatus in outreachStatusList" value="4" class="ng-binding ng-scope">Services Refused</option><!-- end ngRepeat: outreachStatus in outreachStatusList --><option ng-repeat="outreachStatus in outreachStatusList" value="5" class="ng-binding ng-scope">No Additional Outreach Required</option><!-- end ngRepeat: outreachStatus in outreachStatusList -->
            	</select> 
            </td>
            <!--<td>{{ veteran.OutreachStatus }}</td>-->
        </tr><!-- end ngRepeat: veteran in veteranList --><tr ng-repeat="veteran in veteranList" class="ng-scope">
            <td class="ng-binding"></td>
            <td class="ng-binding">xxx-xx-0458</td>
            <td class="ng-binding">(800) 555-8459</td>
            <td class="ng-binding">12/31/2001</td>
            <td class="ng-binding">High</td>
            <td>
            	<select class="form-control" style="width: 180px;" id="vet_962837">
            		<option value=""></option>
            		<!-- ngRepeat: outreachStatus in outreachStatusList --><option ng-repeat="outreachStatus in outreachStatusList" value="1" class="ng-binding ng-scope">Not Contacted</option><!-- end ngRepeat: outreachStatus in outreachStatusList --><option ng-repeat="outreachStatus in outreachStatusList" value="2" class="ng-binding ng-scope">Outreach Initiated</option><!-- end ngRepeat: outreachStatus in outreachStatusList --><option ng-repeat="outreachStatus in outreachStatusList" value="3" class="ng-binding ng-scope">Outreach Attempted - No Response</option><!-- end ngRepeat: outreachStatus in outreachStatusList --><option ng-repeat="outreachStatus in outreachStatusList" value="4" class="ng-binding ng-scope">Services Refused</option><!-- end ngRepeat: outreachStatus in outreachStatusList --><option ng-repeat="outreachStatus in outreachStatusList" value="5" class="ng-binding ng-scope">No Additional Outreach Required</option><!-- end ngRepeat: outreachStatus in outreachStatusList -->
            	</select> 
            </td>
            <!--<td>{{ veteran.OutreachStatus }}</td>-->
        </tr><!-- end ngRepeat: veteran in veteranList --><tr ng-repeat="veteran in veteranList" class="ng-scope">
            <td class="ng-binding"></td>
            <td class="ng-binding">xxx-xx-5516</td>
            <td class="ng-binding">(800) 555-6500</td>
            <td class="ng-binding">6/7/2003</td>
            <td class="ng-binding">High</td>
            <td>
            	<select class="form-control" style="width: 180px;" id="vet_964040">
            		<option value=""></option>
            		<!-- ngRepeat: outreachStatus in outreachStatusList --><option ng-repeat="outreachStatus in outreachStatusList" value="1" class="ng-binding ng-scope">Not Contacted</option><!-- end ngRepeat: outreachStatus in outreachStatusList --><option ng-repeat="outreachStatus in outreachStatusList" value="2" class="ng-binding ng-scope">Outreach Initiated</option><!-- end ngRepeat: outreachStatus in outreachStatusList --><option ng-repeat="outreachStatus in outreachStatusList" value="3" class="ng-binding ng-scope">Outreach Attempted - No Response</option><!-- end ngRepeat: outreachStatus in outreachStatusList --><option ng-repeat="outreachStatus in outreachStatusList" value="4" class="ng-binding ng-scope">Services Refused</option><!-- end ngRepeat: outreachStatus in outreachStatusList --><option ng-repeat="outreachStatus in outreachStatusList" value="5" class="ng-binding ng-scope">No Additional Outreach Required</option><!-- end ngRepeat: outreachStatus in outreachStatusList -->
            	</select> 
            </td>
            <!--<td>{{ veteran.OutreachStatus }}</td>-->
        </tr><!-- end ngRepeat: veteran in veteranList --><tr ng-repeat="veteran in veteranList" class="ng-scope">
            <td class="ng-binding"></td>
            <td class="ng-binding">xxx-xx-9354</td>
            <td class="ng-binding">(800) 555-0157</td>
            <td class="ng-binding">9/4/2009</td>
            <td class="ng-binding">High</td>
            <td>
            	<select class="form-control" style="width: 180px;" id="vet_965080">
            		<option value=""></option>
            		<!-- ngRepeat: outreachStatus in outreachStatusList --><option ng-repeat="outreachStatus in outreachStatusList" value="1" class="ng-binding ng-scope">Not Contacted</option><!-- end ngRepeat: outreachStatus in outreachStatusList --><option ng-repeat="outreachStatus in outreachStatusList" value="2" class="ng-binding ng-scope">Outreach Initiated</option><!-- end ngRepeat: outreachStatus in outreachStatusList --><option ng-repeat="outreachStatus in outreachStatusList" value="3" class="ng-binding ng-scope">Outreach Attempted - No Response</option><!-- end ngRepeat: outreachStatus in outreachStatusList --><option ng-repeat="outreachStatus in outreachStatusList" value="4" class="ng-binding ng-scope">Services Refused</option><!-- end ngRepeat: outreachStatus in outreachStatusList --><option ng-repeat="outreachStatus in outreachStatusList" value="5" class="ng-binding ng-scope">No Additional Outreach Required</option><!-- end ngRepeat: outreachStatus in outreachStatusList -->
            	</select> 
            </td>
            <!--<td>{{ veteran.OutreachStatus }}</td>-->
        </tr><!-- end ngRepeat: veteran in veteranList --><tr ng-repeat="veteran in veteranList" class="ng-scope">
            <td class="ng-binding"></td>
            <td class="ng-binding">xxx-xx-6712</td>
            <td class="ng-binding">(800) 555-8434</td>
            <td class="ng-binding">8/16/2006</td>
            <td class="ng-binding">High</td>
            <td>
            	<select class="form-control" style="width: 180px;" id="vet_966795">
            		<option value=""></option>
            		<!-- ngRepeat: outreachStatus in outreachStatusList --><option ng-repeat="outreachStatus in outreachStatusList" value="1" class="ng-binding ng-scope">Not Contacted</option><!-- end ngRepeat: outreachStatus in outreachStatusList --><option ng-repeat="outreachStatus in outreachStatusList" value="2" class="ng-binding ng-scope">Outreach Initiated</option><!-- end ngRepeat: outreachStatus in outreachStatusList --><option ng-repeat="outreachStatus in outreachStatusList" value="3" class="ng-binding ng-scope">Outreach Attempted - No Response</option><!-- end ngRepeat: outreachStatus in outreachStatusList --><option ng-repeat="outreachStatus in outreachStatusList" value="4" class="ng-binding ng-scope">Services Refused</option><!-- end ngRepeat: outreachStatus in outreachStatusList --><option ng-repeat="outreachStatus in outreachStatusList" value="5" class="ng-binding ng-scope">No Additional Outreach Required</option><!-- end ngRepeat: outreachStatus in outreachStatusList -->
            	</select> 
            </td>
            <!--<td>{{ veteran.OutreachStatus }}</td>-->
        </tr><!-- end ngRepeat: veteran in veteranList --><tr ng-repeat="veteran in veteranList" class="ng-scope">
            <td class="ng-binding"></td>
            <td class="ng-binding">xxx-xx-2795</td>
            <td class="ng-binding">(800) 555-4856</td>
            <td class="ng-binding">6/1/1996</td>
            <td class="ng-binding">High</td>
            <td>
            	<select class="form-control" style="width: 180px;" id="vet_968453">
            		<option value=""></option>
            		<!-- ngRepeat: outreachStatus in outreachStatusList --><option ng-repeat="outreachStatus in outreachStatusList" value="1" class="ng-binding ng-scope">Not Contacted</option><!-- end ngRepeat: outreachStatus in outreachStatusList --><option ng-repeat="outreachStatus in outreachStatusList" value="2" class="ng-binding ng-scope">Outreach Initiated</option><!-- end ngRepeat: outreachStatus in outreachStatusList --><option ng-repeat="outreachStatus in outreachStatusList" value="3" class="ng-binding ng-scope">Outreach Attempted - No Response</option><!-- end ngRepeat: outreachStatus in outreachStatusList --><option ng-repeat="outreachStatus in outreachStatusList" value="4" class="ng-binding ng-scope">Services Refused</option><!-- end ngRepeat: outreachStatus in outreachStatusList --><option ng-repeat="outreachStatus in outreachStatusList" value="5" class="ng-binding ng-scope">No Additional Outreach Required</option><!-- end ngRepeat: outreachStatus in outreachStatusList -->
            	</select> 
            </td>
            <!--<td>{{ veteran.OutreachStatus }}</td>-->
        </tr><!-- end ngRepeat: veteran in veteranList --><tr ng-repeat="veteran in veteranList" class="ng-scope">
            <td class="ng-binding"></td>
            <td class="ng-binding">xxx-xx-2117</td>
            <td class="ng-binding">(800) 555-6604</td>
            <td class="ng-binding">6/30/1999</td>
            <td class="ng-binding">High</td>
            <td>
            	<select class="form-control" style="width: 180px;" id="vet_2692">
            		<option value=""></option>
            		<!-- ngRepeat: outreachStatus in outreachStatusList --><option ng-repeat="outreachStatus in outreachStatusList" value="1" class="ng-binding ng-scope">Not Contacted</option><!-- end ngRepeat: outreachStatus in outreachStatusList --><option ng-repeat="outreachStatus in outreachStatusList" value="2" class="ng-binding ng-scope">Outreach Initiated</option><!-- end ngRepeat: outreachStatus in outreachStatusList --><option ng-repeat="outreachStatus in outreachStatusList" value="3" class="ng-binding ng-scope">Outreach Attempted - No Response</option><!-- end ngRepeat: outreachStatus in outreachStatusList --><option ng-repeat="outreachStatus in outreachStatusList" value="4" class="ng-binding ng-scope">Services Refused</option><!-- end ngRepeat: outreachStatus in outreachStatusList --><option ng-repeat="outreachStatus in outreachStatusList" value="5" class="ng-binding ng-scope">No Additional Outreach Required</option><!-- end ngRepeat: outreachStatus in outreachStatusList -->
            	</select> 
            </td>
            <!--<td>{{ veteran.OutreachStatus }}</td>-->
        </tr><!-- end ngRepeat: veteran in veteranList --><tr ng-repeat="veteran in veteranList" class="ng-scope">
            <td class="ng-binding"></td>
            <td class="ng-binding">xxx-xx-4303</td>
            <td class="ng-binding">(800) 555-2214</td>
            <td class="ng-binding">12/2/1999</td>
            <td class="ng-binding">High</td>
            <td>
            	<select class="form-control" style="width: 180px;" id="vet_2727">
            		<option value=""></option>
            		<!-- ngRepeat: outreachStatus in outreachStatusList --><option ng-repeat="outreachStatus in outreachStatusList" value="1" class="ng-binding ng-scope">Not Contacted</option><!-- end ngRepeat: outreachStatus in outreachStatusList --><option ng-repeat="outreachStatus in outreachStatusList" value="2" class="ng-binding ng-scope">Outreach Initiated</option><!-- end ngRepeat: outreachStatus in outreachStatusList --><option ng-repeat="outreachStatus in outreachStatusList" value="3" class="ng-binding ng-scope">Outreach Attempted - No Response</option><!-- end ngRepeat: outreachStatus in outreachStatusList --><option ng-repeat="outreachStatus in outreachStatusList" value="4" class="ng-binding ng-scope">Services Refused</option><!-- end ngRepeat: outreachStatus in outreachStatusList --><option ng-repeat="outreachStatus in outreachStatusList" value="5" class="ng-binding ng-scope">No Additional Outreach Required</option><!-- end ngRepeat: outreachStatus in outreachStatusList -->
            	</select> 
            </td>
            <!--<td>{{ veteran.OutreachStatus }}</td>-->
        </tr><!-- end ngRepeat: veteran in veteranList --><tr ng-repeat="veteran in veteranList" class="ng-scope">
            <td class="ng-binding"></td>
            <td class="ng-binding">xxx-xx-6441</td>
            <td class="ng-binding">(800) 555-8065</td>
            <td class="ng-binding">12/13/2003</td>
            <td class="ng-binding">High</td>
            <td>
            	<select class="form-control" style="width: 180px;" id="vet_5685">
            		<option value=""></option>
            		<!-- ngRepeat: outreachStatus in outreachStatusList --><option ng-repeat="outreachStatus in outreachStatusList" value="1" class="ng-binding ng-scope">Not Contacted</option><!-- end ngRepeat: outreachStatus in outreachStatusList --><option ng-repeat="outreachStatus in outreachStatusList" value="2" class="ng-binding ng-scope">Outreach Initiated</option><!-- end ngRepeat: outreachStatus in outreachStatusList --><option ng-repeat="outreachStatus in outreachStatusList" value="3" class="ng-binding ng-scope">Outreach Attempted - No Response</option><!-- end ngRepeat: outreachStatus in outreachStatusList --><option ng-repeat="outreachStatus in outreachStatusList" value="4" class="ng-binding ng-scope">Services Refused</option><!-- end ngRepeat: outreachStatus in outreachStatusList --><option ng-repeat="outreachStatus in outreachStatusList" value="5" class="ng-binding ng-scope">No Additional Outreach Required</option><!-- end ngRepeat: outreachStatus in outreachStatusList -->
            	</select> 
            </td>
            <!--<td>{{ veteran.OutreachStatus }}</td>-->
        </tr><!-- end ngRepeat: veteran in veteranList --><tr ng-repeat="veteran in veteranList" class="ng-scope">
            <td class="ng-binding"></td>
            <td class="ng-binding">xxx-xx-9302</td>
            <td class="ng-binding">(800) 555-2754</td>
            <td class="ng-binding">12/24/1995</td>
            <td class="ng-binding">High</td>
            <td>
            	<select class="form-control" style="width: 180px;" id="vet_8398">
            		<option value=""></option>
            		<!-- ngRepeat: outreachStatus in outreachStatusList --><option ng-repeat="outreachStatus in outreachStatusList" value="1" class="ng-binding ng-scope">Not Contacted</option><!-- end ngRepeat: outreachStatus in outreachStatusList --><option ng-repeat="outreachStatus in outreachStatusList" value="2" class="ng-binding ng-scope">Outreach Initiated</option><!-- end ngRepeat: outreachStatus in outreachStatusList --><option ng-repeat="outreachStatus in outreachStatusList" value="3" class="ng-binding ng-scope">Outreach Attempted - No Response</option><!-- end ngRepeat: outreachStatus in outreachStatusList --><option ng-repeat="outreachStatus in outreachStatusList" value="4" class="ng-binding ng-scope">Services Refused</option><!-- end ngRepeat: outreachStatus in outreachStatusList --><option ng-repeat="outreachStatus in outreachStatusList" value="5" class="ng-binding ng-scope">No Additional Outreach Required</option><!-- end ngRepeat: outreachStatus in outreachStatusList -->
            	</select> 
            </td>
            <!--<td>{{ veteran.OutreachStatus }}</td>-->
        </tr><!-- end ngRepeat: veteran in veteranList --><tr ng-repeat="veteran in veteranList" class="ng-scope">
            <td class="ng-binding"></td>
            <td class="ng-binding">xxx-xx-4711</td>
            <td class="ng-binding">(800) 555-1493</td>
            <td class="ng-binding">5/27/2008</td>
            <td class="ng-binding">High</td>
            <td>
            	<select class="form-control" style="width: 180px;" id="vet_71604">
            		<option value=""></option>
            		<!-- ngRepeat: outreachStatus in outreachStatusList --><option ng-repeat="outreachStatus in outreachStatusList" value="1" class="ng-binding ng-scope">Not Contacted</option><!-- end ngRepeat: outreachStatus in outreachStatusList --><option ng-repeat="outreachStatus in outreachStatusList" value="2" class="ng-binding ng-scope">Outreach Initiated</option><!-- end ngRepeat: outreachStatus in outreachStatusList --><option ng-repeat="outreachStatus in outreachStatusList" value="3" class="ng-binding ng-scope">Outreach Attempted - No Response</option><!-- end ngRepeat: outreachStatus in outreachStatusList --><option ng-repeat="outreachStatus in outreachStatusList" value="4" class="ng-binding ng-scope">Services Refused</option><!-- end ngRepeat: outreachStatus in outreachStatusList --><option ng-repeat="outreachStatus in outreachStatusList" value="5" class="ng-binding ng-scope">No Additional Outreach Required</option><!-- end ngRepeat: outreachStatus in outreachStatusList -->
            	</select> 
            </td>
            <!--<td>{{ veteran.OutreachStatus }}</td>-->
        </tr><!-- end ngRepeat: veteran in veteranList --><tr ng-repeat="veteran in veteranList" class="ng-scope">
            <td class="ng-binding"></td>
            <td class="ng-binding">xxx-xx-1308</td>
            <td class="ng-binding">(800) 555-0619</td>
            <td class="ng-binding">2/19/2001</td>
            <td class="ng-binding">High</td>
            <td>
            	<select class="form-control" style="width: 180px;" id="vet_72224">
            		<option value=""></option>
            		<!-- ngRepeat: outreachStatus in outreachStatusList --><option ng-repeat="outreachStatus in outreachStatusList" value="1" class="ng-binding ng-scope">Not Contacted</option><!-- end ngRepeat: outreachStatus in outreachStatusList --><option ng-repeat="outreachStatus in outreachStatusList" value="2" class="ng-binding ng-scope">Outreach Initiated</option><!-- end ngRepeat: outreachStatus in outreachStatusList --><option ng-repeat="outreachStatus in outreachStatusList" value="3" class="ng-binding ng-scope">Outreach Attempted - No Response</option><!-- end ngRepeat: outreachStatus in outreachStatusList --><option ng-repeat="outreachStatus in outreachStatusList" value="4" class="ng-binding ng-scope">Services Refused</option><!-- end ngRepeat: outreachStatus in outreachStatusList --><option ng-repeat="outreachStatus in outreachStatusList" value="5" class="ng-binding ng-scope">No Additional Outreach Required</option><!-- end ngRepeat: outreachStatus in outreachStatusList -->
            	</select> 
            </td>
            <!--<td>{{ veteran.OutreachStatus }}</td>-->
        </tr><!-- end ngRepeat: veteran in veteranList --><tr ng-repeat="veteran in veteranList" class="ng-scope">
            <td class="ng-binding"></td>
            <td class="ng-binding">xxx-xx-8852</td>
            <td class="ng-binding">(800) 555-9258</td>
            <td class="ng-binding">4/15/1997</td>
            <td class="ng-binding">High</td>
            <td>
            	<select class="form-control" style="width: 180px;" id="vet_72496">
            		<option value=""></option>
            		<!-- ngRepeat: outreachStatus in outreachStatusList --><option ng-repeat="outreachStatus in outreachStatusList" value="1" class="ng-binding ng-scope">Not Contacted</option><!-- end ngRepeat: outreachStatus in outreachStatusList --><option ng-repeat="outreachStatus in outreachStatusList" value="2" class="ng-binding ng-scope">Outreach Initiated</option><!-- end ngRepeat: outreachStatus in outreachStatusList --><option ng-repeat="outreachStatus in outreachStatusList" value="3" class="ng-binding ng-scope">Outreach Attempted - No Response</option><!-- end ngRepeat: outreachStatus in outreachStatusList --><option ng-repeat="outreachStatus in outreachStatusList" value="4" class="ng-binding ng-scope">Services Refused</option><!-- end ngRepeat: outreachStatus in outreachStatusList --><option ng-repeat="outreachStatus in outreachStatusList" value="5" class="ng-binding ng-scope">No Additional Outreach Required</option><!-- end ngRepeat: outreachStatus in outreachStatusList -->
            	</select> 
            </td>
            <!--<td>{{ veteran.OutreachStatus }}</td>-->
        </tr><!-- end ngRepeat: veteran in veteranList --><tr ng-repeat="veteran in veteranList" class="ng-scope">
            <td class="ng-binding"></td>
            <td class="ng-binding">xxx-xx-7668</td>
            <td class="ng-binding">(800) 555-3636</td>
            <td class="ng-binding">12/18/2013</td>
            <td class="ng-binding">High</td>
            <td>
            	<select class="form-control" style="width: 180px;" id="vet_107668">
            		<option value=""></option>
            		<!-- ngRepeat: outreachStatus in outreachStatusList --><option ng-repeat="outreachStatus in outreachStatusList" value="1" class="ng-binding ng-scope">Not Contacted</option><!-- end ngRepeat: outreachStatus in outreachStatusList --><option ng-repeat="outreachStatus in outreachStatusList" value="2" class="ng-binding ng-scope">Outreach Initiated</option><!-- end ngRepeat: outreachStatus in outreachStatusList --><option ng-repeat="outreachStatus in outreachStatusList" value="3" class="ng-binding ng-scope">Outreach Attempted - No Response</option><!-- end ngRepeat: outreachStatus in outreachStatusList --><option ng-repeat="outreachStatus in outreachStatusList" value="4" class="ng-binding ng-scope">Services Refused</option><!-- end ngRepeat: outreachStatus in outreachStatusList --><option ng-repeat="outreachStatus in outreachStatusList" value="5" class="ng-binding ng-scope">No Additional Outreach Required</option><!-- end ngRepeat: outreachStatus in outreachStatusList -->
            	</select> 
            </td>
            <!--<td>{{ veteran.OutreachStatus }}</td>-->
        </tr><!-- end ngRepeat: veteran in veteranList --><tr ng-repeat="veteran in veteranList" class="ng-scope">
            <td class="ng-binding"></td>
            <td class="ng-binding">xxx-xx-8650</td>
            <td class="ng-binding">(800) 555-0495</td>
            <td class="ng-binding">3/1/2001</td>
            <td class="ng-binding">High</td>
            <td>
            	<select class="form-control" style="width: 180px;" id="vet_150796">
            		<option value=""></option>
            		<!-- ngRepeat: outreachStatus in outreachStatusList --><option ng-repeat="outreachStatus in outreachStatusList" value="1" class="ng-binding ng-scope">Not Contacted</option><!-- end ngRepeat: outreachStatus in outreachStatusList --><option ng-repeat="outreachStatus in outreachStatusList" value="2" class="ng-binding ng-scope">Outreach Initiated</option><!-- end ngRepeat: outreachStatus in outreachStatusList --><option ng-repeat="outreachStatus in outreachStatusList" value="3" class="ng-binding ng-scope">Outreach Attempted - No Response</option><!-- end ngRepeat: outreachStatus in outreachStatusList --><option ng-repeat="outreachStatus in outreachStatusList" value="4" class="ng-binding ng-scope">Services Refused</option><!-- end ngRepeat: outreachStatus in outreachStatusList --><option ng-repeat="outreachStatus in outreachStatusList" value="5" class="ng-binding ng-scope">No Additional Outreach Required</option><!-- end ngRepeat: outreachStatus in outreachStatusList -->
            	</select> 
            </td>
            <!--<td>{{ veteran.OutreachStatus }}</td>-->
        </tr><!-- end ngRepeat: veteran in veteranList --><tr ng-repeat="veteran in veteranList" class="ng-scope">
            <td class="ng-binding"></td>
            <td class="ng-binding">xxx-xx-9336</td>
            <td class="ng-binding">(800) 555-3878</td>
            <td class="ng-binding">4/22/2010</td>
            <td class="ng-binding">High</td>
            <td>
            	<select class="form-control" style="width: 180px;" id="vet_186655">
            		<option value=""></option>
            		<!-- ngRepeat: outreachStatus in outreachStatusList --><option ng-repeat="outreachStatus in outreachStatusList" value="1" class="ng-binding ng-scope">Not Contacted</option><!-- end ngRepeat: outreachStatus in outreachStatusList --><option ng-repeat="outreachStatus in outreachStatusList" value="2" class="ng-binding ng-scope">Outreach Initiated</option><!-- end ngRepeat: outreachStatus in outreachStatusList --><option ng-repeat="outreachStatus in outreachStatusList" value="3" class="ng-binding ng-scope">Outreach Attempted - No Response</option><!-- end ngRepeat: outreachStatus in outreachStatusList --><option ng-repeat="outreachStatus in outreachStatusList" value="4" class="ng-binding ng-scope">Services Refused</option><!-- end ngRepeat: outreachStatus in outreachStatusList --><option ng-repeat="outreachStatus in outreachStatusList" value="5" class="ng-binding ng-scope">No Additional Outreach Required</option><!-- end ngRepeat: outreachStatus in outreachStatusList -->
            	</select> 
            </td>
            <!--<td>{{ veteran.OutreachStatus }}</td>-->
        </tr><!-- end ngRepeat: veteran in veteranList --><tr ng-repeat="veteran in veteranList" class="ng-scope">
            <td class="ng-binding"></td>
            <td class="ng-binding">xxx-xx-7611</td>
            <td class="ng-binding">(800) 555-6070</td>
            <td class="ng-binding">3/29/2011</td>
            <td class="ng-binding">High</td>
            <td>
            	<select class="form-control" style="width: 180px;" id="vet_188984">
            		<option value=""></option>
            		<!-- ngRepeat: outreachStatus in outreachStatusList --><option ng-repeat="outreachStatus in outreachStatusList" value="1" class="ng-binding ng-scope">Not Contacted</option><!-- end ngRepeat: outreachStatus in outreachStatusList --><option ng-repeat="outreachStatus in outreachStatusList" value="2" class="ng-binding ng-scope">Outreach Initiated</option><!-- end ngRepeat: outreachStatus in outreachStatusList --><option ng-repeat="outreachStatus in outreachStatusList" value="3" class="ng-binding ng-scope">Outreach Attempted - No Response</option><!-- end ngRepeat: outreachStatus in outreachStatusList --><option ng-repeat="outreachStatus in outreachStatusList" value="4" class="ng-binding ng-scope">Services Refused</option><!-- end ngRepeat: outreachStatus in outreachStatusList --><option ng-repeat="outreachStatus in outreachStatusList" value="5" class="ng-binding ng-scope">No Additional Outreach Required</option><!-- end ngRepeat: outreachStatus in outreachStatusList -->
            	</select> 
            </td>
            <!--<td>{{ veteran.OutreachStatus }}</td>-->
        </tr><!-- end ngRepeat: veteran in veteranList --><tr ng-repeat="veteran in veteranList" class="ng-scope">
            <td class="ng-binding"></td>
            <td class="ng-binding">xxx-xx-5291</td>
            <td class="ng-binding">(800) 555-6868</td>
            <td class="ng-binding">12/7/2002</td>
            <td class="ng-binding">High</td>
            <td>
            	<select class="form-control" style="width: 180px;" id="vet_191571">
            		<option value=""></option>
            		<!-- ngRepeat: outreachStatus in outreachStatusList --><option ng-repeat="outreachStatus in outreachStatusList" value="1" class="ng-binding ng-scope">Not Contacted</option><!-- end ngRepeat: outreachStatus in outreachStatusList --><option ng-repeat="outreachStatus in outreachStatusList" value="2" class="ng-binding ng-scope">Outreach Initiated</option><!-- end ngRepeat: outreachStatus in outreachStatusList --><option ng-repeat="outreachStatus in outreachStatusList" value="3" class="ng-binding ng-scope">Outreach Attempted - No Response</option><!-- end ngRepeat: outreachStatus in outreachStatusList --><option ng-repeat="outreachStatus in outreachStatusList" value="4" class="ng-binding ng-scope">Services Refused</option><!-- end ngRepeat: outreachStatus in outreachStatusList --><option ng-repeat="outreachStatus in outreachStatusList" value="5" class="ng-binding ng-scope">No Additional Outreach Required</option><!-- end ngRepeat: outreachStatus in outreachStatusList -->
            	</select> 
            </td>
            <!--<td>{{ veteran.OutreachStatus }}</td>-->
        </tr><!-- end ngRepeat: veteran in veteranList --><tr ng-repeat="veteran in veteranList" class="ng-scope">
            <td class="ng-binding"></td>
            <td class="ng-binding">xxx-xx-6067</td>
            <td class="ng-binding">(800) 555-9125</td>
            <td class="ng-binding">6/22/2014</td>
            <td class="ng-binding">High</td>
            <td>
            	<select class="form-control" style="width: 180px;" id="vet_192081">
            		<option value=""></option>
            		<!-- ngRepeat: outreachStatus in outreachStatusList --><option ng-repeat="outreachStatus in outreachStatusList" value="1" class="ng-binding ng-scope">Not Contacted</option><!-- end ngRepeat: outreachStatus in outreachStatusList --><option ng-repeat="outreachStatus in outreachStatusList" value="2" class="ng-binding ng-scope">Outreach Initiated</option><!-- end ngRepeat: outreachStatus in outreachStatusList --><option ng-repeat="outreachStatus in outreachStatusList" value="3" class="ng-binding ng-scope">Outreach Attempted - No Response</option><!-- end ngRepeat: outreachStatus in outreachStatusList --><option ng-repeat="outreachStatus in outreachStatusList" value="4" class="ng-binding ng-scope">Services Refused</option><!-- end ngRepeat: outreachStatus in outreachStatusList --><option ng-repeat="outreachStatus in outreachStatusList" value="5" class="ng-binding ng-scope">No Additional Outreach Required</option><!-- end ngRepeat: outreachStatus in outreachStatusList -->
            	</select> 
            </td>
            <!--<td>{{ veteran.OutreachStatus }}</td>-->
        </tr><!-- end ngRepeat: veteran in veteranList --><tr ng-repeat="veteran in veteranList" class="ng-scope">
            <td class="ng-binding"></td>
            <td class="ng-binding">xxx-xx-8953</td>
            <td class="ng-binding">(800) 555-1532</td>
            <td class="ng-binding">12/3/2002</td>
            <td class="ng-binding">High</td>
            <td>
            	<select class="form-control" style="width: 180px;" id="vet_224556">
            		<option value=""></option>
            		<!-- ngRepeat: outreachStatus in outreachStatusList --><option ng-repeat="outreachStatus in outreachStatusList" value="1" class="ng-binding ng-scope">Not Contacted</option><!-- end ngRepeat: outreachStatus in outreachStatusList --><option ng-repeat="outreachStatus in outreachStatusList" value="2" class="ng-binding ng-scope">Outreach Initiated</option><!-- end ngRepeat: outreachStatus in outreachStatusList --><option ng-repeat="outreachStatus in outreachStatusList" value="3" class="ng-binding ng-scope">Outreach Attempted - No Response</option><!-- end ngRepeat: outreachStatus in outreachStatusList --><option ng-repeat="outreachStatus in outreachStatusList" value="4" class="ng-binding ng-scope">Services Refused</option><!-- end ngRepeat: outreachStatus in outreachStatusList --><option ng-repeat="outreachStatus in outreachStatusList" value="5" class="ng-binding ng-scope">No Additional Outreach Required</option><!-- end ngRepeat: outreachStatus in outreachStatusList -->
            	</select> 
            </td>
            <!--<td>{{ veteran.OutreachStatus }}</td>-->
        </tr><!-- end ngRepeat: veteran in veteranList --><tr ng-repeat="veteran in veteranList" class="ng-scope">
            <td class="ng-binding"></td>
            <td class="ng-binding">xxx-xx-4261</td>
            <td class="ng-binding">(800) 555-0248</td>
            <td class="ng-binding">7/21/2011</td>
            <td class="ng-binding">High</td>
            <td>
            	<select class="form-control" style="width: 180px;" id="vet_225614">
            		<option value=""></option>
            		<!-- ngRepeat: outreachStatus in outreachStatusList --><option ng-repeat="outreachStatus in outreachStatusList" value="1" class="ng-binding ng-scope">Not Contacted</option><!-- end ngRepeat: outreachStatus in outreachStatusList --><option ng-repeat="outreachStatus in outreachStatusList" value="2" class="ng-binding ng-scope">Outreach Initiated</option><!-- end ngRepeat: outreachStatus in outreachStatusList --><option ng-repeat="outreachStatus in outreachStatusList" value="3" class="ng-binding ng-scope">Outreach Attempted - No Response</option><!-- end ngRepeat: outreachStatus in outreachStatusList --><option ng-repeat="outreachStatus in outreachStatusList" value="4" class="ng-binding ng-scope">Services Refused</option><!-- end ngRepeat: outreachStatus in outreachStatusList --><option ng-repeat="outreachStatus in outreachStatusList" value="5" class="ng-binding ng-scope">No Additional Outreach Required</option><!-- end ngRepeat: outreachStatus in outreachStatusList -->
            	</select> 
            </td>
            <!--<td>{{ veteran.OutreachStatus }}</td>-->
        </tr><!-- end ngRepeat: veteran in veteranList --><tr ng-repeat="veteran in veteranList" class="ng-scope">
            <td class="ng-binding"></td>
            <td class="ng-binding">xxx-xx-6744</td>
            <td class="ng-binding">(800) 555-8307</td>
            <td class="ng-binding">5/13/2005</td>
            <td class="ng-binding">High</td>
            <td>
            	<select class="form-control" style="width: 180px;" id="vet_228906">
            		<option value=""></option>
            		<!-- ngRepeat: outreachStatus in outreachStatusList --><option ng-repeat="outreachStatus in outreachStatusList" value="1" class="ng-binding ng-scope">Not Contacted</option><!-- end ngRepeat: outreachStatus in outreachStatusList --><option ng-repeat="outreachStatus in outreachStatusList" value="2" class="ng-binding ng-scope">Outreach Initiated</option><!-- end ngRepeat: outreachStatus in outreachStatusList --><option ng-repeat="outreachStatus in outreachStatusList" value="3" class="ng-binding ng-scope">Outreach Attempted - No Response</option><!-- end ngRepeat: outreachStatus in outreachStatusList --><option ng-repeat="outreachStatus in outreachStatusList" value="4" class="ng-binding ng-scope">Services Refused</option><!-- end ngRepeat: outreachStatus in outreachStatusList --><option ng-repeat="outreachStatus in outreachStatusList" value="5" class="ng-binding ng-scope">No Additional Outreach Required</option><!-- end ngRepeat: outreachStatus in outreachStatusList -->
            	</select> 
            </td>
            <!--<td>{{ veteran.OutreachStatus }}</td>-->
        </tr><!-- end ngRepeat: veteran in veteranList --><tr ng-repeat="veteran in veteranList" class="ng-scope">
            <td class="ng-binding"></td>
            <td class="ng-binding">xxx-xx-2215</td>
            <td class="ng-binding">(800) 555-0824</td>
            <td class="ng-binding">7/16/2012</td>
            <td class="ng-binding">High</td>
            <td>
            	<select class="form-control" style="width: 180px;" id="vet_230110">
            		<option value=""></option>
            		<!-- ngRepeat: outreachStatus in outreachStatusList --><option ng-repeat="outreachStatus in outreachStatusList" value="1" class="ng-binding ng-scope">Not Contacted</option><!-- end ngRepeat: outreachStatus in outreachStatusList --><option ng-repeat="outreachStatus in outreachStatusList" value="2" class="ng-binding ng-scope">Outreach Initiated</option><!-- end ngRepeat: outreachStatus in outreachStatusList --><option ng-repeat="outreachStatus in outreachStatusList" value="3" class="ng-binding ng-scope">Outreach Attempted - No Response</option><!-- end ngRepeat: outreachStatus in outreachStatusList --><option ng-repeat="outreachStatus in outreachStatusList" value="4" class="ng-binding ng-scope">Services Refused</option><!-- end ngRepeat: outreachStatus in outreachStatusList --><option ng-repeat="outreachStatus in outreachStatusList" value="5" class="ng-binding ng-scope">No Additional Outreach Required</option><!-- end ngRepeat: outreachStatus in outreachStatusList -->
            	</select> 
            </td>
            <!--<td>{{ veteran.OutreachStatus }}</td>-->
        </tr><!-- end ngRepeat: veteran in veteranList --><tr ng-repeat="veteran in veteranList" class="ng-scope">
            <td class="ng-binding"></td>
            <td class="ng-binding">xxx-xx-7922</td>
            <td class="ng-binding">(800) 555-0299</td>
            <td class="ng-binding">1/24/2004</td>
            <td class="ng-binding">High</td>
            <td>
            	<select class="form-control" style="width: 180px;" id="vet_230656">
            		<option value=""></option>
            		<!-- ngRepeat: outreachStatus in outreachStatusList --><option ng-repeat="outreachStatus in outreachStatusList" value="1" class="ng-binding ng-scope">Not Contacted</option><!-- end ngRepeat: outreachStatus in outreachStatusList --><option ng-repeat="outreachStatus in outreachStatusList" value="2" class="ng-binding ng-scope">Outreach Initiated</option><!-- end ngRepeat: outreachStatus in outreachStatusList --><option ng-repeat="outreachStatus in outreachStatusList" value="3" class="ng-binding ng-scope">Outreach Attempted - No Response</option><!-- end ngRepeat: outreachStatus in outreachStatusList --><option ng-repeat="outreachStatus in outreachStatusList" value="4" class="ng-binding ng-scope">Services Refused</option><!-- end ngRepeat: outreachStatus in outreachStatusList --><option ng-repeat="outreachStatus in outreachStatusList" value="5" class="ng-binding ng-scope">No Additional Outreach Required</option><!-- end ngRepeat: outreachStatus in outreachStatusList -->
            	</select> 
            </td>
            <!--<td>{{ veteran.OutreachStatus }}</td>-->
        </tr><!-- end ngRepeat: veteran in veteranList --><tr ng-repeat="veteran in veteranList" class="ng-scope">
            <td class="ng-binding"></td>
            <td class="ng-binding">xxx-xx-7682</td>
            <td class="ng-binding">(800) 555-0079</td>
            <td class="ng-binding">1/19/2014</td>
            <td class="ng-binding">High</td>
            <td>
            	<select class="form-control" style="width: 180px;" id="vet_231566">
            		<option value=""></option>
            		<!-- ngRepeat: outreachStatus in outreachStatusList --><option ng-repeat="outreachStatus in outreachStatusList" value="1" class="ng-binding ng-scope">Not Contacted</option><!-- end ngRepeat: outreachStatus in outreachStatusList --><option ng-repeat="outreachStatus in outreachStatusList" value="2" class="ng-binding ng-scope">Outreach Initiated</option><!-- end ngRepeat: outreachStatus in outreachStatusList --><option ng-repeat="outreachStatus in outreachStatusList" value="3" class="ng-binding ng-scope">Outreach Attempted - No Response</option><!-- end ngRepeat: outreachStatus in outreachStatusList --><option ng-repeat="outreachStatus in outreachStatusList" value="4" class="ng-binding ng-scope">Services Refused</option><!-- end ngRepeat: outreachStatus in outreachStatusList --><option ng-repeat="outreachStatus in outreachStatusList" value="5" class="ng-binding ng-scope">No Additional Outreach Required</option><!-- end ngRepeat: outreachStatus in outreachStatusList -->
            	</select> 
            </td>
            <!--<td>{{ veteran.OutreachStatus }}</td>-->
        </tr><!-- end ngRepeat: veteran in veteranList --><tr ng-repeat="veteran in veteranList" class="ng-scope">
            <td class="ng-binding"></td>
            <td class="ng-binding">xxx-xx-7143</td>
            <td class="ng-binding">(800) 555-5160</td>
            <td class="ng-binding">1/21/2010</td>
            <td class="ng-binding">High</td>
            <td>
            	<select class="form-control" style="width: 180px;" id="vet_267513">
            		<option value=""></option>
            		<!-- ngRepeat: outreachStatus in outreachStatusList --><option ng-repeat="outreachStatus in outreachStatusList" value="1" class="ng-binding ng-scope">Not Contacted</option><!-- end ngRepeat: outreachStatus in outreachStatusList --><option ng-repeat="outreachStatus in outreachStatusList" value="2" class="ng-binding ng-scope">Outreach Initiated</option><!-- end ngRepeat: outreachStatus in outreachStatusList --><option ng-repeat="outreachStatus in outreachStatusList" value="3" class="ng-binding ng-scope">Outreach Attempted - No Response</option><!-- end ngRepeat: outreachStatus in outreachStatusList --><option ng-repeat="outreachStatus in outreachStatusList" value="4" class="ng-binding ng-scope">Services Refused</option><!-- end ngRepeat: outreachStatus in outreachStatusList --><option ng-repeat="outreachStatus in outreachStatusList" value="5" class="ng-binding ng-scope">No Additional Outreach Required</option><!-- end ngRepeat: outreachStatus in outreachStatusList -->
            	</select> 
            </td>
            <!--<td>{{ veteran.OutreachStatus }}</td>-->
        </tr><!-- end ngRepeat: veteran in veteranList --><tr ng-repeat="veteran in veteranList" class="ng-scope">
            <td class="ng-binding"></td>
            <td class="ng-binding">xxx-xx-6102</td>
            <td class="ng-binding">(800) 555-6643</td>
            <td class="ng-binding">9/24/2013</td>
            <td class="ng-binding">High</td>
            <td>
            	<select class="form-control" style="width: 180px;" id="vet_310871">
            		<option value=""></option>
            		<!-- ngRepeat: outreachStatus in outreachStatusList --><option ng-repeat="outreachStatus in outreachStatusList" value="1" class="ng-binding ng-scope">Not Contacted</option><!-- end ngRepeat: outreachStatus in outreachStatusList --><option ng-repeat="outreachStatus in outreachStatusList" value="2" class="ng-binding ng-scope">Outreach Initiated</option><!-- end ngRepeat: outreachStatus in outreachStatusList --><option ng-repeat="outreachStatus in outreachStatusList" value="3" class="ng-binding ng-scope">Outreach Attempted - No Response</option><!-- end ngRepeat: outreachStatus in outreachStatusList --><option ng-repeat="outreachStatus in outreachStatusList" value="4" class="ng-binding ng-scope">Services Refused</option><!-- end ngRepeat: outreachStatus in outreachStatusList --><option ng-repeat="outreachStatus in outreachStatusList" value="5" class="ng-binding ng-scope">No Additional Outreach Required</option><!-- end ngRepeat: outreachStatus in outreachStatusList -->
            	</select> 
            </td>
            <!--<td>{{ veteran.OutreachStatus }}</td>-->
        </tr><!-- end ngRepeat: veteran in veteranList --><tr ng-repeat="veteran in veteranList" class="ng-scope">
            <td class="ng-binding"></td>
            <td class="ng-binding">xxx-xx-3566</td>
            <td class="ng-binding">(800) 555-6218</td>
            <td class="ng-binding">5/8/2008</td>
            <td class="ng-binding">High</td>
            <td>
            	<select class="form-control" style="width: 180px;" id="vet_313681">
            		<option value=""></option>
            		<!-- ngRepeat: outreachStatus in outreachStatusList --><option ng-repeat="outreachStatus in outreachStatusList" value="1" class="ng-binding ng-scope">Not Contacted</option><!-- end ngRepeat: outreachStatus in outreachStatusList --><option ng-repeat="outreachStatus in outreachStatusList" value="2" class="ng-binding ng-scope">Outreach Initiated</option><!-- end ngRepeat: outreachStatus in outreachStatusList --><option ng-repeat="outreachStatus in outreachStatusList" value="3" class="ng-binding ng-scope">Outreach Attempted - No Response</option><!-- end ngRepeat: outreachStatus in outreachStatusList --><option ng-repeat="outreachStatus in outreachStatusList" value="4" class="ng-binding ng-scope">Services Refused</option><!-- end ngRepeat: outreachStatus in outreachStatusList --><option ng-repeat="outreachStatus in outreachStatusList" value="5" class="ng-binding ng-scope">No Additional Outreach Required</option><!-- end ngRepeat: outreachStatus in outreachStatusList -->
            	</select> 
            </td>
            <!--<td>{{ veteran.OutreachStatus }}</td>-->
        </tr><!-- end ngRepeat: veteran in veteranList --><tr ng-repeat="veteran in veteranList" class="ng-scope">
            <td class="ng-binding"></td>
            <td class="ng-binding">xxx-xx-7218</td>
            <td class="ng-binding">(800) 555-9870</td>
            <td class="ng-binding">1/30/2005</td>
            <td class="ng-binding">High</td>
            <td>
            	<select class="form-control" style="width: 180px;" id="vet_314996">
            		<option value=""></option>
            		<!-- ngRepeat: outreachStatus in outreachStatusList --><option ng-repeat="outreachStatus in outreachStatusList" value="1" class="ng-binding ng-scope">Not Contacted</option><!-- end ngRepeat: outreachStatus in outreachStatusList --><option ng-repeat="outreachStatus in outreachStatusList" value="2" class="ng-binding ng-scope">Outreach Initiated</option><!-- end ngRepeat: outreachStatus in outreachStatusList --><option ng-repeat="outreachStatus in outreachStatusList" value="3" class="ng-binding ng-scope">Outreach Attempted - No Response</option><!-- end ngRepeat: outreachStatus in outreachStatusList --><option ng-repeat="outreachStatus in outreachStatusList" value="4" class="ng-binding ng-scope">Services Refused</option><!-- end ngRepeat: outreachStatus in outreachStatusList --><option ng-repeat="outreachStatus in outreachStatusList" value="5" class="ng-binding ng-scope">No Additional Outreach Required</option><!-- end ngRepeat: outreachStatus in outreachStatusList -->
            	</select> 
            </td>
            <!--<td>{{ veteran.OutreachStatus }}</td>-->
        </tr><!-- end ngRepeat: veteran in veteranList --><tr ng-repeat="veteran in veteranList" class="ng-scope">
            <td class="ng-binding"></td>
            <td class="ng-binding">xxx-xx-5480</td>
            <td class="ng-binding">(800) 555-4490</td>
            <td class="ng-binding">11/5/2011</td>
            <td class="ng-binding">High</td>
            <td>
            	<select class="form-control" style="width: 180px;" id="vet_349738">
            		<option value=""></option>
            		<!-- ngRepeat: outreachStatus in outreachStatusList --><option ng-repeat="outreachStatus in outreachStatusList" value="1" class="ng-binding ng-scope">Not Contacted</option><!-- end ngRepeat: outreachStatus in outreachStatusList --><option ng-repeat="outreachStatus in outreachStatusList" value="2" class="ng-binding ng-scope">Outreach Initiated</option><!-- end ngRepeat: outreachStatus in outreachStatusList --><option ng-repeat="outreachStatus in outreachStatusList" value="3" class="ng-binding ng-scope">Outreach Attempted - No Response</option><!-- end ngRepeat: outreachStatus in outreachStatusList --><option ng-repeat="outreachStatus in outreachStatusList" value="4" class="ng-binding ng-scope">Services Refused</option><!-- end ngRepeat: outreachStatus in outreachStatusList --><option ng-repeat="outreachStatus in outreachStatusList" value="5" class="ng-binding ng-scope">No Additional Outreach Required</option><!-- end ngRepeat: outreachStatus in outreachStatusList -->
            	</select> 
            </td>
            <!--<td>{{ veteran.OutreachStatus }}</td>-->
        </tr><!-- end ngRepeat: veteran in veteranList --><tr ng-repeat="veteran in veteranList" class="ng-scope">
            <td class="ng-binding"></td>
            <td class="ng-binding">xxx-xx-4980</td>
            <td class="ng-binding">(800) 555-8005</td>
            <td class="ng-binding">4/17/2000</td>
            <td class="ng-binding">High</td>
            <td>
            	<select class="form-control" style="width: 180px;" id="vet_350976">
            		<option value=""></option>
            		<!-- ngRepeat: outreachStatus in outreachStatusList --><option ng-repeat="outreachStatus in outreachStatusList" value="1" class="ng-binding ng-scope">Not Contacted</option><!-- end ngRepeat: outreachStatus in outreachStatusList --><option ng-repeat="outreachStatus in outreachStatusList" value="2" class="ng-binding ng-scope">Outreach Initiated</option><!-- end ngRepeat: outreachStatus in outreachStatusList --><option ng-repeat="outreachStatus in outreachStatusList" value="3" class="ng-binding ng-scope">Outreach Attempted - No Response</option><!-- end ngRepeat: outreachStatus in outreachStatusList --><option ng-repeat="outreachStatus in outreachStatusList" value="4" class="ng-binding ng-scope">Services Refused</option><!-- end ngRepeat: outreachStatus in outreachStatusList --><option ng-repeat="outreachStatus in outreachStatusList" value="5" class="ng-binding ng-scope">No Additional Outreach Required</option><!-- end ngRepeat: outreachStatus in outreachStatusList -->
            	</select> 
            </td>
            <!--<td>{{ veteran.OutreachStatus }}</td>-->
        </tr><!-- end ngRepeat: veteran in veteranList --><tr ng-repeat="veteran in veteranList" class="ng-scope">
            <td class="ng-binding"></td>
            <td class="ng-binding">xxx-xx-8548</td>
            <td class="ng-binding">(800) 555-9356</td>
            <td class="ng-binding">5/27/2007</td>
            <td class="ng-binding">High</td>
            <td>
            	<select class="form-control" style="width: 180px;" id="vet_351844">
            		<option value=""></option>
            		<!-- ngRepeat: outreachStatus in outreachStatusList --><option ng-repeat="outreachStatus in outreachStatusList" value="1" class="ng-binding ng-scope">Not Contacted</option><!-- end ngRepeat: outreachStatus in outreachStatusList --><option ng-repeat="outreachStatus in outreachStatusList" value="2" class="ng-binding ng-scope">Outreach Initiated</option><!-- end ngRepeat: outreachStatus in outreachStatusList --><option ng-repeat="outreachStatus in outreachStatusList" value="3" class="ng-binding ng-scope">Outreach Attempted - No Response</option><!-- end ngRepeat: outreachStatus in outreachStatusList --><option ng-repeat="outreachStatus in outreachStatusList" value="4" class="ng-binding ng-scope">Services Refused</option><!-- end ngRepeat: outreachStatus in outreachStatusList --><option ng-repeat="outreachStatus in outreachStatusList" value="5" class="ng-binding ng-scope">No Additional Outreach Required</option><!-- end ngRepeat: outreachStatus in outreachStatusList -->
            	</select> 
            </td>
            <!--<td>{{ veteran.OutreachStatus }}</td>-->
        </tr><!-- end ngRepeat: veteran in veteranList --><tr ng-repeat="veteran in veteranList" class="ng-scope">
            <td class="ng-binding"></td>
            <td class="ng-binding">xxx-xx-7648</td>
            <td class="ng-binding">(800) 555-3009</td>
            <td class="ng-binding">8/6/2002</td>
            <td class="ng-binding">High</td>
            <td>
            	<select class="form-control" style="width: 180px;" id="vet_352934">
            		<option value=""></option>
            		<!-- ngRepeat: outreachStatus in outreachStatusList --><option ng-repeat="outreachStatus in outreachStatusList" value="1" class="ng-binding ng-scope">Not Contacted</option><!-- end ngRepeat: outreachStatus in outreachStatusList --><option ng-repeat="outreachStatus in outreachStatusList" value="2" class="ng-binding ng-scope">Outreach Initiated</option><!-- end ngRepeat: outreachStatus in outreachStatusList --><option ng-repeat="outreachStatus in outreachStatusList" value="3" class="ng-binding ng-scope">Outreach Attempted - No Response</option><!-- end ngRepeat: outreachStatus in outreachStatusList --><option ng-repeat="outreachStatus in outreachStatusList" value="4" class="ng-binding ng-scope">Services Refused</option><!-- end ngRepeat: outreachStatus in outreachStatusList --><option ng-repeat="outreachStatus in outreachStatusList" value="5" class="ng-binding ng-scope">No Additional Outreach Required</option><!-- end ngRepeat: outreachStatus in outreachStatusList -->
            	</select> 
            </td>
            <!--<td>{{ veteran.OutreachStatus }}</td>-->
        </tr><!-- end ngRepeat: veteran in veteranList --><tr ng-repeat="veteran in veteranList" class="ng-scope">
            <td class="ng-binding"></td>
            <td class="ng-binding">xxx-xx-1011</td>
            <td class="ng-binding">(800) 555-8545</td>
            <td class="ng-binding">12/16/2004</td>
            <td class="ng-binding">High</td>
            <td>
            	<select class="form-control" style="width: 180px;" id="vet_353023">
            		<option value=""></option>
            		<!-- ngRepeat: outreachStatus in outreachStatusList --><option ng-repeat="outreachStatus in outreachStatusList" value="1" class="ng-binding ng-scope">Not Contacted</option><!-- end ngRepeat: outreachStatus in outreachStatusList --><option ng-repeat="outreachStatus in outreachStatusList" value="2" class="ng-binding ng-scope">Outreach Initiated</option><!-- end ngRepeat: outreachStatus in outreachStatusList --><option ng-repeat="outreachStatus in outreachStatusList" value="3" class="ng-binding ng-scope">Outreach Attempted - No Response</option><!-- end ngRepeat: outreachStatus in outreachStatusList --><option ng-repeat="outreachStatus in outreachStatusList" value="4" class="ng-binding ng-scope">Services Refused</option><!-- end ngRepeat: outreachStatus in outreachStatusList --><option ng-repeat="outreachStatus in outreachStatusList" value="5" class="ng-binding ng-scope">No Additional Outreach Required</option><!-- end ngRepeat: outreachStatus in outreachStatusList -->
            	</select> 
            </td>
            <!--<td>{{ veteran.OutreachStatus }}</td>-->
        </tr><!-- end ngRepeat: veteran in veteranList --><tr ng-repeat="veteran in veteranList" class="ng-scope">
            <td class="ng-binding"></td>
            <td class="ng-binding">xxx-xx-9487</td>
            <td class="ng-binding">(800) 555-0950</td>
            <td class="ng-binding">11/10/2012</td>
            <td class="ng-binding">High</td>
            <td>
            	<select class="form-control" style="width: 180px;" id="vet_353047">
            		<option value=""></option>
            		<!-- ngRepeat: outreachStatus in outreachStatusList --><option ng-repeat="outreachStatus in outreachStatusList" value="1" class="ng-binding ng-scope">Not Contacted</option><!-- end ngRepeat: outreachStatus in outreachStatusList --><option ng-repeat="outreachStatus in outreachStatusList" value="2" class="ng-binding ng-scope">Outreach Initiated</option><!-- end ngRepeat: outreachStatus in outreachStatusList --><option ng-repeat="outreachStatus in outreachStatusList" value="3" class="ng-binding ng-scope">Outreach Attempted - No Response</option><!-- end ngRepeat: outreachStatus in outreachStatusList --><option ng-repeat="outreachStatus in outreachStatusList" value="4" class="ng-binding ng-scope">Services Refused</option><!-- end ngRepeat: outreachStatus in outreachStatusList --><option ng-repeat="outreachStatus in outreachStatusList" value="5" class="ng-binding ng-scope">No Additional Outreach Required</option><!-- end ngRepeat: outreachStatus in outreachStatusList -->
            	</select> 
            </td>
            <!--<td>{{ veteran.OutreachStatus }}</td>-->
        </tr><!-- end ngRepeat: veteran in veteranList --><tr ng-repeat="veteran in veteranList" class="ng-scope">
            <td class="ng-binding"></td>
            <td class="ng-binding">xxx-xx-2795</td>
            <td class="ng-binding">(800) 555-6332</td>
            <td class="ng-binding">4/9/2001</td>
            <td class="ng-binding">High</td>
            <td>
            	<select class="form-control" style="width: 180px;" id="vet_396232">
            		<option value=""></option>
            		<!-- ngRepeat: outreachStatus in outreachStatusList --><option ng-repeat="outreachStatus in outreachStatusList" value="1" class="ng-binding ng-scope">Not Contacted</option><!-- end ngRepeat: outreachStatus in outreachStatusList --><option ng-repeat="outreachStatus in outreachStatusList" value="2" class="ng-binding ng-scope">Outreach Initiated</option><!-- end ngRepeat: outreachStatus in outreachStatusList --><option ng-repeat="outreachStatus in outreachStatusList" value="3" class="ng-binding ng-scope">Outreach Attempted - No Response</option><!-- end ngRepeat: outreachStatus in outreachStatusList --><option ng-repeat="outreachStatus in outreachStatusList" value="4" class="ng-binding ng-scope">Services Refused</option><!-- end ngRepeat: outreachStatus in outreachStatusList --><option ng-repeat="outreachStatus in outreachStatusList" value="5" class="ng-binding ng-scope">No Additional Outreach Required</option><!-- end ngRepeat: outreachStatus in outreachStatusList -->
            	</select> 
            </td>
            <!--<td>{{ veteran.OutreachStatus }}</td>-->
        </tr><!-- end ngRepeat: veteran in veteranList --><tr ng-repeat="veteran in veteranList" class="ng-scope">
            <td class="ng-binding"></td>
            <td class="ng-binding">xxx-xx-0392</td>
            <td class="ng-binding">(800) 555-6026</td>
            <td class="ng-binding">1/14/2014</td>
            <td class="ng-binding">High</td>
            <td>
            	<select class="form-control" style="width: 180px;" id="vet_430378">
            		<option value=""></option>
            		<!-- ngRepeat: outreachStatus in outreachStatusList --><option ng-repeat="outreachStatus in outreachStatusList" value="1" class="ng-binding ng-scope">Not Contacted</option><!-- end ngRepeat: outreachStatus in outreachStatusList --><option ng-repeat="outreachStatus in outreachStatusList" value="2" class="ng-binding ng-scope">Outreach Initiated</option><!-- end ngRepeat: outreachStatus in outreachStatusList --><option ng-repeat="outreachStatus in outreachStatusList" value="3" class="ng-binding ng-scope">Outreach Attempted - No Response</option><!-- end ngRepeat: outreachStatus in outreachStatusList --><option ng-repeat="outreachStatus in outreachStatusList" value="4" class="ng-binding ng-scope">Services Refused</option><!-- end ngRepeat: outreachStatus in outreachStatusList --><option ng-repeat="outreachStatus in outreachStatusList" value="5" class="ng-binding ng-scope">No Additional Outreach Required</option><!-- end ngRepeat: outreachStatus in outreachStatusList -->
            	</select> 
            </td>
            <!--<td>{{ veteran.OutreachStatus }}</td>-->
        </tr><!-- end ngRepeat: veteran in veteranList --><tr ng-repeat="veteran in veteranList" class="ng-scope">
            <td class="ng-binding"></td>
            <td class="ng-binding">xxx-xx-8224</td>
            <td class="ng-binding">(800) 555-1366</td>
            <td class="ng-binding">1/20/2002</td>
            <td class="ng-binding">High</td>
            <td>
            	<select class="form-control" style="width: 180px;" id="vet_434929">
            		<option value=""></option>
            		<!-- ngRepeat: outreachStatus in outreachStatusList --><option ng-repeat="outreachStatus in outreachStatusList" value="1" class="ng-binding ng-scope">Not Contacted</option><!-- end ngRepeat: outreachStatus in outreachStatusList --><option ng-repeat="outreachStatus in outreachStatusList" value="2" class="ng-binding ng-scope">Outreach Initiated</option><!-- end ngRepeat: outreachStatus in outreachStatusList --><option ng-repeat="outreachStatus in outreachStatusList" value="3" class="ng-binding ng-scope">Outreach Attempted - No Response</option><!-- end ngRepeat: outreachStatus in outreachStatusList --><option ng-repeat="outreachStatus in outreachStatusList" value="4" class="ng-binding ng-scope">Services Refused</option><!-- end ngRepeat: outreachStatus in outreachStatusList --><option ng-repeat="outreachStatus in outreachStatusList" value="5" class="ng-binding ng-scope">No Additional Outreach Required</option><!-- end ngRepeat: outreachStatus in outreachStatusList -->
            	</select> 
            </td>
            <!--<td>{{ veteran.OutreachStatus }}</td>-->
        </tr><!-- end ngRepeat: veteran in veteranList --><tr ng-repeat="veteran in veteranList" class="ng-scope">
            <td class="ng-binding"></td>
            <td class="ng-binding">xxx-xx-8179</td>
            <td class="ng-binding">(800) 555-5012</td>
            <td class="ng-binding">5/15/2008</td>
            <td class="ng-binding">High</td>
            <td>
            	<select class="form-control" style="width: 180px;" id="vet_469374">
            		<option value=""></option>
            		<!-- ngRepeat: outreachStatus in outreachStatusList --><option ng-repeat="outreachStatus in outreachStatusList" value="1" class="ng-binding ng-scope">Not Contacted</option><!-- end ngRepeat: outreachStatus in outreachStatusList --><option ng-repeat="outreachStatus in outreachStatusList" value="2" class="ng-binding ng-scope">Outreach Initiated</option><!-- end ngRepeat: outreachStatus in outreachStatusList --><option ng-repeat="outreachStatus in outreachStatusList" value="3" class="ng-binding ng-scope">Outreach Attempted - No Response</option><!-- end ngRepeat: outreachStatus in outreachStatusList --><option ng-repeat="outreachStatus in outreachStatusList" value="4" class="ng-binding ng-scope">Services Refused</option><!-- end ngRepeat: outreachStatus in outreachStatusList --><option ng-repeat="outreachStatus in outreachStatusList" value="5" class="ng-binding ng-scope">No Additional Outreach Required</option><!-- end ngRepeat: outreachStatus in outreachStatusList -->
            	</select> 
            </td>
            <!--<td>{{ veteran.OutreachStatus }}</td>-->
        </tr><!-- end ngRepeat: veteran in veteranList --><tr ng-repeat="veteran in veteranList" class="ng-scope">
            <td class="ng-binding"></td>
            <td class="ng-binding">xxx-xx-2240</td>
            <td class="ng-binding">(800) 555-0481</td>
            <td class="ng-binding">11/3/2000</td>
            <td class="ng-binding">High</td>
            <td>
            	<select class="form-control" style="width: 180px;" id="vet_472447">
            		<option value=""></option>
            		<!-- ngRepeat: outreachStatus in outreachStatusList --><option ng-repeat="outreachStatus in outreachStatusList" value="1" class="ng-binding ng-scope">Not Contacted</option><!-- end ngRepeat: outreachStatus in outreachStatusList --><option ng-repeat="outreachStatus in outreachStatusList" value="2" class="ng-binding ng-scope">Outreach Initiated</option><!-- end ngRepeat: outreachStatus in outreachStatusList --><option ng-repeat="outreachStatus in outreachStatusList" value="3" class="ng-binding ng-scope">Outreach Attempted - No Response</option><!-- end ngRepeat: outreachStatus in outreachStatusList --><option ng-repeat="outreachStatus in outreachStatusList" value="4" class="ng-binding ng-scope">Services Refused</option><!-- end ngRepeat: outreachStatus in outreachStatusList --><option ng-repeat="outreachStatus in outreachStatusList" value="5" class="ng-binding ng-scope">No Additional Outreach Required</option><!-- end ngRepeat: outreachStatus in outreachStatusList -->
            	</select> 
            </td>
            <!--<td>{{ veteran.OutreachStatus }}</td>-->
        </tr><!-- end ngRepeat: veteran in veteranList --><tr ng-repeat="veteran in veteranList" class="ng-scope">
            <td class="ng-binding"></td>
            <td class="ng-binding">xxx-xx-1389</td>
            <td class="ng-binding">(800) 555-1747</td>
            <td class="ng-binding">5/6/2009</td>
            <td class="ng-binding">High</td>
            <td>
            	<select class="form-control" style="width: 180px;" id="vet_473960">
            		<option value=""></option>
            		<!-- ngRepeat: outreachStatus in outreachStatusList --><option ng-repeat="outreachStatus in outreachStatusList" value="1" class="ng-binding ng-scope">Not Contacted</option><!-- end ngRepeat: outreachStatus in outreachStatusList --><option ng-repeat="outreachStatus in outreachStatusList" value="2" class="ng-binding ng-scope">Outreach Initiated</option><!-- end ngRepeat: outreachStatus in outreachStatusList --><option ng-repeat="outreachStatus in outreachStatusList" value="3" class="ng-binding ng-scope">Outreach Attempted - No Response</option><!-- end ngRepeat: outreachStatus in outreachStatusList --><option ng-repeat="outreachStatus in outreachStatusList" value="4" class="ng-binding ng-scope">Services Refused</option><!-- end ngRepeat: outreachStatus in outreachStatusList --><option ng-repeat="outreachStatus in outreachStatusList" value="5" class="ng-binding ng-scope">No Additional Outreach Required</option><!-- end ngRepeat: outreachStatus in outreachStatusList -->
            	</select> 
            </td>
            <!--<td>{{ veteran.OutreachStatus }}</td>-->
        </tr><!-- end ngRepeat: veteran in veteranList --><tr ng-repeat="veteran in veteranList" class="ng-scope">
            <td class="ng-binding"></td>
            <td class="ng-binding">xxx-xx-9669</td>
            <td class="ng-binding">(800) 555-3148</td>
            <td class="ng-binding">2/3/2004</td>
            <td class="ng-binding">High</td>
            <td>
            	<select class="form-control" style="width: 180px;" id="vet_509927">
            		<option value=""></option>
            		<!-- ngRepeat: outreachStatus in outreachStatusList --><option ng-repeat="outreachStatus in outreachStatusList" value="1" class="ng-binding ng-scope">Not Contacted</option><!-- end ngRepeat: outreachStatus in outreachStatusList --><option ng-repeat="outreachStatus in outreachStatusList" value="2" class="ng-binding ng-scope">Outreach Initiated</option><!-- end ngRepeat: outreachStatus in outreachStatusList --><option ng-repeat="outreachStatus in outreachStatusList" value="3" class="ng-binding ng-scope">Outreach Attempted - No Response</option><!-- end ngRepeat: outreachStatus in outreachStatusList --><option ng-repeat="outreachStatus in outreachStatusList" value="4" class="ng-binding ng-scope">Services Refused</option><!-- end ngRepeat: outreachStatus in outreachStatusList --><option ng-repeat="outreachStatus in outreachStatusList" value="5" class="ng-binding ng-scope">No Additional Outreach Required</option><!-- end ngRepeat: outreachStatus in outreachStatusList -->
            	</select> 
            </td>
            <!--<td>{{ veteran.OutreachStatus }}</td>-->
        </tr><!-- end ngRepeat: veteran in veteranList --><tr ng-repeat="veteran in veteranList" class="ng-scope">
            <td class="ng-binding"></td>
            <td class="ng-binding">xxx-xx-4065</td>
            <td class="ng-binding">(800) 555-9764</td>
            <td class="ng-binding">3/28/1998</td>
            <td class="ng-binding">High</td>
            <td>
            	<select class="form-control" style="width: 180px;" id="vet_510254">
            		<option value=""></option>
            		<!-- ngRepeat: outreachStatus in outreachStatusList --><option ng-repeat="outreachStatus in outreachStatusList" value="1" class="ng-binding ng-scope">Not Contacted</option><!-- end ngRepeat: outreachStatus in outreachStatusList --><option ng-repeat="outreachStatus in outreachStatusList" value="2" class="ng-binding ng-scope">Outreach Initiated</option><!-- end ngRepeat: outreachStatus in outreachStatusList --><option ng-repeat="outreachStatus in outreachStatusList" value="3" class="ng-binding ng-scope">Outreach Attempted - No Response</option><!-- end ngRepeat: outreachStatus in outreachStatusList --><option ng-repeat="outreachStatus in outreachStatusList" value="4" class="ng-binding ng-scope">Services Refused</option><!-- end ngRepeat: outreachStatus in outreachStatusList --><option ng-repeat="outreachStatus in outreachStatusList" value="5" class="ng-binding ng-scope">No Additional Outreach Required</option><!-- end ngRepeat: outreachStatus in outreachStatusList -->
            	</select> 
            </td>
            <!--<td>{{ veteran.OutreachStatus }}</td>-->
        </tr><!-- end ngRepeat: veteran in veteranList --><tr ng-repeat="veteran in veteranList" class="ng-scope">
            <td class="ng-binding"></td>
            <td class="ng-binding">xxx-xx-7219</td>
            <td class="ng-binding">(800) 555-2084</td>
            <td class="ng-binding">12/16/1999</td>
            <td class="ng-binding">High</td>
            <td>
            	<select class="form-control" style="width: 180px;" id="vet_512840">
            		<option value=""></option>
            		<!-- ngRepeat: outreachStatus in outreachStatusList --><option ng-repeat="outreachStatus in outreachStatusList" value="1" class="ng-binding ng-scope">Not Contacted</option><!-- end ngRepeat: outreachStatus in outreachStatusList --><option ng-repeat="outreachStatus in outreachStatusList" value="2" class="ng-binding ng-scope">Outreach Initiated</option><!-- end ngRepeat: outreachStatus in outreachStatusList --><option ng-repeat="outreachStatus in outreachStatusList" value="3" class="ng-binding ng-scope">Outreach Attempted - No Response</option><!-- end ngRepeat: outreachStatus in outreachStatusList --><option ng-repeat="outreachStatus in outreachStatusList" value="4" class="ng-binding ng-scope">Services Refused</option><!-- end ngRepeat: outreachStatus in outreachStatusList --><option ng-repeat="outreachStatus in outreachStatusList" value="5" class="ng-binding ng-scope">No Additional Outreach Required</option><!-- end ngRepeat: outreachStatus in outreachStatusList -->
            	</select> 
            </td>
            <!--<td>{{ veteran.OutreachStatus }}</td>-->
        </tr><!-- end ngRepeat: veteran in veteranList --><tr ng-repeat="veteran in veteranList" class="ng-scope">
            <td class="ng-binding"></td>
            <td class="ng-binding">xxx-xx-6888</td>
            <td class="ng-binding">(800) 555-4370</td>
            <td class="ng-binding">8/1/2004</td>
            <td class="ng-binding">High</td>
            <td>
            	<select class="form-control" style="width: 180px;" id="vet_513756">
            		<option value=""></option>
            		<!-- ngRepeat: outreachStatus in outreachStatusList --><option ng-repeat="outreachStatus in outreachStatusList" value="1" class="ng-binding ng-scope">Not Contacted</option><!-- end ngRepeat: outreachStatus in outreachStatusList --><option ng-repeat="outreachStatus in outreachStatusList" value="2" class="ng-binding ng-scope">Outreach Initiated</option><!-- end ngRepeat: outreachStatus in outreachStatusList --><option ng-repeat="outreachStatus in outreachStatusList" value="3" class="ng-binding ng-scope">Outreach Attempted - No Response</option><!-- end ngRepeat: outreachStatus in outreachStatusList --><option ng-repeat="outreachStatus in outreachStatusList" value="4" class="ng-binding ng-scope">Services Refused</option><!-- end ngRepeat: outreachStatus in outreachStatusList --><option ng-repeat="outreachStatus in outreachStatusList" value="5" class="ng-binding ng-scope">No Additional Outreach Required</option><!-- end ngRepeat: outreachStatus in outreachStatusList -->
            	</select> 
            </td>
            <!--<td>{{ veteran.OutreachStatus }}</td>-->
        </tr><!-- end ngRepeat: veteran in veteranList --><tr ng-repeat="veteran in veteranList" class="ng-scope">
            <td class="ng-binding"></td>
            <td class="ng-binding">xxx-xx-3272</td>
            <td class="ng-binding">(800) 555-3468</td>
            <td class="ng-binding">8/16/2007</td>
            <td class="ng-binding">High</td>
            <td>
            	<select class="form-control" style="width: 180px;" id="vet_514059">
            		<option value=""></option>
            		<!-- ngRepeat: outreachStatus in outreachStatusList --><option ng-repeat="outreachStatus in outreachStatusList" value="1" class="ng-binding ng-scope">Not Contacted</option><!-- end ngRepeat: outreachStatus in outreachStatusList --><option ng-repeat="outreachStatus in outreachStatusList" value="2" class="ng-binding ng-scope">Outreach Initiated</option><!-- end ngRepeat: outreachStatus in outreachStatusList --><option ng-repeat="outreachStatus in outreachStatusList" value="3" class="ng-binding ng-scope">Outreach Attempted - No Response</option><!-- end ngRepeat: outreachStatus in outreachStatusList --><option ng-repeat="outreachStatus in outreachStatusList" value="4" class="ng-binding ng-scope">Services Refused</option><!-- end ngRepeat: outreachStatus in outreachStatusList --><option ng-repeat="outreachStatus in outreachStatusList" value="5" class="ng-binding ng-scope">No Additional Outreach Required</option><!-- end ngRepeat: outreachStatus in outreachStatusList -->
            	</select> 
            </td>
            <!--<td>{{ veteran.OutreachStatus }}</td>-->
        </tr><!-- end ngRepeat: veteran in veteranList --><tr ng-repeat="veteran in veteranList" class="ng-scope">
            <td class="ng-binding"></td>
            <td class="ng-binding">xxx-xx-5294</td>
            <td class="ng-binding">(800) 555-3248</td>
            <td class="ng-binding">3/11/2014</td>
            <td class="ng-binding">High</td>
            <td>
            	<select class="form-control" style="width: 180px;" id="vet_515914">
            		<option value=""></option>
            		<!-- ngRepeat: outreachStatus in outreachStatusList --><option ng-repeat="outreachStatus in outreachStatusList" value="1" class="ng-binding ng-scope">Not Contacted</option><!-- end ngRepeat: outreachStatus in outreachStatusList --><option ng-repeat="outreachStatus in outreachStatusList" value="2" class="ng-binding ng-scope">Outreach Initiated</option><!-- end ngRepeat: outreachStatus in outreachStatusList --><option ng-repeat="outreachStatus in outreachStatusList" value="3" class="ng-binding ng-scope">Outreach Attempted - No Response</option><!-- end ngRepeat: outreachStatus in outreachStatusList --><option ng-repeat="outreachStatus in outreachStatusList" value="4" class="ng-binding ng-scope">Services Refused</option><!-- end ngRepeat: outreachStatus in outreachStatusList --><option ng-repeat="outreachStatus in outreachStatusList" value="5" class="ng-binding ng-scope">No Additional Outreach Required</option><!-- end ngRepeat: outreachStatus in outreachStatusList -->
            	</select> 
            </td>
            <!--<td>{{ veteran.OutreachStatus }}</td>-->
        </tr><!-- end ngRepeat: veteran in veteranList --><tr ng-repeat="veteran in veteranList" class="ng-scope">
            <td class="ng-binding"></td>
            <td class="ng-binding">xxx-xx-6943</td>
            <td class="ng-binding">(800) 555-9000</td>
            <td class="ng-binding">6/24/2011</td>
            <td class="ng-binding">High</td>
            <td>
            	<select class="form-control" style="width: 180px;" id="vet_552258">
            		<option value=""></option>
            		<!-- ngRepeat: outreachStatus in outreachStatusList --><option ng-repeat="outreachStatus in outreachStatusList" value="1" class="ng-binding ng-scope">Not Contacted</option><!-- end ngRepeat: outreachStatus in outreachStatusList --><option ng-repeat="outreachStatus in outreachStatusList" value="2" class="ng-binding ng-scope">Outreach Initiated</option><!-- end ngRepeat: outreachStatus in outreachStatusList --><option ng-repeat="outreachStatus in outreachStatusList" value="3" class="ng-binding ng-scope">Outreach Attempted - No Response</option><!-- end ngRepeat: outreachStatus in outreachStatusList --><option ng-repeat="outreachStatus in outreachStatusList" value="4" class="ng-binding ng-scope">Services Refused</option><!-- end ngRepeat: outreachStatus in outreachStatusList --><option ng-repeat="outreachStatus in outreachStatusList" value="5" class="ng-binding ng-scope">No Additional Outreach Required</option><!-- end ngRepeat: outreachStatus in outreachStatusList -->
            	</select> 
            </td>
            <!--<td>{{ veteran.OutreachStatus }}</td>-->
        </tr><!-- end ngRepeat: veteran in veteranList --><tr ng-repeat="veteran in veteranList" class="ng-scope">
            <td class="ng-binding"></td>
            <td class="ng-binding">xxx-xx-7912</td>
            <td class="ng-binding">(800) 555-0309</td>
            <td class="ng-binding">8/6/2005</td>
            <td class="ng-binding">High</td>
            <td>
            	<select class="form-control" style="width: 180px;" id="vet_781683">
            		<option value=""></option>
            		<!-- ngRepeat: outreachStatus in outreachStatusList --><option ng-repeat="outreachStatus in outreachStatusList" value="1" class="ng-binding ng-scope">Not Contacted</option><!-- end ngRepeat: outreachStatus in outreachStatusList --><option ng-repeat="outreachStatus in outreachStatusList" value="2" class="ng-binding ng-scope">Outreach Initiated</option><!-- end ngRepeat: outreachStatus in outreachStatusList --><option ng-repeat="outreachStatus in outreachStatusList" value="3" class="ng-binding ng-scope">Outreach Attempted - No Response</option><!-- end ngRepeat: outreachStatus in outreachStatusList --><option ng-repeat="outreachStatus in outreachStatusList" value="4" class="ng-binding ng-scope">Services Refused</option><!-- end ngRepeat: outreachStatus in outreachStatusList --><option ng-repeat="outreachStatus in outreachStatusList" value="5" class="ng-binding ng-scope">No Additional Outreach Required</option><!-- end ngRepeat: outreachStatus in outreachStatusList -->
            	</select> 
            </td>
            <!--<td>{{ veteran.OutreachStatus }}</td>-->
        </tr><!-- end ngRepeat: veteran in veteranList --><tr ng-repeat="veteran in veteranList" class="ng-scope">
            <td class="ng-binding"></td>
            <td class="ng-binding">xxx-xx-1654</td>
            <td class="ng-binding">(800) 555-2197</td>
            <td class="ng-binding">10/24/2004</td>
            <td class="ng-binding">High</td>
            <td>
            	<select class="form-control" style="width: 180px;" id="vet_782756">
            		<option value=""></option>
            		<!-- ngRepeat: outreachStatus in outreachStatusList --><option ng-repeat="outreachStatus in outreachStatusList" value="1" class="ng-binding ng-scope">Not Contacted</option><!-- end ngRepeat: outreachStatus in outreachStatusList --><option ng-repeat="outreachStatus in outreachStatusList" value="2" class="ng-binding ng-scope">Outreach Initiated</option><!-- end ngRepeat: outreachStatus in outreachStatusList --><option ng-repeat="outreachStatus in outreachStatusList" value="3" class="ng-binding ng-scope">Outreach Attempted - No Response</option><!-- end ngRepeat: outreachStatus in outreachStatusList --><option ng-repeat="outreachStatus in outreachStatusList" value="4" class="ng-binding ng-scope">Services Refused</option><!-- end ngRepeat: outreachStatus in outreachStatusList --><option ng-repeat="outreachStatus in outreachStatusList" value="5" class="ng-binding ng-scope">No Additional Outreach Required</option><!-- end ngRepeat: outreachStatus in outreachStatusList -->
            	</select> 
            </td>
            <!--<td>{{ veteran.OutreachStatus }}</td>-->
        </tr><!-- end ngRepeat: veteran in veteranList --><tr ng-repeat="veteran in veteranList" class="ng-scope">
            <td class="ng-binding"></td>
            <td class="ng-binding">xxx-xx-4419</td>
            <td class="ng-binding">(800) 555-4326</td>
            <td class="ng-binding">7/14/2014</td>
            <td class="ng-binding">High</td>
            <td>
            	<select class="form-control" style="width: 180px;" id="vet_784019">
            		<option value=""></option>
            		<!-- ngRepeat: outreachStatus in outreachStatusList --><option ng-repeat="outreachStatus in outreachStatusList" value="1" class="ng-binding ng-scope">Not Contacted</option><!-- end ngRepeat: outreachStatus in outreachStatusList --><option ng-repeat="outreachStatus in outreachStatusList" value="2" class="ng-binding ng-scope">Outreach Initiated</option><!-- end ngRepeat: outreachStatus in outreachStatusList --><option ng-repeat="outreachStatus in outreachStatusList" value="3" class="ng-binding ng-scope">Outreach Attempted - No Response</option><!-- end ngRepeat: outreachStatus in outreachStatusList --><option ng-repeat="outreachStatus in outreachStatusList" value="4" class="ng-binding ng-scope">Services Refused</option><!-- end ngRepeat: outreachStatus in outreachStatusList --><option ng-repeat="outreachStatus in outreachStatusList" value="5" class="ng-binding ng-scope">No Additional Outreach Required</option><!-- end ngRepeat: outreachStatus in outreachStatusList -->
            	</select> 
            </td>
            <!--<td>{{ veteran.OutreachStatus }}</td>-->
        </tr><!-- end ngRepeat: veteran in veteranList --><tr ng-repeat="veteran in veteranList" class="ng-scope">
            <td class="ng-binding"></td>
            <td class="ng-binding">xxx-xx-7092</td>
            <td class="ng-binding">(800) 555-3754</td>
            <td class="ng-binding">9/8/2007</td>
            <td class="ng-binding">High</td>
            <td>
            	<select class="form-control" style="width: 180px;" id="vet_785055">
            		<option value=""></option>
            		<!-- ngRepeat: outreachStatus in outreachStatusList --><option ng-repeat="outreachStatus in outreachStatusList" value="1" class="ng-binding ng-scope">Not Contacted</option><!-- end ngRepeat: outreachStatus in outreachStatusList --><option ng-repeat="outreachStatus in outreachStatusList" value="2" class="ng-binding ng-scope">Outreach Initiated</option><!-- end ngRepeat: outreachStatus in outreachStatusList --><option ng-repeat="outreachStatus in outreachStatusList" value="3" class="ng-binding ng-scope">Outreach Attempted - No Response</option><!-- end ngRepeat: outreachStatus in outreachStatusList --><option ng-repeat="outreachStatus in outreachStatusList" value="4" class="ng-binding ng-scope">Services Refused</option><!-- end ngRepeat: outreachStatus in outreachStatusList --><option ng-repeat="outreachStatus in outreachStatusList" value="5" class="ng-binding ng-scope">No Additional Outreach Required</option><!-- end ngRepeat: outreachStatus in outreachStatusList -->
            	</select> 
            </td>
            <!--<td>{{ veteran.OutreachStatus }}</td>-->
        </tr><!-- end ngRepeat: veteran in veteranList --><tr ng-repeat="veteran in veteranList" class="ng-scope">
            <td class="ng-binding"></td>
            <td class="ng-binding">xxx-xx-4548</td>
            <td class="ng-binding">(800) 555-1207</td>
            <td class="ng-binding">11/27/2008</td>
            <td class="ng-binding">High</td>
            <td>
            	<select class="form-control" style="width: 180px;" id="vet_818644">
            		<option value=""></option>
            		<!-- ngRepeat: outreachStatus in outreachStatusList --><option ng-repeat="outreachStatus in outreachStatusList" value="1" class="ng-binding ng-scope">Not Contacted</option><!-- end ngRepeat: outreachStatus in outreachStatusList --><option ng-repeat="outreachStatus in outreachStatusList" value="2" class="ng-binding ng-scope">Outreach Initiated</option><!-- end ngRepeat: outreachStatus in outreachStatusList --><option ng-repeat="outreachStatus in outreachStatusList" value="3" class="ng-binding ng-scope">Outreach Attempted - No Response</option><!-- end ngRepeat: outreachStatus in outreachStatusList --><option ng-repeat="outreachStatus in outreachStatusList" value="4" class="ng-binding ng-scope">Services Refused</option><!-- end ngRepeat: outreachStatus in outreachStatusList --><option ng-repeat="outreachStatus in outreachStatusList" value="5" class="ng-binding ng-scope">No Additional Outreach Required</option><!-- end ngRepeat: outreachStatus in outreachStatusList -->
            	</select> 
            </td>
            <!--<td>{{ veteran.OutreachStatus }}</td>-->
        </tr><!-- end ngRepeat: veteran in veteranList --><tr ng-repeat="veteran in veteranList" class="ng-scope">
            <td class="ng-binding"></td>
            <td class="ng-binding">xxx-xx-1637</td>
            <td class="ng-binding">(800) 555-2921</td>
            <td class="ng-binding">12/28/1995</td>
            <td class="ng-binding">High</td>
            <td>
            	<select class="form-control" style="width: 180px;" id="vet_821792">
            		<option value=""></option>
            		<!-- ngRepeat: outreachStatus in outreachStatusList --><option ng-repeat="outreachStatus in outreachStatusList" value="1" class="ng-binding ng-scope">Not Contacted</option><!-- end ngRepeat: outreachStatus in outreachStatusList --><option ng-repeat="outreachStatus in outreachStatusList" value="2" class="ng-binding ng-scope">Outreach Initiated</option><!-- end ngRepeat: outreachStatus in outreachStatusList --><option ng-repeat="outreachStatus in outreachStatusList" value="3" class="ng-binding ng-scope">Outreach Attempted - No Response</option><!-- end ngRepeat: outreachStatus in outreachStatusList --><option ng-repeat="outreachStatus in outreachStatusList" value="4" class="ng-binding ng-scope">Services Refused</option><!-- end ngRepeat: outreachStatus in outreachStatusList --><option ng-repeat="outreachStatus in outreachStatusList" value="5" class="ng-binding ng-scope">No Additional Outreach Required</option><!-- end ngRepeat: outreachStatus in outreachStatusList -->
            	</select> 
            </td>
            <!--<td>{{ veteran.OutreachStatus }}</td>-->
        </tr><!-- end ngRepeat: veteran in veteranList --><tr ng-repeat="veteran in veteranList" class="ng-scope">
            <td class="ng-binding"></td>
            <td class="ng-binding">xxx-xx-7706</td>
            <td class="ng-binding">(800) 555-5847</td>
            <td class="ng-binding">6/30/2005</td>
            <td class="ng-binding">High</td>
            <td>
            	<select class="form-control" style="width: 180px;" id="vet_822550">
            		<option value=""></option>
            		<!-- ngRepeat: outreachStatus in outreachStatusList --><option ng-repeat="outreachStatus in outreachStatusList" value="1" class="ng-binding ng-scope">Not Contacted</option><!-- end ngRepeat: outreachStatus in outreachStatusList --><option ng-repeat="outreachStatus in outreachStatusList" value="2" class="ng-binding ng-scope">Outreach Initiated</option><!-- end ngRepeat: outreachStatus in outreachStatusList --><option ng-repeat="outreachStatus in outreachStatusList" value="3" class="ng-binding ng-scope">Outreach Attempted - No Response</option><!-- end ngRepeat: outreachStatus in outreachStatusList --><option ng-repeat="outreachStatus in outreachStatusList" value="4" class="ng-binding ng-scope">Services Refused</option><!-- end ngRepeat: outreachStatus in outreachStatusList --><option ng-repeat="outreachStatus in outreachStatusList" value="5" class="ng-binding ng-scope">No Additional Outreach Required</option><!-- end ngRepeat: outreachStatus in outreachStatusList -->
            	</select> 
            </td>
            <!--<td>{{ veteran.OutreachStatus }}</td>-->
        </tr><!-- end ngRepeat: veteran in veteranList --><tr ng-repeat="veteran in veteranList" class="ng-scope">
            <td class="ng-binding"></td>
            <td class="ng-binding">xxx-xx-0290</td>
            <td class="ng-binding">(800) 555-5195</td>
            <td class="ng-binding">4/17/2003</td>
            <td class="ng-binding">High</td>
            <td>
            	<select class="form-control" style="width: 180px;" id="vet_824710">
            		<option value=""></option>
            		<!-- ngRepeat: outreachStatus in outreachStatusList --><option ng-repeat="outreachStatus in outreachStatusList" value="1" class="ng-binding ng-scope">Not Contacted</option><!-- end ngRepeat: outreachStatus in outreachStatusList --><option ng-repeat="outreachStatus in outreachStatusList" value="2" class="ng-binding ng-scope">Outreach Initiated</option><!-- end ngRepeat: outreachStatus in outreachStatusList --><option ng-repeat="outreachStatus in outreachStatusList" value="3" class="ng-binding ng-scope">Outreach Attempted - No Response</option><!-- end ngRepeat: outreachStatus in outreachStatusList --><option ng-repeat="outreachStatus in outreachStatusList" value="4" class="ng-binding ng-scope">Services Refused</option><!-- end ngRepeat: outreachStatus in outreachStatusList --><option ng-repeat="outreachStatus in outreachStatusList" value="5" class="ng-binding ng-scope">No Additional Outreach Required</option><!-- end ngRepeat: outreachStatus in outreachStatusList -->
            	</select> 
            </td>
            <!--<td>{{ veteran.OutreachStatus }}</td>-->
        </tr><!-- end ngRepeat: veteran in veteranList --><tr ng-repeat="veteran in veteranList" class="ng-scope">
            <td class="ng-binding"></td>
            <td class="ng-binding">xxx-xx-5628</td>
            <td class="ng-binding">(800) 555-7491</td>
            <td class="ng-binding">2/19/2005</td>
            <td class="ng-binding">High</td>
            <td>
            	<select class="form-control" style="width: 180px;" id="vet_867002">
            		<option value=""></option>
            		<!-- ngRepeat: outreachStatus in outreachStatusList --><option ng-repeat="outreachStatus in outreachStatusList" value="1" class="ng-binding ng-scope">Not Contacted</option><!-- end ngRepeat: outreachStatus in outreachStatusList --><option ng-repeat="outreachStatus in outreachStatusList" value="2" class="ng-binding ng-scope">Outreach Initiated</option><!-- end ngRepeat: outreachStatus in outreachStatusList --><option ng-repeat="outreachStatus in outreachStatusList" value="3" class="ng-binding ng-scope">Outreach Attempted - No Response</option><!-- end ngRepeat: outreachStatus in outreachStatusList --><option ng-repeat="outreachStatus in outreachStatusList" value="4" class="ng-binding ng-scope">Services Refused</option><!-- end ngRepeat: outreachStatus in outreachStatusList --><option ng-repeat="outreachStatus in outreachStatusList" value="5" class="ng-binding ng-scope">No Additional Outreach Required</option><!-- end ngRepeat: outreachStatus in outreachStatusList -->
            	</select> 
            </td>
            <!--<td>{{ veteran.OutreachStatus }}</td>-->
        </tr><!-- end ngRepeat: veteran in veteranList --><tr ng-repeat="veteran in veteranList" class="ng-scope">
            <td class="ng-binding"></td>
            <td class="ng-binding">xxx-xx-4730</td>
            <td class="ng-binding">(800) 555-2421</td>
            <td class="ng-binding">11/3/2000</td>
            <td class="ng-binding">High</td>
            <td>
            	<select class="form-control" style="width: 180px;" id="vet_899777">
            		<option value=""></option>
            		<!-- ngRepeat: outreachStatus in outreachStatusList --><option ng-repeat="outreachStatus in outreachStatusList" value="1" class="ng-binding ng-scope">Not Contacted</option><!-- end ngRepeat: outreachStatus in outreachStatusList --><option ng-repeat="outreachStatus in outreachStatusList" value="2" class="ng-binding ng-scope">Outreach Initiated</option><!-- end ngRepeat: outreachStatus in outreachStatusList --><option ng-repeat="outreachStatus in outreachStatusList" value="3" class="ng-binding ng-scope">Outreach Attempted - No Response</option><!-- end ngRepeat: outreachStatus in outreachStatusList --><option ng-repeat="outreachStatus in outreachStatusList" value="4" class="ng-binding ng-scope">Services Refused</option><!-- end ngRepeat: outreachStatus in outreachStatusList --><option ng-repeat="outreachStatus in outreachStatusList" value="5" class="ng-binding ng-scope">No Additional Outreach Required</option><!-- end ngRepeat: outreachStatus in outreachStatusList -->
            	</select> 
            </td>
            <!--<td>{{ veteran.OutreachStatus }}</td>-->
        </tr><!-- end ngRepeat: veteran in veteranList --><tr ng-repeat="veteran in veteranList" class="ng-scope">
            <td class="ng-binding"></td>
            <td class="ng-binding">xxx-xx-1574</td>
            <td class="ng-binding">(800) 555-8364</td>
            <td class="ng-binding">12/19/1997</td>
            <td class="ng-binding">High</td>
            <td>
            	<select class="form-control" style="width: 180px;" id="vet_901358">
            		<option value=""></option>
            		<!-- ngRepeat: outreachStatus in outreachStatusList --><option ng-repeat="outreachStatus in outreachStatusList" value="1" class="ng-binding ng-scope">Not Contacted</option><!-- end ngRepeat: outreachStatus in outreachStatusList --><option ng-repeat="outreachStatus in outreachStatusList" value="2" class="ng-binding ng-scope">Outreach Initiated</option><!-- end ngRepeat: outreachStatus in outreachStatusList --><option ng-repeat="outreachStatus in outreachStatusList" value="3" class="ng-binding ng-scope">Outreach Attempted - No Response</option><!-- end ngRepeat: outreachStatus in outreachStatusList --><option ng-repeat="outreachStatus in outreachStatusList" value="4" class="ng-binding ng-scope">Services Refused</option><!-- end ngRepeat: outreachStatus in outreachStatusList --><option ng-repeat="outreachStatus in outreachStatusList" value="5" class="ng-binding ng-scope">No Additional Outreach Required</option><!-- end ngRepeat: outreachStatus in outreachStatusList -->
            	</select> 
            </td>
            <!--<td>{{ veteran.OutreachStatus }}</td>-->
        </tr><!-- end ngRepeat: veteran in veteranList --><tr ng-repeat="veteran in veteranList" class="ng-scope">
            <td class="ng-binding"></td>
            <td class="ng-binding">xxx-xx-6321</td>
            <td class="ng-binding">(800) 555-1907</td>
            <td class="ng-binding">9/26/1997</td>
            <td class="ng-binding">High</td>
            <td>
            	<select class="form-control" style="width: 180px;" id="vet_902600">
            		<option value=""></option>
            		<!-- ngRepeat: outreachStatus in outreachStatusList --><option ng-repeat="outreachStatus in outreachStatusList" value="1" class="ng-binding ng-scope">Not Contacted</option><!-- end ngRepeat: outreachStatus in outreachStatusList --><option ng-repeat="outreachStatus in outreachStatusList" value="2" class="ng-binding ng-scope">Outreach Initiated</option><!-- end ngRepeat: outreachStatus in outreachStatusList --><option ng-repeat="outreachStatus in outreachStatusList" value="3" class="ng-binding ng-scope">Outreach Attempted - No Response</option><!-- end ngRepeat: outreachStatus in outreachStatusList --><option ng-repeat="outreachStatus in outreachStatusList" value="4" class="ng-binding ng-scope">Services Refused</option><!-- end ngRepeat: outreachStatus in outreachStatusList --><option ng-repeat="outreachStatus in outreachStatusList" value="5" class="ng-binding ng-scope">No Additional Outreach Required</option><!-- end ngRepeat: outreachStatus in outreachStatusList -->
            	</select> 
            </td>
            <!--<td>{{ veteran.OutreachStatus }}</td>-->
        </tr><!-- end ngRepeat: veteran in veteranList --><tr ng-repeat="veteran in veteranList" class="ng-scope">
            <td class="ng-binding"></td>
            <td class="ng-binding">xxx-xx-1564</td>
            <td class="ng-binding">(800) 555-8036</td>
            <td class="ng-binding">11/16/1999</td>
            <td class="ng-binding">High</td>
            <td>
            	<select class="form-control" style="width: 180px;" id="vet_905445">
            		<option value=""></option>
            		<!-- ngRepeat: outreachStatus in outreachStatusList --><option ng-repeat="outreachStatus in outreachStatusList" value="1" class="ng-binding ng-scope">Not Contacted</option><!-- end ngRepeat: outreachStatus in outreachStatusList --><option ng-repeat="outreachStatus in outreachStatusList" value="2" class="ng-binding ng-scope">Outreach Initiated</option><!-- end ngRepeat: outreachStatus in outreachStatusList --><option ng-repeat="outreachStatus in outreachStatusList" value="3" class="ng-binding ng-scope">Outreach Attempted - No Response</option><!-- end ngRepeat: outreachStatus in outreachStatusList --><option ng-repeat="outreachStatus in outreachStatusList" value="4" class="ng-binding ng-scope">Services Refused</option><!-- end ngRepeat: outreachStatus in outreachStatusList --><option ng-repeat="outreachStatus in outreachStatusList" value="5" class="ng-binding ng-scope">No Additional Outreach Required</option><!-- end ngRepeat: outreachStatus in outreachStatusList -->
            	</select> 
            </td>
            <!--<td>{{ veteran.OutreachStatus }}</td>-->
        </tr><!-- end ngRepeat: veteran in veteranList --><tr ng-repeat="veteran in veteranList" class="ng-scope">
            <td class="ng-binding"></td>
            <td class="ng-binding">xxx-xx-4857</td>
            <td class="ng-binding">(800) 555-9080</td>
            <td class="ng-binding">2/9/2005</td>
            <td class="ng-binding">High</td>
            <td>
            	<select class="form-control" style="width: 180px;" id="vet_906673">
            		<option value=""></option>
            		<!-- ngRepeat: outreachStatus in outreachStatusList --><option ng-repeat="outreachStatus in outreachStatusList" value="1" class="ng-binding ng-scope">Not Contacted</option><!-- end ngRepeat: outreachStatus in outreachStatusList --><option ng-repeat="outreachStatus in outreachStatusList" value="2" class="ng-binding ng-scope">Outreach Initiated</option><!-- end ngRepeat: outreachStatus in outreachStatusList --><option ng-repeat="outreachStatus in outreachStatusList" value="3" class="ng-binding ng-scope">Outreach Attempted - No Response</option><!-- end ngRepeat: outreachStatus in outreachStatusList --><option ng-repeat="outreachStatus in outreachStatusList" value="4" class="ng-binding ng-scope">Services Refused</option><!-- end ngRepeat: outreachStatus in outreachStatusList --><option ng-repeat="outreachStatus in outreachStatusList" value="5" class="ng-binding ng-scope">No Additional Outreach Required</option><!-- end ngRepeat: outreachStatus in outreachStatusList -->
            	</select> 
            </td>
            <!--<td>{{ veteran.OutreachStatus }}</td>-->
        </tr><!-- end ngRepeat: veteran in veteranList --><tr ng-repeat="veteran in veteranList" class="ng-scope">
            <td class="ng-binding"></td>
            <td class="ng-binding">xxx-xx-3687</td>
            <td class="ng-binding">(800) 555-0032</td>
            <td class="ng-binding">12/10/2000</td>
            <td class="ng-binding">High</td>
            <td>
            	<select class="form-control" style="width: 180px;" id="vet_942890">
            		<option value=""></option>
            		<!-- ngRepeat: outreachStatus in outreachStatusList --><option ng-repeat="outreachStatus in outreachStatusList" value="1" class="ng-binding ng-scope">Not Contacted</option><!-- end ngRepeat: outreachStatus in outreachStatusList --><option ng-repeat="outreachStatus in outreachStatusList" value="2" class="ng-binding ng-scope">Outreach Initiated</option><!-- end ngRepeat: outreachStatus in outreachStatusList --><option ng-repeat="outreachStatus in outreachStatusList" value="3" class="ng-binding ng-scope">Outreach Attempted - No Response</option><!-- end ngRepeat: outreachStatus in outreachStatusList --><option ng-repeat="outreachStatus in outreachStatusList" value="4" class="ng-binding ng-scope">Services Refused</option><!-- end ngRepeat: outreachStatus in outreachStatusList --><option ng-repeat="outreachStatus in outreachStatusList" value="5" class="ng-binding ng-scope">No Additional Outreach Required</option><!-- end ngRepeat: outreachStatus in outreachStatusList -->
            	</select> 
            </td>
            <!--<td>{{ veteran.OutreachStatus }}</td>-->
        </tr><!-- end ngRepeat: veteran in veteranList --><tr ng-repeat="veteran in veteranList" class="ng-scope">
            <td class="ng-binding"></td>
            <td class="ng-binding">xxx-xx-7842</td>
            <td class="ng-binding">(800) 555-7720</td>
            <td class="ng-binding">11/15/2004</td>
            <td class="ng-binding">High</td>
            <td>
            	<select class="form-control" style="width: 180px;" id="vet_981612">
            		<option value=""></option>
            		<!-- ngRepeat: outreachStatus in outreachStatusList --><option ng-repeat="outreachStatus in outreachStatusList" value="1" class="ng-binding ng-scope">Not Contacted</option><!-- end ngRepeat: outreachStatus in outreachStatusList --><option ng-repeat="outreachStatus in outreachStatusList" value="2" class="ng-binding ng-scope">Outreach Initiated</option><!-- end ngRepeat: outreachStatus in outreachStatusList --><option ng-repeat="outreachStatus in outreachStatusList" value="3" class="ng-binding ng-scope">Outreach Attempted - No Response</option><!-- end ngRepeat: outreachStatus in outreachStatusList --><option ng-repeat="outreachStatus in outreachStatusList" value="4" class="ng-binding ng-scope">Services Refused</option><!-- end ngRepeat: outreachStatus in outreachStatusList --><option ng-repeat="outreachStatus in outreachStatusList" value="5" class="ng-binding ng-scope">No Additional Outreach Required</option><!-- end ngRepeat: outreachStatus in outreachStatusList -->
            	</select> 
            </td>
            <!--<td>{{ veteran.OutreachStatus }}</td>-->
        </tr><!-- end ngRepeat: veteran in veteranList --><tr ng-repeat="veteran in veteranList" class="ng-scope">
            <td class="ng-binding"></td>
            <td class="ng-binding">xxx-xx-3517</td>
            <td class="ng-binding">(800) 555-4017</td>
            <td class="ng-binding">10/19/2011</td>
            <td class="ng-binding">High</td>
            <td>
            	<select class="form-control" style="width: 180px;" id="vet_984756">
            		<option value=""></option>
            		<!-- ngRepeat: outreachStatus in outreachStatusList --><option ng-repeat="outreachStatus in outreachStatusList" value="1" class="ng-binding ng-scope">Not Contacted</option><!-- end ngRepeat: outreachStatus in outreachStatusList --><option ng-repeat="outreachStatus in outreachStatusList" value="2" class="ng-binding ng-scope">Outreach Initiated</option><!-- end ngRepeat: outreachStatus in outreachStatusList --><option ng-repeat="outreachStatus in outreachStatusList" value="3" class="ng-binding ng-scope">Outreach Attempted - No Response</option><!-- end ngRepeat: outreachStatus in outreachStatusList --><option ng-repeat="outreachStatus in outreachStatusList" value="4" class="ng-binding ng-scope">Services Refused</option><!-- end ngRepeat: outreachStatus in outreachStatusList --><option ng-repeat="outreachStatus in outreachStatusList" value="5" class="ng-binding ng-scope">No Additional Outreach Required</option><!-- end ngRepeat: outreachStatus in outreachStatusList -->
            	</select> 
            </td>
            <!--<td>{{ veteran.OutreachStatus }}</td>-->
        </tr><!-- end ngRepeat: veteran in veteranList --><tr ng-repeat="veteran in veteranList" class="ng-scope">
            <td class="ng-binding"></td>
            <td class="ng-binding">xxx-xx-0647</td>
            <td class="ng-binding">(800) 555-6534</td>
            <td class="ng-binding">6/30/2011</td>
            <td class="ng-binding">High</td>
            <td>
            	<select class="form-control" style="width: 180px;" id="vet_985317">
            		<option value=""></option>
            		<!-- ngRepeat: outreachStatus in outreachStatusList --><option ng-repeat="outreachStatus in outreachStatusList" value="1" class="ng-binding ng-scope">Not Contacted</option><!-- end ngRepeat: outreachStatus in outreachStatusList --><option ng-repeat="outreachStatus in outreachStatusList" value="2" class="ng-binding ng-scope">Outreach Initiated</option><!-- end ngRepeat: outreachStatus in outreachStatusList --><option ng-repeat="outreachStatus in outreachStatusList" value="3" class="ng-binding ng-scope">Outreach Attempted - No Response</option><!-- end ngRepeat: outreachStatus in outreachStatusList --><option ng-repeat="outreachStatus in outreachStatusList" value="4" class="ng-binding ng-scope">Services Refused</option><!-- end ngRepeat: outreachStatus in outreachStatusList --><option ng-repeat="outreachStatus in outreachStatusList" value="5" class="ng-binding ng-scope">No Additional Outreach Required</option><!-- end ngRepeat: outreachStatus in outreachStatusList -->
            	</select> 
            </td>
            <!--<td>{{ veteran.OutreachStatus }}</td>-->
        </tr><!-- end ngRepeat: veteran in veteranList --><tr ng-repeat="veteran in veteranList" class="ng-scope">
            <td class="ng-binding"></td>
            <td class="ng-binding">xxx-xx-0653</td>
            <td class="ng-binding">(800) 555-4637</td>
            <td class="ng-binding">5/21/2006</td>
            <td class="ng-binding">High</td>
            <td>
            	<select class="form-control" style="width: 180px;" id="vet_992756">
            		<option value=""></option>
            		<!-- ngRepeat: outreachStatus in outreachStatusList --><option ng-repeat="outreachStatus in outreachStatusList" value="1" class="ng-binding ng-scope">Not Contacted</option><!-- end ngRepeat: outreachStatus in outreachStatusList --><option ng-repeat="outreachStatus in outreachStatusList" value="2" class="ng-binding ng-scope">Outreach Initiated</option><!-- end ngRepeat: outreachStatus in outreachStatusList --><option ng-repeat="outreachStatus in outreachStatusList" value="3" class="ng-binding ng-scope">Outreach Attempted - No Response</option><!-- end ngRepeat: outreachStatus in outreachStatusList --><option ng-repeat="outreachStatus in outreachStatusList" value="4" class="ng-binding ng-scope">Services Refused</option><!-- end ngRepeat: outreachStatus in outreachStatusList --><option ng-repeat="outreachStatus in outreachStatusList" value="5" class="ng-binding ng-scope">No Additional Outreach Required</option><!-- end ngRepeat: outreachStatus in outreachStatusList -->
            	</select> 
            </td>
            <!--<td>{{ veteran.OutreachStatus }}</td>-->
        </tr><!-- end ngRepeat: veteran in veteranList --><tr ng-repeat="veteran in veteranList" class="ng-scope">
            <td class="ng-binding"></td>
            <td class="ng-binding">xxx-xx-5232</td>
            <td class="ng-binding">(800) 555-6740</td>
            <td class="ng-binding">7/21/1999</td>
            <td class="ng-binding">High</td>
            <td>
            	<select class="form-control" style="width: 180px;" id="vet_995749">
            		<option value=""></option>
            		<!-- ngRepeat: outreachStatus in outreachStatusList --><option ng-repeat="outreachStatus in outreachStatusList" value="1" class="ng-binding ng-scope">Not Contacted</option><!-- end ngRepeat: outreachStatus in outreachStatusList --><option ng-repeat="outreachStatus in outreachStatusList" value="2" class="ng-binding ng-scope">Outreach Initiated</option><!-- end ngRepeat: outreachStatus in outreachStatusList --><option ng-repeat="outreachStatus in outreachStatusList" value="3" class="ng-binding ng-scope">Outreach Attempted - No Response</option><!-- end ngRepeat: outreachStatus in outreachStatusList --><option ng-repeat="outreachStatus in outreachStatusList" value="4" class="ng-binding ng-scope">Services Refused</option><!-- end ngRepeat: outreachStatus in outreachStatusList --><option ng-repeat="outreachStatus in outreachStatusList" value="5" class="ng-binding ng-scope">No Additional Outreach Required</option><!-- end ngRepeat: outreachStatus in outreachStatusList -->
            	</select> 
            </td>
            <!--<td>{{ veteran.OutreachStatus }}</td>-->
        </tr><!-- end ngRepeat: veteran in veteranList --><tr ng-repeat="veteran in veteranList" class="ng-scope">
            <td class="ng-binding"></td>
            <td class="ng-binding">xxx-xx-4041</td>
            <td class="ng-binding">(800) 555-4325</td>
            <td class="ng-binding">4/14/2013</td>
            <td class="ng-binding">High</td>
            <td>
            	<select class="form-control" style="width: 180px;" id="vet_580790">
            		<option value=""></option>
            		<!-- ngRepeat: outreachStatus in outreachStatusList --><option ng-repeat="outreachStatus in outreachStatusList" value="1" class="ng-binding ng-scope">Not Contacted</option><!-- end ngRepeat: outreachStatus in outreachStatusList --><option ng-repeat="outreachStatus in outreachStatusList" value="2" class="ng-binding ng-scope">Outreach Initiated</option><!-- end ngRepeat: outreachStatus in outreachStatusList --><option ng-repeat="outreachStatus in outreachStatusList" value="3" class="ng-binding ng-scope">Outreach Attempted - No Response</option><!-- end ngRepeat: outreachStatus in outreachStatusList --><option ng-repeat="outreachStatus in outreachStatusList" value="4" class="ng-binding ng-scope">Services Refused</option><!-- end ngRepeat: outreachStatus in outreachStatusList --><option ng-repeat="outreachStatus in outreachStatusList" value="5" class="ng-binding ng-scope">No Additional Outreach Required</option><!-- end ngRepeat: outreachStatus in outreachStatusList -->
            	</select> 
            </td>
            <!--<td>{{ veteran.OutreachStatus }}</td>-->
        </tr><!-- end ngRepeat: veteran in veteranList --><tr ng-repeat="veteran in veteranList" class="ng-scope">
            <td class="ng-binding"></td>
            <td class="ng-binding">xxx-xx-2309</td>
            <td class="ng-binding">(800) 555-1107</td>
            <td class="ng-binding">1/2/2000</td>
            <td class="ng-binding">High</td>
            <td>
            	<select class="form-control" style="width: 180px;" id="vet_617695">
            		<option value=""></option>
            		<!-- ngRepeat: outreachStatus in outreachStatusList --><option ng-repeat="outreachStatus in outreachStatusList" value="1" class="ng-binding ng-scope">Not Contacted</option><!-- end ngRepeat: outreachStatus in outreachStatusList --><option ng-repeat="outreachStatus in outreachStatusList" value="2" class="ng-binding ng-scope">Outreach Initiated</option><!-- end ngRepeat: outreachStatus in outreachStatusList --><option ng-repeat="outreachStatus in outreachStatusList" value="3" class="ng-binding ng-scope">Outreach Attempted - No Response</option><!-- end ngRepeat: outreachStatus in outreachStatusList --><option ng-repeat="outreachStatus in outreachStatusList" value="4" class="ng-binding ng-scope">Services Refused</option><!-- end ngRepeat: outreachStatus in outreachStatusList --><option ng-repeat="outreachStatus in outreachStatusList" value="5" class="ng-binding ng-scope">No Additional Outreach Required</option><!-- end ngRepeat: outreachStatus in outreachStatusList -->
            	</select> 
            </td>
            <!--<td>{{ veteran.OutreachStatus }}</td>-->
        </tr><!-- end ngRepeat: veteran in veteranList --><tr ng-repeat="veteran in veteranList" class="ng-scope">
            <td class="ng-binding"></td>
            <td class="ng-binding">xxx-xx-3691</td>
            <td class="ng-binding">(800) 555-6592</td>
            <td class="ng-binding">4/19/2006</td>
            <td class="ng-binding">High</td>
            <td>
            	<select class="form-control" style="width: 180px;" id="vet_617826">
            		<option value=""></option>
            		<!-- ngRepeat: outreachStatus in outreachStatusList --><option ng-repeat="outreachStatus in outreachStatusList" value="1" class="ng-binding ng-scope">Not Contacted</option><!-- end ngRepeat: outreachStatus in outreachStatusList --><option ng-repeat="outreachStatus in outreachStatusList" value="2" class="ng-binding ng-scope">Outreach Initiated</option><!-- end ngRepeat: outreachStatus in outreachStatusList --><option ng-repeat="outreachStatus in outreachStatusList" value="3" class="ng-binding ng-scope">Outreach Attempted - No Response</option><!-- end ngRepeat: outreachStatus in outreachStatusList --><option ng-repeat="outreachStatus in outreachStatusList" value="4" class="ng-binding ng-scope">Services Refused</option><!-- end ngRepeat: outreachStatus in outreachStatusList --><option ng-repeat="outreachStatus in outreachStatusList" value="5" class="ng-binding ng-scope">No Additional Outreach Required</option><!-- end ngRepeat: outreachStatus in outreachStatusList -->
            	</select> 
            </td>
            <!--<td>{{ veteran.OutreachStatus }}</td>-->
        </tr><!-- end ngRepeat: veteran in veteranList --><tr ng-repeat="veteran in veteranList" class="ng-scope">
            <td class="ng-binding"></td>
            <td class="ng-binding">xxx-xx-6702</td>
            <td class="ng-binding">(800) 555-4487</td>
            <td class="ng-binding">8/12/2002</td>
            <td class="ng-binding">High</td>
            <td>
            	<select class="form-control" style="width: 180px;" id="vet_620005">
            		<option value=""></option>
            		<!-- ngRepeat: outreachStatus in outreachStatusList --><option ng-repeat="outreachStatus in outreachStatusList" value="1" class="ng-binding ng-scope">Not Contacted</option><!-- end ngRepeat: outreachStatus in outreachStatusList --><option ng-repeat="outreachStatus in outreachStatusList" value="2" class="ng-binding ng-scope">Outreach Initiated</option><!-- end ngRepeat: outreachStatus in outreachStatusList --><option ng-repeat="outreachStatus in outreachStatusList" value="3" class="ng-binding ng-scope">Outreach Attempted - No Response</option><!-- end ngRepeat: outreachStatus in outreachStatusList --><option ng-repeat="outreachStatus in outreachStatusList" value="4" class="ng-binding ng-scope">Services Refused</option><!-- end ngRepeat: outreachStatus in outreachStatusList --><option ng-repeat="outreachStatus in outreachStatusList" value="5" class="ng-binding ng-scope">No Additional Outreach Required</option><!-- end ngRepeat: outreachStatus in outreachStatusList -->
            	</select> 
            </td>
            <!--<td>{{ veteran.OutreachStatus }}</td>-->
        </tr><!-- end ngRepeat: veteran in veteranList --><tr ng-repeat="veteran in veteranList" class="ng-scope">
            <td class="ng-binding"></td>
            <td class="ng-binding">xxx-xx-9150</td>
            <td class="ng-binding">(800) 555-4262</td>
            <td class="ng-binding">10/11/2008</td>
            <td class="ng-binding">High</td>
            <td>
            	<select class="form-control" style="width: 180px;" id="vet_662003">
            		<option value=""></option>
            		<!-- ngRepeat: outreachStatus in outreachStatusList --><option ng-repeat="outreachStatus in outreachStatusList" value="1" class="ng-binding ng-scope">Not Contacted</option><!-- end ngRepeat: outreachStatus in outreachStatusList --><option ng-repeat="outreachStatus in outreachStatusList" value="2" class="ng-binding ng-scope">Outreach Initiated</option><!-- end ngRepeat: outreachStatus in outreachStatusList --><option ng-repeat="outreachStatus in outreachStatusList" value="3" class="ng-binding ng-scope">Outreach Attempted - No Response</option><!-- end ngRepeat: outreachStatus in outreachStatusList --><option ng-repeat="outreachStatus in outreachStatusList" value="4" class="ng-binding ng-scope">Services Refused</option><!-- end ngRepeat: outreachStatus in outreachStatusList --><option ng-repeat="outreachStatus in outreachStatusList" value="5" class="ng-binding ng-scope">No Additional Outreach Required</option><!-- end ngRepeat: outreachStatus in outreachStatusList -->
            	</select> 
            </td>
            <!--<td>{{ veteran.OutreachStatus }}</td>-->
        </tr><!-- end ngRepeat: veteran in veteranList --><tr ng-repeat="veteran in veteranList" class="ng-scope">
            <td class="ng-binding"></td>
            <td class="ng-binding">xxx-xx-7262</td>
            <td class="ng-binding">(800) 555-5311</td>
            <td class="ng-binding">8/24/1998</td>
            <td class="ng-binding">High</td>
            <td>
            	<select class="form-control" style="width: 180px;" id="vet_662154">
            		<option value=""></option>
            		<!-- ngRepeat: outreachStatus in outreachStatusList --><option ng-repeat="outreachStatus in outreachStatusList" value="1" class="ng-binding ng-scope">Not Contacted</option><!-- end ngRepeat: outreachStatus in outreachStatusList --><option ng-repeat="outreachStatus in outreachStatusList" value="2" class="ng-binding ng-scope">Outreach Initiated</option><!-- end ngRepeat: outreachStatus in outreachStatusList --><option ng-repeat="outreachStatus in outreachStatusList" value="3" class="ng-binding ng-scope">Outreach Attempted - No Response</option><!-- end ngRepeat: outreachStatus in outreachStatusList --><option ng-repeat="outreachStatus in outreachStatusList" value="4" class="ng-binding ng-scope">Services Refused</option><!-- end ngRepeat: outreachStatus in outreachStatusList --><option ng-repeat="outreachStatus in outreachStatusList" value="5" class="ng-binding ng-scope">No Additional Outreach Required</option><!-- end ngRepeat: outreachStatus in outreachStatusList -->
            	</select> 
            </td>
            <!--<td>{{ veteran.OutreachStatus }}</td>-->
        </tr><!-- end ngRepeat: veteran in veteranList --><tr ng-repeat="veteran in veteranList" class="ng-scope">
            <td class="ng-binding"></td>
            <td class="ng-binding">xxx-xx-9470</td>
            <td class="ng-binding">(800) 555-1655</td>
            <td class="ng-binding">1/19/2007</td>
            <td class="ng-binding">High</td>
            <td>
            	<select class="form-control" style="width: 180px;" id="vet_662964">
            		<option value=""></option>
            		<!-- ngRepeat: outreachStatus in outreachStatusList --><option ng-repeat="outreachStatus in outreachStatusList" value="1" class="ng-binding ng-scope">Not Contacted</option><!-- end ngRepeat: outreachStatus in outreachStatusList --><option ng-repeat="outreachStatus in outreachStatusList" value="2" class="ng-binding ng-scope">Outreach Initiated</option><!-- end ngRepeat: outreachStatus in outreachStatusList --><option ng-repeat="outreachStatus in outreachStatusList" value="3" class="ng-binding ng-scope">Outreach Attempted - No Response</option><!-- end ngRepeat: outreachStatus in outreachStatusList --><option ng-repeat="outreachStatus in outreachStatusList" value="4" class="ng-binding ng-scope">Services Refused</option><!-- end ngRepeat: outreachStatus in outreachStatusList --><option ng-repeat="outreachStatus in outreachStatusList" value="5" class="ng-binding ng-scope">No Additional Outreach Required</option><!-- end ngRepeat: outreachStatus in outreachStatusList -->
            	</select> 
            </td>
            <!--<td>{{ veteran.OutreachStatus }}</td>-->
        </tr><!-- end ngRepeat: veteran in veteranList --><tr ng-repeat="veteran in veteranList" class="ng-scope">
            <td class="ng-binding"></td>
            <td class="ng-binding">xxx-xx-4952</td>
            <td class="ng-binding">(800) 555-3681</td>
            <td class="ng-binding">1/19/2004</td>
            <td class="ng-binding">High</td>
            <td>
            	<select class="form-control" style="width: 180px;" id="vet_694019">
            		<option value=""></option>
            		<!-- ngRepeat: outreachStatus in outreachStatusList --><option ng-repeat="outreachStatus in outreachStatusList" value="1" class="ng-binding ng-scope">Not Contacted</option><!-- end ngRepeat: outreachStatus in outreachStatusList --><option ng-repeat="outreachStatus in outreachStatusList" value="2" class="ng-binding ng-scope">Outreach Initiated</option><!-- end ngRepeat: outreachStatus in outreachStatusList --><option ng-repeat="outreachStatus in outreachStatusList" value="3" class="ng-binding ng-scope">Outreach Attempted - No Response</option><!-- end ngRepeat: outreachStatus in outreachStatusList --><option ng-repeat="outreachStatus in outreachStatusList" value="4" class="ng-binding ng-scope">Services Refused</option><!-- end ngRepeat: outreachStatus in outreachStatusList --><option ng-repeat="outreachStatus in outreachStatusList" value="5" class="ng-binding ng-scope">No Additional Outreach Required</option><!-- end ngRepeat: outreachStatus in outreachStatusList -->
            	</select> 
            </td>
            <!--<td>{{ veteran.OutreachStatus }}</td>-->
        </tr><!-- end ngRepeat: veteran in veteranList --><tr ng-repeat="veteran in veteranList" class="ng-scope">
            <td class="ng-binding"></td>
            <td class="ng-binding">xxx-xx-2141</td>
            <td class="ng-binding">(800) 555-3876</td>
            <td class="ng-binding">3/27/1997</td>
            <td class="ng-binding">High</td>
            <td>
            	<select class="form-control" style="width: 180px;" id="vet_703265">
            		<option value=""></option>
            		<!-- ngRepeat: outreachStatus in outreachStatusList --><option ng-repeat="outreachStatus in outreachStatusList" value="1" class="ng-binding ng-scope">Not Contacted</option><!-- end ngRepeat: outreachStatus in outreachStatusList --><option ng-repeat="outreachStatus in outreachStatusList" value="2" class="ng-binding ng-scope">Outreach Initiated</option><!-- end ngRepeat: outreachStatus in outreachStatusList --><option ng-repeat="outreachStatus in outreachStatusList" value="3" class="ng-binding ng-scope">Outreach Attempted - No Response</option><!-- end ngRepeat: outreachStatus in outreachStatusList --><option ng-repeat="outreachStatus in outreachStatusList" value="4" class="ng-binding ng-scope">Services Refused</option><!-- end ngRepeat: outreachStatus in outreachStatusList --><option ng-repeat="outreachStatus in outreachStatusList" value="5" class="ng-binding ng-scope">No Additional Outreach Required</option><!-- end ngRepeat: outreachStatus in outreachStatusList -->
            	</select> 
            </td>
            <!--<td>{{ veteran.OutreachStatus }}</td>-->
        </tr><!-- end ngRepeat: veteran in veteranList --><tr ng-repeat="veteran in veteranList" class="ng-scope">
            <td class="ng-binding"></td>
            <td class="ng-binding">xxx-xx-3071</td>
            <td class="ng-binding">(800) 555-2450</td>
            <td class="ng-binding">11/11/1999</td>
            <td class="ng-binding">High</td>
            <td>
            	<select class="form-control" style="width: 180px;" id="vet_736024">
            		<option value=""></option>
            		<!-- ngRepeat: outreachStatus in outreachStatusList --><option ng-repeat="outreachStatus in outreachStatusList" value="1" class="ng-binding ng-scope">Not Contacted</option><!-- end ngRepeat: outreachStatus in outreachStatusList --><option ng-repeat="outreachStatus in outreachStatusList" value="2" class="ng-binding ng-scope">Outreach Initiated</option><!-- end ngRepeat: outreachStatus in outreachStatusList --><option ng-repeat="outreachStatus in outreachStatusList" value="3" class="ng-binding ng-scope">Outreach Attempted - No Response</option><!-- end ngRepeat: outreachStatus in outreachStatusList --><option ng-repeat="outreachStatus in outreachStatusList" value="4" class="ng-binding ng-scope">Services Refused</option><!-- end ngRepeat: outreachStatus in outreachStatusList --><option ng-repeat="outreachStatus in outreachStatusList" value="5" class="ng-binding ng-scope">No Additional Outreach Required</option><!-- end ngRepeat: outreachStatus in outreachStatusList -->
            	</select> 
            </td>
            <!--<td>{{ veteran.OutreachStatus }}</td>-->
        </tr><!-- end ngRepeat: veteran in veteranList --><tr ng-repeat="veteran in veteranList" class="ng-scope">
            <td class="ng-binding"></td>
            <td class="ng-binding">xxx-xx-8062</td>
            <td class="ng-binding">(800) 555-0747</td>
            <td class="ng-binding">10/12/2013</td>
            <td class="ng-binding">High</td>
            <td>
            	<select class="form-control" style="width: 180px;" id="vet_739376">
            		<option value=""></option>
            		<!-- ngRepeat: outreachStatus in outreachStatusList --><option ng-repeat="outreachStatus in outreachStatusList" value="1" class="ng-binding ng-scope">Not Contacted</option><!-- end ngRepeat: outreachStatus in outreachStatusList --><option ng-repeat="outreachStatus in outreachStatusList" value="2" class="ng-binding ng-scope">Outreach Initiated</option><!-- end ngRepeat: outreachStatus in outreachStatusList --><option ng-repeat="outreachStatus in outreachStatusList" value="3" class="ng-binding ng-scope">Outreach Attempted - No Response</option><!-- end ngRepeat: outreachStatus in outreachStatusList --><option ng-repeat="outreachStatus in outreachStatusList" value="4" class="ng-binding ng-scope">Services Refused</option><!-- end ngRepeat: outreachStatus in outreachStatusList --><option ng-repeat="outreachStatus in outreachStatusList" value="5" class="ng-binding ng-scope">No Additional Outreach Required</option><!-- end ngRepeat: outreachStatus in outreachStatusList -->
            	</select> 
            </td>
            <!--<td>{{ veteran.OutreachStatus }}</td>-->
        </tr><!-- end ngRepeat: veteran in veteranList --><tr ng-repeat="veteran in veteranList" class="ng-scope">
            <td class="ng-binding"></td>
            <td class="ng-binding">xxx-xx-9772</td>
            <td class="ng-binding">(800) 555-2211</td>
            <td class="ng-binding">4/11/2002</td>
            <td class="ng-binding">High</td>
            <td>
            	<select class="form-control" style="width: 180px;" id="vet_740045">
            		<option value=""></option>
            		<!-- ngRepeat: outreachStatus in outreachStatusList --><option ng-repeat="outreachStatus in outreachStatusList" value="1" class="ng-binding ng-scope">Not Contacted</option><!-- end ngRepeat: outreachStatus in outreachStatusList --><option ng-repeat="outreachStatus in outreachStatusList" value="2" class="ng-binding ng-scope">Outreach Initiated</option><!-- end ngRepeat: outreachStatus in outreachStatusList --><option ng-repeat="outreachStatus in outreachStatusList" value="3" class="ng-binding ng-scope">Outreach Attempted - No Response</option><!-- end ngRepeat: outreachStatus in outreachStatusList --><option ng-repeat="outreachStatus in outreachStatusList" value="4" class="ng-binding ng-scope">Services Refused</option><!-- end ngRepeat: outreachStatus in outreachStatusList --><option ng-repeat="outreachStatus in outreachStatusList" value="5" class="ng-binding ng-scope">No Additional Outreach Required</option><!-- end ngRepeat: outreachStatus in outreachStatusList -->
            	</select> 
            </td>
            <!--<td>{{ veteran.OutreachStatus }}</td>-->
        </tr><!-- end ngRepeat: veteran in veteranList --><tr ng-repeat="veteran in veteranList" class="ng-scope">
            <td class="ng-binding"></td>
            <td class="ng-binding">xxx-xx-4192</td>
            <td class="ng-binding">(800) 555-1088</td>
            <td class="ng-binding">3/5/2008</td>
            <td class="ng-binding">High</td>
            <td>
            	<select class="form-control" style="width: 180px;" id="vet_778577">
            		<option value=""></option>
            		<!-- ngRepeat: outreachStatus in outreachStatusList --><option ng-repeat="outreachStatus in outreachStatusList" value="1" class="ng-binding ng-scope">Not Contacted</option><!-- end ngRepeat: outreachStatus in outreachStatusList --><option ng-repeat="outreachStatus in outreachStatusList" value="2" class="ng-binding ng-scope">Outreach Initiated</option><!-- end ngRepeat: outreachStatus in outreachStatusList --><option ng-repeat="outreachStatus in outreachStatusList" value="3" class="ng-binding ng-scope">Outreach Attempted - No Response</option><!-- end ngRepeat: outreachStatus in outreachStatusList --><option ng-repeat="outreachStatus in outreachStatusList" value="4" class="ng-binding ng-scope">Services Refused</option><!-- end ngRepeat: outreachStatus in outreachStatusList --><option ng-repeat="outreachStatus in outreachStatusList" value="5" class="ng-binding ng-scope">No Additional Outreach Required</option><!-- end ngRepeat: outreachStatus in outreachStatusList -->
            	</select> 
            </td>
            <!--<td>{{ veteran.OutreachStatus }}</td>-->
        </tr><!-- end ngRepeat: veteran in veteranList --><tr ng-repeat="veteran in veteranList" class="ng-scope">
            <td class="ng-binding"></td>
            <td class="ng-binding">xxx-xx-0766</td>
            <td class="ng-binding">(800) 555-1948</td>
            <td class="ng-binding">9/6/2007</td>
            <td class="ng-binding">High</td>
            <td>
            	<select class="form-control" style="width: 180px;" id="vet_779097">
            		<option value=""></option>
            		<!-- ngRepeat: outreachStatus in outreachStatusList --><option ng-repeat="outreachStatus in outreachStatusList" value="1" class="ng-binding ng-scope">Not Contacted</option><!-- end ngRepeat: outreachStatus in outreachStatusList --><option ng-repeat="outreachStatus in outreachStatusList" value="2" class="ng-binding ng-scope">Outreach Initiated</option><!-- end ngRepeat: outreachStatus in outreachStatusList --><option ng-repeat="outreachStatus in outreachStatusList" value="3" class="ng-binding ng-scope">Outreach Attempted - No Response</option><!-- end ngRepeat: outreachStatus in outreachStatusList --><option ng-repeat="outreachStatus in outreachStatusList" value="4" class="ng-binding ng-scope">Services Refused</option><!-- end ngRepeat: outreachStatus in outreachStatusList --><option ng-repeat="outreachStatus in outreachStatusList" value="5" class="ng-binding ng-scope">No Additional Outreach Required</option><!-- end ngRepeat: outreachStatus in outreachStatusList -->
            	</select> 
            </td>
            <!--<td>{{ veteran.OutreachStatus }}</td>-->
        </tr><!-- end ngRepeat: veteran in veteranList --><tr ng-repeat="veteran in veteranList" class="ng-scope">
            <td class="ng-binding"></td>
            <td class="ng-binding">xxx-xx-8784</td>
            <td class="ng-binding">(800) 555-0026</td>
            <td class="ng-binding">7/22/1997</td>
            <td class="ng-binding">High</td>
            <td>
            	<select class="form-control" style="width: 180px;" id="vet_780626">
            		<option value=""></option>
            		<!-- ngRepeat: outreachStatus in outreachStatusList --><option ng-repeat="outreachStatus in outreachStatusList" value="1" class="ng-binding ng-scope">Not Contacted</option><!-- end ngRepeat: outreachStatus in outreachStatusList --><option ng-repeat="outreachStatus in outreachStatusList" value="2" class="ng-binding ng-scope">Outreach Initiated</option><!-- end ngRepeat: outreachStatus in outreachStatusList --><option ng-repeat="outreachStatus in outreachStatusList" value="3" class="ng-binding ng-scope">Outreach Attempted - No Response</option><!-- end ngRepeat: outreachStatus in outreachStatusList --><option ng-repeat="outreachStatus in outreachStatusList" value="4" class="ng-binding ng-scope">Services Refused</option><!-- end ngRepeat: outreachStatus in outreachStatusList --><option ng-repeat="outreachStatus in outreachStatusList" value="5" class="ng-binding ng-scope">No Additional Outreach Required</option><!-- end ngRepeat: outreachStatus in outreachStatusList -->
            	</select> 
            </td>
            <!--<td>{{ veteran.OutreachStatus }}</td>-->
        </tr><!-- end ngRepeat: veteran in veteranList --><tr ng-repeat="veteran in veteranList" class="ng-scope">
            <td class="ng-binding"></td>
            <td class="ng-binding">xxx-xx-8216</td>
            <td class="ng-binding">(800) 555-0889</td>
            <td class="ng-binding">1/25/2003</td>
            <td class="ng-binding">High</td>
            <td>
            	<select class="form-control" style="width: 180px;" id="vet_10295">
            		<option value=""></option>
            		<!-- ngRepeat: outreachStatus in outreachStatusList --><option ng-repeat="outreachStatus in outreachStatusList" value="1" class="ng-binding ng-scope">Not Contacted</option><!-- end ngRepeat: outreachStatus in outreachStatusList --><option ng-repeat="outreachStatus in outreachStatusList" value="2" class="ng-binding ng-scope">Outreach Initiated</option><!-- end ngRepeat: outreachStatus in outreachStatusList --><option ng-repeat="outreachStatus in outreachStatusList" value="3" class="ng-binding ng-scope">Outreach Attempted - No Response</option><!-- end ngRepeat: outreachStatus in outreachStatusList --><option ng-repeat="outreachStatus in outreachStatusList" value="4" class="ng-binding ng-scope">Services Refused</option><!-- end ngRepeat: outreachStatus in outreachStatusList --><option ng-repeat="outreachStatus in outreachStatusList" value="5" class="ng-binding ng-scope">No Additional Outreach Required</option><!-- end ngRepeat: outreachStatus in outreachStatusList -->
            	</select> 
            </td>
            <!--<td>{{ veteran.OutreachStatus }}</td>-->
        </tr><!-- end ngRepeat: veteran in veteranList --><tr ng-repeat="veteran in veteranList" class="ng-scope">
            <td class="ng-binding"></td>
            <td class="ng-binding">xxx-xx-1795</td>
            <td class="ng-binding">(800) 555-9076</td>
            <td class="ng-binding">7/14/2002</td>
            <td class="ng-binding">High</td>
            <td>
            	<select class="form-control" style="width: 180px;" id="vet_13442">
            		<option value=""></option>
            		<!-- ngRepeat: outreachStatus in outreachStatusList --><option ng-repeat="outreachStatus in outreachStatusList" value="1" class="ng-binding ng-scope">Not Contacted</option><!-- end ngRepeat: outreachStatus in outreachStatusList --><option ng-repeat="outreachStatus in outreachStatusList" value="2" class="ng-binding ng-scope">Outreach Initiated</option><!-- end ngRepeat: outreachStatus in outreachStatusList --><option ng-repeat="outreachStatus in outreachStatusList" value="3" class="ng-binding ng-scope">Outreach Attempted - No Response</option><!-- end ngRepeat: outreachStatus in outreachStatusList --><option ng-repeat="outreachStatus in outreachStatusList" value="4" class="ng-binding ng-scope">Services Refused</option><!-- end ngRepeat: outreachStatus in outreachStatusList --><option ng-repeat="outreachStatus in outreachStatusList" value="5" class="ng-binding ng-scope">No Additional Outreach Required</option><!-- end ngRepeat: outreachStatus in outreachStatusList -->
            	</select> 
            </td>
            <!--<td>{{ veteran.OutreachStatus }}</td>-->
        </tr><!-- end ngRepeat: veteran in veteranList --><tr ng-repeat="veteran in veteranList" class="ng-scope">
            <td class="ng-binding"></td>
            <td class="ng-binding">xxx-xx-4929</td>
            <td class="ng-binding">(800) 555-0526</td>
            <td class="ng-binding">1/16/2013</td>
            <td class="ng-binding">High</td>
            <td>
            	<select class="form-control" style="width: 180px;" id="vet_38996">
            		<option value=""></option>
            		<!-- ngRepeat: outreachStatus in outreachStatusList --><option ng-repeat="outreachStatus in outreachStatusList" value="1" class="ng-binding ng-scope">Not Contacted</option><!-- end ngRepeat: outreachStatus in outreachStatusList --><option ng-repeat="outreachStatus in outreachStatusList" value="2" class="ng-binding ng-scope">Outreach Initiated</option><!-- end ngRepeat: outreachStatus in outreachStatusList --><option ng-repeat="outreachStatus in outreachStatusList" value="3" class="ng-binding ng-scope">Outreach Attempted - No Response</option><!-- end ngRepeat: outreachStatus in outreachStatusList --><option ng-repeat="outreachStatus in outreachStatusList" value="4" class="ng-binding ng-scope">Services Refused</option><!-- end ngRepeat: outreachStatus in outreachStatusList --><option ng-repeat="outreachStatus in outreachStatusList" value="5" class="ng-binding ng-scope">No Additional Outreach Required</option><!-- end ngRepeat: outreachStatus in outreachStatusList -->
            	</select> 
            </td>
            <!--<td>{{ veteran.OutreachStatus }}</td>-->
        </tr><!-- end ngRepeat: veteran in veteranList --><tr ng-repeat="veteran in veteranList" class="ng-scope">
            <td class="ng-binding"></td>
            <td class="ng-binding">xxx-xx-6157</td>
            <td class="ng-binding">(800) 555-6388</td>
            <td class="ng-binding">12/19/2012</td>
            <td class="ng-binding">High</td>
            <td>
            	<select class="form-control" style="width: 180px;" id="vet_40019">
            		<option value=""></option>
            		<!-- ngRepeat: outreachStatus in outreachStatusList --><option ng-repeat="outreachStatus in outreachStatusList" value="1" class="ng-binding ng-scope">Not Contacted</option><!-- end ngRepeat: outreachStatus in outreachStatusList --><option ng-repeat="outreachStatus in outreachStatusList" value="2" class="ng-binding ng-scope">Outreach Initiated</option><!-- end ngRepeat: outreachStatus in outreachStatusList --><option ng-repeat="outreachStatus in outreachStatusList" value="3" class="ng-binding ng-scope">Outreach Attempted - No Response</option><!-- end ngRepeat: outreachStatus in outreachStatusList --><option ng-repeat="outreachStatus in outreachStatusList" value="4" class="ng-binding ng-scope">Services Refused</option><!-- end ngRepeat: outreachStatus in outreachStatusList --><option ng-repeat="outreachStatus in outreachStatusList" value="5" class="ng-binding ng-scope">No Additional Outreach Required</option><!-- end ngRepeat: outreachStatus in outreachStatusList -->
            	</select> 
            </td>
            <!--<td>{{ veteran.OutreachStatus }}</td>-->
        </tr><!-- end ngRepeat: veteran in veteranList --><tr ng-repeat="veteran in veteranList" class="ng-scope">
            <td class="ng-binding"></td>
            <td class="ng-binding">xxx-xx-5743</td>
            <td class="ng-binding">(800) 555-9731</td>
            <td class="ng-binding">8/9/2001</td>
            <td class="ng-binding">High</td>
            <td>
            	<select class="form-control" style="width: 180px;" id="vet_40425">
            		<option value=""></option>
            		<!-- ngRepeat: outreachStatus in outreachStatusList --><option ng-repeat="outreachStatus in outreachStatusList" value="1" class="ng-binding ng-scope">Not Contacted</option><!-- end ngRepeat: outreachStatus in outreachStatusList --><option ng-repeat="outreachStatus in outreachStatusList" value="2" class="ng-binding ng-scope">Outreach Initiated</option><!-- end ngRepeat: outreachStatus in outreachStatusList --><option ng-repeat="outreachStatus in outreachStatusList" value="3" class="ng-binding ng-scope">Outreach Attempted - No Response</option><!-- end ngRepeat: outreachStatus in outreachStatusList --><option ng-repeat="outreachStatus in outreachStatusList" value="4" class="ng-binding ng-scope">Services Refused</option><!-- end ngRepeat: outreachStatus in outreachStatusList --><option ng-repeat="outreachStatus in outreachStatusList" value="5" class="ng-binding ng-scope">No Additional Outreach Required</option><!-- end ngRepeat: outreachStatus in outreachStatusList -->
            	</select> 
            </td>
            <!--<td>{{ veteran.OutreachStatus }}</td>-->
        </tr><!-- end ngRepeat: veteran in veteranList --><tr ng-repeat="veteran in veteranList" class="ng-scope">
            <td class="ng-binding"></td>
            <td class="ng-binding">xxx-xx-4042</td>
            <td class="ng-binding">(800) 555-3239</td>
            <td class="ng-binding">6/14/2000</td>
            <td class="ng-binding">High</td>
            <td>
            	<select class="form-control" style="width: 180px;" id="vet_41069">
            		<option value=""></option>
            		<!-- ngRepeat: outreachStatus in outreachStatusList --><option ng-repeat="outreachStatus in outreachStatusList" value="1" class="ng-binding ng-scope">Not Contacted</option><!-- end ngRepeat: outreachStatus in outreachStatusList --><option ng-repeat="outreachStatus in outreachStatusList" value="2" class="ng-binding ng-scope">Outreach Initiated</option><!-- end ngRepeat: outreachStatus in outreachStatusList --><option ng-repeat="outreachStatus in outreachStatusList" value="3" class="ng-binding ng-scope">Outreach Attempted - No Response</option><!-- end ngRepeat: outreachStatus in outreachStatusList --><option ng-repeat="outreachStatus in outreachStatusList" value="4" class="ng-binding ng-scope">Services Refused</option><!-- end ngRepeat: outreachStatus in outreachStatusList --><option ng-repeat="outreachStatus in outreachStatusList" value="5" class="ng-binding ng-scope">No Additional Outreach Required</option><!-- end ngRepeat: outreachStatus in outreachStatusList -->
            	</select> 
            </td>
            <!--<td>{{ veteran.OutreachStatus }}</td>-->
        </tr><!-- end ngRepeat: veteran in veteranList --><tr ng-repeat="veteran in veteranList" class="ng-scope">
            <td class="ng-binding"></td>
            <td class="ng-binding">xxx-xx-7892</td>
            <td class="ng-binding">(800) 555-7166</td>
            <td class="ng-binding">2/17/1998</td>
            <td class="ng-binding">High</td>
            <td>
            	<select class="form-control" style="width: 180px;" id="vet_42438">
            		<option value=""></option>
            		<!-- ngRepeat: outreachStatus in outreachStatusList --><option ng-repeat="outreachStatus in outreachStatusList" value="1" class="ng-binding ng-scope">Not Contacted</option><!-- end ngRepeat: outreachStatus in outreachStatusList --><option ng-repeat="outreachStatus in outreachStatusList" value="2" class="ng-binding ng-scope">Outreach Initiated</option><!-- end ngRepeat: outreachStatus in outreachStatusList --><option ng-repeat="outreachStatus in outreachStatusList" value="3" class="ng-binding ng-scope">Outreach Attempted - No Response</option><!-- end ngRepeat: outreachStatus in outreachStatusList --><option ng-repeat="outreachStatus in outreachStatusList" value="4" class="ng-binding ng-scope">Services Refused</option><!-- end ngRepeat: outreachStatus in outreachStatusList --><option ng-repeat="outreachStatus in outreachStatusList" value="5" class="ng-binding ng-scope">No Additional Outreach Required</option><!-- end ngRepeat: outreachStatus in outreachStatusList -->
            	</select> 
            </td>
            <!--<td>{{ veteran.OutreachStatus }}</td>-->
        </tr><!-- end ngRepeat: veteran in veteranList --><tr ng-repeat="veteran in veteranList" class="ng-scope">
            <td class="ng-binding"></td>
            <td class="ng-binding">xxx-xx-8181</td>
            <td class="ng-binding">(800) 555-1933</td>
            <td class="ng-binding">10/17/1996</td>
            <td class="ng-binding">High</td>
            <td>
            	<select class="form-control" style="width: 180px;" id="vet_44723">
            		<option value=""></option>
            		<!-- ngRepeat: outreachStatus in outreachStatusList --><option ng-repeat="outreachStatus in outreachStatusList" value="1" class="ng-binding ng-scope">Not Contacted</option><!-- end ngRepeat: outreachStatus in outreachStatusList --><option ng-repeat="outreachStatus in outreachStatusList" value="2" class="ng-binding ng-scope">Outreach Initiated</option><!-- end ngRepeat: outreachStatus in outreachStatusList --><option ng-repeat="outreachStatus in outreachStatusList" value="3" class="ng-binding ng-scope">Outreach Attempted - No Response</option><!-- end ngRepeat: outreachStatus in outreachStatusList --><option ng-repeat="outreachStatus in outreachStatusList" value="4" class="ng-binding ng-scope">Services Refused</option><!-- end ngRepeat: outreachStatus in outreachStatusList --><option ng-repeat="outreachStatus in outreachStatusList" value="5" class="ng-binding ng-scope">No Additional Outreach Required</option><!-- end ngRepeat: outreachStatus in outreachStatusList -->
            	</select> 
            </td>
            <!--<td>{{ veteran.OutreachStatus }}</td>-->
        </tr><!-- end ngRepeat: veteran in veteranList --><tr ng-repeat="veteran in veteranList" class="ng-scope">
            <td class="ng-binding"></td>
            <td class="ng-binding">xxx-xx-4017</td>
            <td class="ng-binding">(800) 555-7337</td>
            <td class="ng-binding">3/3/2003</td>
            <td class="ng-binding">High</td>
            <td>
            	<select class="form-control" style="width: 180px;" id="vet_44803">
            		<option value=""></option>
            		<!-- ngRepeat: outreachStatus in outreachStatusList --><option ng-repeat="outreachStatus in outreachStatusList" value="1" class="ng-binding ng-scope">Not Contacted</option><!-- end ngRepeat: outreachStatus in outreachStatusList --><option ng-repeat="outreachStatus in outreachStatusList" value="2" class="ng-binding ng-scope">Outreach Initiated</option><!-- end ngRepeat: outreachStatus in outreachStatusList --><option ng-repeat="outreachStatus in outreachStatusList" value="3" class="ng-binding ng-scope">Outreach Attempted - No Response</option><!-- end ngRepeat: outreachStatus in outreachStatusList --><option ng-repeat="outreachStatus in outreachStatusList" value="4" class="ng-binding ng-scope">Services Refused</option><!-- end ngRepeat: outreachStatus in outreachStatusList --><option ng-repeat="outreachStatus in outreachStatusList" value="5" class="ng-binding ng-scope">No Additional Outreach Required</option><!-- end ngRepeat: outreachStatus in outreachStatusList -->
            	</select> 
            </td>
            <!--<td>{{ veteran.OutreachStatus }}</td>-->
        </tr><!-- end ngRepeat: veteran in veteranList --><tr ng-repeat="veteran in veteranList" class="ng-scope">
            <td class="ng-binding"></td>
            <td class="ng-binding">xxx-xx-2009</td>
            <td class="ng-binding">(800) 555-4100</td>
            <td class="ng-binding">7/1/2008</td>
            <td class="ng-binding">High</td>
            <td>
            	<select class="form-control" style="width: 180px;" id="vet_82697">
            		<option value=""></option>
            		<!-- ngRepeat: outreachStatus in outreachStatusList --><option ng-repeat="outreachStatus in outreachStatusList" value="1" class="ng-binding ng-scope">Not Contacted</option><!-- end ngRepeat: outreachStatus in outreachStatusList --><option ng-repeat="outreachStatus in outreachStatusList" value="2" class="ng-binding ng-scope">Outreach Initiated</option><!-- end ngRepeat: outreachStatus in outreachStatusList --><option ng-repeat="outreachStatus in outreachStatusList" value="3" class="ng-binding ng-scope">Outreach Attempted - No Response</option><!-- end ngRepeat: outreachStatus in outreachStatusList --><option ng-repeat="outreachStatus in outreachStatusList" value="4" class="ng-binding ng-scope">Services Refused</option><!-- end ngRepeat: outreachStatus in outreachStatusList --><option ng-repeat="outreachStatus in outreachStatusList" value="5" class="ng-binding ng-scope">No Additional Outreach Required</option><!-- end ngRepeat: outreachStatus in outreachStatusList -->
            	</select> 
            </td>
            <!--<td>{{ veteran.OutreachStatus }}</td>-->
        </tr><!-- end ngRepeat: veteran in veteranList --><tr ng-repeat="veteran in veteranList" class="ng-scope">
            <td class="ng-binding"></td>
            <td class="ng-binding">xxx-xx-8248</td>
            <td class="ng-binding">(800) 555-2324</td>
            <td class="ng-binding">6/17/2007</td>
            <td class="ng-binding">High</td>
            <td>
            	<select class="form-control" style="width: 180px;" id="vet_82808">
            		<option value=""></option>
            		<!-- ngRepeat: outreachStatus in outreachStatusList --><option ng-repeat="outreachStatus in outreachStatusList" value="1" class="ng-binding ng-scope">Not Contacted</option><!-- end ngRepeat: outreachStatus in outreachStatusList --><option ng-repeat="outreachStatus in outreachStatusList" value="2" class="ng-binding ng-scope">Outreach Initiated</option><!-- end ngRepeat: outreachStatus in outreachStatusList --><option ng-repeat="outreachStatus in outreachStatusList" value="3" class="ng-binding ng-scope">Outreach Attempted - No Response</option><!-- end ngRepeat: outreachStatus in outreachStatusList --><option ng-repeat="outreachStatus in outreachStatusList" value="4" class="ng-binding ng-scope">Services Refused</option><!-- end ngRepeat: outreachStatus in outreachStatusList --><option ng-repeat="outreachStatus in outreachStatusList" value="5" class="ng-binding ng-scope">No Additional Outreach Required</option><!-- end ngRepeat: outreachStatus in outreachStatusList -->
            	</select> 
            </td>
            <!--<td>{{ veteran.OutreachStatus }}</td>-->
        </tr><!-- end ngRepeat: veteran in veteranList --><tr ng-repeat="veteran in veteranList" class="ng-scope">
            <td class="ng-binding"></td>
            <td class="ng-binding">xxx-xx-4683</td>
            <td class="ng-binding">(800) 555-6702</td>
            <td class="ng-binding">11/4/1997</td>
            <td class="ng-binding">High</td>
            <td>
            	<select class="form-control" style="width: 180px;" id="vet_82932">
            		<option value=""></option>
            		<!-- ngRepeat: outreachStatus in outreachStatusList --><option ng-repeat="outreachStatus in outreachStatusList" value="1" class="ng-binding ng-scope">Not Contacted</option><!-- end ngRepeat: outreachStatus in outreachStatusList --><option ng-repeat="outreachStatus in outreachStatusList" value="2" class="ng-binding ng-scope">Outreach Initiated</option><!-- end ngRepeat: outreachStatus in outreachStatusList --><option ng-repeat="outreachStatus in outreachStatusList" value="3" class="ng-binding ng-scope">Outreach Attempted - No Response</option><!-- end ngRepeat: outreachStatus in outreachStatusList --><option ng-repeat="outreachStatus in outreachStatusList" value="4" class="ng-binding ng-scope">Services Refused</option><!-- end ngRepeat: outreachStatus in outreachStatusList --><option ng-repeat="outreachStatus in outreachStatusList" value="5" class="ng-binding ng-scope">No Additional Outreach Required</option><!-- end ngRepeat: outreachStatus in outreachStatusList -->
            	</select> 
            </td>
            <!--<td>{{ veteran.OutreachStatus }}</td>-->
        </tr><!-- end ngRepeat: veteran in veteranList --><tr ng-repeat="veteran in veteranList" class="ng-scope">
            <td class="ng-binding"></td>
            <td class="ng-binding">xxx-xx-8406</td>
            <td class="ng-binding">(800) 555-6685</td>
            <td class="ng-binding">8/5/2004</td>
            <td class="ng-binding">High</td>
            <td>
            	<select class="form-control" style="width: 180px;" id="vet_89833">
            		<option value=""></option>
            		<!-- ngRepeat: outreachStatus in outreachStatusList --><option ng-repeat="outreachStatus in outreachStatusList" value="1" class="ng-binding ng-scope">Not Contacted</option><!-- end ngRepeat: outreachStatus in outreachStatusList --><option ng-repeat="outreachStatus in outreachStatusList" value="2" class="ng-binding ng-scope">Outreach Initiated</option><!-- end ngRepeat: outreachStatus in outreachStatusList --><option ng-repeat="outreachStatus in outreachStatusList" value="3" class="ng-binding ng-scope">Outreach Attempted - No Response</option><!-- end ngRepeat: outreachStatus in outreachStatusList --><option ng-repeat="outreachStatus in outreachStatusList" value="4" class="ng-binding ng-scope">Services Refused</option><!-- end ngRepeat: outreachStatus in outreachStatusList --><option ng-repeat="outreachStatus in outreachStatusList" value="5" class="ng-binding ng-scope">No Additional Outreach Required</option><!-- end ngRepeat: outreachStatus in outreachStatusList -->
            	</select> 
            </td>
            <!--<td>{{ veteran.OutreachStatus }}</td>-->
        </tr><!-- end ngRepeat: veteran in veteranList --><tr ng-repeat="veteran in veteranList" class="ng-scope">
            <td class="ng-binding"></td>
            <td class="ng-binding">xxx-xx-3610</td>
            <td class="ng-binding">(800) 555-8586</td>
            <td class="ng-binding">2/12/2013</td>
            <td class="ng-binding">High</td>
            <td>
            	<select class="form-control" style="width: 180px;" id="vet_123328">
            		<option value=""></option>
            		<!-- ngRepeat: outreachStatus in outreachStatusList --><option ng-repeat="outreachStatus in outreachStatusList" value="1" class="ng-binding ng-scope">Not Contacted</option><!-- end ngRepeat: outreachStatus in outreachStatusList --><option ng-repeat="outreachStatus in outreachStatusList" value="2" class="ng-binding ng-scope">Outreach Initiated</option><!-- end ngRepeat: outreachStatus in outreachStatusList --><option ng-repeat="outreachStatus in outreachStatusList" value="3" class="ng-binding ng-scope">Outreach Attempted - No Response</option><!-- end ngRepeat: outreachStatus in outreachStatusList --><option ng-repeat="outreachStatus in outreachStatusList" value="4" class="ng-binding ng-scope">Services Refused</option><!-- end ngRepeat: outreachStatus in outreachStatusList --><option ng-repeat="outreachStatus in outreachStatusList" value="5" class="ng-binding ng-scope">No Additional Outreach Required</option><!-- end ngRepeat: outreachStatus in outreachStatusList -->
            	</select> 
            </td>
            <!--<td>{{ veteran.OutreachStatus }}</td>-->
        </tr><!-- end ngRepeat: veteran in veteranList --><tr ng-repeat="veteran in veteranList" class="ng-scope">
            <td class="ng-binding"></td>
            <td class="ng-binding">xxx-xx-2387</td>
            <td class="ng-binding">(800) 555-2026</td>
            <td class="ng-binding">11/24/2001</td>
            <td class="ng-binding">High</td>
            <td>
            	<select class="form-control" style="width: 180px;" id="vet_124465">
            		<option value=""></option>
            		<!-- ngRepeat: outreachStatus in outreachStatusList --><option ng-repeat="outreachStatus in outreachStatusList" value="1" class="ng-binding ng-scope">Not Contacted</option><!-- end ngRepeat: outreachStatus in outreachStatusList --><option ng-repeat="outreachStatus in outreachStatusList" value="2" class="ng-binding ng-scope">Outreach Initiated</option><!-- end ngRepeat: outreachStatus in outreachStatusList --><option ng-repeat="outreachStatus in outreachStatusList" value="3" class="ng-binding ng-scope">Outreach Attempted - No Response</option><!-- end ngRepeat: outreachStatus in outreachStatusList --><option ng-repeat="outreachStatus in outreachStatusList" value="4" class="ng-binding ng-scope">Services Refused</option><!-- end ngRepeat: outreachStatus in outreachStatusList --><option ng-repeat="outreachStatus in outreachStatusList" value="5" class="ng-binding ng-scope">No Additional Outreach Required</option><!-- end ngRepeat: outreachStatus in outreachStatusList -->
            	</select> 
            </td>
            <!--<td>{{ veteran.OutreachStatus }}</td>-->
        </tr><!-- end ngRepeat: veteran in veteranList --><tr ng-repeat="veteran in veteranList" class="ng-scope">
            <td class="ng-binding"></td>
            <td class="ng-binding">xxx-xx-5096</td>
            <td class="ng-binding">(800) 555-2032</td>
            <td class="ng-binding">7/29/2007</td>
            <td class="ng-binding">High</td>
            <td>
            	<select class="form-control" style="width: 180px;" id="vet_127968">
            		<option value=""></option>
            		<!-- ngRepeat: outreachStatus in outreachStatusList --><option ng-repeat="outreachStatus in outreachStatusList" value="1" class="ng-binding ng-scope">Not Contacted</option><!-- end ngRepeat: outreachStatus in outreachStatusList --><option ng-repeat="outreachStatus in outreachStatusList" value="2" class="ng-binding ng-scope">Outreach Initiated</option><!-- end ngRepeat: outreachStatus in outreachStatusList --><option ng-repeat="outreachStatus in outreachStatusList" value="3" class="ng-binding ng-scope">Outreach Attempted - No Response</option><!-- end ngRepeat: outreachStatus in outreachStatusList --><option ng-repeat="outreachStatus in outreachStatusList" value="4" class="ng-binding ng-scope">Services Refused</option><!-- end ngRepeat: outreachStatus in outreachStatusList --><option ng-repeat="outreachStatus in outreachStatusList" value="5" class="ng-binding ng-scope">No Additional Outreach Required</option><!-- end ngRepeat: outreachStatus in outreachStatusList -->
            	</select> 
            </td>
            <!--<td>{{ veteran.OutreachStatus }}</td>-->
        </tr><!-- end ngRepeat: veteran in veteranList --><tr ng-repeat="veteran in veteranList" class="ng-scope">
            <td class="ng-binding"></td>
            <td class="ng-binding">xxx-xx-2688</td>
            <td class="ng-binding">(800) 555-3361</td>
            <td class="ng-binding">3/30/1996</td>
            <td class="ng-binding">High</td>
            <td>
            	<select class="form-control" style="width: 180px;" id="vet_154303">
            		<option value=""></option>
            		<!-- ngRepeat: outreachStatus in outreachStatusList --><option ng-repeat="outreachStatus in outreachStatusList" value="1" class="ng-binding ng-scope">Not Contacted</option><!-- end ngRepeat: outreachStatus in outreachStatusList --><option ng-repeat="outreachStatus in outreachStatusList" value="2" class="ng-binding ng-scope">Outreach Initiated</option><!-- end ngRepeat: outreachStatus in outreachStatusList --><option ng-repeat="outreachStatus in outreachStatusList" value="3" class="ng-binding ng-scope">Outreach Attempted - No Response</option><!-- end ngRepeat: outreachStatus in outreachStatusList --><option ng-repeat="outreachStatus in outreachStatusList" value="4" class="ng-binding ng-scope">Services Refused</option><!-- end ngRepeat: outreachStatus in outreachStatusList --><option ng-repeat="outreachStatus in outreachStatusList" value="5" class="ng-binding ng-scope">No Additional Outreach Required</option><!-- end ngRepeat: outreachStatus in outreachStatusList -->
            	</select> 
            </td>
            <!--<td>{{ veteran.OutreachStatus }}</td>-->
        </tr><!-- end ngRepeat: veteran in veteranList --><tr ng-repeat="veteran in veteranList" class="ng-scope">
            <td class="ng-binding"></td>
            <td class="ng-binding">xxx-xx-7619</td>
            <td class="ng-binding">(800) 555-8223</td>
            <td class="ng-binding">7/23/1996</td>
            <td class="ng-binding">High</td>
            <td>
            	<select class="form-control" style="width: 180px;" id="vet_157211">
            		<option value=""></option>
            		<!-- ngRepeat: outreachStatus in outreachStatusList --><option ng-repeat="outreachStatus in outreachStatusList" value="1" class="ng-binding ng-scope">Not Contacted</option><!-- end ngRepeat: outreachStatus in outreachStatusList --><option ng-repeat="outreachStatus in outreachStatusList" value="2" class="ng-binding ng-scope">Outreach Initiated</option><!-- end ngRepeat: outreachStatus in outreachStatusList --><option ng-repeat="outreachStatus in outreachStatusList" value="3" class="ng-binding ng-scope">Outreach Attempted - No Response</option><!-- end ngRepeat: outreachStatus in outreachStatusList --><option ng-repeat="outreachStatus in outreachStatusList" value="4" class="ng-binding ng-scope">Services Refused</option><!-- end ngRepeat: outreachStatus in outreachStatusList --><option ng-repeat="outreachStatus in outreachStatusList" value="5" class="ng-binding ng-scope">No Additional Outreach Required</option><!-- end ngRepeat: outreachStatus in outreachStatusList -->
            	</select> 
            </td>
            <!--<td>{{ veteran.OutreachStatus }}</td>-->
        </tr><!-- end ngRepeat: veteran in veteranList --><tr ng-repeat="veteran in veteranList" class="ng-scope">
            <td class="ng-binding"></td>
            <td class="ng-binding">xxx-xx-0811</td>
            <td class="ng-binding">(800) 555-0957</td>
            <td class="ng-binding">3/23/2013</td>
            <td class="ng-binding">High</td>
            <td>
            	<select class="form-control" style="width: 180px;" id="vet_157978">
            		<option value=""></option>
            		<!-- ngRepeat: outreachStatus in outreachStatusList --><option ng-repeat="outreachStatus in outreachStatusList" value="1" class="ng-binding ng-scope">Not Contacted</option><!-- end ngRepeat: outreachStatus in outreachStatusList --><option ng-repeat="outreachStatus in outreachStatusList" value="2" class="ng-binding ng-scope">Outreach Initiated</option><!-- end ngRepeat: outreachStatus in outreachStatusList --><option ng-repeat="outreachStatus in outreachStatusList" value="3" class="ng-binding ng-scope">Outreach Attempted - No Response</option><!-- end ngRepeat: outreachStatus in outreachStatusList --><option ng-repeat="outreachStatus in outreachStatusList" value="4" class="ng-binding ng-scope">Services Refused</option><!-- end ngRepeat: outreachStatus in outreachStatusList --><option ng-repeat="outreachStatus in outreachStatusList" value="5" class="ng-binding ng-scope">No Additional Outreach Required</option><!-- end ngRepeat: outreachStatus in outreachStatusList -->
            	</select> 
            </td>
            <!--<td>{{ veteran.OutreachStatus }}</td>-->
        </tr><!-- end ngRepeat: veteran in veteranList --><tr ng-repeat="veteran in veteranList" class="ng-scope">
            <td class="ng-binding"></td>
            <td class="ng-binding">xxx-xx-2607</td>
            <td class="ng-binding">(800) 555-2083</td>
            <td class="ng-binding">12/8/1998</td>
            <td class="ng-binding">High</td>
            <td>
            	<select class="form-control" style="width: 180px;" id="vet_159323">
            		<option value=""></option>
            		<!-- ngRepeat: outreachStatus in outreachStatusList --><option ng-repeat="outreachStatus in outreachStatusList" value="1" class="ng-binding ng-scope">Not Contacted</option><!-- end ngRepeat: outreachStatus in outreachStatusList --><option ng-repeat="outreachStatus in outreachStatusList" value="2" class="ng-binding ng-scope">Outreach Initiated</option><!-- end ngRepeat: outreachStatus in outreachStatusList --><option ng-repeat="outreachStatus in outreachStatusList" value="3" class="ng-binding ng-scope">Outreach Attempted - No Response</option><!-- end ngRepeat: outreachStatus in outreachStatusList --><option ng-repeat="outreachStatus in outreachStatusList" value="4" class="ng-binding ng-scope">Services Refused</option><!-- end ngRepeat: outreachStatus in outreachStatusList --><option ng-repeat="outreachStatus in outreachStatusList" value="5" class="ng-binding ng-scope">No Additional Outreach Required</option><!-- end ngRepeat: outreachStatus in outreachStatusList -->
            	</select> 
            </td>
            <!--<td>{{ veteran.OutreachStatus }}</td>-->
        </tr><!-- end ngRepeat: veteran in veteranList --><tr ng-repeat="veteran in veteranList" class="ng-scope">
            <td class="ng-binding"></td>
            <td class="ng-binding">xxx-xx-2225</td>
            <td class="ng-binding">(800) 555-9714</td>
            <td class="ng-binding">12/30/2005</td>
            <td class="ng-binding">High</td>
            <td>
            	<select class="form-control" style="width: 180px;" id="vet_161636">
            		<option value=""></option>
            		<!-- ngRepeat: outreachStatus in outreachStatusList --><option ng-repeat="outreachStatus in outreachStatusList" value="1" class="ng-binding ng-scope">Not Contacted</option><!-- end ngRepeat: outreachStatus in outreachStatusList --><option ng-repeat="outreachStatus in outreachStatusList" value="2" class="ng-binding ng-scope">Outreach Initiated</option><!-- end ngRepeat: outreachStatus in outreachStatusList --><option ng-repeat="outreachStatus in outreachStatusList" value="3" class="ng-binding ng-scope">Outreach Attempted - No Response</option><!-- end ngRepeat: outreachStatus in outreachStatusList --><option ng-repeat="outreachStatus in outreachStatusList" value="4" class="ng-binding ng-scope">Services Refused</option><!-- end ngRepeat: outreachStatus in outreachStatusList --><option ng-repeat="outreachStatus in outreachStatusList" value="5" class="ng-binding ng-scope">No Additional Outreach Required</option><!-- end ngRepeat: outreachStatus in outreachStatusList -->
            	</select> 
            </td>
            <!--<td>{{ veteran.OutreachStatus }}</td>-->
        </tr><!-- end ngRepeat: veteran in veteranList --><tr ng-repeat="veteran in veteranList" class="ng-scope">
            <td class="ng-binding"></td>
            <td class="ng-binding">xxx-xx-7769</td>
            <td class="ng-binding">(800) 555-3727</td>
            <td class="ng-binding">12/4/2005</td>
            <td class="ng-binding">High</td>
            <td>
            	<select class="form-control" style="width: 180px;" id="vet_203314">
            		<option value=""></option>
            		<!-- ngRepeat: outreachStatus in outreachStatusList --><option ng-repeat="outreachStatus in outreachStatusList" value="1" class="ng-binding ng-scope">Not Contacted</option><!-- end ngRepeat: outreachStatus in outreachStatusList --><option ng-repeat="outreachStatus in outreachStatusList" value="2" class="ng-binding ng-scope">Outreach Initiated</option><!-- end ngRepeat: outreachStatus in outreachStatusList --><option ng-repeat="outreachStatus in outreachStatusList" value="3" class="ng-binding ng-scope">Outreach Attempted - No Response</option><!-- end ngRepeat: outreachStatus in outreachStatusList --><option ng-repeat="outreachStatus in outreachStatusList" value="4" class="ng-binding ng-scope">Services Refused</option><!-- end ngRepeat: outreachStatus in outreachStatusList --><option ng-repeat="outreachStatus in outreachStatusList" value="5" class="ng-binding ng-scope">No Additional Outreach Required</option><!-- end ngRepeat: outreachStatus in outreachStatusList -->
            	</select> 
            </td>
            <!--<td>{{ veteran.OutreachStatus }}</td>-->
        </tr><!-- end ngRepeat: veteran in veteranList --><tr ng-repeat="veteran in veteranList" class="ng-scope">
            <td class="ng-binding"></td>
            <td class="ng-binding">xxx-xx-3750</td>
            <td class="ng-binding">(800) 555-9943</td>
            <td class="ng-binding">9/14/2009</td>
            <td class="ng-binding">High</td>
            <td>
            	<select class="form-control" style="width: 180px;" id="vet_211323">
            		<option value=""></option>
            		<!-- ngRepeat: outreachStatus in outreachStatusList --><option ng-repeat="outreachStatus in outreachStatusList" value="1" class="ng-binding ng-scope">Not Contacted</option><!-- end ngRepeat: outreachStatus in outreachStatusList --><option ng-repeat="outreachStatus in outreachStatusList" value="2" class="ng-binding ng-scope">Outreach Initiated</option><!-- end ngRepeat: outreachStatus in outreachStatusList --><option ng-repeat="outreachStatus in outreachStatusList" value="3" class="ng-binding ng-scope">Outreach Attempted - No Response</option><!-- end ngRepeat: outreachStatus in outreachStatusList --><option ng-repeat="outreachStatus in outreachStatusList" value="4" class="ng-binding ng-scope">Services Refused</option><!-- end ngRepeat: outreachStatus in outreachStatusList --><option ng-repeat="outreachStatus in outreachStatusList" value="5" class="ng-binding ng-scope">No Additional Outreach Required</option><!-- end ngRepeat: outreachStatus in outreachStatusList -->
            	</select> 
            </td>
            <!--<td>{{ veteran.OutreachStatus }}</td>-->
        </tr><!-- end ngRepeat: veteran in veteranList --><tr ng-repeat="veteran in veteranList" class="ng-scope">
            <td class="ng-binding"></td>
            <td class="ng-binding">xxx-xx-1351</td>
            <td class="ng-binding">(800) 555-8229</td>
            <td class="ng-binding">4/20/2004</td>
            <td class="ng-binding">High</td>
            <td>
            	<select class="form-control" style="width: 180px;" id="vet_244168">
            		<option value=""></option>
            		<!-- ngRepeat: outreachStatus in outreachStatusList --><option ng-repeat="outreachStatus in outreachStatusList" value="1" class="ng-binding ng-scope">Not Contacted</option><!-- end ngRepeat: outreachStatus in outreachStatusList --><option ng-repeat="outreachStatus in outreachStatusList" value="2" class="ng-binding ng-scope">Outreach Initiated</option><!-- end ngRepeat: outreachStatus in outreachStatusList --><option ng-repeat="outreachStatus in outreachStatusList" value="3" class="ng-binding ng-scope">Outreach Attempted - No Response</option><!-- end ngRepeat: outreachStatus in outreachStatusList --><option ng-repeat="outreachStatus in outreachStatusList" value="4" class="ng-binding ng-scope">Services Refused</option><!-- end ngRepeat: outreachStatus in outreachStatusList --><option ng-repeat="outreachStatus in outreachStatusList" value="5" class="ng-binding ng-scope">No Additional Outreach Required</option><!-- end ngRepeat: outreachStatus in outreachStatusList -->
            	</select> 
            </td>
            <!--<td>{{ veteran.OutreachStatus }}</td>-->
        </tr><!-- end ngRepeat: veteran in veteranList --><tr ng-repeat="veteran in veteranList" class="ng-scope">
            <td class="ng-binding"></td>
            <td class="ng-binding">xxx-xx-0035</td>
            <td class="ng-binding">(800) 555-0777</td>
            <td class="ng-binding">4/17/2010</td>
            <td class="ng-binding">High</td>
            <td>
            	<select class="form-control" style="width: 180px;" id="vet_244874">
            		<option value=""></option>
            		<!-- ngRepeat: outreachStatus in outreachStatusList --><option ng-repeat="outreachStatus in outreachStatusList" value="1" class="ng-binding ng-scope">Not Contacted</option><!-- end ngRepeat: outreachStatus in outreachStatusList --><option ng-repeat="outreachStatus in outreachStatusList" value="2" class="ng-binding ng-scope">Outreach Initiated</option><!-- end ngRepeat: outreachStatus in outreachStatusList --><option ng-repeat="outreachStatus in outreachStatusList" value="3" class="ng-binding ng-scope">Outreach Attempted - No Response</option><!-- end ngRepeat: outreachStatus in outreachStatusList --><option ng-repeat="outreachStatus in outreachStatusList" value="4" class="ng-binding ng-scope">Services Refused</option><!-- end ngRepeat: outreachStatus in outreachStatusList --><option ng-repeat="outreachStatus in outreachStatusList" value="5" class="ng-binding ng-scope">No Additional Outreach Required</option><!-- end ngRepeat: outreachStatus in outreachStatusList -->
            	</select> 
            </td>
            <!--<td>{{ veteran.OutreachStatus }}</td>-->
        </tr><!-- end ngRepeat: veteran in veteranList --><tr ng-repeat="veteran in veteranList" class="ng-scope">
            <td class="ng-binding"></td>
            <td class="ng-binding">xxx-xx-5354</td>
            <td class="ng-binding">(800) 555-5977</td>
            <td class="ng-binding">4/20/2008</td>
            <td class="ng-binding">High</td>
            <td>
            	<select class="form-control" style="width: 180px;" id="vet_248864">
            		<option value=""></option>
            		<!-- ngRepeat: outreachStatus in outreachStatusList --><option ng-repeat="outreachStatus in outreachStatusList" value="1" class="ng-binding ng-scope">Not Contacted</option><!-- end ngRepeat: outreachStatus in outreachStatusList --><option ng-repeat="outreachStatus in outreachStatusList" value="2" class="ng-binding ng-scope">Outreach Initiated</option><!-- end ngRepeat: outreachStatus in outreachStatusList --><option ng-repeat="outreachStatus in outreachStatusList" value="3" class="ng-binding ng-scope">Outreach Attempted - No Response</option><!-- end ngRepeat: outreachStatus in outreachStatusList --><option ng-repeat="outreachStatus in outreachStatusList" value="4" class="ng-binding ng-scope">Services Refused</option><!-- end ngRepeat: outreachStatus in outreachStatusList --><option ng-repeat="outreachStatus in outreachStatusList" value="5" class="ng-binding ng-scope">No Additional Outreach Required</option><!-- end ngRepeat: outreachStatus in outreachStatusList -->
            	</select> 
            </td>
            <!--<td>{{ veteran.OutreachStatus }}</td>-->
        </tr><!-- end ngRepeat: veteran in veteranList --><tr ng-repeat="veteran in veteranList" class="ng-scope">
            <td class="ng-binding"></td>
            <td class="ng-binding">xxx-xx-8721</td>
            <td class="ng-binding">(800) 555-0244</td>
            <td class="ng-binding">6/2/2008</td>
            <td class="ng-binding">High</td>
            <td>
            	<select class="form-control" style="width: 180px;" id="vet_249656">
            		<option value=""></option>
            		<!-- ngRepeat: outreachStatus in outreachStatusList --><option ng-repeat="outreachStatus in outreachStatusList" value="1" class="ng-binding ng-scope">Not Contacted</option><!-- end ngRepeat: outreachStatus in outreachStatusList --><option ng-repeat="outreachStatus in outreachStatusList" value="2" class="ng-binding ng-scope">Outreach Initiated</option><!-- end ngRepeat: outreachStatus in outreachStatusList --><option ng-repeat="outreachStatus in outreachStatusList" value="3" class="ng-binding ng-scope">Outreach Attempted - No Response</option><!-- end ngRepeat: outreachStatus in outreachStatusList --><option ng-repeat="outreachStatus in outreachStatusList" value="4" class="ng-binding ng-scope">Services Refused</option><!-- end ngRepeat: outreachStatus in outreachStatusList --><option ng-repeat="outreachStatus in outreachStatusList" value="5" class="ng-binding ng-scope">No Additional Outreach Required</option><!-- end ngRepeat: outreachStatus in outreachStatusList -->
            	</select> 
            </td>
            <!--<td>{{ veteran.OutreachStatus }}</td>-->
        </tr><!-- end ngRepeat: veteran in veteranList --><tr ng-repeat="veteran in veteranList" class="ng-scope">
            <td class="ng-binding"></td>
            <td class="ng-binding">xxx-xx-5658</td>
            <td class="ng-binding">(800) 555-4297</td>
            <td class="ng-binding">1/29/2011</td>
            <td class="ng-binding">High</td>
            <td>
            	<select class="form-control" style="width: 180px;" id="vet_252676">
            		<option value=""></option>
            		<!-- ngRepeat: outreachStatus in outreachStatusList --><option ng-repeat="outreachStatus in outreachStatusList" value="1" class="ng-binding ng-scope">Not Contacted</option><!-- end ngRepeat: outreachStatus in outreachStatusList --><option ng-repeat="outreachStatus in outreachStatusList" value="2" class="ng-binding ng-scope">Outreach Initiated</option><!-- end ngRepeat: outreachStatus in outreachStatusList --><option ng-repeat="outreachStatus in outreachStatusList" value="3" class="ng-binding ng-scope">Outreach Attempted - No Response</option><!-- end ngRepeat: outreachStatus in outreachStatusList --><option ng-repeat="outreachStatus in outreachStatusList" value="4" class="ng-binding ng-scope">Services Refused</option><!-- end ngRepeat: outreachStatus in outreachStatusList --><option ng-repeat="outreachStatus in outreachStatusList" value="5" class="ng-binding ng-scope">No Additional Outreach Required</option><!-- end ngRepeat: outreachStatus in outreachStatusList -->
            	</select> 
            </td>
            <!--<td>{{ veteran.OutreachStatus }}</td>-->
        </tr><!-- end ngRepeat: veteran in veteranList --><tr ng-repeat="veteran in veteranList" class="ng-scope">
            <td class="ng-binding"></td>
            <td class="ng-binding">xxx-xx-6365</td>
            <td class="ng-binding">(800) 555-8155</td>
            <td class="ng-binding">3/7/2005</td>
            <td class="ng-binding">High</td>
            <td>
            	<select class="form-control" style="width: 180px;" id="vet_289298">
            		<option value=""></option>
            		<!-- ngRepeat: outreachStatus in outreachStatusList --><option ng-repeat="outreachStatus in outreachStatusList" value="1" class="ng-binding ng-scope">Not Contacted</option><!-- end ngRepeat: outreachStatus in outreachStatusList --><option ng-repeat="outreachStatus in outreachStatusList" value="2" class="ng-binding ng-scope">Outreach Initiated</option><!-- end ngRepeat: outreachStatus in outreachStatusList --><option ng-repeat="outreachStatus in outreachStatusList" value="3" class="ng-binding ng-scope">Outreach Attempted - No Response</option><!-- end ngRepeat: outreachStatus in outreachStatusList --><option ng-repeat="outreachStatus in outreachStatusList" value="4" class="ng-binding ng-scope">Services Refused</option><!-- end ngRepeat: outreachStatus in outreachStatusList --><option ng-repeat="outreachStatus in outreachStatusList" value="5" class="ng-binding ng-scope">No Additional Outreach Required</option><!-- end ngRepeat: outreachStatus in outreachStatusList -->
            	</select> 
            </td>
            <!--<td>{{ veteran.OutreachStatus }}</td>-->
        </tr><!-- end ngRepeat: veteran in veteranList --><tr ng-repeat="veteran in veteranList" class="ng-scope">
            <td class="ng-binding"></td>
            <td class="ng-binding">xxx-xx-8636</td>
            <td class="ng-binding">(800) 555-8135</td>
            <td class="ng-binding">7/19/2004</td>
            <td class="ng-binding">High</td>
            <td>
            	<select class="form-control" style="width: 180px;" id="vet_289299">
            		<option value=""></option>
            		<!-- ngRepeat: outreachStatus in outreachStatusList --><option ng-repeat="outreachStatus in outreachStatusList" value="1" class="ng-binding ng-scope">Not Contacted</option><!-- end ngRepeat: outreachStatus in outreachStatusList --><option ng-repeat="outreachStatus in outreachStatusList" value="2" class="ng-binding ng-scope">Outreach Initiated</option><!-- end ngRepeat: outreachStatus in outreachStatusList --><option ng-repeat="outreachStatus in outreachStatusList" value="3" class="ng-binding ng-scope">Outreach Attempted - No Response</option><!-- end ngRepeat: outreachStatus in outreachStatusList --><option ng-repeat="outreachStatus in outreachStatusList" value="4" class="ng-binding ng-scope">Services Refused</option><!-- end ngRepeat: outreachStatus in outreachStatusList --><option ng-repeat="outreachStatus in outreachStatusList" value="5" class="ng-binding ng-scope">No Additional Outreach Required</option><!-- end ngRepeat: outreachStatus in outreachStatusList -->
            	</select> 
            </td>
            <!--<td>{{ veteran.OutreachStatus }}</td>-->
        </tr><!-- end ngRepeat: veteran in veteranList --><tr ng-repeat="veteran in veteranList" class="ng-scope">
            <td class="ng-binding"></td>
            <td class="ng-binding">xxx-xx-3694</td>
            <td class="ng-binding">(800) 555-4070</td>
            <td class="ng-binding">6/8/2004</td>
            <td class="ng-binding">High</td>
            <td>
            	<select class="form-control" style="width: 180px;" id="vet_290471">
            		<option value=""></option>
            		<!-- ngRepeat: outreachStatus in outreachStatusList --><option ng-repeat="outreachStatus in outreachStatusList" value="1" class="ng-binding ng-scope">Not Contacted</option><!-- end ngRepeat: outreachStatus in outreachStatusList --><option ng-repeat="outreachStatus in outreachStatusList" value="2" class="ng-binding ng-scope">Outreach Initiated</option><!-- end ngRepeat: outreachStatus in outreachStatusList --><option ng-repeat="outreachStatus in outreachStatusList" value="3" class="ng-binding ng-scope">Outreach Attempted - No Response</option><!-- end ngRepeat: outreachStatus in outreachStatusList --><option ng-repeat="outreachStatus in outreachStatusList" value="4" class="ng-binding ng-scope">Services Refused</option><!-- end ngRepeat: outreachStatus in outreachStatusList --><option ng-repeat="outreachStatus in outreachStatusList" value="5" class="ng-binding ng-scope">No Additional Outreach Required</option><!-- end ngRepeat: outreachStatus in outreachStatusList -->
            	</select> 
            </td>
            <!--<td>{{ veteran.OutreachStatus }}</td>-->
        </tr><!-- end ngRepeat: veteran in veteranList --><tr ng-repeat="veteran in veteranList" class="ng-scope">
            <td class="ng-binding"></td>
            <td class="ng-binding">xxx-xx-1342</td>
            <td class="ng-binding">(800) 555-6404</td>
            <td class="ng-binding">9/1/2007</td>
            <td class="ng-binding">High</td>
            <td>
            	<select class="form-control" style="width: 180px;" id="vet_290876">
            		<option value=""></option>
            		<!-- ngRepeat: outreachStatus in outreachStatusList --><option ng-repeat="outreachStatus in outreachStatusList" value="1" class="ng-binding ng-scope">Not Contacted</option><!-- end ngRepeat: outreachStatus in outreachStatusList --><option ng-repeat="outreachStatus in outreachStatusList" value="2" class="ng-binding ng-scope">Outreach Initiated</option><!-- end ngRepeat: outreachStatus in outreachStatusList --><option ng-repeat="outreachStatus in outreachStatusList" value="3" class="ng-binding ng-scope">Outreach Attempted - No Response</option><!-- end ngRepeat: outreachStatus in outreachStatusList --><option ng-repeat="outreachStatus in outreachStatusList" value="4" class="ng-binding ng-scope">Services Refused</option><!-- end ngRepeat: outreachStatus in outreachStatusList --><option ng-repeat="outreachStatus in outreachStatusList" value="5" class="ng-binding ng-scope">No Additional Outreach Required</option><!-- end ngRepeat: outreachStatus in outreachStatusList -->
            	</select> 
            </td>
            <!--<td>{{ veteran.OutreachStatus }}</td>-->
        </tr><!-- end ngRepeat: veteran in veteranList --><tr ng-repeat="veteran in veteranList" class="ng-scope">
            <td class="ng-binding"></td>
            <td class="ng-binding">xxx-xx-1497</td>
            <td class="ng-binding">(800) 555-2956</td>
            <td class="ng-binding">11/26/2011</td>
            <td class="ng-binding">High</td>
            <td>
            	<select class="form-control" style="width: 180px;" id="vet_291289">
            		<option value=""></option>
            		<!-- ngRepeat: outreachStatus in outreachStatusList --><option ng-repeat="outreachStatus in outreachStatusList" value="1" class="ng-binding ng-scope">Not Contacted</option><!-- end ngRepeat: outreachStatus in outreachStatusList --><option ng-repeat="outreachStatus in outreachStatusList" value="2" class="ng-binding ng-scope">Outreach Initiated</option><!-- end ngRepeat: outreachStatus in outreachStatusList --><option ng-repeat="outreachStatus in outreachStatusList" value="3" class="ng-binding ng-scope">Outreach Attempted - No Response</option><!-- end ngRepeat: outreachStatus in outreachStatusList --><option ng-repeat="outreachStatus in outreachStatusList" value="4" class="ng-binding ng-scope">Services Refused</option><!-- end ngRepeat: outreachStatus in outreachStatusList --><option ng-repeat="outreachStatus in outreachStatusList" value="5" class="ng-binding ng-scope">No Additional Outreach Required</option><!-- end ngRepeat: outreachStatus in outreachStatusList -->
            	</select> 
            </td>
            <!--<td>{{ veteran.OutreachStatus }}</td>-->
        </tr><!-- end ngRepeat: veteran in veteranList --><tr ng-repeat="veteran in veteranList" class="ng-scope">
            <td class="ng-binding"></td>
            <td class="ng-binding">xxx-xx-0018</td>
            <td class="ng-binding">(800) 555-7331</td>
            <td class="ng-binding">4/1/2003</td>
            <td class="ng-binding">High</td>
            <td>
            	<select class="form-control" style="width: 180px;" id="vet_291375">
            		<option value=""></option>
            		<!-- ngRepeat: outreachStatus in outreachStatusList --><option ng-repeat="outreachStatus in outreachStatusList" value="1" class="ng-binding ng-scope">Not Contacted</option><!-- end ngRepeat: outreachStatus in outreachStatusList --><option ng-repeat="outreachStatus in outreachStatusList" value="2" class="ng-binding ng-scope">Outreach Initiated</option><!-- end ngRepeat: outreachStatus in outreachStatusList --><option ng-repeat="outreachStatus in outreachStatusList" value="3" class="ng-binding ng-scope">Outreach Attempted - No Response</option><!-- end ngRepeat: outreachStatus in outreachStatusList --><option ng-repeat="outreachStatus in outreachStatusList" value="4" class="ng-binding ng-scope">Services Refused</option><!-- end ngRepeat: outreachStatus in outreachStatusList --><option ng-repeat="outreachStatus in outreachStatusList" value="5" class="ng-binding ng-scope">No Additional Outreach Required</option><!-- end ngRepeat: outreachStatus in outreachStatusList -->
            	</select> 
            </td>
            <!--<td>{{ veteran.OutreachStatus }}</td>-->
        </tr><!-- end ngRepeat: veteran in veteranList --><tr ng-repeat="veteran in veteranList" class="ng-scope">
            <td class="ng-binding"></td>
            <td class="ng-binding">xxx-xx-3857</td>
            <td class="ng-binding">(800) 555-6155</td>
            <td class="ng-binding">9/7/2014</td>
            <td class="ng-binding">High</td>
            <td>
            	<select class="form-control" style="width: 180px;" id="vet_292440">
            		<option value=""></option>
            		<!-- ngRepeat: outreachStatus in outreachStatusList --><option ng-repeat="outreachStatus in outreachStatusList" value="1" class="ng-binding ng-scope">Not Contacted</option><!-- end ngRepeat: outreachStatus in outreachStatusList --><option ng-repeat="outreachStatus in outreachStatusList" value="2" class="ng-binding ng-scope">Outreach Initiated</option><!-- end ngRepeat: outreachStatus in outreachStatusList --><option ng-repeat="outreachStatus in outreachStatusList" value="3" class="ng-binding ng-scope">Outreach Attempted - No Response</option><!-- end ngRepeat: outreachStatus in outreachStatusList --><option ng-repeat="outreachStatus in outreachStatusList" value="4" class="ng-binding ng-scope">Services Refused</option><!-- end ngRepeat: outreachStatus in outreachStatusList --><option ng-repeat="outreachStatus in outreachStatusList" value="5" class="ng-binding ng-scope">No Additional Outreach Required</option><!-- end ngRepeat: outreachStatus in outreachStatusList -->
            	</select> 
            </td>
            <!--<td>{{ veteran.OutreachStatus }}</td>-->
        </tr><!-- end ngRepeat: veteran in veteranList --><tr ng-repeat="veteran in veteranList" class="ng-scope">
            <td class="ng-binding"></td>
            <td class="ng-binding">xxx-xx-5896</td>
            <td class="ng-binding">(800) 555-9875</td>
            <td class="ng-binding">8/18/2002</td>
            <td class="ng-binding">High</td>
            <td>
            	<select class="form-control" style="width: 180px;" id="vet_292580">
            		<option value=""></option>
            		<!-- ngRepeat: outreachStatus in outreachStatusList --><option ng-repeat="outreachStatus in outreachStatusList" value="1" class="ng-binding ng-scope">Not Contacted</option><!-- end ngRepeat: outreachStatus in outreachStatusList --><option ng-repeat="outreachStatus in outreachStatusList" value="2" class="ng-binding ng-scope">Outreach Initiated</option><!-- end ngRepeat: outreachStatus in outreachStatusList --><option ng-repeat="outreachStatus in outreachStatusList" value="3" class="ng-binding ng-scope">Outreach Attempted - No Response</option><!-- end ngRepeat: outreachStatus in outreachStatusList --><option ng-repeat="outreachStatus in outreachStatusList" value="4" class="ng-binding ng-scope">Services Refused</option><!-- end ngRepeat: outreachStatus in outreachStatusList --><option ng-repeat="outreachStatus in outreachStatusList" value="5" class="ng-binding ng-scope">No Additional Outreach Required</option><!-- end ngRepeat: outreachStatus in outreachStatusList -->
            	</select> 
            </td>
            <!--<td>{{ veteran.OutreachStatus }}</td>-->
        </tr><!-- end ngRepeat: veteran in veteranList --><tr ng-repeat="veteran in veteranList" class="ng-scope">
            <td class="ng-binding"></td>
            <td class="ng-binding">xxx-xx-1443</td>
            <td class="ng-binding">(800) 555-0838</td>
            <td class="ng-binding">11/29/1998</td>
            <td class="ng-binding">High</td>
            <td>
            	<select class="form-control" style="width: 180px;" id="vet_294811">
            		<option value=""></option>
            		<!-- ngRepeat: outreachStatus in outreachStatusList --><option ng-repeat="outreachStatus in outreachStatusList" value="1" class="ng-binding ng-scope">Not Contacted</option><!-- end ngRepeat: outreachStatus in outreachStatusList --><option ng-repeat="outreachStatus in outreachStatusList" value="2" class="ng-binding ng-scope">Outreach Initiated</option><!-- end ngRepeat: outreachStatus in outreachStatusList --><option ng-repeat="outreachStatus in outreachStatusList" value="3" class="ng-binding ng-scope">Outreach Attempted - No Response</option><!-- end ngRepeat: outreachStatus in outreachStatusList --><option ng-repeat="outreachStatus in outreachStatusList" value="4" class="ng-binding ng-scope">Services Refused</option><!-- end ngRepeat: outreachStatus in outreachStatusList --><option ng-repeat="outreachStatus in outreachStatusList" value="5" class="ng-binding ng-scope">No Additional Outreach Required</option><!-- end ngRepeat: outreachStatus in outreachStatusList -->
            	</select> 
            </td>
            <!--<td>{{ veteran.OutreachStatus }}</td>-->
        </tr><!-- end ngRepeat: veteran in veteranList --><tr ng-repeat="veteran in veteranList" class="ng-scope">
            <td class="ng-binding"></td>
            <td class="ng-binding">xxx-xx-9230</td>
            <td class="ng-binding">(800) 555-0660</td>
            <td class="ng-binding">12/31/1997</td>
            <td class="ng-binding">High</td>
            <td>
            	<select class="form-control" style="width: 180px;" id="vet_326409">
            		<option value=""></option>
            		<!-- ngRepeat: outreachStatus in outreachStatusList --><option ng-repeat="outreachStatus in outreachStatusList" value="1" class="ng-binding ng-scope">Not Contacted</option><!-- end ngRepeat: outreachStatus in outreachStatusList --><option ng-repeat="outreachStatus in outreachStatusList" value="2" class="ng-binding ng-scope">Outreach Initiated</option><!-- end ngRepeat: outreachStatus in outreachStatusList --><option ng-repeat="outreachStatus in outreachStatusList" value="3" class="ng-binding ng-scope">Outreach Attempted - No Response</option><!-- end ngRepeat: outreachStatus in outreachStatusList --><option ng-repeat="outreachStatus in outreachStatusList" value="4" class="ng-binding ng-scope">Services Refused</option><!-- end ngRepeat: outreachStatus in outreachStatusList --><option ng-repeat="outreachStatus in outreachStatusList" value="5" class="ng-binding ng-scope">No Additional Outreach Required</option><!-- end ngRepeat: outreachStatus in outreachStatusList -->
            	</select> 
            </td>
            <!--<td>{{ veteran.OutreachStatus }}</td>-->
        </tr><!-- end ngRepeat: veteran in veteranList --><tr ng-repeat="veteran in veteranList" class="ng-scope">
            <td class="ng-binding"></td>
            <td class="ng-binding">xxx-xx-3005</td>
            <td class="ng-binding">(800) 555-9501</td>
            <td class="ng-binding">5/31/2002</td>
            <td class="ng-binding">High</td>
            <td>
            	<select class="form-control" style="width: 180px;" id="vet_332103">
            		<option value=""></option>
            		<!-- ngRepeat: outreachStatus in outreachStatusList --><option ng-repeat="outreachStatus in outreachStatusList" value="1" class="ng-binding ng-scope">Not Contacted</option><!-- end ngRepeat: outreachStatus in outreachStatusList --><option ng-repeat="outreachStatus in outreachStatusList" value="2" class="ng-binding ng-scope">Outreach Initiated</option><!-- end ngRepeat: outreachStatus in outreachStatusList --><option ng-repeat="outreachStatus in outreachStatusList" value="3" class="ng-binding ng-scope">Outreach Attempted - No Response</option><!-- end ngRepeat: outreachStatus in outreachStatusList --><option ng-repeat="outreachStatus in outreachStatusList" value="4" class="ng-binding ng-scope">Services Refused</option><!-- end ngRepeat: outreachStatus in outreachStatusList --><option ng-repeat="outreachStatus in outreachStatusList" value="5" class="ng-binding ng-scope">No Additional Outreach Required</option><!-- end ngRepeat: outreachStatus in outreachStatusList -->
            	</select> 
            </td>
            <!--<td>{{ veteran.OutreachStatus }}</td>-->
        </tr><!-- end ngRepeat: veteran in veteranList --><tr ng-repeat="veteran in veteranList" class="ng-scope">
            <td class="ng-binding"></td>
            <td class="ng-binding">xxx-xx-7430</td>
            <td class="ng-binding">(800) 555-0112</td>
            <td class="ng-binding">7/19/2008</td>
            <td class="ng-binding">High</td>
            <td>
            	<select class="form-control" style="width: 180px;" id="vet_335057">
            		<option value=""></option>
            		<!-- ngRepeat: outreachStatus in outreachStatusList --><option ng-repeat="outreachStatus in outreachStatusList" value="1" class="ng-binding ng-scope">Not Contacted</option><!-- end ngRepeat: outreachStatus in outreachStatusList --><option ng-repeat="outreachStatus in outreachStatusList" value="2" class="ng-binding ng-scope">Outreach Initiated</option><!-- end ngRepeat: outreachStatus in outreachStatusList --><option ng-repeat="outreachStatus in outreachStatusList" value="3" class="ng-binding ng-scope">Outreach Attempted - No Response</option><!-- end ngRepeat: outreachStatus in outreachStatusList --><option ng-repeat="outreachStatus in outreachStatusList" value="4" class="ng-binding ng-scope">Services Refused</option><!-- end ngRepeat: outreachStatus in outreachStatusList --><option ng-repeat="outreachStatus in outreachStatusList" value="5" class="ng-binding ng-scope">No Additional Outreach Required</option><!-- end ngRepeat: outreachStatus in outreachStatusList -->
            	</select> 
            </td>
            <!--<td>{{ veteran.OutreachStatus }}</td>-->
        </tr><!-- end ngRepeat: veteran in veteranList --><tr ng-repeat="veteran in veteranList" class="ng-scope">
            <td class="ng-binding"></td>
            <td class="ng-binding">xxx-xx-6185</td>
            <td class="ng-binding">(800) 555-3866</td>
            <td class="ng-binding">9/2/2009</td>
            <td class="ng-binding">High</td>
            <td>
            	<select class="form-control" style="width: 180px;" id="vet_368971">
            		<option value=""></option>
            		<!-- ngRepeat: outreachStatus in outreachStatusList --><option ng-repeat="outreachStatus in outreachStatusList" value="1" class="ng-binding ng-scope">Not Contacted</option><!-- end ngRepeat: outreachStatus in outreachStatusList --><option ng-repeat="outreachStatus in outreachStatusList" value="2" class="ng-binding ng-scope">Outreach Initiated</option><!-- end ngRepeat: outreachStatus in outreachStatusList --><option ng-repeat="outreachStatus in outreachStatusList" value="3" class="ng-binding ng-scope">Outreach Attempted - No Response</option><!-- end ngRepeat: outreachStatus in outreachStatusList --><option ng-repeat="outreachStatus in outreachStatusList" value="4" class="ng-binding ng-scope">Services Refused</option><!-- end ngRepeat: outreachStatus in outreachStatusList --><option ng-repeat="outreachStatus in outreachStatusList" value="5" class="ng-binding ng-scope">No Additional Outreach Required</option><!-- end ngRepeat: outreachStatus in outreachStatusList -->
            	</select> 
            </td>
            <!--<td>{{ veteran.OutreachStatus }}</td>-->
        </tr><!-- end ngRepeat: veteran in veteranList --><tr ng-repeat="veteran in veteranList" class="ng-scope">
            <td class="ng-binding"></td>
            <td class="ng-binding">xxx-xx-5058</td>
            <td class="ng-binding">(800) 555-0341</td>
            <td class="ng-binding">6/19/2014</td>
            <td class="ng-binding">High</td>
            <td>
            	<select class="form-control" style="width: 180px;" id="vet_369794">
            		<option value=""></option>
            		<!-- ngRepeat: outreachStatus in outreachStatusList --><option ng-repeat="outreachStatus in outreachStatusList" value="1" class="ng-binding ng-scope">Not Contacted</option><!-- end ngRepeat: outreachStatus in outreachStatusList --><option ng-repeat="outreachStatus in outreachStatusList" value="2" class="ng-binding ng-scope">Outreach Initiated</option><!-- end ngRepeat: outreachStatus in outreachStatusList --><option ng-repeat="outreachStatus in outreachStatusList" value="3" class="ng-binding ng-scope">Outreach Attempted - No Response</option><!-- end ngRepeat: outreachStatus in outreachStatusList --><option ng-repeat="outreachStatus in outreachStatusList" value="4" class="ng-binding ng-scope">Services Refused</option><!-- end ngRepeat: outreachStatus in outreachStatusList --><option ng-repeat="outreachStatus in outreachStatusList" value="5" class="ng-binding ng-scope">No Additional Outreach Required</option><!-- end ngRepeat: outreachStatus in outreachStatusList -->
            	</select> 
            </td>
            <!--<td>{{ veteran.OutreachStatus }}</td>-->
        </tr><!-- end ngRepeat: veteran in veteranList --><tr ng-repeat="veteran in veteranList" class="ng-scope">
            <td class="ng-binding"></td>
            <td class="ng-binding">xxx-xx-7561</td>
            <td class="ng-binding">(800) 555-4375</td>
            <td class="ng-binding">11/1/2011</td>
            <td class="ng-binding">High</td>
            <td>
            	<select class="form-control" style="width: 180px;" id="vet_370696">
            		<option value=""></option>
            		<!-- ngRepeat: outreachStatus in outreachStatusList --><option ng-repeat="outreachStatus in outreachStatusList" value="1" class="ng-binding ng-scope">Not Contacted</option><!-- end ngRepeat: outreachStatus in outreachStatusList --><option ng-repeat="outreachStatus in outreachStatusList" value="2" class="ng-binding ng-scope">Outreach Initiated</option><!-- end ngRepeat: outreachStatus in outreachStatusList --><option ng-repeat="outreachStatus in outreachStatusList" value="3" class="ng-binding ng-scope">Outreach Attempted - No Response</option><!-- end ngRepeat: outreachStatus in outreachStatusList --><option ng-repeat="outreachStatus in outreachStatusList" value="4" class="ng-binding ng-scope">Services Refused</option><!-- end ngRepeat: outreachStatus in outreachStatusList --><option ng-repeat="outreachStatus in outreachStatusList" value="5" class="ng-binding ng-scope">No Additional Outreach Required</option><!-- end ngRepeat: outreachStatus in outreachStatusList -->
            	</select> 
            </td>
            <!--<td>{{ veteran.OutreachStatus }}</td>-->
        </tr><!-- end ngRepeat: veteran in veteranList --><tr ng-repeat="veteran in veteranList" class="ng-scope">
            <td class="ng-binding"></td>
            <td class="ng-binding">xxx-xx-2093</td>
            <td class="ng-binding">(800) 555-8638</td>
            <td class="ng-binding">11/20/1999</td>
            <td class="ng-binding">High</td>
            <td>
            	<select class="form-control" style="width: 180px;" id="vet_371325">
            		<option value=""></option>
            		<!-- ngRepeat: outreachStatus in outreachStatusList --><option ng-repeat="outreachStatus in outreachStatusList" value="1" class="ng-binding ng-scope">Not Contacted</option><!-- end ngRepeat: outreachStatus in outreachStatusList --><option ng-repeat="outreachStatus in outreachStatusList" value="2" class="ng-binding ng-scope">Outreach Initiated</option><!-- end ngRepeat: outreachStatus in outreachStatusList --><option ng-repeat="outreachStatus in outreachStatusList" value="3" class="ng-binding ng-scope">Outreach Attempted - No Response</option><!-- end ngRepeat: outreachStatus in outreachStatusList --><option ng-repeat="outreachStatus in outreachStatusList" value="4" class="ng-binding ng-scope">Services Refused</option><!-- end ngRepeat: outreachStatus in outreachStatusList --><option ng-repeat="outreachStatus in outreachStatusList" value="5" class="ng-binding ng-scope">No Additional Outreach Required</option><!-- end ngRepeat: outreachStatus in outreachStatusList -->
            	</select> 
            </td>
            <!--<td>{{ veteran.OutreachStatus }}</td>-->
        </tr><!-- end ngRepeat: veteran in veteranList --><tr ng-repeat="veteran in veteranList" class="ng-scope">
            <td class="ng-binding"></td>
            <td class="ng-binding">xxx-xx-9123</td>
            <td class="ng-binding">(800) 555-9048</td>
            <td class="ng-binding">11/2/1997</td>
            <td class="ng-binding">High</td>
            <td>
            	<select class="form-control" style="width: 180px;" id="vet_374526">
            		<option value=""></option>
            		<!-- ngRepeat: outreachStatus in outreachStatusList --><option ng-repeat="outreachStatus in outreachStatusList" value="1" class="ng-binding ng-scope">Not Contacted</option><!-- end ngRepeat: outreachStatus in outreachStatusList --><option ng-repeat="outreachStatus in outreachStatusList" value="2" class="ng-binding ng-scope">Outreach Initiated</option><!-- end ngRepeat: outreachStatus in outreachStatusList --><option ng-repeat="outreachStatus in outreachStatusList" value="3" class="ng-binding ng-scope">Outreach Attempted - No Response</option><!-- end ngRepeat: outreachStatus in outreachStatusList --><option ng-repeat="outreachStatus in outreachStatusList" value="4" class="ng-binding ng-scope">Services Refused</option><!-- end ngRepeat: outreachStatus in outreachStatusList --><option ng-repeat="outreachStatus in outreachStatusList" value="5" class="ng-binding ng-scope">No Additional Outreach Required</option><!-- end ngRepeat: outreachStatus in outreachStatusList -->
            	</select> 
            </td>
            <!--<td>{{ veteran.OutreachStatus }}</td>-->
        </tr><!-- end ngRepeat: veteran in veteranList --><tr ng-repeat="veteran in veteranList" class="ng-scope">
            <td class="ng-binding"></td>
            <td class="ng-binding">xxx-xx-6006</td>
            <td class="ng-binding">(800) 555-5596</td>
            <td class="ng-binding">12/2/2013</td>
            <td class="ng-binding">High</td>
            <td>
            	<select class="form-control" style="width: 180px;" id="vet_374933">
            		<option value=""></option>
            		<!-- ngRepeat: outreachStatus in outreachStatusList --><option ng-repeat="outreachStatus in outreachStatusList" value="1" class="ng-binding ng-scope">Not Contacted</option><!-- end ngRepeat: outreachStatus in outreachStatusList --><option ng-repeat="outreachStatus in outreachStatusList" value="2" class="ng-binding ng-scope">Outreach Initiated</option><!-- end ngRepeat: outreachStatus in outreachStatusList --><option ng-repeat="outreachStatus in outreachStatusList" value="3" class="ng-binding ng-scope">Outreach Attempted - No Response</option><!-- end ngRepeat: outreachStatus in outreachStatusList --><option ng-repeat="outreachStatus in outreachStatusList" value="4" class="ng-binding ng-scope">Services Refused</option><!-- end ngRepeat: outreachStatus in outreachStatusList --><option ng-repeat="outreachStatus in outreachStatusList" value="5" class="ng-binding ng-scope">No Additional Outreach Required</option><!-- end ngRepeat: outreachStatus in outreachStatusList -->
            	</select> 
            </td>
            <!--<td>{{ veteran.OutreachStatus }}</td>-->
        </tr><!-- end ngRepeat: veteran in veteranList --><tr ng-repeat="veteran in veteranList" class="ng-scope">
            <td class="ng-binding"></td>
            <td class="ng-binding">xxx-xx-1384</td>
            <td class="ng-binding">(800) 555-8272</td>
            <td class="ng-binding">2/10/1997</td>
            <td class="ng-binding">High</td>
            <td>
            	<select class="form-control" style="width: 180px;" id="vet_374949">
            		<option value=""></option>
            		<!-- ngRepeat: outreachStatus in outreachStatusList --><option ng-repeat="outreachStatus in outreachStatusList" value="1" class="ng-binding ng-scope">Not Contacted</option><!-- end ngRepeat: outreachStatus in outreachStatusList --><option ng-repeat="outreachStatus in outreachStatusList" value="2" class="ng-binding ng-scope">Outreach Initiated</option><!-- end ngRepeat: outreachStatus in outreachStatusList --><option ng-repeat="outreachStatus in outreachStatusList" value="3" class="ng-binding ng-scope">Outreach Attempted - No Response</option><!-- end ngRepeat: outreachStatus in outreachStatusList --><option ng-repeat="outreachStatus in outreachStatusList" value="4" class="ng-binding ng-scope">Services Refused</option><!-- end ngRepeat: outreachStatus in outreachStatusList --><option ng-repeat="outreachStatus in outreachStatusList" value="5" class="ng-binding ng-scope">No Additional Outreach Required</option><!-- end ngRepeat: outreachStatus in outreachStatusList -->
            	</select> 
            </td>
            <!--<td>{{ veteran.OutreachStatus }}</td>-->
        </tr><!-- end ngRepeat: veteran in veteranList --><tr ng-repeat="veteran in veteranList" class="ng-scope">
            <td class="ng-binding"></td>
            <td class="ng-binding">xxx-xx-3148</td>
            <td class="ng-binding">(800) 555-0024</td>
            <td class="ng-binding">1/21/2009</td>
            <td class="ng-binding">High</td>
            <td>
            	<select class="form-control" style="width: 180px;" id="vet_375441">
            		<option value=""></option>
            		<!-- ngRepeat: outreachStatus in outreachStatusList --><option ng-repeat="outreachStatus in outreachStatusList" value="1" class="ng-binding ng-scope">Not Contacted</option><!-- end ngRepeat: outreachStatus in outreachStatusList --><option ng-repeat="outreachStatus in outreachStatusList" value="2" class="ng-binding ng-scope">Outreach Initiated</option><!-- end ngRepeat: outreachStatus in outreachStatusList --><option ng-repeat="outreachStatus in outreachStatusList" value="3" class="ng-binding ng-scope">Outreach Attempted - No Response</option><!-- end ngRepeat: outreachStatus in outreachStatusList --><option ng-repeat="outreachStatus in outreachStatusList" value="4" class="ng-binding ng-scope">Services Refused</option><!-- end ngRepeat: outreachStatus in outreachStatusList --><option ng-repeat="outreachStatus in outreachStatusList" value="5" class="ng-binding ng-scope">No Additional Outreach Required</option><!-- end ngRepeat: outreachStatus in outreachStatusList -->
            	</select> 
            </td>
            <!--<td>{{ veteran.OutreachStatus }}</td>-->
        </tr><!-- end ngRepeat: veteran in veteranList --><tr ng-repeat="veteran in veteranList" class="ng-scope">
            <td class="ng-binding"></td>
            <td class="ng-binding">xxx-xx-7102</td>
            <td class="ng-binding">(800) 555-2579</td>
            <td class="ng-binding">8/18/2003</td>
            <td class="ng-binding">High</td>
            <td>
            	<select class="form-control" style="width: 180px;" id="vet_412574">
            		<option value=""></option>
            		<!-- ngRepeat: outreachStatus in outreachStatusList --><option ng-repeat="outreachStatus in outreachStatusList" value="1" class="ng-binding ng-scope">Not Contacted</option><!-- end ngRepeat: outreachStatus in outreachStatusList --><option ng-repeat="outreachStatus in outreachStatusList" value="2" class="ng-binding ng-scope">Outreach Initiated</option><!-- end ngRepeat: outreachStatus in outreachStatusList --><option ng-repeat="outreachStatus in outreachStatusList" value="3" class="ng-binding ng-scope">Outreach Attempted - No Response</option><!-- end ngRepeat: outreachStatus in outreachStatusList --><option ng-repeat="outreachStatus in outreachStatusList" value="4" class="ng-binding ng-scope">Services Refused</option><!-- end ngRepeat: outreachStatus in outreachStatusList --><option ng-repeat="outreachStatus in outreachStatusList" value="5" class="ng-binding ng-scope">No Additional Outreach Required</option><!-- end ngRepeat: outreachStatus in outreachStatusList -->
            	</select> 
            </td>
            <!--<td>{{ veteran.OutreachStatus }}</td>-->
        </tr><!-- end ngRepeat: veteran in veteranList --><tr ng-repeat="veteran in veteranList" class="ng-scope">
            <td class="ng-binding"></td>
            <td class="ng-binding">xxx-xx-3411</td>
            <td class="ng-binding">(800) 555-0858</td>
            <td class="ng-binding">5/17/1999</td>
            <td class="ng-binding">High</td>
            <td>
            	<select class="form-control" style="width: 180px;" id="vet_414245">
            		<option value=""></option>
            		<!-- ngRepeat: outreachStatus in outreachStatusList --><option ng-repeat="outreachStatus in outreachStatusList" value="1" class="ng-binding ng-scope">Not Contacted</option><!-- end ngRepeat: outreachStatus in outreachStatusList --><option ng-repeat="outreachStatus in outreachStatusList" value="2" class="ng-binding ng-scope">Outreach Initiated</option><!-- end ngRepeat: outreachStatus in outreachStatusList --><option ng-repeat="outreachStatus in outreachStatusList" value="3" class="ng-binding ng-scope">Outreach Attempted - No Response</option><!-- end ngRepeat: outreachStatus in outreachStatusList --><option ng-repeat="outreachStatus in outreachStatusList" value="4" class="ng-binding ng-scope">Services Refused</option><!-- end ngRepeat: outreachStatus in outreachStatusList --><option ng-repeat="outreachStatus in outreachStatusList" value="5" class="ng-binding ng-scope">No Additional Outreach Required</option><!-- end ngRepeat: outreachStatus in outreachStatusList -->
            	</select> 
            </td>
            <!--<td>{{ veteran.OutreachStatus }}</td>-->
        </tr><!-- end ngRepeat: veteran in veteranList --><tr ng-repeat="veteran in veteranList" class="ng-scope">
            <td class="ng-binding"></td>
            <td class="ng-binding">xxx-xx-0842</td>
            <td class="ng-binding">(800) 555-9004</td>
            <td class="ng-binding">10/25/2013</td>
            <td class="ng-binding">High</td>
            <td>
            	<select class="form-control" style="width: 180px;" id="vet_455186">
            		<option value=""></option>
            		<!-- ngRepeat: outreachStatus in outreachStatusList --><option ng-repeat="outreachStatus in outreachStatusList" value="1" class="ng-binding ng-scope">Not Contacted</option><!-- end ngRepeat: outreachStatus in outreachStatusList --><option ng-repeat="outreachStatus in outreachStatusList" value="2" class="ng-binding ng-scope">Outreach Initiated</option><!-- end ngRepeat: outreachStatus in outreachStatusList --><option ng-repeat="outreachStatus in outreachStatusList" value="3" class="ng-binding ng-scope">Outreach Attempted - No Response</option><!-- end ngRepeat: outreachStatus in outreachStatusList --><option ng-repeat="outreachStatus in outreachStatusList" value="4" class="ng-binding ng-scope">Services Refused</option><!-- end ngRepeat: outreachStatus in outreachStatusList --><option ng-repeat="outreachStatus in outreachStatusList" value="5" class="ng-binding ng-scope">No Additional Outreach Required</option><!-- end ngRepeat: outreachStatus in outreachStatusList -->
            	</select> 
            </td>
            <!--<td>{{ veteran.OutreachStatus }}</td>-->
        </tr><!-- end ngRepeat: veteran in veteranList --><tr ng-repeat="veteran in veteranList" class="ng-scope">
            <td class="ng-binding"></td>
            <td class="ng-binding">xxx-xx-6697</td>
            <td class="ng-binding">(800) 555-8405</td>
            <td class="ng-binding">7/7/2010</td>
            <td class="ng-binding">High</td>
            <td>
            	<select class="form-control" style="width: 180px;" id="vet_455466">
            		<option value=""></option>
            		<!-- ngRepeat: outreachStatus in outreachStatusList --><option ng-repeat="outreachStatus in outreachStatusList" value="1" class="ng-binding ng-scope">Not Contacted</option><!-- end ngRepeat: outreachStatus in outreachStatusList --><option ng-repeat="outreachStatus in outreachStatusList" value="2" class="ng-binding ng-scope">Outreach Initiated</option><!-- end ngRepeat: outreachStatus in outreachStatusList --><option ng-repeat="outreachStatus in outreachStatusList" value="3" class="ng-binding ng-scope">Outreach Attempted - No Response</option><!-- end ngRepeat: outreachStatus in outreachStatusList --><option ng-repeat="outreachStatus in outreachStatusList" value="4" class="ng-binding ng-scope">Services Refused</option><!-- end ngRepeat: outreachStatus in outreachStatusList --><option ng-repeat="outreachStatus in outreachStatusList" value="5" class="ng-binding ng-scope">No Additional Outreach Required</option><!-- end ngRepeat: outreachStatus in outreachStatusList -->
            	</select> 
            </td>
            <!--<td>{{ veteran.OutreachStatus }}</td>-->
        </tr><!-- end ngRepeat: veteran in veteranList --><tr ng-repeat="veteran in veteranList" class="ng-scope">
            <td class="ng-binding"></td>
            <td class="ng-binding">xxx-xx-1367</td>
            <td class="ng-binding">(800) 555-7072</td>
            <td class="ng-binding">10/15/2006</td>
            <td class="ng-binding">High</td>
            <td>
            	<select class="form-control" style="width: 180px;" id="vet_457763">
            		<option value=""></option>
            		<!-- ngRepeat: outreachStatus in outreachStatusList --><option ng-repeat="outreachStatus in outreachStatusList" value="1" class="ng-binding ng-scope">Not Contacted</option><!-- end ngRepeat: outreachStatus in outreachStatusList --><option ng-repeat="outreachStatus in outreachStatusList" value="2" class="ng-binding ng-scope">Outreach Initiated</option><!-- end ngRepeat: outreachStatus in outreachStatusList --><option ng-repeat="outreachStatus in outreachStatusList" value="3" class="ng-binding ng-scope">Outreach Attempted - No Response</option><!-- end ngRepeat: outreachStatus in outreachStatusList --><option ng-repeat="outreachStatus in outreachStatusList" value="4" class="ng-binding ng-scope">Services Refused</option><!-- end ngRepeat: outreachStatus in outreachStatusList --><option ng-repeat="outreachStatus in outreachStatusList" value="5" class="ng-binding ng-scope">No Additional Outreach Required</option><!-- end ngRepeat: outreachStatus in outreachStatusList -->
            	</select> 
            </td>
            <!--<td>{{ veteran.OutreachStatus }}</td>-->
        </tr><!-- end ngRepeat: veteran in veteranList --><tr ng-repeat="veteran in veteranList" class="ng-scope">
            <td class="ng-binding"></td>
            <td class="ng-binding">xxx-xx-9364</td>
            <td class="ng-binding">(800) 555-1365</td>
            <td class="ng-binding">6/12/2006</td>
            <td class="ng-binding">High</td>
            <td>
            	<select class="form-control" style="width: 180px;" id="vet_496921">
            		<option value=""></option>
            		<!-- ngRepeat: outreachStatus in outreachStatusList --><option ng-repeat="outreachStatus in outreachStatusList" value="1" class="ng-binding ng-scope">Not Contacted</option><!-- end ngRepeat: outreachStatus in outreachStatusList --><option ng-repeat="outreachStatus in outreachStatusList" value="2" class="ng-binding ng-scope">Outreach Initiated</option><!-- end ngRepeat: outreachStatus in outreachStatusList --><option ng-repeat="outreachStatus in outreachStatusList" value="3" class="ng-binding ng-scope">Outreach Attempted - No Response</option><!-- end ngRepeat: outreachStatus in outreachStatusList --><option ng-repeat="outreachStatus in outreachStatusList" value="4" class="ng-binding ng-scope">Services Refused</option><!-- end ngRepeat: outreachStatus in outreachStatusList --><option ng-repeat="outreachStatus in outreachStatusList" value="5" class="ng-binding ng-scope">No Additional Outreach Required</option><!-- end ngRepeat: outreachStatus in outreachStatusList -->
            	</select> 
            </td>
            <!--<td>{{ veteran.OutreachStatus }}</td>-->
        </tr><!-- end ngRepeat: veteran in veteranList --><tr ng-repeat="veteran in veteranList" class="ng-scope">
            <td class="ng-binding"></td>
            <td class="ng-binding">xxx-xx-2406</td>
            <td class="ng-binding">(800) 555-8481</td>
            <td class="ng-binding">3/8/2005</td>
            <td class="ng-binding">High</td>
            <td>
            	<select class="form-control" style="width: 180px;" id="vet_543387">
            		<option value=""></option>
            		<!-- ngRepeat: outreachStatus in outreachStatusList --><option ng-repeat="outreachStatus in outreachStatusList" value="1" class="ng-binding ng-scope">Not Contacted</option><!-- end ngRepeat: outreachStatus in outreachStatusList --><option ng-repeat="outreachStatus in outreachStatusList" value="2" class="ng-binding ng-scope">Outreach Initiated</option><!-- end ngRepeat: outreachStatus in outreachStatusList --><option ng-repeat="outreachStatus in outreachStatusList" value="3" class="ng-binding ng-scope">Outreach Attempted - No Response</option><!-- end ngRepeat: outreachStatus in outreachStatusList --><option ng-repeat="outreachStatus in outreachStatusList" value="4" class="ng-binding ng-scope">Services Refused</option><!-- end ngRepeat: outreachStatus in outreachStatusList --><option ng-repeat="outreachStatus in outreachStatusList" value="5" class="ng-binding ng-scope">No Additional Outreach Required</option><!-- end ngRepeat: outreachStatus in outreachStatusList -->
            	</select> 
            </td>
            <!--<td>{{ veteran.OutreachStatus }}</td>-->
        </tr><!-- end ngRepeat: veteran in veteranList --><tr ng-repeat="veteran in veteranList" class="ng-scope">
            <td class="ng-binding"></td>
            <td class="ng-binding">xxx-xx-0066</td>
            <td class="ng-binding">(800) 555-4677</td>
            <td class="ng-binding">8/13/2004</td>
            <td class="ng-binding">High</td>
            <td>
            	<select class="form-control" style="width: 180px;" id="vet_543423">
            		<option value=""></option>
            		<!-- ngRepeat: outreachStatus in outreachStatusList --><option ng-repeat="outreachStatus in outreachStatusList" value="1" class="ng-binding ng-scope">Not Contacted</option><!-- end ngRepeat: outreachStatus in outreachStatusList --><option ng-repeat="outreachStatus in outreachStatusList" value="2" class="ng-binding ng-scope">Outreach Initiated</option><!-- end ngRepeat: outreachStatus in outreachStatusList --><option ng-repeat="outreachStatus in outreachStatusList" value="3" class="ng-binding ng-scope">Outreach Attempted - No Response</option><!-- end ngRepeat: outreachStatus in outreachStatusList --><option ng-repeat="outreachStatus in outreachStatusList" value="4" class="ng-binding ng-scope">Services Refused</option><!-- end ngRepeat: outreachStatus in outreachStatusList --><option ng-repeat="outreachStatus in outreachStatusList" value="5" class="ng-binding ng-scope">No Additional Outreach Required</option><!-- end ngRepeat: outreachStatus in outreachStatusList -->
            	</select> 
            </td>
            <!--<td>{{ veteran.OutreachStatus }}</td>-->
        </tr><!-- end ngRepeat: veteran in veteranList --><tr ng-repeat="veteran in veteranList" class="ng-scope">
            <td class="ng-binding"></td>
            <td class="ng-binding">xxx-xx-2994</td>
            <td class="ng-binding">(800) 555-8510</td>
            <td class="ng-binding">4/19/1997</td>
            <td class="ng-binding">High</td>
            <td>
            	<select class="form-control" style="width: 180px;" id="vet_544781">
            		<option value=""></option>
            		<!-- ngRepeat: outreachStatus in outreachStatusList --><option ng-repeat="outreachStatus in outreachStatusList" value="1" class="ng-binding ng-scope">Not Contacted</option><!-- end ngRepeat: outreachStatus in outreachStatusList --><option ng-repeat="outreachStatus in outreachStatusList" value="2" class="ng-binding ng-scope">Outreach Initiated</option><!-- end ngRepeat: outreachStatus in outreachStatusList --><option ng-repeat="outreachStatus in outreachStatusList" value="3" class="ng-binding ng-scope">Outreach Attempted - No Response</option><!-- end ngRepeat: outreachStatus in outreachStatusList --><option ng-repeat="outreachStatus in outreachStatusList" value="4" class="ng-binding ng-scope">Services Refused</option><!-- end ngRepeat: outreachStatus in outreachStatusList --><option ng-repeat="outreachStatus in outreachStatusList" value="5" class="ng-binding ng-scope">No Additional Outreach Required</option><!-- end ngRepeat: outreachStatus in outreachStatusList -->
            	</select> 
            </td>
            <!--<td>{{ veteran.OutreachStatus }}</td>-->
        </tr><!-- end ngRepeat: veteran in veteranList --><tr ng-repeat="veteran in veteranList" class="ng-scope">
            <td class="ng-binding"></td>
            <td class="ng-binding">xxx-xx-8501</td>
            <td class="ng-binding">(800) 555-6291</td>
            <td class="ng-binding">4/5/1999</td>
            <td class="ng-binding">High</td>
            <td>
            	<select class="form-control" style="width: 180px;" id="vet_545084">
            		<option value=""></option>
            		<!-- ngRepeat: outreachStatus in outreachStatusList --><option ng-repeat="outreachStatus in outreachStatusList" value="1" class="ng-binding ng-scope">Not Contacted</option><!-- end ngRepeat: outreachStatus in outreachStatusList --><option ng-repeat="outreachStatus in outreachStatusList" value="2" class="ng-binding ng-scope">Outreach Initiated</option><!-- end ngRepeat: outreachStatus in outreachStatusList --><option ng-repeat="outreachStatus in outreachStatusList" value="3" class="ng-binding ng-scope">Outreach Attempted - No Response</option><!-- end ngRepeat: outreachStatus in outreachStatusList --><option ng-repeat="outreachStatus in outreachStatusList" value="4" class="ng-binding ng-scope">Services Refused</option><!-- end ngRepeat: outreachStatus in outreachStatusList --><option ng-repeat="outreachStatus in outreachStatusList" value="5" class="ng-binding ng-scope">No Additional Outreach Required</option><!-- end ngRepeat: outreachStatus in outreachStatusList -->
            	</select> 
            </td>
            <!--<td>{{ veteran.OutreachStatus }}</td>-->
        </tr><!-- end ngRepeat: veteran in veteranList --><tr ng-repeat="veteran in veteranList" class="ng-scope">
            <td class="ng-binding"></td>
            <td class="ng-binding">xxx-xx-0836</td>
            <td class="ng-binding">(800) 555-2505</td>
            <td class="ng-binding">8/9/2013</td>
            <td class="ng-binding">High</td>
            <td>
            	<select class="form-control" style="width: 180px;" id="vet_549885">
            		<option value=""></option>
            		<!-- ngRepeat: outreachStatus in outreachStatusList --><option ng-repeat="outreachStatus in outreachStatusList" value="1" class="ng-binding ng-scope">Not Contacted</option><!-- end ngRepeat: outreachStatus in outreachStatusList --><option ng-repeat="outreachStatus in outreachStatusList" value="2" class="ng-binding ng-scope">Outreach Initiated</option><!-- end ngRepeat: outreachStatus in outreachStatusList --><option ng-repeat="outreachStatus in outreachStatusList" value="3" class="ng-binding ng-scope">Outreach Attempted - No Response</option><!-- end ngRepeat: outreachStatus in outreachStatusList --><option ng-repeat="outreachStatus in outreachStatusList" value="4" class="ng-binding ng-scope">Services Refused</option><!-- end ngRepeat: outreachStatus in outreachStatusList --><option ng-repeat="outreachStatus in outreachStatusList" value="5" class="ng-binding ng-scope">No Additional Outreach Required</option><!-- end ngRepeat: outreachStatus in outreachStatusList -->
            	</select> 
            </td>
            <!--<td>{{ veteran.OutreachStatus }}</td>-->
        </tr><!-- end ngRepeat: veteran in veteranList --><tr ng-repeat="veteran in veteranList" class="ng-scope">
            <td class="ng-binding"></td>
            <td class="ng-binding">xxx-xx-0472</td>
            <td class="ng-binding">(800) 555-1528</td>
            <td class="ng-binding">4/10/2013</td>
            <td class="ng-binding">High</td>
            <td>
            	<select class="form-control" style="width: 180px;" id="vet_572386">
            		<option value=""></option>
            		<!-- ngRepeat: outreachStatus in outreachStatusList --><option ng-repeat="outreachStatus in outreachStatusList" value="1" class="ng-binding ng-scope">Not Contacted</option><!-- end ngRepeat: outreachStatus in outreachStatusList --><option ng-repeat="outreachStatus in outreachStatusList" value="2" class="ng-binding ng-scope">Outreach Initiated</option><!-- end ngRepeat: outreachStatus in outreachStatusList --><option ng-repeat="outreachStatus in outreachStatusList" value="3" class="ng-binding ng-scope">Outreach Attempted - No Response</option><!-- end ngRepeat: outreachStatus in outreachStatusList --><option ng-repeat="outreachStatus in outreachStatusList" value="4" class="ng-binding ng-scope">Services Refused</option><!-- end ngRepeat: outreachStatus in outreachStatusList --><option ng-repeat="outreachStatus in outreachStatusList" value="5" class="ng-binding ng-scope">No Additional Outreach Required</option><!-- end ngRepeat: outreachStatus in outreachStatusList -->
            	</select> 
            </td>
            <!--<td>{{ veteran.OutreachStatus }}</td>-->
        </tr><!-- end ngRepeat: veteran in veteranList --><tr ng-repeat="veteran in veteranList" class="ng-scope">
            <td class="ng-binding"></td>
            <td class="ng-binding">xxx-xx-0688</td>
            <td class="ng-binding">(800) 555-0784</td>
            <td class="ng-binding">1/6/2004</td>
            <td class="ng-binding">High</td>
            <td>
            	<select class="form-control" style="width: 180px;" id="vet_573175">
            		<option value=""></option>
            		<!-- ngRepeat: outreachStatus in outreachStatusList --><option ng-repeat="outreachStatus in outreachStatusList" value="1" class="ng-binding ng-scope">Not Contacted</option><!-- end ngRepeat: outreachStatus in outreachStatusList --><option ng-repeat="outreachStatus in outreachStatusList" value="2" class="ng-binding ng-scope">Outreach Initiated</option><!-- end ngRepeat: outreachStatus in outreachStatusList --><option ng-repeat="outreachStatus in outreachStatusList" value="3" class="ng-binding ng-scope">Outreach Attempted - No Response</option><!-- end ngRepeat: outreachStatus in outreachStatusList --><option ng-repeat="outreachStatus in outreachStatusList" value="4" class="ng-binding ng-scope">Services Refused</option><!-- end ngRepeat: outreachStatus in outreachStatusList --><option ng-repeat="outreachStatus in outreachStatusList" value="5" class="ng-binding ng-scope">No Additional Outreach Required</option><!-- end ngRepeat: outreachStatus in outreachStatusList -->
            	</select> 
            </td>
            <!--<td>{{ veteran.OutreachStatus }}</td>-->
        </tr><!-- end ngRepeat: veteran in veteranList --><tr ng-repeat="veteran in veteranList" class="ng-scope">
            <td class="ng-binding"></td>
            <td class="ng-binding">xxx-xx-3020</td>
            <td class="ng-binding">(800) 555-7915</td>
            <td class="ng-binding">2/27/2006</td>
            <td class="ng-binding">High</td>
            <td>
            	<select class="form-control" style="width: 180px;" id="vet_575367">
            		<option value=""></option>
            		<!-- ngRepeat: outreachStatus in outreachStatusList --><option ng-repeat="outreachStatus in outreachStatusList" value="1" class="ng-binding ng-scope">Not Contacted</option><!-- end ngRepeat: outreachStatus in outreachStatusList --><option ng-repeat="outreachStatus in outreachStatusList" value="2" class="ng-binding ng-scope">Outreach Initiated</option><!-- end ngRepeat: outreachStatus in outreachStatusList --><option ng-repeat="outreachStatus in outreachStatusList" value="3" class="ng-binding ng-scope">Outreach Attempted - No Response</option><!-- end ngRepeat: outreachStatus in outreachStatusList --><option ng-repeat="outreachStatus in outreachStatusList" value="4" class="ng-binding ng-scope">Services Refused</option><!-- end ngRepeat: outreachStatus in outreachStatusList --><option ng-repeat="outreachStatus in outreachStatusList" value="5" class="ng-binding ng-scope">No Additional Outreach Required</option><!-- end ngRepeat: outreachStatus in outreachStatusList -->
            	</select> 
            </td>
            <!--<td>{{ veteran.OutreachStatus }}</td>-->
        </tr><!-- end ngRepeat: veteran in veteranList --><tr ng-repeat="veteran in veteranList" class="ng-scope">
            <td class="ng-binding"></td>
            <td class="ng-binding">xxx-xx-9960</td>
            <td class="ng-binding">(800) 555-2770</td>
            <td class="ng-binding">12/24/2005</td>
            <td class="ng-binding">High</td>
            <td>
            	<select class="form-control" style="width: 180px;" id="vet_684790">
            		<option value=""></option>
            		<!-- ngRepeat: outreachStatus in outreachStatusList --><option ng-repeat="outreachStatus in outreachStatusList" value="1" class="ng-binding ng-scope">Not Contacted</option><!-- end ngRepeat: outreachStatus in outreachStatusList --><option ng-repeat="outreachStatus in outreachStatusList" value="2" class="ng-binding ng-scope">Outreach Initiated</option><!-- end ngRepeat: outreachStatus in outreachStatusList --><option ng-repeat="outreachStatus in outreachStatusList" value="3" class="ng-binding ng-scope">Outreach Attempted - No Response</option><!-- end ngRepeat: outreachStatus in outreachStatusList --><option ng-repeat="outreachStatus in outreachStatusList" value="4" class="ng-binding ng-scope">Services Refused</option><!-- end ngRepeat: outreachStatus in outreachStatusList --><option ng-repeat="outreachStatus in outreachStatusList" value="5" class="ng-binding ng-scope">No Additional Outreach Required</option><!-- end ngRepeat: outreachStatus in outreachStatusList -->
            	</select> 
            </td>
            <!--<td>{{ veteran.OutreachStatus }}</td>-->
        </tr><!-- end ngRepeat: veteran in veteranList --><tr ng-repeat="veteran in veteranList" class="ng-scope">
            <td class="ng-binding"></td>
            <td class="ng-binding">xxx-xx-7911</td>
            <td class="ng-binding">(800) 555-0725</td>
            <td class="ng-binding">12/9/2006</td>
            <td class="ng-binding">High</td>
            <td>
            	<select class="form-control" style="width: 180px;" id="vet_688033">
            		<option value=""></option>
            		<!-- ngRepeat: outreachStatus in outreachStatusList --><option ng-repeat="outreachStatus in outreachStatusList" value="1" class="ng-binding ng-scope">Not Contacted</option><!-- end ngRepeat: outreachStatus in outreachStatusList --><option ng-repeat="outreachStatus in outreachStatusList" value="2" class="ng-binding ng-scope">Outreach Initiated</option><!-- end ngRepeat: outreachStatus in outreachStatusList --><option ng-repeat="outreachStatus in outreachStatusList" value="3" class="ng-binding ng-scope">Outreach Attempted - No Response</option><!-- end ngRepeat: outreachStatus in outreachStatusList --><option ng-repeat="outreachStatus in outreachStatusList" value="4" class="ng-binding ng-scope">Services Refused</option><!-- end ngRepeat: outreachStatus in outreachStatusList --><option ng-repeat="outreachStatus in outreachStatusList" value="5" class="ng-binding ng-scope">No Additional Outreach Required</option><!-- end ngRepeat: outreachStatus in outreachStatusList -->
            	</select> 
            </td>
            <!--<td>{{ veteran.OutreachStatus }}</td>-->
        </tr><!-- end ngRepeat: veteran in veteranList --><tr ng-repeat="veteran in veteranList" class="ng-scope">
            <td class="ng-binding"></td>
            <td class="ng-binding">xxx-xx-2372</td>
            <td class="ng-binding">(800) 555-1623</td>
            <td class="ng-binding">5/30/2009</td>
            <td class="ng-binding">High</td>
            <td>
            	<select class="form-control" style="width: 180px;" id="vet_688919">
            		<option value=""></option>
            		<!-- ngRepeat: outreachStatus in outreachStatusList --><option ng-repeat="outreachStatus in outreachStatusList" value="1" class="ng-binding ng-scope">Not Contacted</option><!-- end ngRepeat: outreachStatus in outreachStatusList --><option ng-repeat="outreachStatus in outreachStatusList" value="2" class="ng-binding ng-scope">Outreach Initiated</option><!-- end ngRepeat: outreachStatus in outreachStatusList --><option ng-repeat="outreachStatus in outreachStatusList" value="3" class="ng-binding ng-scope">Outreach Attempted - No Response</option><!-- end ngRepeat: outreachStatus in outreachStatusList --><option ng-repeat="outreachStatus in outreachStatusList" value="4" class="ng-binding ng-scope">Services Refused</option><!-- end ngRepeat: outreachStatus in outreachStatusList --><option ng-repeat="outreachStatus in outreachStatusList" value="5" class="ng-binding ng-scope">No Additional Outreach Required</option><!-- end ngRepeat: outreachStatus in outreachStatusList -->
            	</select> 
            </td>
            <!--<td>{{ veteran.OutreachStatus }}</td>-->
        </tr><!-- end ngRepeat: veteran in veteranList --><tr ng-repeat="veteran in veteranList" class="ng-scope">
            <td class="ng-binding"></td>
            <td class="ng-binding">xxx-xx-0496</td>
            <td class="ng-binding">(800) 555-4265</td>
            <td class="ng-binding">1/29/2007</td>
            <td class="ng-binding">High</td>
            <td>
            	<select class="form-control" style="width: 180px;" id="vet_726627">
            		<option value=""></option>
            		<!-- ngRepeat: outreachStatus in outreachStatusList --><option ng-repeat="outreachStatus in outreachStatusList" value="1" class="ng-binding ng-scope">Not Contacted</option><!-- end ngRepeat: outreachStatus in outreachStatusList --><option ng-repeat="outreachStatus in outreachStatusList" value="2" class="ng-binding ng-scope">Outreach Initiated</option><!-- end ngRepeat: outreachStatus in outreachStatusList --><option ng-repeat="outreachStatus in outreachStatusList" value="3" class="ng-binding ng-scope">Outreach Attempted - No Response</option><!-- end ngRepeat: outreachStatus in outreachStatusList --><option ng-repeat="outreachStatus in outreachStatusList" value="4" class="ng-binding ng-scope">Services Refused</option><!-- end ngRepeat: outreachStatus in outreachStatusList --><option ng-repeat="outreachStatus in outreachStatusList" value="5" class="ng-binding ng-scope">No Additional Outreach Required</option><!-- end ngRepeat: outreachStatus in outreachStatusList -->
            	</select> 
            </td>
            <!--<td>{{ veteran.OutreachStatus }}</td>-->
        </tr><!-- end ngRepeat: veteran in veteranList --><tr ng-repeat="veteran in veteranList" class="ng-scope">
            <td class="ng-binding"></td>
            <td class="ng-binding">xxx-xx-2975</td>
            <td class="ng-binding">(800) 555-2440</td>
            <td class="ng-binding">12/7/2003</td>
            <td class="ng-binding">High</td>
            <td>
            	<select class="form-control" style="width: 180px;" id="vet_730383">
            		<option value=""></option>
            		<!-- ngRepeat: outreachStatus in outreachStatusList --><option ng-repeat="outreachStatus in outreachStatusList" value="1" class="ng-binding ng-scope">Not Contacted</option><!-- end ngRepeat: outreachStatus in outreachStatusList --><option ng-repeat="outreachStatus in outreachStatusList" value="2" class="ng-binding ng-scope">Outreach Initiated</option><!-- end ngRepeat: outreachStatus in outreachStatusList --><option ng-repeat="outreachStatus in outreachStatusList" value="3" class="ng-binding ng-scope">Outreach Attempted - No Response</option><!-- end ngRepeat: outreachStatus in outreachStatusList --><option ng-repeat="outreachStatus in outreachStatusList" value="4" class="ng-binding ng-scope">Services Refused</option><!-- end ngRepeat: outreachStatus in outreachStatusList --><option ng-repeat="outreachStatus in outreachStatusList" value="5" class="ng-binding ng-scope">No Additional Outreach Required</option><!-- end ngRepeat: outreachStatus in outreachStatusList -->
            	</select> 
            </td>
            <!--<td>{{ veteran.OutreachStatus }}</td>-->
        </tr><!-- end ngRepeat: veteran in veteranList --><tr ng-repeat="veteran in veteranList" class="ng-scope">
            <td class="ng-binding"></td>
            <td class="ng-binding">xxx-xx-1174</td>
            <td class="ng-binding">(800) 555-2700</td>
            <td class="ng-binding">11/16/2003</td>
            <td class="ng-binding">High</td>
            <td>
            	<select class="form-control" style="width: 180px;" id="vet_731522">
            		<option value=""></option>
            		<!-- ngRepeat: outreachStatus in outreachStatusList --><option ng-repeat="outreachStatus in outreachStatusList" value="1" class="ng-binding ng-scope">Not Contacted</option><!-- end ngRepeat: outreachStatus in outreachStatusList --><option ng-repeat="outreachStatus in outreachStatusList" value="2" class="ng-binding ng-scope">Outreach Initiated</option><!-- end ngRepeat: outreachStatus in outreachStatusList --><option ng-repeat="outreachStatus in outreachStatusList" value="3" class="ng-binding ng-scope">Outreach Attempted - No Response</option><!-- end ngRepeat: outreachStatus in outreachStatusList --><option ng-repeat="outreachStatus in outreachStatusList" value="4" class="ng-binding ng-scope">Services Refused</option><!-- end ngRepeat: outreachStatus in outreachStatusList --><option ng-repeat="outreachStatus in outreachStatusList" value="5" class="ng-binding ng-scope">No Additional Outreach Required</option><!-- end ngRepeat: outreachStatus in outreachStatusList -->
            	</select> 
            </td>
            <!--<td>{{ veteran.OutreachStatus }}</td>-->
        </tr><!-- end ngRepeat: veteran in veteranList --><tr ng-repeat="veteran in veteranList" class="ng-scope">
            <td class="ng-binding"></td>
            <td class="ng-binding">xxx-xx-0562</td>
            <td class="ng-binding">(800) 555-4383</td>
            <td class="ng-binding">7/9/2009</td>
            <td class="ng-binding">High</td>
            <td>
            	<select class="form-control" style="width: 180px;" id="vet_731576">
            		<option value=""></option>
            		<!-- ngRepeat: outreachStatus in outreachStatusList --><option ng-repeat="outreachStatus in outreachStatusList" value="1" class="ng-binding ng-scope">Not Contacted</option><!-- end ngRepeat: outreachStatus in outreachStatusList --><option ng-repeat="outreachStatus in outreachStatusList" value="2" class="ng-binding ng-scope">Outreach Initiated</option><!-- end ngRepeat: outreachStatus in outreachStatusList --><option ng-repeat="outreachStatus in outreachStatusList" value="3" class="ng-binding ng-scope">Outreach Attempted - No Response</option><!-- end ngRepeat: outreachStatus in outreachStatusList --><option ng-repeat="outreachStatus in outreachStatusList" value="4" class="ng-binding ng-scope">Services Refused</option><!-- end ngRepeat: outreachStatus in outreachStatusList --><option ng-repeat="outreachStatus in outreachStatusList" value="5" class="ng-binding ng-scope">No Additional Outreach Required</option><!-- end ngRepeat: outreachStatus in outreachStatusList -->
            	</select> 
            </td>
            <!--<td>{{ veteran.OutreachStatus }}</td>-->
        </tr><!-- end ngRepeat: veteran in veteranList --><tr ng-repeat="veteran in veteranList" class="ng-scope">
            <td class="ng-binding"></td>
            <td class="ng-binding">xxx-xx-4216</td>
            <td class="ng-binding">(800) 555-4885</td>
            <td class="ng-binding">5/6/2011</td>
            <td class="ng-binding">High</td>
            <td>
            	<select class="form-control" style="width: 180px;" id="vet_806728">
            		<option value=""></option>
            		<!-- ngRepeat: outreachStatus in outreachStatusList --><option ng-repeat="outreachStatus in outreachStatusList" value="1" class="ng-binding ng-scope">Not Contacted</option><!-- end ngRepeat: outreachStatus in outreachStatusList --><option ng-repeat="outreachStatus in outreachStatusList" value="2" class="ng-binding ng-scope">Outreach Initiated</option><!-- end ngRepeat: outreachStatus in outreachStatusList --><option ng-repeat="outreachStatus in outreachStatusList" value="3" class="ng-binding ng-scope">Outreach Attempted - No Response</option><!-- end ngRepeat: outreachStatus in outreachStatusList --><option ng-repeat="outreachStatus in outreachStatusList" value="4" class="ng-binding ng-scope">Services Refused</option><!-- end ngRepeat: outreachStatus in outreachStatusList --><option ng-repeat="outreachStatus in outreachStatusList" value="5" class="ng-binding ng-scope">No Additional Outreach Required</option><!-- end ngRepeat: outreachStatus in outreachStatusList -->
            	</select> 
            </td>
            <!--<td>{{ veteran.OutreachStatus }}</td>-->
        </tr><!-- end ngRepeat: veteran in veteranList --><tr ng-repeat="veteran in veteranList" class="ng-scope">
            <td class="ng-binding"></td>
            <td class="ng-binding">xxx-xx-8905</td>
            <td class="ng-binding">(800) 555-8047</td>
            <td class="ng-binding">3/16/1997</td>
            <td class="ng-binding">High</td>
            <td>
            	<select class="form-control" style="width: 180px;" id="vet_812683">
            		<option value=""></option>
            		<!-- ngRepeat: outreachStatus in outreachStatusList --><option ng-repeat="outreachStatus in outreachStatusList" value="1" class="ng-binding ng-scope">Not Contacted</option><!-- end ngRepeat: outreachStatus in outreachStatusList --><option ng-repeat="outreachStatus in outreachStatusList" value="2" class="ng-binding ng-scope">Outreach Initiated</option><!-- end ngRepeat: outreachStatus in outreachStatusList --><option ng-repeat="outreachStatus in outreachStatusList" value="3" class="ng-binding ng-scope">Outreach Attempted - No Response</option><!-- end ngRepeat: outreachStatus in outreachStatusList --><option ng-repeat="outreachStatus in outreachStatusList" value="4" class="ng-binding ng-scope">Services Refused</option><!-- end ngRepeat: outreachStatus in outreachStatusList --><option ng-repeat="outreachStatus in outreachStatusList" value="5" class="ng-binding ng-scope">No Additional Outreach Required</option><!-- end ngRepeat: outreachStatus in outreachStatusList -->
            	</select> 
            </td>
            <!--<td>{{ veteran.OutreachStatus }}</td>-->
        </tr><!-- end ngRepeat: veteran in veteranList --><tr ng-repeat="veteran in veteranList" class="ng-scope">
            <td class="ng-binding"></td>
            <td class="ng-binding">xxx-xx-2785</td>
            <td class="ng-binding">(800) 555-2149</td>
            <td class="ng-binding">2/28/1998</td>
            <td class="ng-binding">High</td>
            <td>
            	<select class="form-control" style="width: 180px;" id="vet_816132">
            		<option value=""></option>
            		<!-- ngRepeat: outreachStatus in outreachStatusList --><option ng-repeat="outreachStatus in outreachStatusList" value="1" class="ng-binding ng-scope">Not Contacted</option><!-- end ngRepeat: outreachStatus in outreachStatusList --><option ng-repeat="outreachStatus in outreachStatusList" value="2" class="ng-binding ng-scope">Outreach Initiated</option><!-- end ngRepeat: outreachStatus in outreachStatusList --><option ng-repeat="outreachStatus in outreachStatusList" value="3" class="ng-binding ng-scope">Outreach Attempted - No Response</option><!-- end ngRepeat: outreachStatus in outreachStatusList --><option ng-repeat="outreachStatus in outreachStatusList" value="4" class="ng-binding ng-scope">Services Refused</option><!-- end ngRepeat: outreachStatus in outreachStatusList --><option ng-repeat="outreachStatus in outreachStatusList" value="5" class="ng-binding ng-scope">No Additional Outreach Required</option><!-- end ngRepeat: outreachStatus in outreachStatusList -->
            	</select> 
            </td>
            <!--<td>{{ veteran.OutreachStatus }}</td>-->
        </tr><!-- end ngRepeat: veteran in veteranList --><tr ng-repeat="veteran in veteranList" class="ng-scope">
            <td class="ng-binding"></td>
            <td class="ng-binding">xxx-xx-3175</td>
            <td class="ng-binding">(800) 555-2428</td>
            <td class="ng-binding">6/27/2006</td>
            <td class="ng-binding">High</td>
            <td>
            	<select class="form-control" style="width: 180px;" id="vet_816292">
            		<option value=""></option>
            		<!-- ngRepeat: outreachStatus in outreachStatusList --><option ng-repeat="outreachStatus in outreachStatusList" value="1" class="ng-binding ng-scope">Not Contacted</option><!-- end ngRepeat: outreachStatus in outreachStatusList --><option ng-repeat="outreachStatus in outreachStatusList" value="2" class="ng-binding ng-scope">Outreach Initiated</option><!-- end ngRepeat: outreachStatus in outreachStatusList --><option ng-repeat="outreachStatus in outreachStatusList" value="3" class="ng-binding ng-scope">Outreach Attempted - No Response</option><!-- end ngRepeat: outreachStatus in outreachStatusList --><option ng-repeat="outreachStatus in outreachStatusList" value="4" class="ng-binding ng-scope">Services Refused</option><!-- end ngRepeat: outreachStatus in outreachStatusList --><option ng-repeat="outreachStatus in outreachStatusList" value="5" class="ng-binding ng-scope">No Additional Outreach Required</option><!-- end ngRepeat: outreachStatus in outreachStatusList -->
            	</select> 
            </td>
            <!--<td>{{ veteran.OutreachStatus }}</td>-->
        </tr><!-- end ngRepeat: veteran in veteranList --><tr ng-repeat="veteran in veteranList" class="ng-scope">
            <td class="ng-binding"></td>
            <td class="ng-binding">xxx-xx-6705</td>
            <td class="ng-binding">(800) 555-3888</td>
            <td class="ng-binding">5/12/1996</td>
            <td class="ng-binding">High</td>
            <td>
            	<select class="form-control" style="width: 180px;" id="vet_890393">
            		<option value=""></option>
            		<!-- ngRepeat: outreachStatus in outreachStatusList --><option ng-repeat="outreachStatus in outreachStatusList" value="1" class="ng-binding ng-scope">Not Contacted</option><!-- end ngRepeat: outreachStatus in outreachStatusList --><option ng-repeat="outreachStatus in outreachStatusList" value="2" class="ng-binding ng-scope">Outreach Initiated</option><!-- end ngRepeat: outreachStatus in outreachStatusList --><option ng-repeat="outreachStatus in outreachStatusList" value="3" class="ng-binding ng-scope">Outreach Attempted - No Response</option><!-- end ngRepeat: outreachStatus in outreachStatusList --><option ng-repeat="outreachStatus in outreachStatusList" value="4" class="ng-binding ng-scope">Services Refused</option><!-- end ngRepeat: outreachStatus in outreachStatusList --><option ng-repeat="outreachStatus in outreachStatusList" value="5" class="ng-binding ng-scope">No Additional Outreach Required</option><!-- end ngRepeat: outreachStatus in outreachStatusList -->
            	</select> 
            </td>
            <!--<td>{{ veteran.OutreachStatus }}</td>-->
        </tr><!-- end ngRepeat: veteran in veteranList --><tr ng-repeat="veteran in veteranList" class="ng-scope">
            <td class="ng-binding"></td>
            <td class="ng-binding">xxx-xx-2974</td>
            <td class="ng-binding">(800) 555-6308</td>
            <td class="ng-binding">8/29/2008</td>
            <td class="ng-binding">High</td>
            <td>
            	<select class="form-control" style="width: 180px;" id="vet_894498">
            		<option value=""></option>
            		<!-- ngRepeat: outreachStatus in outreachStatusList --><option ng-repeat="outreachStatus in outreachStatusList" value="1" class="ng-binding ng-scope">Not Contacted</option><!-- end ngRepeat: outreachStatus in outreachStatusList --><option ng-repeat="outreachStatus in outreachStatusList" value="2" class="ng-binding ng-scope">Outreach Initiated</option><!-- end ngRepeat: outreachStatus in outreachStatusList --><option ng-repeat="outreachStatus in outreachStatusList" value="3" class="ng-binding ng-scope">Outreach Attempted - No Response</option><!-- end ngRepeat: outreachStatus in outreachStatusList --><option ng-repeat="outreachStatus in outreachStatusList" value="4" class="ng-binding ng-scope">Services Refused</option><!-- end ngRepeat: outreachStatus in outreachStatusList --><option ng-repeat="outreachStatus in outreachStatusList" value="5" class="ng-binding ng-scope">No Additional Outreach Required</option><!-- end ngRepeat: outreachStatus in outreachStatusList -->
            	</select> 
            </td>
            <!--<td>{{ veteran.OutreachStatus }}</td>-->
        </tr><!-- end ngRepeat: veteran in veteranList --><tr ng-repeat="veteran in veteranList" class="ng-scope">
            <td class="ng-binding"></td>
            <td class="ng-binding">xxx-xx-0849</td>
            <td class="ng-binding">(800) 555-7588</td>
            <td class="ng-binding">2/18/2011</td>
            <td class="ng-binding">High</td>
            <td>
            	<select class="form-control" style="width: 180px;" id="vet_894877">
            		<option value=""></option>
            		<!-- ngRepeat: outreachStatus in outreachStatusList --><option ng-repeat="outreachStatus in outreachStatusList" value="1" class="ng-binding ng-scope">Not Contacted</option><!-- end ngRepeat: outreachStatus in outreachStatusList --><option ng-repeat="outreachStatus in outreachStatusList" value="2" class="ng-binding ng-scope">Outreach Initiated</option><!-- end ngRepeat: outreachStatus in outreachStatusList --><option ng-repeat="outreachStatus in outreachStatusList" value="3" class="ng-binding ng-scope">Outreach Attempted - No Response</option><!-- end ngRepeat: outreachStatus in outreachStatusList --><option ng-repeat="outreachStatus in outreachStatusList" value="4" class="ng-binding ng-scope">Services Refused</option><!-- end ngRepeat: outreachStatus in outreachStatusList --><option ng-repeat="outreachStatus in outreachStatusList" value="5" class="ng-binding ng-scope">No Additional Outreach Required</option><!-- end ngRepeat: outreachStatus in outreachStatusList -->
            	</select> 
            </td>
            <!--<td>{{ veteran.OutreachStatus }}</td>-->
        </tr><!-- end ngRepeat: veteran in veteranList --><tr ng-repeat="veteran in veteranList" class="ng-scope">
            <td class="ng-binding"></td>
            <td class="ng-binding">xxx-xx-6475</td>
            <td class="ng-binding">(800) 555-6488</td>
            <td class="ng-binding">7/23/2014</td>
            <td class="ng-binding">High</td>
            <td>
            	<select class="form-control" style="width: 180px;" id="vet_897608">
            		<option value=""></option>
            		<!-- ngRepeat: outreachStatus in outreachStatusList --><option ng-repeat="outreachStatus in outreachStatusList" value="1" class="ng-binding ng-scope">Not Contacted</option><!-- end ngRepeat: outreachStatus in outreachStatusList --><option ng-repeat="outreachStatus in outreachStatusList" value="2" class="ng-binding ng-scope">Outreach Initiated</option><!-- end ngRepeat: outreachStatus in outreachStatusList --><option ng-repeat="outreachStatus in outreachStatusList" value="3" class="ng-binding ng-scope">Outreach Attempted - No Response</option><!-- end ngRepeat: outreachStatus in outreachStatusList --><option ng-repeat="outreachStatus in outreachStatusList" value="4" class="ng-binding ng-scope">Services Refused</option><!-- end ngRepeat: outreachStatus in outreachStatusList --><option ng-repeat="outreachStatus in outreachStatusList" value="5" class="ng-binding ng-scope">No Additional Outreach Required</option><!-- end ngRepeat: outreachStatus in outreachStatusList -->
            	</select> 
            </td>
            <!--<td>{{ veteran.OutreachStatus }}</td>-->
        </tr><!-- end ngRepeat: veteran in veteranList --><tr ng-repeat="veteran in veteranList" class="ng-scope">
            <td class="ng-binding"></td>
            <td class="ng-binding">xxx-xx-2816</td>
            <td class="ng-binding">(800) 555-8654</td>
            <td class="ng-binding">7/28/1998</td>
            <td class="ng-binding">High</td>
            <td>
            	<select class="form-control" style="width: 180px;" id="vet_930323">
            		<option value=""></option>
            		<!-- ngRepeat: outreachStatus in outreachStatusList --><option ng-repeat="outreachStatus in outreachStatusList" value="1" class="ng-binding ng-scope">Not Contacted</option><!-- end ngRepeat: outreachStatus in outreachStatusList --><option ng-repeat="outreachStatus in outreachStatusList" value="2" class="ng-binding ng-scope">Outreach Initiated</option><!-- end ngRepeat: outreachStatus in outreachStatusList --><option ng-repeat="outreachStatus in outreachStatusList" value="3" class="ng-binding ng-scope">Outreach Attempted - No Response</option><!-- end ngRepeat: outreachStatus in outreachStatusList --><option ng-repeat="outreachStatus in outreachStatusList" value="4" class="ng-binding ng-scope">Services Refused</option><!-- end ngRepeat: outreachStatus in outreachStatusList --><option ng-repeat="outreachStatus in outreachStatusList" value="5" class="ng-binding ng-scope">No Additional Outreach Required</option><!-- end ngRepeat: outreachStatus in outreachStatusList -->
            	</select> 
            </td>
            <!--<td>{{ veteran.OutreachStatus }}</td>-->
        </tr><!-- end ngRepeat: veteran in veteranList --><tr ng-repeat="veteran in veteranList" class="ng-scope">
            <td class="ng-binding"></td>
            <td class="ng-binding">xxx-xx-0274</td>
            <td class="ng-binding">(800) 555-9138</td>
            <td class="ng-binding">7/4/2004</td>
            <td class="ng-binding">High</td>
            <td>
            	<select class="form-control" style="width: 180px;" id="vet_930336">
            		<option value=""></option>
            		<!-- ngRepeat: outreachStatus in outreachStatusList --><option ng-repeat="outreachStatus in outreachStatusList" value="1" class="ng-binding ng-scope">Not Contacted</option><!-- end ngRepeat: outreachStatus in outreachStatusList --><option ng-repeat="outreachStatus in outreachStatusList" value="2" class="ng-binding ng-scope">Outreach Initiated</option><!-- end ngRepeat: outreachStatus in outreachStatusList --><option ng-repeat="outreachStatus in outreachStatusList" value="3" class="ng-binding ng-scope">Outreach Attempted - No Response</option><!-- end ngRepeat: outreachStatus in outreachStatusList --><option ng-repeat="outreachStatus in outreachStatusList" value="4" class="ng-binding ng-scope">Services Refused</option><!-- end ngRepeat: outreachStatus in outreachStatusList --><option ng-repeat="outreachStatus in outreachStatusList" value="5" class="ng-binding ng-scope">No Additional Outreach Required</option><!-- end ngRepeat: outreachStatus in outreachStatusList -->
            	</select> 
            </td>
            <!--<td>{{ veteran.OutreachStatus }}</td>-->
        </tr><!-- end ngRepeat: veteran in veteranList --><tr ng-repeat="veteran in veteranList" class="ng-scope">
            <td class="ng-binding"></td>
            <td class="ng-binding">xxx-xx-8727</td>
            <td class="ng-binding">(800) 555-0199</td>
            <td class="ng-binding">1/16/2014</td>
            <td class="ng-binding">High</td>
            <td>
            	<select class="form-control" style="width: 180px;" id="vet_931568">
            		<option value=""></option>
            		<!-- ngRepeat: outreachStatus in outreachStatusList --><option ng-repeat="outreachStatus in outreachStatusList" value="1" class="ng-binding ng-scope">Not Contacted</option><!-- end ngRepeat: outreachStatus in outreachStatusList --><option ng-repeat="outreachStatus in outreachStatusList" value="2" class="ng-binding ng-scope">Outreach Initiated</option><!-- end ngRepeat: outreachStatus in outreachStatusList --><option ng-repeat="outreachStatus in outreachStatusList" value="3" class="ng-binding ng-scope">Outreach Attempted - No Response</option><!-- end ngRepeat: outreachStatus in outreachStatusList --><option ng-repeat="outreachStatus in outreachStatusList" value="4" class="ng-binding ng-scope">Services Refused</option><!-- end ngRepeat: outreachStatus in outreachStatusList --><option ng-repeat="outreachStatus in outreachStatusList" value="5" class="ng-binding ng-scope">No Additional Outreach Required</option><!-- end ngRepeat: outreachStatus in outreachStatusList -->
            	</select> 
            </td>
            <!--<td>{{ veteran.OutreachStatus }}</td>-->
        </tr><!-- end ngRepeat: veteran in veteranList --><tr ng-repeat="veteran in veteranList" class="ng-scope">
            <td class="ng-binding"></td>
            <td class="ng-binding">xxx-xx-7725</td>
            <td class="ng-binding">(800) 555-9593</td>
            <td class="ng-binding">8/28/1996</td>
            <td class="ng-binding">High</td>
            <td>
            	<select class="form-control" style="width: 180px;" id="vet_932216">
            		<option value=""></option>
            		<!-- ngRepeat: outreachStatus in outreachStatusList --><option ng-repeat="outreachStatus in outreachStatusList" value="1" class="ng-binding ng-scope">Not Contacted</option><!-- end ngRepeat: outreachStatus in outreachStatusList --><option ng-repeat="outreachStatus in outreachStatusList" value="2" class="ng-binding ng-scope">Outreach Initiated</option><!-- end ngRepeat: outreachStatus in outreachStatusList --><option ng-repeat="outreachStatus in outreachStatusList" value="3" class="ng-binding ng-scope">Outreach Attempted - No Response</option><!-- end ngRepeat: outreachStatus in outreachStatusList --><option ng-repeat="outreachStatus in outreachStatusList" value="4" class="ng-binding ng-scope">Services Refused</option><!-- end ngRepeat: outreachStatus in outreachStatusList --><option ng-repeat="outreachStatus in outreachStatusList" value="5" class="ng-binding ng-scope">No Additional Outreach Required</option><!-- end ngRepeat: outreachStatus in outreachStatusList -->
            	</select> 
            </td>
            <!--<td>{{ veteran.OutreachStatus }}</td>-->
        </tr><!-- end ngRepeat: veteran in veteranList --><tr ng-repeat="veteran in veteranList" class="ng-scope">
            <td class="ng-binding"></td>
            <td class="ng-binding">xxx-xx-3263</td>
            <td class="ng-binding">(800) 555-8736</td>
            <td class="ng-binding">7/6/2008</td>
            <td class="ng-binding">High</td>
            <td>
            	<select class="form-control" style="width: 180px;" id="vet_934655">
            		<option value=""></option>
            		<!-- ngRepeat: outreachStatus in outreachStatusList --><option ng-repeat="outreachStatus in outreachStatusList" value="1" class="ng-binding ng-scope">Not Contacted</option><!-- end ngRepeat: outreachStatus in outreachStatusList --><option ng-repeat="outreachStatus in outreachStatusList" value="2" class="ng-binding ng-scope">Outreach Initiated</option><!-- end ngRepeat: outreachStatus in outreachStatusList --><option ng-repeat="outreachStatus in outreachStatusList" value="3" class="ng-binding ng-scope">Outreach Attempted - No Response</option><!-- end ngRepeat: outreachStatus in outreachStatusList --><option ng-repeat="outreachStatus in outreachStatusList" value="4" class="ng-binding ng-scope">Services Refused</option><!-- end ngRepeat: outreachStatus in outreachStatusList --><option ng-repeat="outreachStatus in outreachStatusList" value="5" class="ng-binding ng-scope">No Additional Outreach Required</option><!-- end ngRepeat: outreachStatus in outreachStatusList -->
            	</select> 
            </td>
            <!--<td>{{ veteran.OutreachStatus }}</td>-->
        </tr><!-- end ngRepeat: veteran in veteranList --><tr ng-repeat="veteran in veteranList" class="ng-scope">
            <td class="ng-binding"></td>
            <td class="ng-binding">xxx-xx-5874</td>
            <td class="ng-binding">(800) 555-7716</td>
            <td class="ng-binding">10/11/2013</td>
            <td class="ng-binding">High</td>
            <td>
            	<select class="form-control" style="width: 180px;" id="vet_934742">
            		<option value=""></option>
            		<!-- ngRepeat: outreachStatus in outreachStatusList --><option ng-repeat="outreachStatus in outreachStatusList" value="1" class="ng-binding ng-scope">Not Contacted</option><!-- end ngRepeat: outreachStatus in outreachStatusList --><option ng-repeat="outreachStatus in outreachStatusList" value="2" class="ng-binding ng-scope">Outreach Initiated</option><!-- end ngRepeat: outreachStatus in outreachStatusList --><option ng-repeat="outreachStatus in outreachStatusList" value="3" class="ng-binding ng-scope">Outreach Attempted - No Response</option><!-- end ngRepeat: outreachStatus in outreachStatusList --><option ng-repeat="outreachStatus in outreachStatusList" value="4" class="ng-binding ng-scope">Services Refused</option><!-- end ngRepeat: outreachStatus in outreachStatusList --><option ng-repeat="outreachStatus in outreachStatusList" value="5" class="ng-binding ng-scope">No Additional Outreach Required</option><!-- end ngRepeat: outreachStatus in outreachStatusList -->
            	</select> 
            </td>
            <!--<td>{{ veteran.OutreachStatus }}</td>-->
        </tr><!-- end ngRepeat: veteran in veteranList --><tr ng-repeat="veteran in veteranList" class="ng-scope">
            <td class="ng-binding"></td>
            <td class="ng-binding">xxx-xx-2526</td>
            <td class="ng-binding">(800) 555-9760</td>
            <td class="ng-binding">2/23/2010</td>
            <td class="ng-binding">High</td>
            <td>
            	<select class="form-control" style="width: 180px;" id="vet_935157">
            		<option value=""></option>
            		<!-- ngRepeat: outreachStatus in outreachStatusList --><option ng-repeat="outreachStatus in outreachStatusList" value="1" class="ng-binding ng-scope">Not Contacted</option><!-- end ngRepeat: outreachStatus in outreachStatusList --><option ng-repeat="outreachStatus in outreachStatusList" value="2" class="ng-binding ng-scope">Outreach Initiated</option><!-- end ngRepeat: outreachStatus in outreachStatusList --><option ng-repeat="outreachStatus in outreachStatusList" value="3" class="ng-binding ng-scope">Outreach Attempted - No Response</option><!-- end ngRepeat: outreachStatus in outreachStatusList --><option ng-repeat="outreachStatus in outreachStatusList" value="4" class="ng-binding ng-scope">Services Refused</option><!-- end ngRepeat: outreachStatus in outreachStatusList --><option ng-repeat="outreachStatus in outreachStatusList" value="5" class="ng-binding ng-scope">No Additional Outreach Required</option><!-- end ngRepeat: outreachStatus in outreachStatusList -->
            	</select> 
            </td>
            <!--<td>{{ veteran.OutreachStatus }}</td>-->
        </tr><!-- end ngRepeat: veteran in veteranList --><tr ng-repeat="veteran in veteranList" class="ng-scope">
            <td class="ng-binding"></td>
            <td class="ng-binding">xxx-xx-4121</td>
            <td class="ng-binding">(800) 555-0694</td>
            <td class="ng-binding">7/17/1997</td>
            <td class="ng-binding">High</td>
            <td>
            	<select class="form-control" style="width: 180px;" id="vet_935484">
            		<option value=""></option>
            		<!-- ngRepeat: outreachStatus in outreachStatusList --><option ng-repeat="outreachStatus in outreachStatusList" value="1" class="ng-binding ng-scope">Not Contacted</option><!-- end ngRepeat: outreachStatus in outreachStatusList --><option ng-repeat="outreachStatus in outreachStatusList" value="2" class="ng-binding ng-scope">Outreach Initiated</option><!-- end ngRepeat: outreachStatus in outreachStatusList --><option ng-repeat="outreachStatus in outreachStatusList" value="3" class="ng-binding ng-scope">Outreach Attempted - No Response</option><!-- end ngRepeat: outreachStatus in outreachStatusList --><option ng-repeat="outreachStatus in outreachStatusList" value="4" class="ng-binding ng-scope">Services Refused</option><!-- end ngRepeat: outreachStatus in outreachStatusList --><option ng-repeat="outreachStatus in outreachStatusList" value="5" class="ng-binding ng-scope">No Additional Outreach Required</option><!-- end ngRepeat: outreachStatus in outreachStatusList -->
            	</select> 
            </td>
            <!--<td>{{ veteran.OutreachStatus }}</td>-->
        </tr><!-- end ngRepeat: veteran in veteranList --><tr ng-repeat="veteran in veteranList" class="ng-scope">
            <td class="ng-binding"></td>
            <td class="ng-binding">xxx-xx-5849</td>
            <td class="ng-binding">(800) 555-1492</td>
            <td class="ng-binding">10/6/2001</td>
            <td class="ng-binding">High</td>
            <td>
            	<select class="form-control" style="width: 180px;" id="vet_936607">
            		<option value=""></option>
            		<!-- ngRepeat: outreachStatus in outreachStatusList --><option ng-repeat="outreachStatus in outreachStatusList" value="1" class="ng-binding ng-scope">Not Contacted</option><!-- end ngRepeat: outreachStatus in outreachStatusList --><option ng-repeat="outreachStatus in outreachStatusList" value="2" class="ng-binding ng-scope">Outreach Initiated</option><!-- end ngRepeat: outreachStatus in outreachStatusList --><option ng-repeat="outreachStatus in outreachStatusList" value="3" class="ng-binding ng-scope">Outreach Attempted - No Response</option><!-- end ngRepeat: outreachStatus in outreachStatusList --><option ng-repeat="outreachStatus in outreachStatusList" value="4" class="ng-binding ng-scope">Services Refused</option><!-- end ngRepeat: outreachStatus in outreachStatusList --><option ng-repeat="outreachStatus in outreachStatusList" value="5" class="ng-binding ng-scope">No Additional Outreach Required</option><!-- end ngRepeat: outreachStatus in outreachStatusList -->
            	</select> 
            </td>
            <!--<td>{{ veteran.OutreachStatus }}</td>-->
        </tr><!-- end ngRepeat: veteran in veteranList --><tr ng-repeat="veteran in veteranList" class="ng-scope">
            <td class="ng-binding"></td>
            <td class="ng-binding">xxx-xx-4298</td>
            <td class="ng-binding">(800) 555-6461</td>
            <td class="ng-binding">8/27/2012</td>
            <td class="ng-binding">High</td>
            <td>
            	<select class="form-control" style="width: 180px;" id="vet_938024">
            		<option value=""></option>
            		<!-- ngRepeat: outreachStatus in outreachStatusList --><option ng-repeat="outreachStatus in outreachStatusList" value="1" class="ng-binding ng-scope">Not Contacted</option><!-- end ngRepeat: outreachStatus in outreachStatusList --><option ng-repeat="outreachStatus in outreachStatusList" value="2" class="ng-binding ng-scope">Outreach Initiated</option><!-- end ngRepeat: outreachStatus in outreachStatusList --><option ng-repeat="outreachStatus in outreachStatusList" value="3" class="ng-binding ng-scope">Outreach Attempted - No Response</option><!-- end ngRepeat: outreachStatus in outreachStatusList --><option ng-repeat="outreachStatus in outreachStatusList" value="4" class="ng-binding ng-scope">Services Refused</option><!-- end ngRepeat: outreachStatus in outreachStatusList --><option ng-repeat="outreachStatus in outreachStatusList" value="5" class="ng-binding ng-scope">No Additional Outreach Required</option><!-- end ngRepeat: outreachStatus in outreachStatusList -->
            	</select> 
            </td>
            <!--<td>{{ veteran.OutreachStatus }}</td>-->
        </tr><!-- end ngRepeat: veteran in veteranList --><tr ng-repeat="veteran in veteranList" class="ng-scope">
            <td class="ng-binding"></td>
            <td class="ng-binding">xxx-xx-9837</td>
            <td class="ng-binding">(800) 555-1924</td>
            <td class="ng-binding">3/22/2007</td>
            <td class="ng-binding">High</td>
            <td>
            	<select class="form-control" style="width: 180px;" id="vet_973878">
            		<option value=""></option>
            		<!-- ngRepeat: outreachStatus in outreachStatusList --><option ng-repeat="outreachStatus in outreachStatusList" value="1" class="ng-binding ng-scope">Not Contacted</option><!-- end ngRepeat: outreachStatus in outreachStatusList --><option ng-repeat="outreachStatus in outreachStatusList" value="2" class="ng-binding ng-scope">Outreach Initiated</option><!-- end ngRepeat: outreachStatus in outreachStatusList --><option ng-repeat="outreachStatus in outreachStatusList" value="3" class="ng-binding ng-scope">Outreach Attempted - No Response</option><!-- end ngRepeat: outreachStatus in outreachStatusList --><option ng-repeat="outreachStatus in outreachStatusList" value="4" class="ng-binding ng-scope">Services Refused</option><!-- end ngRepeat: outreachStatus in outreachStatusList --><option ng-repeat="outreachStatus in outreachStatusList" value="5" class="ng-binding ng-scope">No Additional Outreach Required</option><!-- end ngRepeat: outreachStatus in outreachStatusList -->
            	</select> 
            </td>
            <!--<td>{{ veteran.OutreachStatus }}</td>-->
        </tr><!-- end ngRepeat: veteran in veteranList --><tr ng-repeat="veteran in veteranList" class="ng-scope">
            <td class="ng-binding"></td>
            <td class="ng-binding">xxx-xx-7522</td>
            <td class="ng-binding">(800) 555-8043</td>
            <td class="ng-binding">11/11/2000</td>
            <td class="ng-binding">High</td>
            <td>
            	<select class="form-control" style="width: 180px;" id="vet_979167">
            		<option value=""></option>
            		<!-- ngRepeat: outreachStatus in outreachStatusList --><option ng-repeat="outreachStatus in outreachStatusList" value="1" class="ng-binding ng-scope">Not Contacted</option><!-- end ngRepeat: outreachStatus in outreachStatusList --><option ng-repeat="outreachStatus in outreachStatusList" value="2" class="ng-binding ng-scope">Outreach Initiated</option><!-- end ngRepeat: outreachStatus in outreachStatusList --><option ng-repeat="outreachStatus in outreachStatusList" value="3" class="ng-binding ng-scope">Outreach Attempted - No Response</option><!-- end ngRepeat: outreachStatus in outreachStatusList --><option ng-repeat="outreachStatus in outreachStatusList" value="4" class="ng-binding ng-scope">Services Refused</option><!-- end ngRepeat: outreachStatus in outreachStatusList --><option ng-repeat="outreachStatus in outreachStatusList" value="5" class="ng-binding ng-scope">No Additional Outreach Required</option><!-- end ngRepeat: outreachStatus in outreachStatusList -->
            	</select> 
            </td>
            <!--<td>{{ veteran.OutreachStatus }}</td>-->
        </tr><!-- end ngRepeat: veteran in veteranList --><tr ng-repeat="veteran in veteranList" class="ng-scope">
            <td class="ng-binding"></td>
            <td class="ng-binding">xxx-xx-9461</td>
            <td class="ng-binding">(800) 555-4724</td>
            <td class="ng-binding">7/12/1999</td>
            <td class="ng-binding">High</td>
            <td>
            	<select class="form-control" style="width: 180px;" id="vet_979236">
            		<option value=""></option>
            		<!-- ngRepeat: outreachStatus in outreachStatusList --><option ng-repeat="outreachStatus in outreachStatusList" value="1" class="ng-binding ng-scope">Not Contacted</option><!-- end ngRepeat: outreachStatus in outreachStatusList --><option ng-repeat="outreachStatus in outreachStatusList" value="2" class="ng-binding ng-scope">Outreach Initiated</option><!-- end ngRepeat: outreachStatus in outreachStatusList --><option ng-repeat="outreachStatus in outreachStatusList" value="3" class="ng-binding ng-scope">Outreach Attempted - No Response</option><!-- end ngRepeat: outreachStatus in outreachStatusList --><option ng-repeat="outreachStatus in outreachStatusList" value="4" class="ng-binding ng-scope">Services Refused</option><!-- end ngRepeat: outreachStatus in outreachStatusList --><option ng-repeat="outreachStatus in outreachStatusList" value="5" class="ng-binding ng-scope">No Additional Outreach Required</option><!-- end ngRepeat: outreachStatus in outreachStatusList -->
            	</select> 
            </td>
            <!--<td>{{ veteran.OutreachStatus }}</td>-->
        </tr><!-- end ngRepeat: veteran in veteranList --><tr ng-repeat="veteran in veteranList" class="ng-scope">
            <td class="ng-binding"></td>
            <td class="ng-binding">xxx-xx-9474</td>
            <td class="ng-binding">(800) 555-0359</td>
            <td class="ng-binding">5/18/2011</td>
            <td class="ng-binding">High</td>
            <td>
            	<select class="form-control" style="width: 180px;" id="vet_336201">
            		<option value=""></option>
            		<!-- ngRepeat: outreachStatus in outreachStatusList --><option ng-repeat="outreachStatus in outreachStatusList" value="1" class="ng-binding ng-scope">Not Contacted</option><!-- end ngRepeat: outreachStatus in outreachStatusList --><option ng-repeat="outreachStatus in outreachStatusList" value="2" class="ng-binding ng-scope">Outreach Initiated</option><!-- end ngRepeat: outreachStatus in outreachStatusList --><option ng-repeat="outreachStatus in outreachStatusList" value="3" class="ng-binding ng-scope">Outreach Attempted - No Response</option><!-- end ngRepeat: outreachStatus in outreachStatusList --><option ng-repeat="outreachStatus in outreachStatusList" value="4" class="ng-binding ng-scope">Services Refused</option><!-- end ngRepeat: outreachStatus in outreachStatusList --><option ng-repeat="outreachStatus in outreachStatusList" value="5" class="ng-binding ng-scope">No Additional Outreach Required</option><!-- end ngRepeat: outreachStatus in outreachStatusList -->
            	</select> 
            </td>
            <!--<td>{{ veteran.OutreachStatus }}</td>-->
        </tr><!-- end ngRepeat: veteran in veteranList --><tr ng-repeat="veteran in veteranList" class="ng-scope">
            <td class="ng-binding"></td>
            <td class="ng-binding">xxx-xx-9440</td>
            <td class="ng-binding">(800) 555-0921</td>
            <td class="ng-binding">4/24/2006</td>
            <td class="ng-binding">High</td>
            <td>
            	<select class="form-control" style="width: 180px;" id="vet_339612">
            		<option value=""></option>
            		<!-- ngRepeat: outreachStatus in outreachStatusList --><option ng-repeat="outreachStatus in outreachStatusList" value="1" class="ng-binding ng-scope">Not Contacted</option><!-- end ngRepeat: outreachStatus in outreachStatusList --><option ng-repeat="outreachStatus in outreachStatusList" value="2" class="ng-binding ng-scope">Outreach Initiated</option><!-- end ngRepeat: outreachStatus in outreachStatusList --><option ng-repeat="outreachStatus in outreachStatusList" value="3" class="ng-binding ng-scope">Outreach Attempted - No Response</option><!-- end ngRepeat: outreachStatus in outreachStatusList --><option ng-repeat="outreachStatus in outreachStatusList" value="4" class="ng-binding ng-scope">Services Refused</option><!-- end ngRepeat: outreachStatus in outreachStatusList --><option ng-repeat="outreachStatus in outreachStatusList" value="5" class="ng-binding ng-scope">No Additional Outreach Required</option><!-- end ngRepeat: outreachStatus in outreachStatusList -->
            	</select> 
            </td>
            <!--<td>{{ veteran.OutreachStatus }}</td>-->
        </tr><!-- end ngRepeat: veteran in veteranList --><tr ng-repeat="veteran in veteranList" class="ng-scope">
            <td class="ng-binding"></td>
            <td class="ng-binding">xxx-xx-2171</td>
            <td class="ng-binding">(800) 555-8433</td>
            <td class="ng-binding">5/14/2007</td>
            <td class="ng-binding">High</td>
            <td>
            	<select class="form-control" style="width: 180px;" id="vet_379990">
            		<option value=""></option>
            		<!-- ngRepeat: outreachStatus in outreachStatusList --><option ng-repeat="outreachStatus in outreachStatusList" value="1" class="ng-binding ng-scope">Not Contacted</option><!-- end ngRepeat: outreachStatus in outreachStatusList --><option ng-repeat="outreachStatus in outreachStatusList" value="2" class="ng-binding ng-scope">Outreach Initiated</option><!-- end ngRepeat: outreachStatus in outreachStatusList --><option ng-repeat="outreachStatus in outreachStatusList" value="3" class="ng-binding ng-scope">Outreach Attempted - No Response</option><!-- end ngRepeat: outreachStatus in outreachStatusList --><option ng-repeat="outreachStatus in outreachStatusList" value="4" class="ng-binding ng-scope">Services Refused</option><!-- end ngRepeat: outreachStatus in outreachStatusList --><option ng-repeat="outreachStatus in outreachStatusList" value="5" class="ng-binding ng-scope">No Additional Outreach Required</option><!-- end ngRepeat: outreachStatus in outreachStatusList -->
            	</select> 
            </td>
            <!--<td>{{ veteran.OutreachStatus }}</td>-->
        </tr><!-- end ngRepeat: veteran in veteranList --><tr ng-repeat="veteran in veteranList" class="ng-scope">
            <td class="ng-binding"></td>
            <td class="ng-binding">xxx-xx-7889</td>
            <td class="ng-binding">(800) 555-4067</td>
            <td class="ng-binding">3/24/2009</td>
            <td class="ng-binding">High</td>
            <td>
            	<select class="form-control" style="width: 180px;" id="vet_383507">
            		<option value=""></option>
            		<!-- ngRepeat: outreachStatus in outreachStatusList --><option ng-repeat="outreachStatus in outreachStatusList" value="1" class="ng-binding ng-scope">Not Contacted</option><!-- end ngRepeat: outreachStatus in outreachStatusList --><option ng-repeat="outreachStatus in outreachStatusList" value="2" class="ng-binding ng-scope">Outreach Initiated</option><!-- end ngRepeat: outreachStatus in outreachStatusList --><option ng-repeat="outreachStatus in outreachStatusList" value="3" class="ng-binding ng-scope">Outreach Attempted - No Response</option><!-- end ngRepeat: outreachStatus in outreachStatusList --><option ng-repeat="outreachStatus in outreachStatusList" value="4" class="ng-binding ng-scope">Services Refused</option><!-- end ngRepeat: outreachStatus in outreachStatusList --><option ng-repeat="outreachStatus in outreachStatusList" value="5" class="ng-binding ng-scope">No Additional Outreach Required</option><!-- end ngRepeat: outreachStatus in outreachStatusList -->
            	</select> 
            </td>
            <!--<td>{{ veteran.OutreachStatus }}</td>-->
        </tr><!-- end ngRepeat: veteran in veteranList --><tr ng-repeat="veteran in veteranList" class="ng-scope">
            <td class="ng-binding"></td>
            <td class="ng-binding">xxx-xx-8600</td>
            <td class="ng-binding">(800) 555-2379</td>
            <td class="ng-binding">5/2/2013</td>
            <td class="ng-binding">High</td>
            <td>
            	<select class="form-control" style="width: 180px;" id="vet_383730">
            		<option value=""></option>
            		<!-- ngRepeat: outreachStatus in outreachStatusList --><option ng-repeat="outreachStatus in outreachStatusList" value="1" class="ng-binding ng-scope">Not Contacted</option><!-- end ngRepeat: outreachStatus in outreachStatusList --><option ng-repeat="outreachStatus in outreachStatusList" value="2" class="ng-binding ng-scope">Outreach Initiated</option><!-- end ngRepeat: outreachStatus in outreachStatusList --><option ng-repeat="outreachStatus in outreachStatusList" value="3" class="ng-binding ng-scope">Outreach Attempted - No Response</option><!-- end ngRepeat: outreachStatus in outreachStatusList --><option ng-repeat="outreachStatus in outreachStatusList" value="4" class="ng-binding ng-scope">Services Refused</option><!-- end ngRepeat: outreachStatus in outreachStatusList --><option ng-repeat="outreachStatus in outreachStatusList" value="5" class="ng-binding ng-scope">No Additional Outreach Required</option><!-- end ngRepeat: outreachStatus in outreachStatusList -->
            	</select> 
            </td>
            <!--<td>{{ veteran.OutreachStatus }}</td>-->
        </tr><!-- end ngRepeat: veteran in veteranList --><tr ng-repeat="veteran in veteranList" class="ng-scope">
            <td class="ng-binding"></td>
            <td class="ng-binding">xxx-xx-7596</td>
            <td class="ng-binding">(800) 555-3555</td>
            <td class="ng-binding">6/4/2004</td>
            <td class="ng-binding">High</td>
            <td>
            	<select class="form-control" style="width: 180px;" id="vet_386007">
            		<option value=""></option>
            		<!-- ngRepeat: outreachStatus in outreachStatusList --><option ng-repeat="outreachStatus in outreachStatusList" value="1" class="ng-binding ng-scope">Not Contacted</option><!-- end ngRepeat: outreachStatus in outreachStatusList --><option ng-repeat="outreachStatus in outreachStatusList" value="2" class="ng-binding ng-scope">Outreach Initiated</option><!-- end ngRepeat: outreachStatus in outreachStatusList --><option ng-repeat="outreachStatus in outreachStatusList" value="3" class="ng-binding ng-scope">Outreach Attempted - No Response</option><!-- end ngRepeat: outreachStatus in outreachStatusList --><option ng-repeat="outreachStatus in outreachStatusList" value="4" class="ng-binding ng-scope">Services Refused</option><!-- end ngRepeat: outreachStatus in outreachStatusList --><option ng-repeat="outreachStatus in outreachStatusList" value="5" class="ng-binding ng-scope">No Additional Outreach Required</option><!-- end ngRepeat: outreachStatus in outreachStatusList -->
            	</select> 
            </td>
            <!--<td>{{ veteran.OutreachStatus }}</td>-->
        </tr><!-- end ngRepeat: veteran in veteranList --><tr ng-repeat="veteran in veteranList" class="ng-scope">
            <td class="ng-binding"></td>
            <td class="ng-binding">xxx-xx-3245</td>
            <td class="ng-binding">(800) 555-5153</td>
            <td class="ng-binding">10/12/2011</td>
            <td class="ng-binding">High</td>
            <td>
            	<select class="form-control" style="width: 180px;" id="vet_419660">
            		<option value=""></option>
            		<!-- ngRepeat: outreachStatus in outreachStatusList --><option ng-repeat="outreachStatus in outreachStatusList" value="1" class="ng-binding ng-scope">Not Contacted</option><!-- end ngRepeat: outreachStatus in outreachStatusList --><option ng-repeat="outreachStatus in outreachStatusList" value="2" class="ng-binding ng-scope">Outreach Initiated</option><!-- end ngRepeat: outreachStatus in outreachStatusList --><option ng-repeat="outreachStatus in outreachStatusList" value="3" class="ng-binding ng-scope">Outreach Attempted - No Response</option><!-- end ngRepeat: outreachStatus in outreachStatusList --><option ng-repeat="outreachStatus in outreachStatusList" value="4" class="ng-binding ng-scope">Services Refused</option><!-- end ngRepeat: outreachStatus in outreachStatusList --><option ng-repeat="outreachStatus in outreachStatusList" value="5" class="ng-binding ng-scope">No Additional Outreach Required</option><!-- end ngRepeat: outreachStatus in outreachStatusList -->
            	</select> 
            </td>
            <!--<td>{{ veteran.OutreachStatus }}</td>-->
        </tr><!-- end ngRepeat: veteran in veteranList --><tr ng-repeat="veteran in veteranList" class="ng-scope">
            <td class="ng-binding"></td>
            <td class="ng-binding">xxx-xx-0754</td>
            <td class="ng-binding">(800) 555-7584</td>
            <td class="ng-binding">1/30/2013</td>
            <td class="ng-binding">High</td>
            <td>
            	<select class="form-control" style="width: 180px;" id="vet_420222">
            		<option value=""></option>
            		<!-- ngRepeat: outreachStatus in outreachStatusList --><option ng-repeat="outreachStatus in outreachStatusList" value="1" class="ng-binding ng-scope">Not Contacted</option><!-- end ngRepeat: outreachStatus in outreachStatusList --><option ng-repeat="outreachStatus in outreachStatusList" value="2" class="ng-binding ng-scope">Outreach Initiated</option><!-- end ngRepeat: outreachStatus in outreachStatusList --><option ng-repeat="outreachStatus in outreachStatusList" value="3" class="ng-binding ng-scope">Outreach Attempted - No Response</option><!-- end ngRepeat: outreachStatus in outreachStatusList --><option ng-repeat="outreachStatus in outreachStatusList" value="4" class="ng-binding ng-scope">Services Refused</option><!-- end ngRepeat: outreachStatus in outreachStatusList --><option ng-repeat="outreachStatus in outreachStatusList" value="5" class="ng-binding ng-scope">No Additional Outreach Required</option><!-- end ngRepeat: outreachStatus in outreachStatusList -->
            	</select> 
            </td>
            <!--<td>{{ veteran.OutreachStatus }}</td>-->
        </tr><!-- end ngRepeat: veteran in veteranList --><tr ng-repeat="veteran in veteranList" class="ng-scope">
            <td class="ng-binding"></td>
            <td class="ng-binding">xxx-xx-6829</td>
            <td class="ng-binding">(800) 555-6636</td>
            <td class="ng-binding">1/29/2003</td>
            <td class="ng-binding">High</td>
            <td>
            	<select class="form-control" style="width: 180px;" id="vet_461862">
            		<option value=""></option>
            		<!-- ngRepeat: outreachStatus in outreachStatusList --><option ng-repeat="outreachStatus in outreachStatusList" value="1" class="ng-binding ng-scope">Not Contacted</option><!-- end ngRepeat: outreachStatus in outreachStatusList --><option ng-repeat="outreachStatus in outreachStatusList" value="2" class="ng-binding ng-scope">Outreach Initiated</option><!-- end ngRepeat: outreachStatus in outreachStatusList --><option ng-repeat="outreachStatus in outreachStatusList" value="3" class="ng-binding ng-scope">Outreach Attempted - No Response</option><!-- end ngRepeat: outreachStatus in outreachStatusList --><option ng-repeat="outreachStatus in outreachStatusList" value="4" class="ng-binding ng-scope">Services Refused</option><!-- end ngRepeat: outreachStatus in outreachStatusList --><option ng-repeat="outreachStatus in outreachStatusList" value="5" class="ng-binding ng-scope">No Additional Outreach Required</option><!-- end ngRepeat: outreachStatus in outreachStatusList -->
            	</select> 
            </td>
            <!--<td>{{ veteran.OutreachStatus }}</td>-->
        </tr><!-- end ngRepeat: veteran in veteranList --><tr ng-repeat="veteran in veteranList" class="ng-scope">
            <td class="ng-binding"></td>
            <td class="ng-binding">xxx-xx-7052</td>
            <td class="ng-binding">(800) 555-3292</td>
            <td class="ng-binding">10/30/1996</td>
            <td class="ng-binding">High</td>
            <td>
            	<select class="form-control" style="width: 180px;" id="vet_462683">
            		<option value=""></option>
            		<!-- ngRepeat: outreachStatus in outreachStatusList --><option ng-repeat="outreachStatus in outreachStatusList" value="1" class="ng-binding ng-scope">Not Contacted</option><!-- end ngRepeat: outreachStatus in outreachStatusList --><option ng-repeat="outreachStatus in outreachStatusList" value="2" class="ng-binding ng-scope">Outreach Initiated</option><!-- end ngRepeat: outreachStatus in outreachStatusList --><option ng-repeat="outreachStatus in outreachStatusList" value="3" class="ng-binding ng-scope">Outreach Attempted - No Response</option><!-- end ngRepeat: outreachStatus in outreachStatusList --><option ng-repeat="outreachStatus in outreachStatusList" value="4" class="ng-binding ng-scope">Services Refused</option><!-- end ngRepeat: outreachStatus in outreachStatusList --><option ng-repeat="outreachStatus in outreachStatusList" value="5" class="ng-binding ng-scope">No Additional Outreach Required</option><!-- end ngRepeat: outreachStatus in outreachStatusList -->
            	</select> 
            </td>
            <!--<td>{{ veteran.OutreachStatus }}</td>-->
        </tr><!-- end ngRepeat: veteran in veteranList --><tr ng-repeat="veteran in veteranList" class="ng-scope">
            <td class="ng-binding"></td>
            <td class="ng-binding">xxx-xx-6002</td>
            <td class="ng-binding">(800) 555-3032</td>
            <td class="ng-binding">7/16/1998</td>
            <td class="ng-binding">High</td>
            <td>
            	<select class="form-control" style="width: 180px;" id="vet_503630">
            		<option value=""></option>
            		<!-- ngRepeat: outreachStatus in outreachStatusList --><option ng-repeat="outreachStatus in outreachStatusList" value="1" class="ng-binding ng-scope">Not Contacted</option><!-- end ngRepeat: outreachStatus in outreachStatusList --><option ng-repeat="outreachStatus in outreachStatusList" value="2" class="ng-binding ng-scope">Outreach Initiated</option><!-- end ngRepeat: outreachStatus in outreachStatusList --><option ng-repeat="outreachStatus in outreachStatusList" value="3" class="ng-binding ng-scope">Outreach Attempted - No Response</option><!-- end ngRepeat: outreachStatus in outreachStatusList --><option ng-repeat="outreachStatus in outreachStatusList" value="4" class="ng-binding ng-scope">Services Refused</option><!-- end ngRepeat: outreachStatus in outreachStatusList --><option ng-repeat="outreachStatus in outreachStatusList" value="5" class="ng-binding ng-scope">No Additional Outreach Required</option><!-- end ngRepeat: outreachStatus in outreachStatusList -->
            	</select> 
            </td>
            <!--<td>{{ veteran.OutreachStatus }}</td>-->
        </tr><!-- end ngRepeat: veteran in veteranList --><tr ng-repeat="veteran in veteranList" class="ng-scope">
            <td class="ng-binding"></td>
            <td class="ng-binding">xxx-xx-3546</td>
            <td class="ng-binding">(800) 555-1571</td>
            <td class="ng-binding">8/31/2011</td>
            <td class="ng-binding">High</td>
            <td>
            	<select class="form-control" style="width: 180px;" id="vet_503681">
            		<option value=""></option>
            		<!-- ngRepeat: outreachStatus in outreachStatusList --><option ng-repeat="outreachStatus in outreachStatusList" value="1" class="ng-binding ng-scope">Not Contacted</option><!-- end ngRepeat: outreachStatus in outreachStatusList --><option ng-repeat="outreachStatus in outreachStatusList" value="2" class="ng-binding ng-scope">Outreach Initiated</option><!-- end ngRepeat: outreachStatus in outreachStatusList --><option ng-repeat="outreachStatus in outreachStatusList" value="3" class="ng-binding ng-scope">Outreach Attempted - No Response</option><!-- end ngRepeat: outreachStatus in outreachStatusList --><option ng-repeat="outreachStatus in outreachStatusList" value="4" class="ng-binding ng-scope">Services Refused</option><!-- end ngRepeat: outreachStatus in outreachStatusList --><option ng-repeat="outreachStatus in outreachStatusList" value="5" class="ng-binding ng-scope">No Additional Outreach Required</option><!-- end ngRepeat: outreachStatus in outreachStatusList -->
            	</select> 
            </td>
            <!--<td>{{ veteran.OutreachStatus }}</td>-->
        </tr><!-- end ngRepeat: veteran in veteranList --><tr ng-repeat="veteran in veteranList" class="ng-scope">
            <td class="ng-binding"></td>
            <td class="ng-binding">xxx-xx-6874</td>
            <td class="ng-binding">(800) 555-3463</td>
            <td class="ng-binding">8/22/2000</td>
            <td class="ng-binding">High</td>
            <td>
            	<select class="form-control" style="width: 180px;" id="vet_507058">
            		<option value=""></option>
            		<!-- ngRepeat: outreachStatus in outreachStatusList --><option ng-repeat="outreachStatus in outreachStatusList" value="1" class="ng-binding ng-scope">Not Contacted</option><!-- end ngRepeat: outreachStatus in outreachStatusList --><option ng-repeat="outreachStatus in outreachStatusList" value="2" class="ng-binding ng-scope">Outreach Initiated</option><!-- end ngRepeat: outreachStatus in outreachStatusList --><option ng-repeat="outreachStatus in outreachStatusList" value="3" class="ng-binding ng-scope">Outreach Attempted - No Response</option><!-- end ngRepeat: outreachStatus in outreachStatusList --><option ng-repeat="outreachStatus in outreachStatusList" value="4" class="ng-binding ng-scope">Services Refused</option><!-- end ngRepeat: outreachStatus in outreachStatusList --><option ng-repeat="outreachStatus in outreachStatusList" value="5" class="ng-binding ng-scope">No Additional Outreach Required</option><!-- end ngRepeat: outreachStatus in outreachStatusList -->
            	</select> 
            </td>
            <!--<td>{{ veteran.OutreachStatus }}</td>-->
        </tr><!-- end ngRepeat: veteran in veteranList --><tr ng-repeat="veteran in veteranList" class="ng-scope">
            <td class="ng-binding"></td>
            <td class="ng-binding">xxx-xx-6702</td>
            <td class="ng-binding">(800) 555-3022</td>
            <td class="ng-binding">4/3/2006</td>
            <td class="ng-binding">High</td>
            <td>
            	<select class="form-control" style="width: 180px;" id="vet_508659">
            		<option value=""></option>
            		<!-- ngRepeat: outreachStatus in outreachStatusList --><option ng-repeat="outreachStatus in outreachStatusList" value="1" class="ng-binding ng-scope">Not Contacted</option><!-- end ngRepeat: outreachStatus in outreachStatusList --><option ng-repeat="outreachStatus in outreachStatusList" value="2" class="ng-binding ng-scope">Outreach Initiated</option><!-- end ngRepeat: outreachStatus in outreachStatusList --><option ng-repeat="outreachStatus in outreachStatusList" value="3" class="ng-binding ng-scope">Outreach Attempted - No Response</option><!-- end ngRepeat: outreachStatus in outreachStatusList --><option ng-repeat="outreachStatus in outreachStatusList" value="4" class="ng-binding ng-scope">Services Refused</option><!-- end ngRepeat: outreachStatus in outreachStatusList --><option ng-repeat="outreachStatus in outreachStatusList" value="5" class="ng-binding ng-scope">No Additional Outreach Required</option><!-- end ngRepeat: outreachStatus in outreachStatusList -->
            	</select> 
            </td>
            <!--<td>{{ veteran.OutreachStatus }}</td>-->
        </tr><!-- end ngRepeat: veteran in veteranList --><tr ng-repeat="veteran in veteranList" class="ng-scope">
            <td class="ng-binding"></td>
            <td class="ng-binding">xxx-xx-8405</td>
            <td class="ng-binding">(800) 555-1558</td>
            <td class="ng-binding">6/16/1999</td>
            <td class="ng-binding">High</td>
            <td>
            	<select class="form-control" style="width: 180px;" id="vet_531388">
            		<option value=""></option>
            		<!-- ngRepeat: outreachStatus in outreachStatusList --><option ng-repeat="outreachStatus in outreachStatusList" value="1" class="ng-binding ng-scope">Not Contacted</option><!-- end ngRepeat: outreachStatus in outreachStatusList --><option ng-repeat="outreachStatus in outreachStatusList" value="2" class="ng-binding ng-scope">Outreach Initiated</option><!-- end ngRepeat: outreachStatus in outreachStatusList --><option ng-repeat="outreachStatus in outreachStatusList" value="3" class="ng-binding ng-scope">Outreach Attempted - No Response</option><!-- end ngRepeat: outreachStatus in outreachStatusList --><option ng-repeat="outreachStatus in outreachStatusList" value="4" class="ng-binding ng-scope">Services Refused</option><!-- end ngRepeat: outreachStatus in outreachStatusList --><option ng-repeat="outreachStatus in outreachStatusList" value="5" class="ng-binding ng-scope">No Additional Outreach Required</option><!-- end ngRepeat: outreachStatus in outreachStatusList -->
            	</select> 
            </td>
            <!--<td>{{ veteran.OutreachStatus }}</td>-->
        </tr><!-- end ngRepeat: veteran in veteranList --><tr ng-repeat="veteran in veteranList" class="ng-scope">
            <td class="ng-binding"></td>
            <td class="ng-binding">xxx-xx-0281</td>
            <td class="ng-binding">(800) 555-2216</td>
            <td class="ng-binding">7/29/2000</td>
            <td class="ng-binding">High</td>
            <td>
            	<select class="form-control" style="width: 180px;" id="vet_538209">
            		<option value=""></option>
            		<!-- ngRepeat: outreachStatus in outreachStatusList --><option ng-repeat="outreachStatus in outreachStatusList" value="1" class="ng-binding ng-scope">Not Contacted</option><!-- end ngRepeat: outreachStatus in outreachStatusList --><option ng-repeat="outreachStatus in outreachStatusList" value="2" class="ng-binding ng-scope">Outreach Initiated</option><!-- end ngRepeat: outreachStatus in outreachStatusList --><option ng-repeat="outreachStatus in outreachStatusList" value="3" class="ng-binding ng-scope">Outreach Attempted - No Response</option><!-- end ngRepeat: outreachStatus in outreachStatusList --><option ng-repeat="outreachStatus in outreachStatusList" value="4" class="ng-binding ng-scope">Services Refused</option><!-- end ngRepeat: outreachStatus in outreachStatusList --><option ng-repeat="outreachStatus in outreachStatusList" value="5" class="ng-binding ng-scope">No Additional Outreach Required</option><!-- end ngRepeat: outreachStatus in outreachStatusList -->
            	</select> 
            </td>
            <!--<td>{{ veteran.OutreachStatus }}</td>-->
        </tr><!-- end ngRepeat: veteran in veteranList --><tr ng-repeat="veteran in veteranList" class="ng-scope">
            <td class="ng-binding"></td>
            <td class="ng-binding">xxx-xx-7979</td>
            <td class="ng-binding">(800) 555-3511</td>
            <td class="ng-binding">1/14/2004</td>
            <td class="ng-binding">High</td>
            <td>
            	<select class="form-control" style="width: 180px;" id="vet_583580">
            		<option value=""></option>
            		<!-- ngRepeat: outreachStatus in outreachStatusList --><option ng-repeat="outreachStatus in outreachStatusList" value="1" class="ng-binding ng-scope">Not Contacted</option><!-- end ngRepeat: outreachStatus in outreachStatusList --><option ng-repeat="outreachStatus in outreachStatusList" value="2" class="ng-binding ng-scope">Outreach Initiated</option><!-- end ngRepeat: outreachStatus in outreachStatusList --><option ng-repeat="outreachStatus in outreachStatusList" value="3" class="ng-binding ng-scope">Outreach Attempted - No Response</option><!-- end ngRepeat: outreachStatus in outreachStatusList --><option ng-repeat="outreachStatus in outreachStatusList" value="4" class="ng-binding ng-scope">Services Refused</option><!-- end ngRepeat: outreachStatus in outreachStatusList --><option ng-repeat="outreachStatus in outreachStatusList" value="5" class="ng-binding ng-scope">No Additional Outreach Required</option><!-- end ngRepeat: outreachStatus in outreachStatusList -->
            	</select> 
            </td>
            <!--<td>{{ veteran.OutreachStatus }}</td>-->
        </tr><!-- end ngRepeat: veteran in veteranList --><tr ng-repeat="veteran in veteranList" class="ng-scope">
            <td class="ng-binding"></td>
            <td class="ng-binding">xxx-xx-1438</td>
            <td class="ng-binding">(800) 555-2400</td>
            <td class="ng-binding">1/23/2014</td>
            <td class="ng-binding">High</td>
            <td>
            	<select class="form-control" style="width: 180px;" id="vet_584370">
            		<option value=""></option>
            		<!-- ngRepeat: outreachStatus in outreachStatusList --><option ng-repeat="outreachStatus in outreachStatusList" value="1" class="ng-binding ng-scope">Not Contacted</option><!-- end ngRepeat: outreachStatus in outreachStatusList --><option ng-repeat="outreachStatus in outreachStatusList" value="2" class="ng-binding ng-scope">Outreach Initiated</option><!-- end ngRepeat: outreachStatus in outreachStatusList --><option ng-repeat="outreachStatus in outreachStatusList" value="3" class="ng-binding ng-scope">Outreach Attempted - No Response</option><!-- end ngRepeat: outreachStatus in outreachStatusList --><option ng-repeat="outreachStatus in outreachStatusList" value="4" class="ng-binding ng-scope">Services Refused</option><!-- end ngRepeat: outreachStatus in outreachStatusList --><option ng-repeat="outreachStatus in outreachStatusList" value="5" class="ng-binding ng-scope">No Additional Outreach Required</option><!-- end ngRepeat: outreachStatus in outreachStatusList -->
            	</select> 
            </td>
            <!--<td>{{ veteran.OutreachStatus }}</td>-->
        </tr><!-- end ngRepeat: veteran in veteranList --><tr ng-repeat="veteran in veteranList" class="ng-scope">
            <td class="ng-binding"></td>
            <td class="ng-binding">xxx-xx-4747</td>
            <td class="ng-binding">(800) 555-7448</td>
            <td class="ng-binding">8/31/2006</td>
            <td class="ng-binding">High</td>
            <td>
            	<select class="form-control" style="width: 180px;" id="vet_587016">
            		<option value=""></option>
            		<!-- ngRepeat: outreachStatus in outreachStatusList --><option ng-repeat="outreachStatus in outreachStatusList" value="1" class="ng-binding ng-scope">Not Contacted</option><!-- end ngRepeat: outreachStatus in outreachStatusList --><option ng-repeat="outreachStatus in outreachStatusList" value="2" class="ng-binding ng-scope">Outreach Initiated</option><!-- end ngRepeat: outreachStatus in outreachStatusList --><option ng-repeat="outreachStatus in outreachStatusList" value="3" class="ng-binding ng-scope">Outreach Attempted - No Response</option><!-- end ngRepeat: outreachStatus in outreachStatusList --><option ng-repeat="outreachStatus in outreachStatusList" value="4" class="ng-binding ng-scope">Services Refused</option><!-- end ngRepeat: outreachStatus in outreachStatusList --><option ng-repeat="outreachStatus in outreachStatusList" value="5" class="ng-binding ng-scope">No Additional Outreach Required</option><!-- end ngRepeat: outreachStatus in outreachStatusList -->
            	</select> 
            </td>
            <!--<td>{{ veteran.OutreachStatus }}</td>-->
        </tr><!-- end ngRepeat: veteran in veteranList --><tr ng-repeat="veteran in veteranList" class="ng-scope">
            <td class="ng-binding"></td>
            <td class="ng-binding">xxx-xx-1957</td>
            <td class="ng-binding">(800) 555-0508</td>
            <td class="ng-binding">6/3/2014</td>
            <td class="ng-binding">High</td>
            <td>
            	<select class="form-control" style="width: 180px;" id="vet_627774">
            		<option value=""></option>
            		<!-- ngRepeat: outreachStatus in outreachStatusList --><option ng-repeat="outreachStatus in outreachStatusList" value="1" class="ng-binding ng-scope">Not Contacted</option><!-- end ngRepeat: outreachStatus in outreachStatusList --><option ng-repeat="outreachStatus in outreachStatusList" value="2" class="ng-binding ng-scope">Outreach Initiated</option><!-- end ngRepeat: outreachStatus in outreachStatusList --><option ng-repeat="outreachStatus in outreachStatusList" value="3" class="ng-binding ng-scope">Outreach Attempted - No Response</option><!-- end ngRepeat: outreachStatus in outreachStatusList --><option ng-repeat="outreachStatus in outreachStatusList" value="4" class="ng-binding ng-scope">Services Refused</option><!-- end ngRepeat: outreachStatus in outreachStatusList --><option ng-repeat="outreachStatus in outreachStatusList" value="5" class="ng-binding ng-scope">No Additional Outreach Required</option><!-- end ngRepeat: outreachStatus in outreachStatusList -->
            	</select> 
            </td>
            <!--<td>{{ veteran.OutreachStatus }}</td>-->
        </tr><!-- end ngRepeat: veteran in veteranList --><tr ng-repeat="veteran in veteranList" class="ng-scope">
            <td class="ng-binding"></td>
            <td class="ng-binding">xxx-xx-8086</td>
            <td class="ng-binding">(800) 555-5127</td>
            <td class="ng-binding">11/25/2000</td>
            <td class="ng-binding">High</td>
            <td>
            	<select class="form-control" style="width: 180px;" id="vet_628706">
            		<option value=""></option>
            		<!-- ngRepeat: outreachStatus in outreachStatusList --><option ng-repeat="outreachStatus in outreachStatusList" value="1" class="ng-binding ng-scope">Not Contacted</option><!-- end ngRepeat: outreachStatus in outreachStatusList --><option ng-repeat="outreachStatus in outreachStatusList" value="2" class="ng-binding ng-scope">Outreach Initiated</option><!-- end ngRepeat: outreachStatus in outreachStatusList --><option ng-repeat="outreachStatus in outreachStatusList" value="3" class="ng-binding ng-scope">Outreach Attempted - No Response</option><!-- end ngRepeat: outreachStatus in outreachStatusList --><option ng-repeat="outreachStatus in outreachStatusList" value="4" class="ng-binding ng-scope">Services Refused</option><!-- end ngRepeat: outreachStatus in outreachStatusList --><option ng-repeat="outreachStatus in outreachStatusList" value="5" class="ng-binding ng-scope">No Additional Outreach Required</option><!-- end ngRepeat: outreachStatus in outreachStatusList -->
            	</select> 
            </td>
            <!--<td>{{ veteran.OutreachStatus }}</td>-->
        </tr><!-- end ngRepeat: veteran in veteranList --><tr ng-repeat="veteran in veteranList" class="ng-scope">
            <td class="ng-binding"></td>
            <td class="ng-binding">xxx-xx-9160</td>
            <td class="ng-binding">(800) 555-5034</td>
            <td class="ng-binding">8/20/2013</td>
            <td class="ng-binding">High</td>
            <td>
            	<select class="form-control" style="width: 180px;" id="vet_645451">
            		<option value=""></option>
            		<!-- ngRepeat: outreachStatus in outreachStatusList --><option ng-repeat="outreachStatus in outreachStatusList" value="1" class="ng-binding ng-scope">Not Contacted</option><!-- end ngRepeat: outreachStatus in outreachStatusList --><option ng-repeat="outreachStatus in outreachStatusList" value="2" class="ng-binding ng-scope">Outreach Initiated</option><!-- end ngRepeat: outreachStatus in outreachStatusList --><option ng-repeat="outreachStatus in outreachStatusList" value="3" class="ng-binding ng-scope">Outreach Attempted - No Response</option><!-- end ngRepeat: outreachStatus in outreachStatusList --><option ng-repeat="outreachStatus in outreachStatusList" value="4" class="ng-binding ng-scope">Services Refused</option><!-- end ngRepeat: outreachStatus in outreachStatusList --><option ng-repeat="outreachStatus in outreachStatusList" value="5" class="ng-binding ng-scope">No Additional Outreach Required</option><!-- end ngRepeat: outreachStatus in outreachStatusList -->
            	</select> 
            </td>
            <!--<td>{{ veteran.OutreachStatus }}</td>-->
        </tr><!-- end ngRepeat: veteran in veteranList --><tr ng-repeat="veteran in veteranList" class="ng-scope">
            <td class="ng-binding"></td>
            <td class="ng-binding">xxx-xx-8157</td>
            <td class="ng-binding">(800) 555-7544</td>
            <td class="ng-binding">4/9/2008</td>
            <td class="ng-binding">High</td>
            <td>
            	<select class="form-control" style="width: 180px;" id="vet_647981">
            		<option value=""></option>
            		<!-- ngRepeat: outreachStatus in outreachStatusList --><option ng-repeat="outreachStatus in outreachStatusList" value="1" class="ng-binding ng-scope">Not Contacted</option><!-- end ngRepeat: outreachStatus in outreachStatusList --><option ng-repeat="outreachStatus in outreachStatusList" value="2" class="ng-binding ng-scope">Outreach Initiated</option><!-- end ngRepeat: outreachStatus in outreachStatusList --><option ng-repeat="outreachStatus in outreachStatusList" value="3" class="ng-binding ng-scope">Outreach Attempted - No Response</option><!-- end ngRepeat: outreachStatus in outreachStatusList --><option ng-repeat="outreachStatus in outreachStatusList" value="4" class="ng-binding ng-scope">Services Refused</option><!-- end ngRepeat: outreachStatus in outreachStatusList --><option ng-repeat="outreachStatus in outreachStatusList" value="5" class="ng-binding ng-scope">No Additional Outreach Required</option><!-- end ngRepeat: outreachStatus in outreachStatusList -->
            	</select> 
            </td>
            <!--<td>{{ veteran.OutreachStatus }}</td>-->
        </tr><!-- end ngRepeat: veteran in veteranList --><tr ng-repeat="veteran in veteranList" class="ng-scope">
            <td class="ng-binding"></td>
            <td class="ng-binding">xxx-xx-7690</td>
            <td class="ng-binding">(800) 555-6189</td>
            <td class="ng-binding">12/8/2012</td>
            <td class="ng-binding">High</td>
            <td>
            	<select class="form-control" style="width: 180px;" id="vet_27939">
            		<option value=""></option>
            		<!-- ngRepeat: outreachStatus in outreachStatusList --><option ng-repeat="outreachStatus in outreachStatusList" value="1" class="ng-binding ng-scope">Not Contacted</option><!-- end ngRepeat: outreachStatus in outreachStatusList --><option ng-repeat="outreachStatus in outreachStatusList" value="2" class="ng-binding ng-scope">Outreach Initiated</option><!-- end ngRepeat: outreachStatus in outreachStatusList --><option ng-repeat="outreachStatus in outreachStatusList" value="3" class="ng-binding ng-scope">Outreach Attempted - No Response</option><!-- end ngRepeat: outreachStatus in outreachStatusList --><option ng-repeat="outreachStatus in outreachStatusList" value="4" class="ng-binding ng-scope">Services Refused</option><!-- end ngRepeat: outreachStatus in outreachStatusList --><option ng-repeat="outreachStatus in outreachStatusList" value="5" class="ng-binding ng-scope">No Additional Outreach Required</option><!-- end ngRepeat: outreachStatus in outreachStatusList -->
            	</select> 
            </td>
            <!--<td>{{ veteran.OutreachStatus }}</td>-->
        </tr><!-- end ngRepeat: veteran in veteranList --><tr ng-repeat="veteran in veteranList" class="ng-scope">
            <td class="ng-binding"></td>
            <td class="ng-binding">xxx-xx-1539</td>
            <td class="ng-binding">(800) 555-5131</td>
            <td class="ng-binding">4/1/2008</td>
            <td class="ng-binding">High</td>
            <td>
            	<select class="form-control" style="width: 180px;" id="vet_34965">
            		<option value=""></option>
            		<!-- ngRepeat: outreachStatus in outreachStatusList --><option ng-repeat="outreachStatus in outreachStatusList" value="1" class="ng-binding ng-scope">Not Contacted</option><!-- end ngRepeat: outreachStatus in outreachStatusList --><option ng-repeat="outreachStatus in outreachStatusList" value="2" class="ng-binding ng-scope">Outreach Initiated</option><!-- end ngRepeat: outreachStatus in outreachStatusList --><option ng-repeat="outreachStatus in outreachStatusList" value="3" class="ng-binding ng-scope">Outreach Attempted - No Response</option><!-- end ngRepeat: outreachStatus in outreachStatusList --><option ng-repeat="outreachStatus in outreachStatusList" value="4" class="ng-binding ng-scope">Services Refused</option><!-- end ngRepeat: outreachStatus in outreachStatusList --><option ng-repeat="outreachStatus in outreachStatusList" value="5" class="ng-binding ng-scope">No Additional Outreach Required</option><!-- end ngRepeat: outreachStatus in outreachStatusList -->
            	</select> 
            </td>
            <!--<td>{{ veteran.OutreachStatus }}</td>-->
        </tr><!-- end ngRepeat: veteran in veteranList --><tr ng-repeat="veteran in veteranList" class="ng-scope">
            <td class="ng-binding"></td>
            <td class="ng-binding">xxx-xx-2892</td>
            <td class="ng-binding">(800) 555-1796</td>
            <td class="ng-binding">5/7/2010</td>
            <td class="ng-binding">High</td>
            <td>
            	<select class="form-control" style="width: 180px;" id="vet_46631">
            		<option value=""></option>
            		<!-- ngRepeat: outreachStatus in outreachStatusList --><option ng-repeat="outreachStatus in outreachStatusList" value="1" class="ng-binding ng-scope">Not Contacted</option><!-- end ngRepeat: outreachStatus in outreachStatusList --><option ng-repeat="outreachStatus in outreachStatusList" value="2" class="ng-binding ng-scope">Outreach Initiated</option><!-- end ngRepeat: outreachStatus in outreachStatusList --><option ng-repeat="outreachStatus in outreachStatusList" value="3" class="ng-binding ng-scope">Outreach Attempted - No Response</option><!-- end ngRepeat: outreachStatus in outreachStatusList --><option ng-repeat="outreachStatus in outreachStatusList" value="4" class="ng-binding ng-scope">Services Refused</option><!-- end ngRepeat: outreachStatus in outreachStatusList --><option ng-repeat="outreachStatus in outreachStatusList" value="5" class="ng-binding ng-scope">No Additional Outreach Required</option><!-- end ngRepeat: outreachStatus in outreachStatusList -->
            	</select> 
            </td>
            <!--<td>{{ veteran.OutreachStatus }}</td>-->
        </tr><!-- end ngRepeat: veteran in veteranList --><tr ng-repeat="veteran in veteranList" class="ng-scope">
            <td class="ng-binding"></td>
            <td class="ng-binding">xxx-xx-9534</td>
            <td class="ng-binding">(800) 555-9805</td>
            <td class="ng-binding">5/14/2012</td>
            <td class="ng-binding">High</td>
            <td>
            	<select class="form-control" style="width: 180px;" id="vet_50105">
            		<option value=""></option>
            		<!-- ngRepeat: outreachStatus in outreachStatusList --><option ng-repeat="outreachStatus in outreachStatusList" value="1" class="ng-binding ng-scope">Not Contacted</option><!-- end ngRepeat: outreachStatus in outreachStatusList --><option ng-repeat="outreachStatus in outreachStatusList" value="2" class="ng-binding ng-scope">Outreach Initiated</option><!-- end ngRepeat: outreachStatus in outreachStatusList --><option ng-repeat="outreachStatus in outreachStatusList" value="3" class="ng-binding ng-scope">Outreach Attempted - No Response</option><!-- end ngRepeat: outreachStatus in outreachStatusList --><option ng-repeat="outreachStatus in outreachStatusList" value="4" class="ng-binding ng-scope">Services Refused</option><!-- end ngRepeat: outreachStatus in outreachStatusList --><option ng-repeat="outreachStatus in outreachStatusList" value="5" class="ng-binding ng-scope">No Additional Outreach Required</option><!-- end ngRepeat: outreachStatus in outreachStatusList -->
            	</select> 
            </td>
            <!--<td>{{ veteran.OutreachStatus }}</td>-->
        </tr><!-- end ngRepeat: veteran in veteranList --><tr ng-repeat="veteran in veteranList" class="ng-scope">
            <td class="ng-binding"></td>
            <td class="ng-binding">xxx-xx-6791</td>
            <td class="ng-binding">(800) 555-3195</td>
            <td class="ng-binding">12/13/1998</td>
            <td class="ng-binding">High</td>
            <td>
            	<select class="form-control" style="width: 180px;" id="vet_51185">
            		<option value=""></option>
            		<!-- ngRepeat: outreachStatus in outreachStatusList --><option ng-repeat="outreachStatus in outreachStatusList" value="1" class="ng-binding ng-scope">Not Contacted</option><!-- end ngRepeat: outreachStatus in outreachStatusList --><option ng-repeat="outreachStatus in outreachStatusList" value="2" class="ng-binding ng-scope">Outreach Initiated</option><!-- end ngRepeat: outreachStatus in outreachStatusList --><option ng-repeat="outreachStatus in outreachStatusList" value="3" class="ng-binding ng-scope">Outreach Attempted - No Response</option><!-- end ngRepeat: outreachStatus in outreachStatusList --><option ng-repeat="outreachStatus in outreachStatusList" value="4" class="ng-binding ng-scope">Services Refused</option><!-- end ngRepeat: outreachStatus in outreachStatusList --><option ng-repeat="outreachStatus in outreachStatusList" value="5" class="ng-binding ng-scope">No Additional Outreach Required</option><!-- end ngRepeat: outreachStatus in outreachStatusList -->
            	</select> 
            </td>
            <!--<td>{{ veteran.OutreachStatus }}</td>-->
        </tr><!-- end ngRepeat: veteran in veteranList --><tr ng-repeat="veteran in veteranList" class="ng-scope">
            <td class="ng-binding"></td>
            <td class="ng-binding">xxx-xx-8655</td>
            <td class="ng-binding">(800) 555-3671</td>
            <td class="ng-binding">6/2/1996</td>
            <td class="ng-binding">High</td>
            <td>
            	<select class="form-control" style="width: 180px;" id="vet_113212">
            		<option value=""></option>
            		<!-- ngRepeat: outreachStatus in outreachStatusList --><option ng-repeat="outreachStatus in outreachStatusList" value="1" class="ng-binding ng-scope">Not Contacted</option><!-- end ngRepeat: outreachStatus in outreachStatusList --><option ng-repeat="outreachStatus in outreachStatusList" value="2" class="ng-binding ng-scope">Outreach Initiated</option><!-- end ngRepeat: outreachStatus in outreachStatusList --><option ng-repeat="outreachStatus in outreachStatusList" value="3" class="ng-binding ng-scope">Outreach Attempted - No Response</option><!-- end ngRepeat: outreachStatus in outreachStatusList --><option ng-repeat="outreachStatus in outreachStatusList" value="4" class="ng-binding ng-scope">Services Refused</option><!-- end ngRepeat: outreachStatus in outreachStatusList --><option ng-repeat="outreachStatus in outreachStatusList" value="5" class="ng-binding ng-scope">No Additional Outreach Required</option><!-- end ngRepeat: outreachStatus in outreachStatusList -->
            	</select> 
            </td>
            <!--<td>{{ veteran.OutreachStatus }}</td>-->
        </tr><!-- end ngRepeat: veteran in veteranList --><tr ng-repeat="veteran in veteranList" class="ng-scope">
            <td class="ng-binding"></td>
            <td class="ng-binding">xxx-xx-0413</td>
            <td class="ng-binding">(800) 555-4761</td>
            <td class="ng-binding">12/15/2003</td>
            <td class="ng-binding">High</td>
            <td>
            	<select class="form-control" style="width: 180px;" id="vet_113848">
            		<option value=""></option>
            		<!-- ngRepeat: outreachStatus in outreachStatusList --><option ng-repeat="outreachStatus in outreachStatusList" value="1" class="ng-binding ng-scope">Not Contacted</option><!-- end ngRepeat: outreachStatus in outreachStatusList --><option ng-repeat="outreachStatus in outreachStatusList" value="2" class="ng-binding ng-scope">Outreach Initiated</option><!-- end ngRepeat: outreachStatus in outreachStatusList --><option ng-repeat="outreachStatus in outreachStatusList" value="3" class="ng-binding ng-scope">Outreach Attempted - No Response</option><!-- end ngRepeat: outreachStatus in outreachStatusList --><option ng-repeat="outreachStatus in outreachStatusList" value="4" class="ng-binding ng-scope">Services Refused</option><!-- end ngRepeat: outreachStatus in outreachStatusList --><option ng-repeat="outreachStatus in outreachStatusList" value="5" class="ng-binding ng-scope">No Additional Outreach Required</option><!-- end ngRepeat: outreachStatus in outreachStatusList -->
            	</select> 
            </td>
            <!--<td>{{ veteran.OutreachStatus }}</td>-->
        </tr><!-- end ngRepeat: veteran in veteranList --><tr ng-repeat="veteran in veteranList" class="ng-scope">
            <td class="ng-binding"></td>
            <td class="ng-binding">xxx-xx-9284</td>
            <td class="ng-binding">(800) 555-6842</td>
            <td class="ng-binding">12/25/2000</td>
            <td class="ng-binding">High</td>
            <td>
            	<select class="form-control" style="width: 180px;" id="vet_116034">
            		<option value=""></option>
            		<!-- ngRepeat: outreachStatus in outreachStatusList --><option ng-repeat="outreachStatus in outreachStatusList" value="1" class="ng-binding ng-scope">Not Contacted</option><!-- end ngRepeat: outreachStatus in outreachStatusList --><option ng-repeat="outreachStatus in outreachStatusList" value="2" class="ng-binding ng-scope">Outreach Initiated</option><!-- end ngRepeat: outreachStatus in outreachStatusList --><option ng-repeat="outreachStatus in outreachStatusList" value="3" class="ng-binding ng-scope">Outreach Attempted - No Response</option><!-- end ngRepeat: outreachStatus in outreachStatusList --><option ng-repeat="outreachStatus in outreachStatusList" value="4" class="ng-binding ng-scope">Services Refused</option><!-- end ngRepeat: outreachStatus in outreachStatusList --><option ng-repeat="outreachStatus in outreachStatusList" value="5" class="ng-binding ng-scope">No Additional Outreach Required</option><!-- end ngRepeat: outreachStatus in outreachStatusList -->
            	</select> 
            </td>
            <!--<td>{{ veteran.OutreachStatus }}</td>-->
        </tr><!-- end ngRepeat: veteran in veteranList --><tr ng-repeat="veteran in veteranList" class="ng-scope">
            <td class="ng-binding"></td>
            <td class="ng-binding">xxx-xx-4739</td>
            <td class="ng-binding">(800) 555-4228</td>
            <td class="ng-binding">7/28/1999</td>
            <td class="ng-binding">High</td>
            <td>
            	<select class="form-control" style="width: 180px;" id="vet_173684">
            		<option value=""></option>
            		<!-- ngRepeat: outreachStatus in outreachStatusList --><option ng-repeat="outreachStatus in outreachStatusList" value="1" class="ng-binding ng-scope">Not Contacted</option><!-- end ngRepeat: outreachStatus in outreachStatusList --><option ng-repeat="outreachStatus in outreachStatusList" value="2" class="ng-binding ng-scope">Outreach Initiated</option><!-- end ngRepeat: outreachStatus in outreachStatusList --><option ng-repeat="outreachStatus in outreachStatusList" value="3" class="ng-binding ng-scope">Outreach Attempted - No Response</option><!-- end ngRepeat: outreachStatus in outreachStatusList --><option ng-repeat="outreachStatus in outreachStatusList" value="4" class="ng-binding ng-scope">Services Refused</option><!-- end ngRepeat: outreachStatus in outreachStatusList --><option ng-repeat="outreachStatus in outreachStatusList" value="5" class="ng-binding ng-scope">No Additional Outreach Required</option><!-- end ngRepeat: outreachStatus in outreachStatusList -->
            	</select> 
            </td>
            <!--<td>{{ veteran.OutreachStatus }}</td>-->
        </tr><!-- end ngRepeat: veteran in veteranList --><tr ng-repeat="veteran in veteranList" class="ng-scope">
            <td class="ng-binding"></td>
            <td class="ng-binding">xxx-xx-9645</td>
            <td class="ng-binding">(800) 555-9326</td>
            <td class="ng-binding">12/26/2003</td>
            <td class="ng-binding">High</td>
            <td>
            	<select class="form-control" style="width: 180px;" id="vet_177045">
            		<option value=""></option>
            		<!-- ngRepeat: outreachStatus in outreachStatusList --><option ng-repeat="outreachStatus in outreachStatusList" value="1" class="ng-binding ng-scope">Not Contacted</option><!-- end ngRepeat: outreachStatus in outreachStatusList --><option ng-repeat="outreachStatus in outreachStatusList" value="2" class="ng-binding ng-scope">Outreach Initiated</option><!-- end ngRepeat: outreachStatus in outreachStatusList --><option ng-repeat="outreachStatus in outreachStatusList" value="3" class="ng-binding ng-scope">Outreach Attempted - No Response</option><!-- end ngRepeat: outreachStatus in outreachStatusList --><option ng-repeat="outreachStatus in outreachStatusList" value="4" class="ng-binding ng-scope">Services Refused</option><!-- end ngRepeat: outreachStatus in outreachStatusList --><option ng-repeat="outreachStatus in outreachStatusList" value="5" class="ng-binding ng-scope">No Additional Outreach Required</option><!-- end ngRepeat: outreachStatus in outreachStatusList -->
            	</select> 
            </td>
            <!--<td>{{ veteran.OutreachStatus }}</td>-->
        </tr><!-- end ngRepeat: veteran in veteranList --><tr ng-repeat="veteran in veteranList" class="ng-scope">
            <td class="ng-binding"></td>
            <td class="ng-binding">xxx-xx-9710</td>
            <td class="ng-binding">(800) 555-5072</td>
            <td class="ng-binding">11/13/2012</td>
            <td class="ng-binding">High</td>
            <td>
            	<select class="form-control" style="width: 180px;" id="vet_177131">
            		<option value=""></option>
            		<!-- ngRepeat: outreachStatus in outreachStatusList --><option ng-repeat="outreachStatus in outreachStatusList" value="1" class="ng-binding ng-scope">Not Contacted</option><!-- end ngRepeat: outreachStatus in outreachStatusList --><option ng-repeat="outreachStatus in outreachStatusList" value="2" class="ng-binding ng-scope">Outreach Initiated</option><!-- end ngRepeat: outreachStatus in outreachStatusList --><option ng-repeat="outreachStatus in outreachStatusList" value="3" class="ng-binding ng-scope">Outreach Attempted - No Response</option><!-- end ngRepeat: outreachStatus in outreachStatusList --><option ng-repeat="outreachStatus in outreachStatusList" value="4" class="ng-binding ng-scope">Services Refused</option><!-- end ngRepeat: outreachStatus in outreachStatusList --><option ng-repeat="outreachStatus in outreachStatusList" value="5" class="ng-binding ng-scope">No Additional Outreach Required</option><!-- end ngRepeat: outreachStatus in outreachStatusList -->
            	</select> 
            </td>
            <!--<td>{{ veteran.OutreachStatus }}</td>-->
        </tr><!-- end ngRepeat: veteran in veteranList --><tr ng-repeat="veteran in veteranList" class="ng-scope">
            <td class="ng-binding"></td>
            <td class="ng-binding">xxx-xx-7542</td>
            <td class="ng-binding">(800) 555-8789</td>
            <td class="ng-binding">8/11/2007</td>
            <td class="ng-binding">High</td>
            <td>
            	<select class="form-control" style="width: 180px;" id="vet_178344">
            		<option value=""></option>
            		<!-- ngRepeat: outreachStatus in outreachStatusList --><option ng-repeat="outreachStatus in outreachStatusList" value="1" class="ng-binding ng-scope">Not Contacted</option><!-- end ngRepeat: outreachStatus in outreachStatusList --><option ng-repeat="outreachStatus in outreachStatusList" value="2" class="ng-binding ng-scope">Outreach Initiated</option><!-- end ngRepeat: outreachStatus in outreachStatusList --><option ng-repeat="outreachStatus in outreachStatusList" value="3" class="ng-binding ng-scope">Outreach Attempted - No Response</option><!-- end ngRepeat: outreachStatus in outreachStatusList --><option ng-repeat="outreachStatus in outreachStatusList" value="4" class="ng-binding ng-scope">Services Refused</option><!-- end ngRepeat: outreachStatus in outreachStatusList --><option ng-repeat="outreachStatus in outreachStatusList" value="5" class="ng-binding ng-scope">No Additional Outreach Required</option><!-- end ngRepeat: outreachStatus in outreachStatusList -->
            	</select> 
            </td>
            <!--<td>{{ veteran.OutreachStatus }}</td>-->
        </tr><!-- end ngRepeat: veteran in veteranList --><tr ng-repeat="veteran in veteranList" class="ng-scope">
            <td class="ng-binding"></td>
            <td class="ng-binding">xxx-xx-1076</td>
            <td class="ng-binding">(800) 555-8439</td>
            <td class="ng-binding">10/9/1999</td>
            <td class="ng-binding">High</td>
            <td>
            	<select class="form-control" style="width: 180px;" id="vet_178364">
            		<option value=""></option>
            		<!-- ngRepeat: outreachStatus in outreachStatusList --><option ng-repeat="outreachStatus in outreachStatusList" value="1" class="ng-binding ng-scope">Not Contacted</option><!-- end ngRepeat: outreachStatus in outreachStatusList --><option ng-repeat="outreachStatus in outreachStatusList" value="2" class="ng-binding ng-scope">Outreach Initiated</option><!-- end ngRepeat: outreachStatus in outreachStatusList --><option ng-repeat="outreachStatus in outreachStatusList" value="3" class="ng-binding ng-scope">Outreach Attempted - No Response</option><!-- end ngRepeat: outreachStatus in outreachStatusList --><option ng-repeat="outreachStatus in outreachStatusList" value="4" class="ng-binding ng-scope">Services Refused</option><!-- end ngRepeat: outreachStatus in outreachStatusList --><option ng-repeat="outreachStatus in outreachStatusList" value="5" class="ng-binding ng-scope">No Additional Outreach Required</option><!-- end ngRepeat: outreachStatus in outreachStatusList -->
            	</select> 
            </td>
            <!--<td>{{ veteran.OutreachStatus }}</td>-->
        </tr><!-- end ngRepeat: veteran in veteranList --><tr ng-repeat="veteran in veteranList" class="ng-scope">
            <td class="ng-binding"></td>
            <td class="ng-binding">xxx-xx-8125</td>
            <td class="ng-binding">(800) 555-1099</td>
            <td class="ng-binding">12/5/1999</td>
            <td class="ng-binding">High</td>
            <td>
            	<select class="form-control" style="width: 180px;" id="vet_216730">
            		<option value=""></option>
            		<!-- ngRepeat: outreachStatus in outreachStatusList --><option ng-repeat="outreachStatus in outreachStatusList" value="1" class="ng-binding ng-scope">Not Contacted</option><!-- end ngRepeat: outreachStatus in outreachStatusList --><option ng-repeat="outreachStatus in outreachStatusList" value="2" class="ng-binding ng-scope">Outreach Initiated</option><!-- end ngRepeat: outreachStatus in outreachStatusList --><option ng-repeat="outreachStatus in outreachStatusList" value="3" class="ng-binding ng-scope">Outreach Attempted - No Response</option><!-- end ngRepeat: outreachStatus in outreachStatusList --><option ng-repeat="outreachStatus in outreachStatusList" value="4" class="ng-binding ng-scope">Services Refused</option><!-- end ngRepeat: outreachStatus in outreachStatusList --><option ng-repeat="outreachStatus in outreachStatusList" value="5" class="ng-binding ng-scope">No Additional Outreach Required</option><!-- end ngRepeat: outreachStatus in outreachStatusList -->
            	</select> 
            </td>
            <!--<td>{{ veteran.OutreachStatus }}</td>-->
        </tr><!-- end ngRepeat: veteran in veteranList --><tr ng-repeat="veteran in veteranList" class="ng-scope">
            <td class="ng-binding"></td>
            <td class="ng-binding">xxx-xx-2416</td>
            <td class="ng-binding">(800) 555-6886</td>
            <td class="ng-binding">8/19/1997</td>
            <td class="ng-binding">High</td>
            <td>
            	<select class="form-control" style="width: 180px;" id="vet_217273">
            		<option value=""></option>
            		<!-- ngRepeat: outreachStatus in outreachStatusList --><option ng-repeat="outreachStatus in outreachStatusList" value="1" class="ng-binding ng-scope">Not Contacted</option><!-- end ngRepeat: outreachStatus in outreachStatusList --><option ng-repeat="outreachStatus in outreachStatusList" value="2" class="ng-binding ng-scope">Outreach Initiated</option><!-- end ngRepeat: outreachStatus in outreachStatusList --><option ng-repeat="outreachStatus in outreachStatusList" value="3" class="ng-binding ng-scope">Outreach Attempted - No Response</option><!-- end ngRepeat: outreachStatus in outreachStatusList --><option ng-repeat="outreachStatus in outreachStatusList" value="4" class="ng-binding ng-scope">Services Refused</option><!-- end ngRepeat: outreachStatus in outreachStatusList --><option ng-repeat="outreachStatus in outreachStatusList" value="5" class="ng-binding ng-scope">No Additional Outreach Required</option><!-- end ngRepeat: outreachStatus in outreachStatusList -->
            	</select> 
            </td>
            <!--<td>{{ veteran.OutreachStatus }}</td>-->
        </tr><!-- end ngRepeat: veteran in veteranList --><tr ng-repeat="veteran in veteranList" class="ng-scope">
            <td class="ng-binding"></td>
            <td class="ng-binding">xxx-xx-1166</td>
            <td class="ng-binding">(800) 555-2173</td>
            <td class="ng-binding">7/13/2013</td>
            <td class="ng-binding">High</td>
            <td>
            	<select class="form-control" style="width: 180px;" id="vet_222372">
            		<option value=""></option>
            		<!-- ngRepeat: outreachStatus in outreachStatusList --><option ng-repeat="outreachStatus in outreachStatusList" value="1" class="ng-binding ng-scope">Not Contacted</option><!-- end ngRepeat: outreachStatus in outreachStatusList --><option ng-repeat="outreachStatus in outreachStatusList" value="2" class="ng-binding ng-scope">Outreach Initiated</option><!-- end ngRepeat: outreachStatus in outreachStatusList --><option ng-repeat="outreachStatus in outreachStatusList" value="3" class="ng-binding ng-scope">Outreach Attempted - No Response</option><!-- end ngRepeat: outreachStatus in outreachStatusList --><option ng-repeat="outreachStatus in outreachStatusList" value="4" class="ng-binding ng-scope">Services Refused</option><!-- end ngRepeat: outreachStatus in outreachStatusList --><option ng-repeat="outreachStatus in outreachStatusList" value="5" class="ng-binding ng-scope">No Additional Outreach Required</option><!-- end ngRepeat: outreachStatus in outreachStatusList -->
            	</select> 
            </td>
            <!--<td>{{ veteran.OutreachStatus }}</td>-->
        </tr><!-- end ngRepeat: veteran in veteranList --><tr ng-repeat="veteran in veteranList" class="ng-scope">
            <td class="ng-binding"></td>
            <td class="ng-binding">xxx-xx-6663</td>
            <td class="ng-binding">(800) 555-6076</td>
            <td class="ng-binding">12/1/2008</td>
            <td class="ng-binding">High</td>
            <td>
            	<select class="form-control" style="width: 180px;" id="vet_256386">
            		<option value=""></option>
            		<!-- ngRepeat: outreachStatus in outreachStatusList --><option ng-repeat="outreachStatus in outreachStatusList" value="1" class="ng-binding ng-scope">Not Contacted</option><!-- end ngRepeat: outreachStatus in outreachStatusList --><option ng-repeat="outreachStatus in outreachStatusList" value="2" class="ng-binding ng-scope">Outreach Initiated</option><!-- end ngRepeat: outreachStatus in outreachStatusList --><option ng-repeat="outreachStatus in outreachStatusList" value="3" class="ng-binding ng-scope">Outreach Attempted - No Response</option><!-- end ngRepeat: outreachStatus in outreachStatusList --><option ng-repeat="outreachStatus in outreachStatusList" value="4" class="ng-binding ng-scope">Services Refused</option><!-- end ngRepeat: outreachStatus in outreachStatusList --><option ng-repeat="outreachStatus in outreachStatusList" value="5" class="ng-binding ng-scope">No Additional Outreach Required</option><!-- end ngRepeat: outreachStatus in outreachStatusList -->
            	</select> 
            </td>
            <!--<td>{{ veteran.OutreachStatus }}</td>-->
        </tr><!-- end ngRepeat: veteran in veteranList --><tr ng-repeat="veteran in veteranList" class="ng-scope">
            <td class="ng-binding"></td>
            <td class="ng-binding">xxx-xx-8931</td>
            <td class="ng-binding">(800) 555-1367</td>
            <td class="ng-binding">5/30/2011</td>
            <td class="ng-binding">High</td>
            <td>
            	<select class="form-control" style="width: 180px;" id="vet_256489">
            		<option value=""></option>
            		<!-- ngRepeat: outreachStatus in outreachStatusList --><option ng-repeat="outreachStatus in outreachStatusList" value="1" class="ng-binding ng-scope">Not Contacted</option><!-- end ngRepeat: outreachStatus in outreachStatusList --><option ng-repeat="outreachStatus in outreachStatusList" value="2" class="ng-binding ng-scope">Outreach Initiated</option><!-- end ngRepeat: outreachStatus in outreachStatusList --><option ng-repeat="outreachStatus in outreachStatusList" value="3" class="ng-binding ng-scope">Outreach Attempted - No Response</option><!-- end ngRepeat: outreachStatus in outreachStatusList --><option ng-repeat="outreachStatus in outreachStatusList" value="4" class="ng-binding ng-scope">Services Refused</option><!-- end ngRepeat: outreachStatus in outreachStatusList --><option ng-repeat="outreachStatus in outreachStatusList" value="5" class="ng-binding ng-scope">No Additional Outreach Required</option><!-- end ngRepeat: outreachStatus in outreachStatusList -->
            	</select> 
            </td>
            <!--<td>{{ veteran.OutreachStatus }}</td>-->
        </tr><!-- end ngRepeat: veteran in veteranList --><tr ng-repeat="veteran in veteranList" class="ng-scope">
            <td class="ng-binding"></td>
            <td class="ng-binding">xxx-xx-7722</td>
            <td class="ng-binding">(800) 555-2425</td>
            <td class="ng-binding">4/15/1999</td>
            <td class="ng-binding">High</td>
            <td>
            	<select class="form-control" style="width: 180px;" id="vet_259338">
            		<option value=""></option>
            		<!-- ngRepeat: outreachStatus in outreachStatusList --><option ng-repeat="outreachStatus in outreachStatusList" value="1" class="ng-binding ng-scope">Not Contacted</option><!-- end ngRepeat: outreachStatus in outreachStatusList --><option ng-repeat="outreachStatus in outreachStatusList" value="2" class="ng-binding ng-scope">Outreach Initiated</option><!-- end ngRepeat: outreachStatus in outreachStatusList --><option ng-repeat="outreachStatus in outreachStatusList" value="3" class="ng-binding ng-scope">Outreach Attempted - No Response</option><!-- end ngRepeat: outreachStatus in outreachStatusList --><option ng-repeat="outreachStatus in outreachStatusList" value="4" class="ng-binding ng-scope">Services Refused</option><!-- end ngRepeat: outreachStatus in outreachStatusList --><option ng-repeat="outreachStatus in outreachStatusList" value="5" class="ng-binding ng-scope">No Additional Outreach Required</option><!-- end ngRepeat: outreachStatus in outreachStatusList -->
            	</select> 
            </td>
            <!--<td>{{ veteran.OutreachStatus }}</td>-->
        </tr><!-- end ngRepeat: veteran in veteranList --><tr ng-repeat="veteran in veteranList" class="ng-scope">
            <td class="ng-binding"></td>
            <td class="ng-binding">xxx-xx-6052</td>
            <td class="ng-binding">(800) 555-1297</td>
            <td class="ng-binding">6/13/2005</td>
            <td class="ng-binding">High</td>
            <td>
            	<select class="form-control" style="width: 180px;" id="vet_260721">
            		<option value=""></option>
            		<!-- ngRepeat: outreachStatus in outreachStatusList --><option ng-repeat="outreachStatus in outreachStatusList" value="1" class="ng-binding ng-scope">Not Contacted</option><!-- end ngRepeat: outreachStatus in outreachStatusList --><option ng-repeat="outreachStatus in outreachStatusList" value="2" class="ng-binding ng-scope">Outreach Initiated</option><!-- end ngRepeat: outreachStatus in outreachStatusList --><option ng-repeat="outreachStatus in outreachStatusList" value="3" class="ng-binding ng-scope">Outreach Attempted - No Response</option><!-- end ngRepeat: outreachStatus in outreachStatusList --><option ng-repeat="outreachStatus in outreachStatusList" value="4" class="ng-binding ng-scope">Services Refused</option><!-- end ngRepeat: outreachStatus in outreachStatusList --><option ng-repeat="outreachStatus in outreachStatusList" value="5" class="ng-binding ng-scope">No Additional Outreach Required</option><!-- end ngRepeat: outreachStatus in outreachStatusList -->
            	</select> 
            </td>
            <!--<td>{{ veteran.OutreachStatus }}</td>-->
        </tr><!-- end ngRepeat: veteran in veteranList --><tr ng-repeat="veteran in veteranList" class="ng-scope">
            <td class="ng-binding"></td>
            <td class="ng-binding">xxx-xx-5704</td>
            <td class="ng-binding">(800) 555-7325</td>
            <td class="ng-binding">1/2/2003</td>
            <td class="ng-binding">High</td>
            <td>
            	<select class="form-control" style="width: 180px;" id="vet_262510">
            		<option value=""></option>
            		<!-- ngRepeat: outreachStatus in outreachStatusList --><option ng-repeat="outreachStatus in outreachStatusList" value="1" class="ng-binding ng-scope">Not Contacted</option><!-- end ngRepeat: outreachStatus in outreachStatusList --><option ng-repeat="outreachStatus in outreachStatusList" value="2" class="ng-binding ng-scope">Outreach Initiated</option><!-- end ngRepeat: outreachStatus in outreachStatusList --><option ng-repeat="outreachStatus in outreachStatusList" value="3" class="ng-binding ng-scope">Outreach Attempted - No Response</option><!-- end ngRepeat: outreachStatus in outreachStatusList --><option ng-repeat="outreachStatus in outreachStatusList" value="4" class="ng-binding ng-scope">Services Refused</option><!-- end ngRepeat: outreachStatus in outreachStatusList --><option ng-repeat="outreachStatus in outreachStatusList" value="5" class="ng-binding ng-scope">No Additional Outreach Required</option><!-- end ngRepeat: outreachStatus in outreachStatusList -->
            	</select> 
            </td>
            <!--<td>{{ veteran.OutreachStatus }}</td>-->
        </tr><!-- end ngRepeat: veteran in veteranList --><tr ng-repeat="veteran in veteranList" class="ng-scope">
            <td class="ng-binding"></td>
            <td class="ng-binding">xxx-xx-6261</td>
            <td class="ng-binding">(800) 555-7254</td>
            <td class="ng-binding">7/5/2007</td>
            <td class="ng-binding">High</td>
            <td>
            	<select class="form-control" style="width: 180px;" id="vet_263352">
            		<option value=""></option>
            		<!-- ngRepeat: outreachStatus in outreachStatusList --><option ng-repeat="outreachStatus in outreachStatusList" value="1" class="ng-binding ng-scope">Not Contacted</option><!-- end ngRepeat: outreachStatus in outreachStatusList --><option ng-repeat="outreachStatus in outreachStatusList" value="2" class="ng-binding ng-scope">Outreach Initiated</option><!-- end ngRepeat: outreachStatus in outreachStatusList --><option ng-repeat="outreachStatus in outreachStatusList" value="3" class="ng-binding ng-scope">Outreach Attempted - No Response</option><!-- end ngRepeat: outreachStatus in outreachStatusList --><option ng-repeat="outreachStatus in outreachStatusList" value="4" class="ng-binding ng-scope">Services Refused</option><!-- end ngRepeat: outreachStatus in outreachStatusList --><option ng-repeat="outreachStatus in outreachStatusList" value="5" class="ng-binding ng-scope">No Additional Outreach Required</option><!-- end ngRepeat: outreachStatus in outreachStatusList -->
            	</select> 
            </td>
            <!--<td>{{ veteran.OutreachStatus }}</td>-->
        </tr><!-- end ngRepeat: veteran in veteranList -->
        </tbody>
    </table><h3 class="dt-loading" style="display: block; ">Loading...</h3>
</div>, length: 1}

]]></system-out>
    <system-err/>
  </testsuite>
</testsuites>
