<?xml version="1.0"?>
<testsuites>
  <testsuite name="PhantomJS 1.9.8 (Windows 7)" package="" timestamp="2015-04-09T14:19:56" id="0" hostname="RSNELLING03760" tests="229" errors="0" failures="0" time="3.023">
    <properties>
      <property name="browser.fullName" value="Mozilla/5.0 (Windows NT 6.1; WOW64) AppleWebKit/534.34 (KHTML, like Gecko) PhantomJS/1.9.8 Safari/534.34"/>
    </properties>
    <testcase name="should provide an empty implementation of storage if it is not provided" time="0.012" classname="PhantomJS 1.9.8 (Windows 7).Factory: LayoutStorage the constructor"/>
    <testcase name="should set a subset of the options directly on the LayoutStorage instance itself" time="0.002" classname="PhantomJS 1.9.8 (Windows 7).Factory: LayoutStorage the constructor"/>
    <testcase name="should set stringify as true by default" time="0.002" classname="PhantomJS 1.9.8 (Windows 7).Factory: LayoutStorage the constructor"/>
    <testcase name="should allow stringify to be overridden by option" time="0.002" classname="PhantomJS 1.9.8 (Windows 7).Factory: LayoutStorage the constructor"/>
    <testcase name="should create a layouts array and states object" time="0.002" classname="PhantomJS 1.9.8 (Windows 7).Factory: LayoutStorage the constructor"/>
    <testcase name="should call load" time="0.002" classname="PhantomJS 1.9.8 (Windows 7).Factory: LayoutStorage the constructor"/>
    <testcase name="should use the default layouts if no stored info was found" time="0.001" classname="PhantomJS 1.9.8 (Windows 7).Factory: LayoutStorage the load method"/>
    <testcase name="should clone default layouts rather than use them directly" time="0.002" classname="PhantomJS 1.9.8 (Windows 7).Factory: LayoutStorage the load method"/>
    <testcase name="should use the result from getItem for layouts." time="0.007" classname="PhantomJS 1.9.8 (Windows 7).Factory: LayoutStorage the load method"/>
    <testcase name="should NOT use result from getItem for layouts if the storageHash doesnt match" time="0.003" classname="PhantomJS 1.9.8 (Windows 7).Factory: LayoutStorage the load method"/>
    <testcase name="should be able to handle async loading via promise" time="0.005" classname="PhantomJS 1.9.8 (Windows 7).Factory: LayoutStorage the load method"/>
    <testcase name="should load defaults if the deferred is rejected" time="0.002" classname="PhantomJS 1.9.8 (Windows 7).Factory: LayoutStorage the load method"/>
    <testcase name="should load defaults if the json is malformed" time="0.003" classname="PhantomJS 1.9.8 (Windows 7).Factory: LayoutStorage the load method"/>
    <testcase name="should not try to JSON.parse the result if stringifyStorage is false." time="0.001" classname="PhantomJS 1.9.8 (Windows 7).Factory: LayoutStorage the load method"/>
    <testcase name="should add to storage.layouts" time="0.003" classname="PhantomJS 1.9.8 (Windows 7).Factory: LayoutStorage the add method"/>
    <testcase name="should be able to take an array of new layouts" time="0.003" classname="PhantomJS 1.9.8 (Windows 7).Factory: LayoutStorage the add method"/>
    <testcase name="should look for defaultWidgets on storage options if not supplied on layout definition" time="0.002" classname="PhantomJS 1.9.8 (Windows 7).Factory: LayoutStorage the add method"/>
    <testcase name="should use defaultWidgets if supplied in the layout definition" time="0.005" classname="PhantomJS 1.9.8 (Windows 7).Factory: LayoutStorage the add method"/>
    <testcase name="should remove the supplied layout" time="0.002" classname="PhantomJS 1.9.8 (Windows 7).Factory: LayoutStorage the remove method"/>
    <testcase name="should delete the state" time="0.011" classname="PhantomJS 1.9.8 (Windows 7).Factory: LayoutStorage the remove method"/>
    <testcase name="should do nothing if layout is not in layouts" time="0.002" classname="PhantomJS 1.9.8 (Windows 7).Factory: LayoutStorage the remove method"/>
    <testcase name="should set another dashboard to active if the layout removed was active" time="0.002" classname="PhantomJS 1.9.8 (Windows 7).Factory: LayoutStorage the remove method"/>
    <testcase name="should set the layout at index 0 to active if the removed layout was 0" time="0.002" classname="PhantomJS 1.9.8 (Windows 7).Factory: LayoutStorage the remove method"/>
    <testcase name="should not change the active layout if it was not the one that got removed" time="0.002" classname="PhantomJS 1.9.8 (Windows 7).Factory: LayoutStorage the remove method"/>
    <testcase name="should call options.storage.setItem with a stringified object" time="0.003" classname="PhantomJS 1.9.8 (Windows 7).Factory: LayoutStorage the save method"/>
    <testcase name="should save an object that has layouts, states, and storageHash" time="0.003" classname="PhantomJS 1.9.8 (Windows 7).Factory: LayoutStorage the save method"/>
    <testcase name="should call options.storage.setItem with an object when stringifyStorage is false" time="0.003" classname="PhantomJS 1.9.8 (Windows 7).Factory: LayoutStorage the save method"/>
    <testcase name="should set storage.states[id] to the second argument" time="0.002" classname="PhantomJS 1.9.8 (Windows 7).Factory: LayoutStorage the setItem method"/>
    <testcase name="should call save" time="0.002" classname="PhantomJS 1.9.8 (Windows 7).Factory: LayoutStorage the setItem method"/>
    <testcase name="should return states[id]" time="0.002" classname="PhantomJS 1.9.8 (Windows 7).Factory: LayoutStorage the getItem method"/>
    <testcase name="should return the layout with active:true" time="0.002" classname="PhantomJS 1.9.8 (Windows 7).Factory: LayoutStorage the getActiveLayout method"/>
    <testcase name="should return false if no layout is active" time="0.003" classname="PhantomJS 1.9.8 (Windows 7).Factory: LayoutStorage the getActiveLayout method"/>
    <testcase name="should remove states[id]" time="0.003" classname="PhantomJS 1.9.8 (Windows 7).Factory: LayoutStorage the removeItem"/>
    <testcase name="should call save" time="0.002" classname="PhantomJS 1.9.8 (Windows 7).Factory: LayoutStorage the removeItem"/>
    <testcase name="should set the injected layout to scope.layout" time="0.01" classname="PhantomJS 1.9.8 (Windows 7).Controller: SaveChangesModalCtrl"/>
    <testcase name="should be a function" time="0.003" classname="PhantomJS 1.9.8 (Windows 7).Controller: SaveChangesModalCtrl the ok method"/>
    <testcase name="should call close" time="0.002" classname="PhantomJS 1.9.8 (Windows 7).Controller: SaveChangesModalCtrl the ok method"/>
    <testcase name="should be a function" time="0.002" classname="PhantomJS 1.9.8 (Windows 7).Controller: SaveChangesModalCtrl the cancel function"/>
    <testcase name="should call dismiss" time="0.002" classname="PhantomJS 1.9.8 (Windows 7).Controller: SaveChangesModalCtrl the cancel function"/>
    <testcase name="should not require storage" time="0.079" classname="PhantomJS 1.9.8 (Windows 7).Directive: dashboard-layouts"/>
    <testcase name="should be able to use a different dashboard-layouts template" time="0.045" classname="PhantomJS 1.9.8 (Windows 7).Directive: dashboard-layouts"/>
    <testcase name="should set the first dashboard to active if there is not one already active" time="0.055" classname="PhantomJS 1.9.8 (Windows 7).Directive: dashboard-layouts"/>
    <testcase name="should call the add and save methods of LayoutStorage" time="0.027" classname="PhantomJS 1.9.8 (Windows 7).Directive: dashboard-layouts the createNewLayout method"/>
    <testcase name="should return the newly created layout object" time="0.025" classname="PhantomJS 1.9.8 (Windows 7).Directive: dashboard-layouts the createNewLayout method"/>
    <testcase name="should set active=true on the newly created layout" time="0.026" classname="PhantomJS 1.9.8 (Windows 7).Directive: dashboard-layouts the createNewLayout method"/>
    <testcase name="should set defaultWidgets to dashboardOptions.defaultWidgets if it is present" time="0.026" classname="PhantomJS 1.9.8 (Windows 7).Directive: dashboard-layouts the createNewLayout method"/>
    <testcase name="should set defaultWidgets to an empty array if dashboardOptions.defaultWidgets is not present" time="0.057" classname="PhantomJS 1.9.8 (Windows 7).Directive: dashboard-layouts the createNewLayout method"/>
    <testcase name="should call the remove and save methods of LayoutStorage" time="0.02" classname="PhantomJS 1.9.8 (Windows 7).Directive: dashboard-layouts the removeLayout method"/>
    <testcase name="should call remove with the layout it was passed" time="0.017" classname="PhantomJS 1.9.8 (Windows 7).Directive: dashboard-layouts the removeLayout method"/>
    <testcase name="should call _makeLayoutActive if there is not a currently active dashboard with unsaved changes" time="0.017" classname="PhantomJS 1.9.8 (Windows 7).Directive: dashboard-layouts the makeLayoutActive method"/>
    <testcase name="should create a modal" time="0.038" classname="PhantomJS 1.9.8 (Windows 7).Directive: dashboard-layouts the makeLayoutActive method when there are unsaved changes on the current dashboard"/>
    <testcase name="should resolve layout to the layout to be made active" time="0.021" classname="PhantomJS 1.9.8 (Windows 7).Directive: dashboard-layouts the makeLayoutActive method when there are unsaved changes on the current dashboard"/>
    <testcase name="should provide a success callback that saves the current dashboard and then calls _makeLayoutActive" time="0.02" classname="PhantomJS 1.9.8 (Windows 7).Directive: dashboard-layouts the makeLayoutActive method when there are unsaved changes on the current dashboard"/>
    <testcase name="should provide an error callback that only calls _makeLayoutActive" time="0.02" classname="PhantomJS 1.9.8 (Windows 7).Directive: dashboard-layouts the makeLayoutActive method when there are unsaved changes on the current dashboard"/>
    <testcase name="should set the editingTitle attribute to true on the layout it is passed" time="0.018" classname="PhantomJS 1.9.8 (Windows 7).Directive: dashboard-layouts the editTitle method"/>
    <testcase name="should set editingTitle to false" time="0.018" classname="PhantomJS 1.9.8 (Windows 7).Directive: dashboard-layouts the saveTitleEdit method"/>
    <testcase name="should call layoutStorage.save" time="0.016" classname="PhantomJS 1.9.8 (Windows 7).Directive: dashboard-layouts the saveTitleEdit method"/>
    <testcase name="should call LayoutStorage.save" time="0.051" classname="PhantomJS 1.9.8 (Windows 7).Directive: dashboard-layouts the saveLayouts method"/>
    <testcase name="should call LayoutStorage.save with true as the first arg" time="0.023" classname="PhantomJS 1.9.8 (Windows 7).Directive: dashboard-layouts the saveLayouts method"/>
    <testcase name="should call dashboard.addWidget method of the active layout" time="0.023" classname="PhantomJS 1.9.8 (Windows 7).Directive: dashboard-layouts the proxy methods to active layout the addWidget method"/>
    <testcase name="should do nothing if there is no active layout" time="0.022" classname="PhantomJS 1.9.8 (Windows 7).Directive: dashboard-layouts the proxy methods to active layout the addWidget method"/>
    <testcase name="should call dashboard.loadWidgets of the current layout" time="0.021" classname="PhantomJS 1.9.8 (Windows 7).Directive: dashboard-layouts the proxy methods to active layout the loadWidgets method"/>
    <testcase name="should do nothing if there is no active layout" time="0.02" classname="PhantomJS 1.9.8 (Windows 7).Directive: dashboard-layouts the proxy methods to active layout the loadWidgets method"/>
    <testcase name="should call dashboard.saveDashboard of the current layout" time="0.019" classname="PhantomJS 1.9.8 (Windows 7).Directive: dashboard-layouts the proxy methods to active layout the saveDashboard method"/>
    <testcase name="should do nothing if there is no active layout" time="0.017" classname="PhantomJS 1.9.8 (Windows 7).Directive: dashboard-layouts the proxy methods to active layout the saveDashboard method"/>
    <testcase name="should have toolbar" time="0.012" classname="PhantomJS 1.9.8 (Windows 7).Directive: dashboard"/>
    <testcase name="should have UI.Sortable directive" time="0.012" classname="PhantomJS 1.9.8 (Windows 7).Directive: dashboard"/>
    <testcase name="should render widgets" time="0.016" classname="PhantomJS 1.9.8 (Windows 7).Directive: dashboard"/>
    <testcase name="should evaluate widget expressions" time="0.017" classname="PhantomJS 1.9.8 (Windows 7).Directive: dashboard"/>
    <testcase name="should evaluate scope expressions" time="0.015" classname="PhantomJS 1.9.8 (Windows 7).Directive: dashboard"/>
    <testcase name="should fill options with defaults" time="0.014" classname="PhantomJS 1.9.8 (Windows 7).Directive: dashboard"/>
    <testcase name="should not overwrite specified options with defaults" time="0.035" classname="PhantomJS 1.9.8 (Windows 7).Directive: dashboard"/>
    <testcase name="should be able to use a different dashboard template" time="0.019" classname="PhantomJS 1.9.8 (Windows 7).Directive: dashboard"/>
    <testcase name="should set scope.widgets to an empty array if no defaultWidgets are specified" time="0.02" classname="PhantomJS 1.9.8 (Windows 7).Directive: dashboard"/>
    <testcase name="should set options.unsavedChangeCount to 0 upon load" time="0.022" classname="PhantomJS 1.9.8 (Windows 7).Directive: dashboard"/>
    <testcase name="should not call saveDashboard on load" time="0.02" classname="PhantomJS 1.9.8 (Windows 7).Directive: dashboard"/>
    <testcase name="should exist" time="0.011" classname="PhantomJS 1.9.8 (Windows 7).Directive: dashboard the sortableOptions"/>
    <testcase name="should be possible to be extendable from the dashboardOptions" time="0.012" classname="PhantomJS 1.9.8 (Windows 7).Directive: dashboard the sortableOptions"/>
    <testcase name="should have a stop function that calls $scope.saveDashboard" time="0.012" classname="PhantomJS 1.9.8 (Windows 7).Directive: dashboard the sortableOptions"/>
    <testcase name="should be a function" time="0.066" classname="PhantomJS 1.9.8 (Windows 7).Directive: dashboard the addWidget function"/>
    <testcase name="should throw if no default widgetDefinition was found" time="0.016" classname="PhantomJS 1.9.8 (Windows 7).Directive: dashboard the addWidget function"/>
    <testcase name="should look to the passed widgetToInstantiate object for the title before anything else" time="0.017" classname="PhantomJS 1.9.8 (Windows 7).Directive: dashboard the addWidget function"/>
    <testcase name="should use the defaultWidget&apos;s title second" time="0.015" classname="PhantomJS 1.9.8 (Windows 7).Directive: dashboard the addWidget function"/>
    <testcase name="should call the saveDashboard method (internal)" time="0.015" classname="PhantomJS 1.9.8 (Windows 7).Directive: dashboard the addWidget function"/>
    <testcase name="should keep overrides from widgetPassed" time="0.016" classname="PhantomJS 1.9.8 (Windows 7).Directive: dashboard the addWidget function @awashbrook Test Case"/>
    <testcase name="should fill in default attrs" time="0.014" classname="PhantomJS 1.9.8 (Windows 7).Directive: dashboard the addWidget function @awashbrook Test Case"/>
    <testcase name="should override deep options in dataModelOptions" time="0.014" classname="PhantomJS 1.9.8 (Windows 7).Directive: dashboard the addWidget function @awashbrook Test Case"/>
    <testcase name="should fill in deep default attrs" time="0.015" classname="PhantomJS 1.9.8 (Windows 7).Directive: dashboard the addWidget function @awashbrook Test Case"/>
    <testcase name="should prevent save from being called if set to true" time="0.014" classname="PhantomJS 1.9.8 (Windows 7).Directive: dashboard the addWidget function the doNotSave parameter"/>
    <testcase name="should be a function" time="0.015" classname="PhantomJS 1.9.8 (Windows 7).Directive: dashboard the removeWidget function"/>
    <testcase name="should remove the provided widget from childScope.widgets array" time="0.022" classname="PhantomJS 1.9.8 (Windows 7).Directive: dashboard the removeWidget function"/>
    <testcase name="should call saveDashboard" time="0.014" classname="PhantomJS 1.9.8 (Windows 7).Directive: dashboard the removeWidget function"/>
    <testcase name="should be attached to the options object after initialization" time="0.012" classname="PhantomJS 1.9.8 (Windows 7).Directive: dashboard the saveDashboard function"/>
    <testcase name="should call scope.dashboardState.save when called internally if explicitSave is falsey" time="0.012" classname="PhantomJS 1.9.8 (Windows 7).Directive: dashboard the saveDashboard function"/>
    <testcase name="should not call scope.dashboardState.save when called internally if explicitSave is truthy" time="0.011" classname="PhantomJS 1.9.8 (Windows 7).Directive: dashboard the saveDashboard function"/>
    <testcase name="should call scope.dashboardState.save when called externally, no matter what explicitSave value is" time="0.012" classname="PhantomJS 1.9.8 (Windows 7).Directive: dashboard the saveDashboard function"/>
    <testcase name="should keep a count of unsaved changes as unsavedChangeCount" time="0.014" classname="PhantomJS 1.9.8 (Windows 7).Directive: dashboard the saveDashboard function"/>
    <testcase name="should reset the cound of unsaved changes if a successful force save occurs" time="0.012" classname="PhantomJS 1.9.8 (Windows 7).Directive: dashboard the saveDashboard function"/>
    <testcase name="should be a function" time="0.011" classname="PhantomJS 1.9.8 (Windows 7).Directive: dashboard the loadWidgets function"/>
    <testcase name="should set savedWidgetDefs on scope as passed array" time="0.084" classname="PhantomJS 1.9.8 (Windows 7).Directive: dashboard the loadWidgets function"/>
    <testcase name="should call clear on the scope with true as the only argument" time="0.015" classname="PhantomJS 1.9.8 (Windows 7).Directive: dashboard the loadWidgets function"/>
    <testcase name="should call addWidget for each widget in the array" time="0.017" classname="PhantomJS 1.9.8 (Windows 7).Directive: dashboard the loadWidgets function"/>
    <testcase name="should call addWidget for each widget with true as the second parameter (doNotSave)" time="0.016" classname="PhantomJS 1.9.8 (Windows 7).Directive: dashboard the loadWidgets function"/>
    <testcase name="should set the scope to an empty array" time="0.015" classname="PhantomJS 1.9.8 (Windows 7).Directive: dashboard the clear function"/>
    <testcase name="should not call saveDashboard if first arg is true" time="0.015" classname="PhantomJS 1.9.8 (Windows 7).Directive: dashboard the clear function"/>
    <testcase name="should call saveDashboard if first arg is not true" time="0.016" classname="PhantomJS 1.9.8 (Windows 7).Directive: dashboard the clear function"/>
    <testcase name="should be a function" time="0.024" classname="PhantomJS 1.9.8 (Windows 7).Directive: dashboard the openWidgetSettings function"/>
    <testcase name="should call $modal.open with default options" time="0.015" classname="PhantomJS 1.9.8 (Windows 7).Directive: dashboard the openWidgetSettings function"/>
    <testcase name="should have widget in the resolve object" time="0.015" classname="PhantomJS 1.9.8 (Windows 7).Directive: dashboard the openWidgetSettings function"/>
    <testcase name="should set the templateUrl in modal options to the default (&quot;client/components/adf/template/widget-settings-template.html&quot;)" time="0.013" classname="PhantomJS 1.9.8 (Windows 7).Directive: dashboard the openWidgetSettings function"/>
    <testcase name="should set the templateUrl in modal options to scope.options.settingsModalOptions.templateUrl" time="0.014" classname="PhantomJS 1.9.8 (Windows 7).Directive: dashboard the openWidgetSettings function"/>
    <testcase name="should set the templateUrl in modal options to widget.settingsModalOptions.templateUrl, if present" time="0.014" classname="PhantomJS 1.9.8 (Windows 7).Directive: dashboard the openWidgetSettings function"/>
    <testcase name="should set the controller in modal options to the default (&quot;WidgetSettingsCtrl&quot;)" time="0.013" classname="PhantomJS 1.9.8 (Windows 7).Directive: dashboard the openWidgetSettings function"/>
    <testcase name="should set the controller in modal options to the default (&quot;WidgetSettingsCtrl&quot;), even when settingsModalOptions is supplied in options" time="0.026" classname="PhantomJS 1.9.8 (Windows 7).Directive: dashboard the openWidgetSettings function"/>
    <testcase name="should set the controller in modal options to the default (&quot;WidgetSettingsCtrl&quot;), even when settingsModalOptions is supplied in widget" time="0.02" classname="PhantomJS 1.9.8 (Windows 7).Directive: dashboard the openWidgetSettings function"/>
    <testcase name="should set the controller to scope.options.settingsModalOptions.controller if provided" time="0.013" classname="PhantomJS 1.9.8 (Windows 7).Directive: dashboard the openWidgetSettings function"/>
    <testcase name="should set the controller to widget.settingsModalOptions.controller if provided" time="0.013" classname="PhantomJS 1.9.8 (Windows 7).Directive: dashboard the openWidgetSettings function"/>
    <testcase name="should pass in other modal options set in scope.options.settingsModalOptions" time="0.016" classname="PhantomJS 1.9.8 (Windows 7).Directive: dashboard the openWidgetSettings function"/>
    <testcase name="should pass in other modal options set in widget.settingsModalOptions" time="0.013" classname="PhantomJS 1.9.8 (Windows 7).Directive: dashboard the openWidgetSettings function"/>
    <testcase name="should emit a &quot;widgetChanged&quot; event on the childScope when the modal promise is called" time="0.013" classname="PhantomJS 1.9.8 (Windows 7).Directive: dashboard the openWidgetSettings function"/>
    <testcase name="should call scope.options.onSettingsClose when the modal promise is resolved by default" time="0.014" classname="PhantomJS 1.9.8 (Windows 7).Directive: dashboard the openWidgetSettings function"/>
    <testcase name="should call scope.options.onSettingsDismiss when the modal promise is rejected by default" time="0.012" classname="PhantomJS 1.9.8 (Windows 7).Directive: dashboard the openWidgetSettings function"/>
    <testcase name="should call widget.onSettingsClose if provided when the modal promise is resolved" time="0.096" classname="PhantomJS 1.9.8 (Windows 7).Directive: dashboard the openWidgetSettings function"/>
    <testcase name="should call widget.onSettingsDismiss if provided when the modal promise is rejected" time="0.017" classname="PhantomJS 1.9.8 (Windows 7).Directive: dashboard the openWidgetSettings function"/>
    <testcase name="should exist" time="0.014" classname="PhantomJS 1.9.8 (Windows 7).Directive: dashboard the default onSettingsClose callback"/>
    <testcase name="should deep extend widget with result" time="0.026" classname="PhantomJS 1.9.8 (Windows 7).Directive: dashboard the default onSettingsClose callback"/>
    <testcase name="should exist" time="0.016" classname="PhantomJS 1.9.8 (Windows 7).Directive: dashboard the default onSettingsDismiss callback"/>
    <testcase name="should call $log.info with the reason" time="0.014" classname="PhantomJS 1.9.8 (Windows 7).Directive: dashboard the default onSettingsDismiss callback"/>
    <testcase name="should have save and load methods" time="0.003" classname="PhantomJS 1.9.8 (Windows 7).Factory: DashboardState"/>
    <testcase name="should set the arguments passed to it in the constructor on the state instance" time="0.002" classname="PhantomJS 1.9.8 (Windows 7).Factory: DashboardState"/>
    <testcase name="should return true if storage is not defined" time="0.002" classname="PhantomJS 1.9.8 (Windows 7).Factory: DashboardState the save function"/>
    <testcase name="should serialize and store widgets passed to it" time="0.003" classname="PhantomJS 1.9.8 (Windows 7).Factory: DashboardState the save function"/>
    <testcase name="should not use JSON.stringify if options.stringifyStorage is false" time="0.003" classname="PhantomJS 1.9.8 (Windows 7).Factory: DashboardState the save function"/>
    <testcase name="should return null if storage is disabled" time="0.002" classname="PhantomJS 1.9.8 (Windows 7).Factory: DashboardState the load function"/>
    <testcase name="should return null if storage is enabled but no value was found" time="0.002" classname="PhantomJS 1.9.8 (Windows 7).Factory: DashboardState the load function"/>
    <testcase name="should return null and log a warning if the stored string is invalid JSON" time="0.003" classname="PhantomJS 1.9.8 (Windows 7).Factory: DashboardState the load function"/>
    <testcase name="should return an array of widgets if getItem returns valid serialized dashboard state" time="0.002" classname="PhantomJS 1.9.8 (Windows 7).Factory: DashboardState the load function"/>
    <testcase name="should return null if getItem returned a falsey value" time="0.002" classname="PhantomJS 1.9.8 (Windows 7).Factory: DashboardState the load function"/>
    <testcase name="should return a promise if getItem returns a promise" time="0.002" classname="PhantomJS 1.9.8 (Windows 7).Factory: DashboardState the load function"/>
    <testcase name="should return null if the stored hash is different from current hash" time="0.002" classname="PhantomJS 1.9.8 (Windows 7).Factory: DashboardState the load function"/>
    <testcase name="should not include widgets that have no corresponding WDO" time="0.003" classname="PhantomJS 1.9.8 (Windows 7).Factory: DashboardState the load function"/>
    <testcase name="should not include widgets who have a stale hash" time="0.012" classname="PhantomJS 1.9.8 (Windows 7).Factory: DashboardState the load function"/>
    <testcase name="should resolve when the getItem promise resolves with a value" time="0.003" classname="PhantomJS 1.9.8 (Windows 7).Factory: DashboardState the load function the loadPromise (returned from load method)"/>
    <testcase name="should reject when the getItemPromise rejects" time="0.003" classname="PhantomJS 1.9.8 (Windows 7).Factory: DashboardState the load function the loadPromise (returned from load method)"/>
    <testcase name="should reject when the getItem promise resolves with a falsey (or no) value" time="0.002" classname="PhantomJS 1.9.8 (Windows 7).Factory: DashboardState the load function the loadPromise (returned from load method)"/>
    <testcase name="should use JSON.parse if options.stringifyStorage is true" time="0.002" classname="PhantomJS 1.9.8 (Windows 7).Factory: DashboardState the load function"/>
    <testcase name="should not use JSON.parse if options.stringifyStorage is false" time="0.002" classname="PhantomJS 1.9.8 (Windows 7).Factory: DashboardState the load function"/>
    <testcase name="should return a string" time="0.003" classname="PhantomJS 1.9.8 (Windows 7).Controller: DashboardWidgetCtrl the makeTemplateString method"/>
    <testcase name="should use ng-include if templateUrl is specified on widget, despite any other options" time="0.003" classname="PhantomJS 1.9.8 (Windows 7).Controller: DashboardWidgetCtrl the makeTemplateString method"/>
    <testcase name="should return widget.template if specified, regardless of presence of directive or attrs" time="0.003" classname="PhantomJS 1.9.8 (Windows 7).Controller: DashboardWidgetCtrl the makeTemplateString method"/>
    <testcase name="should use widget.directive as attribute directive" time="0.002" classname="PhantomJS 1.9.8 (Windows 7).Controller: DashboardWidgetCtrl the makeTemplateString method"/>
    <testcase name="should attach attributes if provided" time="0.003" classname="PhantomJS 1.9.8 (Windows 7).Controller: DashboardWidgetCtrl the makeTemplateString method"/>
    <testcase name="should place widgetData into dataAttrName attribute if specified" time="0.003" classname="PhantomJS 1.9.8 (Windows 7).Controller: DashboardWidgetCtrl the makeTemplateString method"/>
    <testcase name="should add attrs to the widget object if it does not exist and dataAttrName is specified" time="0.002" classname="PhantomJS 1.9.8 (Windows 7).Controller: DashboardWidgetCtrl the makeTemplateString method"/>
    <testcase name="should do nothing if event.which is not 1 (left click)" time="0.003" classname="PhantomJS 1.9.8 (Windows 7).Controller: DashboardWidgetCtrl the grabResizer method"/>
    <testcase name="should call stopPropagation and preventDefault" time="0.004" classname="PhantomJS 1.9.8 (Windows 7).Controller: DashboardWidgetCtrl the grabResizer method"/>
    <testcase name="should add a .widget-resizer-marquee element to the .widget element" time="0.002" classname="PhantomJS 1.9.8 (Windows 7).Controller: DashboardWidgetCtrl the grabResizer method"/>
    <testcase name="should set editingTitle=true on the widget object" time="0.002" classname="PhantomJS 1.9.8 (Windows 7).Controller: DashboardWidgetCtrl the editTitle method"/>
    <testcase name="should call $timeout" time="0.002" classname="PhantomJS 1.9.8 (Windows 7).Controller: DashboardWidgetCtrl the editTitle method"/>
    <testcase name="should set editingTitle=false" time="0.003" classname="PhantomJS 1.9.8 (Windows 7).Controller: DashboardWidgetCtrl the saveTitleEdit method"/>
    <testcase name="should set dataModelOptions and widgetScope from args" time="0.003" classname="PhantomJS 1.9.8 (Windows 7).PerceptiveReach DataModels PerceptiveReach MedicationDataModel setup method"/>
    <testcase name="check the existence of getData method" time="0.002" classname="PhantomJS 1.9.8 (Windows 7).PerceptiveReach DataModels PerceptiveReach MedicationDataModel getData method"/>
    <testcase name="check the existence of init method" time="0.002" classname="PhantomJS 1.9.8 (Windows 7).PerceptiveReach DataModels PerceptiveReach MedicationDataModel init method"/>
    <testcase name="check the existence of init method" time="0.002" classname="PhantomJS 1.9.8 (Windows 7).PerceptiveReach DataModels PerceptiveReach MedicationDataModel destroy method"/>
    <testcase name="should set dataModelOptions and widgetScope from args" time="0.002" classname="PhantomJS 1.9.8 (Windows 7).PerceptiveReach DataModels PerceptiveReach PatientFlagDataModel setup method"/>
    <testcase name="check the existence of getData method" time="0.003" classname="PhantomJS 1.9.8 (Windows 7).PerceptiveReach DataModels PerceptiveReach PatientFlagDataModel getData method"/>
    <testcase name="check the existence of init method" time="0.012" classname="PhantomJS 1.9.8 (Windows 7).PerceptiveReach DataModels PerceptiveReach PatientFlagDataModel init method"/>
    <testcase name="check the existence of init method" time="0.003" classname="PhantomJS 1.9.8 (Windows 7).PerceptiveReach DataModels PerceptiveReach PatientFlagDataModel destroy method"/>
    <testcase name="check the existence of getData method" time="0.002" classname="PhantomJS 1.9.8 (Windows 7).PerceptiveReach DataModels PerceptiveReach AppointmentDataModel getData method"/>
    <testcase name="check the existence of init method" time="0.003" classname="PhantomJS 1.9.8 (Windows 7).PerceptiveReach DataModels PerceptiveReach AppointmentDataModel init method"/>
    <testcase name="check the existence of init method" time="0.002" classname="PhantomJS 1.9.8 (Windows 7).PerceptiveReach DataModels PerceptiveReach AppointmentDataModel destroy method"/>
    <testcase name="should instantiate a WebSocket immediately with the url set with provider.setWebSocketURL" time="0.002" classname="PhantomJS 1.9.8 (Windows 7).Service: webSocket when explicitConnection is disabled when url is provided by calling provider_setWebSocketURL"/>
    <testcase name="should throw if a URL was not set with provider.setWebSocketURL" time="0.003" classname="PhantomJS 1.9.8 (Windows 7).Service: webSocket when explicitConnection is disabled when the url is not provided by calling provider_setWebSocketURL"/>
    <testcase name="should not call WebSocket immediately" time="0.001" classname="PhantomJS 1.9.8 (Windows 7).Service: webSocket when explicitConnection is enabled when url is provided by calling provider_setWebSocketURL"/>
    <testcase name="should instantiate a WebSocket with the url set with provider.setWebSocketURL if no url arg is passed to it" time="0.001" classname="PhantomJS 1.9.8 (Windows 7).Service: webSocket when explicitConnection is enabled when url is provided by calling provider_setWebSocketURL"/>
    <testcase name="should not call WebSocket immediately" time="0.001" classname="PhantomJS 1.9.8 (Windows 7).Service: webSocket when explicitConnection is enabled when the url is not provided by calling provider_setWebSocketURL"/>
    <testcase name="should instantiate a WebSocket with the provided url" time="0.002" classname="PhantomJS 1.9.8 (Windows 7).Service: webSocket when explicitConnection is enabled when the url is not provided by calling provider_setWebSocketURL"/>
    <testcase name="should throw if no url is passed and no url was set with provider.setWebSocketURL" time="0.001" classname="PhantomJS 1.9.8 (Windows 7).Service: webSocket when explicitConnection is enabled when the url is not provided by calling provider_setWebSocketURL"/>
    <testcase name="should send message when WebSocket connection is opened" time="0.001" classname="PhantomJS 1.9.8 (Windows 7).Service: webSocket the send method"/>
    <testcase name="should notify subscribers" time="0.002" classname="PhantomJS 1.9.8 (Windows 7).Service: webSocket the send method"/>
    <testcase name="should send a subscribe message" time="0.002" classname="PhantomJS 1.9.8 (Windows 7).Service: webSocket the send method"/>
    <testcase name="should unsubscribe" time="0.001" classname="PhantomJS 1.9.8 (Windows 7).Service: webSocket the send method"/>
    <testcase name="should call unsubscribe on scope destroy" time="0.002" classname="PhantomJS 1.9.8 (Windows 7).Service: webSocket the send method"/>
    <testcase name="should send an unsubscribe message when there are no more listeners for a given topic" time="0.002" classname="PhantomJS 1.9.8 (Windows 7).Service: webSocket the send method"/>
    <testcase name="should send a subscribe message again if a topic has previously been unsubscribed to" time="0.001" classname="PhantomJS 1.9.8 (Windows 7).Service: webSocket the send method"/>
    <testcase name="should not throw" time="0.001" classname="PhantomJS 1.9.8 (Windows 7).Service: webSocket the connect method"/>
    <testcase name="should do nothing if an open WebSocket instance is already there" time="0.001" classname="PhantomJS 1.9.8 (Windows 7).Service: webSocket the connect method"/>
    <testcase name="should call the close method of the WebSocket" time="0.002" classname="PhantomJS 1.9.8 (Windows 7).Service: webSocket the disconnect method when the webSocket has been connected"/>
    <testcase name="should not try to re-establish connection after connectionAttemptInterval" time="0.001" classname="PhantomJS 1.9.8 (Windows 7).Service: webSocket the disconnect method when the webSocket has been connected"/>
    <testcase name="should not throw" time="0.011" classname="PhantomJS 1.9.8 (Windows 7).Service: webSocket the disconnect method when the webSocket has not connected"/>
    <testcase name="should try to re-establish connection" time="0.003" classname="PhantomJS 1.9.8 (Windows 7).Service: webSocket when the connection gets unexpectedly closed"/>
    <testcase name="should try maxConnectionAttempts times" time="0.011" classname="PhantomJS 1.9.8 (Windows 7).Service: webSocket when the connection gets unexpectedly closed"/>
    <testcase name="should start queuing up send messages again, then send those messages once connection has been re-established" time="0.001" classname="PhantomJS 1.9.8 (Windows 7).Service: webSocket when the connection gets unexpectedly closed"/>
    <testcase name="should create a new instance of dataModelType if provided in scope.widget" time="0.004" classname="PhantomJS 1.9.8 (Windows 7).Directive: widget"/>
    <testcase name="should call setup and init on the new dataModel" time="0.002" classname="PhantomJS 1.9.8 (Windows 7).Directive: widget"/>
    <testcase name="should call compile template" time="0.002" classname="PhantomJS 1.9.8 (Windows 7).Directive: widget"/>
    <testcase name="should create a new instance of dataModelType from string name" time="0.002" classname="PhantomJS 1.9.8 (Windows 7).Directive: widget"/>
    <testcase name="should validate data model type" time="0.004" classname="PhantomJS 1.9.8 (Windows 7).Directive: widget"/>
    <testcase name="should be a function" time="0.001" classname="PhantomJS 1.9.8 (Windows 7).Factory: WidgetDataModel"/>
    <testcase name="should set dataAttrName, dataModelOptions, and widgetScope from args" time="0.002" classname="PhantomJS 1.9.8 (Windows 7).Factory: WidgetDataModel setup method"/>
    <testcase name="should set scope.widgetData to passed data" time="0.001" classname="PhantomJS 1.9.8 (Windows 7).Factory: WidgetDataModel updateScope method"/>
    <testcase name="should be an empty (noop) implementation" time="0.001" classname="PhantomJS 1.9.8 (Windows 7).Factory: WidgetDataModel init method"/>
    <testcase name="should be an empty (noop) implementation" time="0.002" classname="PhantomJS 1.9.8 (Windows 7).Factory: WidgetDataModel destroy method"/>
    <testcase name="should be a function" time="0.002" classname="PhantomJS 1.9.8 (Windows 7).Factory: WidgetModel"/>
    <testcase name="should copy class defaults, so that changes on an instance do not change the Class" time="0.001" classname="PhantomJS 1.9.8 (Windows 7).Factory: WidgetModel the constructor"/>
    <testcase name="should call setWidth" time="0.002" classname="PhantomJS 1.9.8 (Windows 7).Factory: WidgetModel the constructor"/>
    <testcase name="should take overrides as precedent over Class defaults" time="0.001" classname="PhantomJS 1.9.8 (Windows 7).Factory: WidgetModel the constructor"/>
    <testcase name="should set templateUrl if and only if it is present on Class" time="0.001" classname="PhantomJS 1.9.8 (Windows 7).Factory: WidgetModel the constructor"/>
    <testcase name="should NOT set template if templateUrl was specified" time="0.002" classname="PhantomJS 1.9.8 (Windows 7).Factory: WidgetModel the constructor"/>
    <testcase name="should set template if and only if it is present on Class" time="0.001" classname="PhantomJS 1.9.8 (Windows 7).Factory: WidgetModel the constructor"/>
    <testcase name="should look for directive if neither templateUrl nor template is found on Class" time="0.002" classname="PhantomJS 1.9.8 (Windows 7).Factory: WidgetModel the constructor"/>
    <testcase name="should set the name as directive if templateUrl, template, and directive are not defined" time="0.001" classname="PhantomJS 1.9.8 (Windows 7).Factory: WidgetModel the constructor"/>
    <testcase name="should not require overrides" time="0.002" classname="PhantomJS 1.9.8 (Windows 7).Factory: WidgetModel the constructor"/>
    <testcase name="should copy references to settingsModalOptions, onSettingsClose, onSettingsDismiss" time="0.002" classname="PhantomJS 1.9.8 (Windows 7).Factory: WidgetModel the constructor"/>
    <testcase name="should take one argument as a string with units" time="0.001" classname="PhantomJS 1.9.8 (Windows 7).Factory: WidgetModel setWidth method"/>
    <testcase name="should take two args as a number and string as units" time="0.002" classname="PhantomJS 1.9.8 (Windows 7).Factory: WidgetModel setWidth method"/>
    <testcase name="should return false and not set anything if width is less than 0" time="0.001" classname="PhantomJS 1.9.8 (Windows 7).Factory: WidgetModel setWidth method"/>
    <testcase name="should assume % if no unit is given" time="0.002" classname="PhantomJS 1.9.8 (Windows 7).Factory: WidgetModel setWidth method"/>
    <testcase name="should force greater than 0% and less than or equal 100%" time="0.011" classname="PhantomJS 1.9.8 (Windows 7).Factory: WidgetModel setWidth method"/>
    <testcase name="should add widget to the dialog scope" time="0.002" classname="PhantomJS 1.9.8 (Windows 7).Controller: WidgetSettingsCtrl"/>
    <testcase name="should call close with $scope.result and $scope.widget" time="0.002" classname="PhantomJS 1.9.8 (Windows 7).Controller: WidgetSettingsCtrl the ok method"/>
    <testcase name="should call dismiss" time="0.001" classname="PhantomJS 1.9.8 (Windows 7).Controller: WidgetSettingsCtrl the cancel method"/>
    <testcase name="should have topN directive" time="0.028" classname="PhantomJS 1.9.8 (Windows 7).main test"/>
    <testcase name="should have veteran roster table directive" time="0.673" classname="PhantomJS 1.9.8 (Windows 7).main test"/>
    <testcase name="should have clinical decision support directive" time="0.006" classname="PhantomJS 1.9.8 (Windows 7).main test"/>
    <testcase name="should have medication directive" time="0.007" classname="PhantomJS 1.9.8 (Windows 7).main test"/>
    <testcase name="should have patient flag directive" time="0.008" classname="PhantomJS 1.9.8 (Windows 7).main test"/>
    <testcase name="should have appointment directive" time="0.007" classname="PhantomJS 1.9.8 (Windows 7).main test"/>
    <testcase name="should have diagnoses directive" time="0.007" classname="PhantomJS 1.9.8 (Windows 7).main test"/>
    <system-out><![CDATA[PhantomJS 1.9.8 (Windows 7) LOG: 'inside veteran roster controller'
,PhantomJS 1.9.8 (Windows 7) LOG: [1, [Object{ReachID: ..., FirstName: ..., MiddleName: ..., LastName: ..., SSN: ..., Phone: ..., DateIdentifiedRisk: ..., RiskLevel: ..., OutreachStatus: ..., VAMC: ...}, Object{ReachID: ..., FirstName: ..., MiddleName: ..., LastName: ..., SSN: ..., Phone: ..., DateIdentifiedRisk: ..., RiskLevel: ..., OutreachStatus: ..., VAMC: ...}, Object{ReachID: ..., FirstName: ..., MiddleName: ..., LastName: ..., SSN: ..., Phone: ..., DateIdentifiedRisk: ..., RiskLevel: ..., OutreachStatus: ..., VAMC: ...}, Object{ReachID: ..., FirstName: ..., MiddleName: ..., LastName: ..., SSN: ..., Phone: ..., DateIdentifiedRisk: ..., RiskLevel: ..., OutreachStatus: ..., VAMC: ...}, Object{ReachID: ..., FirstName: ..., MiddleName: ..., LastName: ..., SSN: ..., Phone: ..., DateIdentifiedRisk: ..., RiskLevel: ..., OutreachStatus: ..., VAMC: ...}, Object{ReachID: ..., FirstName: ..., MiddleName: ..., LastName: ..., SSN: ..., Phone: ..., DateIdentifiedRisk: ..., RiskLevel: ..., OutreachStatus: ..., VAMC: ...}, Object{ReachID: ..., FirstName: ..., MiddleName: ..., LastName: ..., SSN: ..., Phone: ..., DateIdentifiedRisk: ..., RiskLevel: ..., OutreachStatus: ..., VAMC: ...}, Object{ReachID: ..., FirstName: ..., MiddleName: ..., LastName: ..., SSN: ..., Phone: ..., DateIdentifiedRisk: ..., RiskLevel: ..., OutreachStatus: ..., VAMC: ...}, Object{ReachID: ..., FirstName: ..., MiddleName: ..., LastName: ..., SSN: ..., Phone: ..., DateIdentifiedRisk: ..., RiskLevel: ..., OutreachStatus: ..., VAMC: ...}, Object{ReachID: ..., FirstName: ..., MiddleName: ..., LastName: ..., SSN: ..., Phone: ..., DateIdentifiedRisk: ..., RiskLevel: ..., OutreachStatus: ..., VAMC: ...}, Object{ReachID: ..., FirstName: ..., MiddleName: ..., LastName: ..., SSN: ..., Phone: ..., DateIdentifiedRisk: ..., RiskLevel: ..., OutreachStatus: ..., VAMC: ...}, Object{ReachID: ..., FirstName: ..., MiddleName: ..., LastName: ..., SSN: ..., Phone: ..., DateIdentifiedRisk: ..., RiskLevel: ..., OutreachStatus: ..., VAMC: ...}, Object{ReachID: ..., FirstName: ..., MiddleName: ..., LastName: ..., SSN: ..., Phone: ..., DateIdentifiedRisk: ..., RiskLevel: ..., OutreachStatus: ..., VAMC: ...}, Object{ReachID: ..., FirstName: ..., MiddleName: ..., LastName: ..., SSN: ..., Phone: ..., DateIdentifiedRisk: ..., RiskLevel: ..., OutreachStatus: ..., VAMC: ...}, Object{ReachID: ..., FirstName: ..., MiddleName: ..., LastName: ..., SSN: ..., Phone: ..., DateIdentifiedRisk: ..., RiskLevel: ..., OutreachStatus: ..., VAMC: ...}, Object{ReachID: ..., FirstName: ..., MiddleName: ..., LastName: ..., SSN: ..., Phone: ..., DateIdentifiedRisk: ..., RiskLevel: ..., OutreachStatus: ..., VAMC: ...}, Object{ReachID: ..., FirstName: ..., MiddleName: ..., LastName: ..., SSN: ..., Phone: ..., DateIdentifiedRisk: ..., RiskLevel: ..., OutreachStatus: ..., VAMC: ...}, Object{ReachID: ..., FirstName: ..., MiddleName: ..., LastName: ..., SSN: ..., Phone: ..., DateIdentifiedRisk: ..., RiskLevel: ..., OutreachStatus: ..., VAMC: ...}, Object{ReachID: ..., FirstName: ..., MiddleName: ..., LastName: ..., SSN: ..., Phone: ..., DateIdentifiedRisk: ..., RiskLevel: ..., OutreachStatus: ..., VAMC: ...}, Object{ReachID: ..., FirstName: ..., MiddleName: ..., LastName: ..., SSN: ..., Phone: ..., DateIdentifiedRisk: ..., RiskLevel: ..., OutreachStatus: ..., VAMC: ...}, Object{ReachID: ..., FirstName: ..., MiddleName: ..., LastName: ..., SSN: ..., Phone: ..., DateIdentifiedRisk: ..., RiskLevel: ..., OutreachStatus: ..., VAMC: ...}, Object{ReachID: ..., FirstName: ..., MiddleName: ..., LastName: ..., SSN: ..., Phone: ..., DateIdentifiedRisk: ..., RiskLevel: ..., OutreachStatus: ..., VAMC: ...}, Object{ReachID: ..., FirstName: ..., MiddleName: ..., LastName: ..., SSN: ..., Phone: ..., DateIdentifiedRisk: ..., RiskLevel: ..., OutreachStatus: ..., VAMC: ...}, Object{ReachID: ..., FirstName: ..., MiddleName: ..., LastName: ..., SSN: ..., Phone: ..., DateIdentifiedRisk: ..., RiskLevel: ..., OutreachStatus: ..., VAMC: ...}, Object{ReachID: ..., FirstName: ..., MiddleName: ..., LastName: ..., SSN: ..., Phone: ..., DateIdentifiedRisk: ..., RiskLevel: ..., OutreachStatus: ..., VAMC: ...}, Object{ReachID: ..., FirstName: ..., MiddleName: ..., LastName: ..., SSN: ..., Phone: ..., DateIdentifiedRisk: ..., RiskLevel: ..., OutreachStatus: ..., VAMC: ...}, Object{ReachID: ..., FirstName: ..., MiddleName: ..., LastName: ..., SSN: ..., Phone: ..., DateIdentifiedRisk: ..., RiskLevel: ..., OutreachStatus: ..., VAMC: ...}, Object{ReachID: ..., FirstName: ..., MiddleName: ..., LastName: ..., SSN: ..., Phone: ..., DateIdentifiedRisk: ..., RiskLevel: ..., OutreachStatus: ..., VAMC: ...}, Object{ReachID: ..., FirstName: ..., MiddleName: ..., LastName: ..., SSN: ..., Phone: ..., DateIdentifiedRisk: ..., RiskLevel: ..., OutreachStatus: ..., VAMC: ...}, Object{ReachID: ..., FirstName: ..., MiddleName: ..., LastName: ..., SSN: ..., Phone: ..., DateIdentifiedRisk: ..., RiskLevel: ..., OutreachStatus: ..., VAMC: ...}, Object{ReachID: ..., FirstName: ..., MiddleName: ..., LastName: ..., SSN: ..., Phone: ..., DateIdentifiedRisk: ..., RiskLevel: ..., OutreachStatus: ..., VAMC: ...}, Object{ReachID: ..., FirstName: ..., MiddleName: ..., LastName: ..., SSN: ..., Phone: ..., DateIdentifiedRisk: ..., RiskLevel: ..., OutreachStatus: ..., VAMC: ...}, Object{ReachID: ..., FirstName: ..., MiddleName: ..., LastName: ..., SSN: ..., Phone: ..., DateIdentifiedRisk: ..., RiskLevel: ..., OutreachStatus: ..., VAMC: ...}, Object{ReachID: ..., FirstName: ..., MiddleName: ..., LastName: ..., SSN: ..., Phone: ..., DateIdentifiedRisk: ..., RiskLevel: ..., OutreachStatus: ..., VAMC: ...}, Object{ReachID: ..., FirstName: ..., MiddleName: ..., LastName: ..., SSN: ..., Phone: ..., DateIdentifiedRisk: ..., RiskLevel: ..., OutreachStatus: ..., VAMC: ...}, Object{ReachID: ..., FirstName: ..., MiddleName: ..., LastName: ..., SSN: ..., Phone: ..., DateIdentifiedRisk: ..., RiskLevel: ..., OutreachStatus: ..., VAMC: ...}, Object{ReachID: ..., FirstName: ..., MiddleName: ..., LastName: ..., SSN: ..., Phone: ..., DateIdentifiedRisk: ..., RiskLevel: ..., OutreachStatus: ..., VAMC: ...}, Object{ReachID: ..., FirstName: ..., MiddleName: ..., LastName: ..., SSN: ..., Phone: ..., DateIdentifiedRisk: ..., RiskLevel: ..., OutreachStatus: ..., VAMC: ...}, Object{ReachID: ..., FirstName: ..., MiddleName: ..., LastName: ..., SSN: ..., Phone: ..., DateIdentifiedRisk: ..., RiskLevel: ..., OutreachStatus: ..., VAMC: ...}, Object{ReachID: ..., FirstName: ..., MiddleName: ..., LastName: ..., SSN: ..., Phone: ..., DateIdentifiedRisk: ..., RiskLevel: ..., OutreachStatus: ..., VAMC: ...}, Object{ReachID: ..., FirstName: ..., MiddleName: ..., LastName: ..., SSN: ..., Phone: ..., DateIdentifiedRisk: ..., RiskLevel: ..., OutreachStatus: ..., VAMC: ...}, Object{ReachID: ..., FirstName: ..., MiddleName: ..., LastName: ..., SSN: ..., Phone: ..., DateIdentifiedRisk: ..., RiskLevel: ..., OutreachStatus: ..., VAMC: ...}, Object{ReachID: ..., FirstName: ..., MiddleName: ..., LastName: ..., SSN: ..., Phone: ..., DateIdentifiedRisk: ..., RiskLevel: ..., OutreachStatus: ..., VAMC: ...}, Object{ReachID: ..., FirstName: ..., MiddleName: ..., LastName: ..., SSN: ..., Phone: ..., DateIdentifiedRisk: ..., RiskLevel: ..., OutreachStatus: ..., VAMC: ...}, Object{ReachID: ..., FirstName: ..., MiddleName: ..., LastName: ..., SSN: ..., Phone: ..., DateIdentifiedRisk: ..., RiskLevel: ..., OutreachStatus: ..., VAMC: ...}, Object{ReachID: ..., FirstName: ..., MiddleName: ..., LastName: ..., SSN: ..., Phone: ..., DateIdentifiedRisk: ..., RiskLevel: ..., OutreachStatus: ..., VAMC: ...}, Object{ReachID: ..., FirstName: ..., MiddleName: ..., LastName: ..., SSN: ..., Phone: ..., DateIdentifiedRisk: ..., RiskLevel: ..., OutreachStatus: ..., VAMC: ...}, Object{ReachID: ..., FirstName: ..., MiddleName: ..., LastName: ..., SSN: ..., Phone: ..., DateIdentifiedRisk: ..., RiskLevel: ..., OutreachStatus: ..., VAMC: ...}, Object{ReachID: ..., FirstName: ..., MiddleName: ..., LastName: ..., SSN: ..., Phone: ..., DateIdentifiedRisk: ..., RiskLevel: ..., OutreachStatus: ..., VAMC: ...}, Object{ReachID: ..., FirstName: ..., MiddleName: ..., LastName: ..., SSN: ..., Phone: ..., DateIdentifiedRisk: ..., RiskLevel: ..., OutreachStatus: ..., VAMC: ...}, Object{ReachID: ..., FirstName: ..., MiddleName: ..., LastName: ..., SSN: ..., Phone: ..., DateIdentifiedRisk: ..., RiskLevel: ..., OutreachStatus: ..., VAMC: ...}, Object{ReachID: ..., FirstName: ..., MiddleName: ..., LastName: ..., SSN: ..., Phone: ..., DateIdentifiedRisk: ..., RiskLevel: ..., OutreachStatus: ..., VAMC: ...}, Object{ReachID: ..., FirstName: ..., MiddleName: ..., LastName: ..., SSN: ..., Phone: ..., DateIdentifiedRisk: ..., RiskLevel: ..., OutreachStatus: ..., VAMC: ...}, Object{ReachID: ..., FirstName: ..., MiddleName: ..., LastName: ..., SSN: ..., Phone: ..., DateIdentifiedRisk: ..., RiskLevel: ..., OutreachStatus: ..., VAMC: ...}, Object{ReachID: ..., FirstName: ..., MiddleName: ..., LastName: ..., SSN: ..., Phone: ..., DateIdentifiedRisk: ..., RiskLevel: ..., OutreachStatus: ..., VAMC: ...}, Object{ReachID: ..., FirstName: ..., MiddleName: ..., LastName: ..., SSN: ..., Phone: ..., DateIdentifiedRisk: ..., RiskLevel: ..., OutreachStatus: ..., VAMC: ...}, Object{ReachID: ..., FirstName: ..., MiddleName: ..., LastName: ..., SSN: ..., Phone: ..., DateIdentifiedRisk: ..., RiskLevel: ..., OutreachStatus: ..., VAMC: ...}, Object{ReachID: ..., FirstName: ..., MiddleName: ..., LastName: ..., SSN: ..., Phone: ..., DateIdentifiedRisk: ..., RiskLevel: ..., OutreachStatus: ..., VAMC: ...}, Object{ReachID: ..., FirstName: ..., MiddleName: ..., LastName: ..., SSN: ..., Phone: ..., DateIdentifiedRisk: ..., RiskLevel: ..., OutreachStatus: ..., VAMC: ...}, Object{ReachID: ..., FirstName: ..., MiddleName: ..., LastName: ..., SSN: ..., Phone: ..., DateIdentifiedRisk: ..., RiskLevel: ..., OutreachStatus: ..., VAMC: ...}, Object{ReachID: ..., FirstName: ..., MiddleName: ..., LastName: ..., SSN: ..., Phone: ..., DateIdentifiedRisk: ..., RiskLevel: ..., OutreachStatus: ..., VAMC: ...}, Object{ReachID: ..., FirstName: ..., MiddleName: ..., LastName: ..., SSN: ..., Phone: ..., DateIdentifiedRisk: ..., RiskLevel: ..., OutreachStatus: ..., VAMC: ...}, Object{ReachID: ..., FirstName: ..., MiddleName: ..., LastName: ..., SSN: ..., Phone: ..., DateIdentifiedRisk: ..., RiskLevel: ..., OutreachStatus: ..., VAMC: ...}, Object{ReachID: ..., FirstName: ..., MiddleName: ..., LastName: ..., SSN: ..., Phone: ..., DateIdentifiedRisk: ..., RiskLevel: ..., OutreachStatus: ..., VAMC: ...}, Object{ReachID: ..., FirstName: ..., MiddleName: ..., LastName: ..., SSN: ..., Phone: ..., DateIdentifiedRisk: ..., RiskLevel: ..., OutreachStatus: ..., VAMC: ...}, Object{ReachID: ..., FirstName: ..., MiddleName: ..., LastName: ..., SSN: ..., Phone: ..., DateIdentifiedRisk: ..., RiskLevel: ..., OutreachStatus: ..., VAMC: ...}, Object{ReachID: ..., FirstName: ..., MiddleName: ..., LastName: ..., SSN: ..., Phone: ..., DateIdentifiedRisk: ..., RiskLevel: ..., OutreachStatus: ..., VAMC: ...}, Object{ReachID: ..., FirstName: ..., MiddleName: ..., LastName: ..., SSN: ..., Phone: ..., DateIdentifiedRisk: ..., RiskLevel: ..., OutreachStatus: ..., VAMC: ...}, Object{ReachID: ..., FirstName: ..., MiddleName: ..., LastName: ..., SSN: ..., Phone: ..., DateIdentifiedRisk: ..., RiskLevel: ..., OutreachStatus: ..., VAMC: ...}, Object{ReachID: ..., FirstName: ..., MiddleName: ..., LastName: ..., SSN: ..., Phone: ..., DateIdentifiedRisk: ..., RiskLevel: ..., OutreachStatus: ..., VAMC: ...}, Object{ReachID: ..., FirstName: ..., MiddleName: ..., LastName: ..., SSN: ..., Phone: ..., DateIdentifiedRisk: ..., RiskLevel: ..., OutreachStatus: ..., VAMC: ...}, Object{ReachID: ..., FirstName: ..., MiddleName: ..., LastName: ..., SSN: ..., Phone: ..., DateIdentifiedRisk: ..., RiskLevel: ..., OutreachStatus: ..., VAMC: ...}, Object{ReachID: ..., FirstName: ..., MiddleName: ..., LastName: ..., SSN: ..., Phone: ..., DateIdentifiedRisk: ..., RiskLevel: ..., OutreachStatus: ..., VAMC: ...}, Object{ReachID: ..., FirstName: ..., MiddleName: ..., LastName: ..., SSN: ..., Phone: ..., DateIdentifiedRisk: ..., RiskLevel: ..., OutreachStatus: ..., VAMC: ...}, Object{ReachID: ..., FirstName: ..., MiddleName: ..., LastName: ..., SSN: ..., Phone: ..., DateIdentifiedRisk: ..., RiskLevel: ..., OutreachStatus: ..., VAMC: ...}, Object{ReachID: ..., FirstName: ..., MiddleName: ..., LastName: ..., SSN: ..., Phone: ..., DateIdentifiedRisk: ..., RiskLevel: ..., OutreachStatus: ..., VAMC: ...}, Object{ReachID: ..., FirstName: ..., MiddleName: ..., LastName: ..., SSN: ..., Phone: ..., DateIdentifiedRisk: ..., RiskLevel: ..., OutreachStatus: ..., VAMC: ...}, Object{ReachID: ..., FirstName: ..., MiddleName: ..., LastName: ..., SSN: ..., Phone: ..., DateIdentifiedRisk: ..., RiskLevel: ..., OutreachStatus: ..., VAMC: ...}, Object{ReachID: ..., FirstName: ..., MiddleName: ..., LastName: ..., SSN: ..., Phone: ..., DateIdentifiedRisk: ..., RiskLevel: ..., OutreachStatus: ..., VAMC: ...}, Object{ReachID: ..., FirstName: ..., MiddleName: ..., LastName: ..., SSN: ..., Phone: ..., DateIdentifiedRisk: ..., RiskLevel: ..., OutreachStatus: ..., VAMC: ...}, Object{ReachID: ..., FirstName: ..., MiddleName: ..., LastName: ..., SSN: ..., Phone: ..., DateIdentifiedRisk: ..., RiskLevel: ..., OutreachStatus: ..., VAMC: ...}, Object{ReachID: ..., FirstName: ..., MiddleName: ..., LastName: ..., SSN: ..., Phone: ..., DateIdentifiedRisk: ..., RiskLevel: ..., OutreachStatus: ..., VAMC: ...}, Object{ReachID: ..., FirstName: ..., MiddleName: ..., LastName: ..., SSN: ..., Phone: ..., DateIdentifiedRisk: ..., RiskLevel: ..., OutreachStatus: ..., VAMC: ...}, Object{ReachID: ..., FirstName: ..., MiddleName: ..., LastName: ..., SSN: ..., Phone: ..., DateIdentifiedRisk: ..., RiskLevel: ..., OutreachStatus: ..., VAMC: ...}, Object{ReachID: ..., FirstName: ..., MiddleName: ..., LastName: ..., SSN: ..., Phone: ..., DateIdentifiedRisk: ..., RiskLevel: ..., OutreachStatus: ..., VAMC: ...}, Object{ReachID: ..., FirstName: ..., MiddleName: ..., LastName: ..., SSN: ..., Phone: ..., DateIdentifiedRisk: ..., RiskLevel: ..., OutreachStatus: ..., VAMC: ...}, Object{ReachID: ..., FirstName: ..., MiddleName: ..., LastName: ..., SSN: ..., Phone: ..., DateIdentifiedRisk: ..., RiskLevel: ..., OutreachStatus: ..., VAMC: ...}, Object{ReachID: ..., FirstName: ..., MiddleName: ..., LastName: ..., SSN: ..., Phone: ..., DateIdentifiedRisk: ..., RiskLevel: ..., OutreachStatus: ..., VAMC: ...}, Object{ReachID: ..., FirstName: ..., MiddleName: ..., LastName: ..., SSN: ..., Phone: ..., DateIdentifiedRisk: ..., RiskLevel: ..., OutreachStatus: ..., VAMC: ...}, Object{ReachID: ..., FirstName: ..., MiddleName: ..., LastName: ..., SSN: ..., Phone: ..., DateIdentifiedRisk: ..., RiskLevel: ..., OutreachStatus: ..., VAMC: ...}, Object{ReachID: ..., FirstName: ..., MiddleName: ..., LastName: ..., SSN: ..., Phone: ..., DateIdentifiedRisk: ..., RiskLevel: ..., OutreachStatus: ..., VAMC: ...}, Object{ReachID: ..., FirstName: ..., MiddleName: ..., LastName: ..., SSN: ..., Phone: ..., DateIdentifiedRisk: ..., RiskLevel: ..., OutreachStatus: ..., VAMC: ...}, Object{ReachID: ..., FirstName: ..., MiddleName: ..., LastName: ..., SSN: ..., Phone: ..., DateIdentifiedRisk: ..., RiskLevel: ..., OutreachStatus: ..., VAMC: ...}, Object{ReachID: ..., FirstName: ..., MiddleName: ..., LastName: ..., SSN: ..., Phone: ..., DateIdentifiedRisk: ..., RiskLevel: ..., OutreachStatus: ..., VAMC: ...}, Object{ReachID: ..., FirstName: ..., MiddleName: ..., LastName: ..., SSN: ..., Phone: ..., DateIdentifiedRisk: ..., RiskLevel: ..., OutreachStatus: ..., VAMC: ...}, Object{ReachID: ..., FirstName: ..., MiddleName: ..., LastName: ..., SSN: ..., Phone: ..., DateIdentifiedRisk: ..., RiskLevel: ..., OutreachStatus: ..., VAMC: ...}, Object{ReachID: ..., FirstName: ..., MiddleName: ..., LastName: ..., SSN: ..., Phone: ..., DateIdentifiedRisk: ..., RiskLevel: ..., OutreachStatus: ..., VAMC: ...}, Object{ReachID: ..., FirstName: ..., MiddleName: ..., LastName: ..., SSN: ..., Phone: ..., DateIdentifiedRisk: ..., RiskLevel: ..., OutreachStatus: ..., VAMC: ...}, Object{ReachID: ..., FirstName: ..., MiddleName: ..., LastName: ..., SSN: ..., Phone: ..., DateIdentifiedRisk: ..., RiskLevel: ..., OutreachStatus: ..., VAMC: ...}, Object{ReachID: ..., FirstName: ..., MiddleName: ..., LastName: ..., SSN: ..., Phone: ..., DateIdentifiedRisk: ..., RiskLevel: ..., OutreachStatus: ..., VAMC: ...}, Object{ReachID: ..., FirstName: ..., MiddleName: ..., LastName: ..., SSN: ..., Phone: ..., DateIdentifiedRisk: ..., RiskLevel: ..., OutreachStatus: ..., VAMC: ...}, Object{ReachID: ..., FirstName: ..., MiddleName: ..., LastName: ..., SSN: ..., Phone: ..., DateIdentifiedRisk: ..., RiskLevel: ..., OutreachStatus: ..., VAMC: ...}, Object{ReachID: ..., FirstName: ..., MiddleName: ..., LastName: ..., SSN: ..., Phone: ..., DateIdentifiedRisk: ..., RiskLevel: ..., OutreachStatus: ..., VAMC: ...}, Object{ReachID: ..., FirstName: ..., MiddleName: ..., LastName: ..., SSN: ..., Phone: ..., DateIdentifiedRisk: ..., RiskLevel: ..., OutreachStatus: ..., VAMC: ...}, Object{ReachID: ..., FirstName: ..., MiddleName: ..., LastName: ..., SSN: ..., Phone: ..., DateIdentifiedRisk: ..., RiskLevel: ..., OutreachStatus: ..., VAMC: ...}, Object{ReachID: ..., FirstName: ..., MiddleName: ..., LastName: ..., SSN: ..., Phone: ..., DateIdentifiedRisk: ..., RiskLevel: ..., OutreachStatus: ..., VAMC: ...}, Object{ReachID: ..., FirstName: ..., MiddleName: ..., LastName: ..., SSN: ..., Phone: ..., DateIdentifiedRisk: ..., RiskLevel: ..., OutreachStatus: ..., VAMC: ...}, Object{ReachID: ..., FirstName: ..., MiddleName: ..., LastName: ..., SSN: ..., Phone: ..., DateIdentifiedRisk: ..., RiskLevel: ..., OutreachStatus: ..., VAMC: ...}, Object{ReachID: ..., FirstName: ..., MiddleName: ..., LastName: ..., SSN: ..., Phone: ..., DateIdentifiedRisk: ..., RiskLevel: ..., OutreachStatus: ..., VAMC: ...}, Object{ReachID: ..., FirstName: ..., MiddleName: ..., LastName: ..., SSN: ..., Phone: ..., DateIdentifiedRisk: ..., RiskLevel: ..., OutreachStatus: ..., VAMC: ...}, Object{ReachID: ..., FirstName: ..., MiddleName: ..., LastName: ..., SSN: ..., Phone: ..., DateIdentifiedRisk: ..., RiskLevel: ..., OutreachStatus: ..., VAMC: ...}, Object{ReachID: ..., FirstName: ..., MiddleName: ..., LastName: ..., SSN: ..., Phone: ..., DateIdentifiedRisk: ..., RiskLevel: ..., OutreachStatus: ..., VAMC: ...}, Object{ReachID: ..., FirstName: ..., MiddleName: ..., LastName: ..., SSN: ..., Phone: ..., DateIdentifiedRisk: ..., RiskLevel: ..., OutreachStatus: ..., VAMC: ...}, Object{ReachID: ..., FirstName: ..., MiddleName: ..., LastName: ..., SSN: ..., Phone: ..., DateIdentifiedRisk: ..., RiskLevel: ..., OutreachStatus: ..., VAMC: ...}, Object{ReachID: ..., FirstName: ..., MiddleName: ..., LastName: ..., SSN: ..., Phone: ..., DateIdentifiedRisk: ..., RiskLevel: ..., OutreachStatus: ..., VAMC: ...}, Object{ReachID: ..., FirstName: ..., MiddleName: ..., LastName: ..., SSN: ..., Phone: ..., DateIdentifiedRisk: ..., RiskLevel: ..., OutreachStatus: ..., VAMC: ...}, Object{ReachID: ..., FirstName: ..., MiddleName: ..., LastName: ..., SSN: ..., Phone: ..., DateIdentifiedRisk: ..., RiskLevel: ..., OutreachStatus: ..., VAMC: ...}, Object{ReachID: ..., FirstName: ..., MiddleName: ..., LastName: ..., SSN: ..., Phone: ..., DateIdentifiedRisk: ..., RiskLevel: ..., OutreachStatus: ..., VAMC: ...}, Object{ReachID: ..., FirstName: ..., MiddleName: ..., LastName: ..., SSN: ..., Phone: ..., DateIdentifiedRisk: ..., RiskLevel: ..., OutreachStatus: ..., VAMC: ...}, Object{ReachID: ..., FirstName: ..., MiddleName: ..., LastName: ..., SSN: ..., Phone: ..., DateIdentifiedRisk: ..., RiskLevel: ..., OutreachStatus: ..., VAMC: ...}, Object{ReachID: ..., FirstName: ..., MiddleName: ..., LastName: ..., SSN: ..., Phone: ..., DateIdentifiedRisk: ..., RiskLevel: ..., OutreachStatus: ..., VAMC: ...}, Object{ReachID: ..., FirstName: ..., MiddleName: ..., LastName: ..., SSN: ..., Phone: ..., DateIdentifiedRisk: ..., RiskLevel: ..., OutreachStatus: ..., VAMC: ...}, Object{ReachID: ..., FirstName: ..., MiddleName: ..., LastName: ..., SSN: ..., Phone: ..., DateIdentifiedRisk: ..., RiskLevel: ..., OutreachStatus: ..., VAMC: ...}, Object{ReachID: ..., FirstName: ..., MiddleName: ..., LastName: ..., SSN: ..., Phone: ..., DateIdentifiedRisk: ..., RiskLevel: ..., OutreachStatus: ..., VAMC: ...}, Object{ReachID: ..., FirstName: ..., MiddleName: ..., LastName: ..., SSN: ..., Phone: ..., DateIdentifiedRisk: ..., RiskLevel: ..., OutreachStatus: ..., VAMC: ...}, Object{ReachID: ..., FirstName: ..., MiddleName: ..., LastName: ..., SSN: ..., Phone: ..., DateIdentifiedRisk: ..., RiskLevel: ..., OutreachStatus: ..., VAMC: ...}, Object{ReachID: ..., FirstName: ..., MiddleName: ..., LastName: ..., SSN: ..., Phone: ..., DateIdentifiedRisk: ..., RiskLevel: ..., OutreachStatus: ..., VAMC: ...}, Object{ReachID: ..., FirstName: ..., MiddleName: ..., LastName: ..., SSN: ..., Phone: ..., DateIdentifiedRisk: ..., RiskLevel: ..., OutreachStatus: ..., VAMC: ...}, Object{ReachID: ..., FirstName: ..., MiddleName: ..., LastName: ..., SSN: ..., Phone: ..., DateIdentifiedRisk: ..., RiskLevel: ..., OutreachStatus: ..., VAMC: ...}, Object{ReachID: ..., FirstName: ..., MiddleName: ..., LastName: ..., SSN: ..., Phone: ..., DateIdentifiedRisk: ..., RiskLevel: ..., OutreachStatus: ..., VAMC: ...}, Object{ReachID: ..., FirstName: ..., MiddleName: ..., LastName: ..., SSN: ..., Phone: ..., DateIdentifiedRisk: ..., RiskLevel: ..., OutreachStatus: ..., VAMC: ...}, Object{ReachID: ..., FirstName: ..., MiddleName: ..., LastName: ..., SSN: ..., Phone: ..., DateIdentifiedRisk: ..., RiskLevel: ..., OutreachStatus: ..., VAMC: ...}, Object{ReachID: ..., FirstName: ..., MiddleName: ..., LastName: ..., SSN: ..., Phone: ..., DateIdentifiedRisk: ..., RiskLevel: ..., OutreachStatus: ..., VAMC: ...}, Object{ReachID: ..., FirstName: ..., MiddleName: ..., LastName: ..., SSN: ..., Phone: ..., DateIdentifiedRisk: ..., RiskLevel: ..., OutreachStatus: ..., VAMC: ...}, Object{ReachID: ..., FirstName: ..., MiddleName: ..., LastName: ..., SSN: ..., Phone: ..., DateIdentifiedRisk: ..., RiskLevel: ..., OutreachStatus: ..., VAMC: ...}, Object{ReachID: ..., FirstName: ..., MiddleName: ..., LastName: ..., SSN: ..., Phone: ..., DateIdentifiedRisk: ..., RiskLevel: ..., OutreachStatus: ..., VAMC: ...}, Object{ReachID: ..., FirstName: ..., MiddleName: ..., LastName: ..., SSN: ..., Phone: ..., DateIdentifiedRisk: ..., RiskLevel: ..., OutreachStatus: ..., VAMC: ...}, Object{ReachID: ..., FirstName: ..., MiddleName: ..., LastName: ..., SSN: ..., Phone: ..., DateIdentifiedRisk: ..., RiskLevel: ..., OutreachStatus: ..., VAMC: ...}, Object{ReachID: ..., FirstName: ..., MiddleName: ..., LastName: ..., SSN: ..., Phone: ..., DateIdentifiedRisk: ..., RiskLevel: ..., OutreachStatus: ..., VAMC: ...}, Object{ReachID: ..., FirstName: ..., MiddleName: ..., LastName: ..., SSN: ..., Phone: ..., DateIdentifiedRisk: ..., RiskLevel: ..., OutreachStatus: ..., VAMC: ...}, Object{ReachID: ..., FirstName: ..., MiddleName: ..., LastName: ..., SSN: ..., Phone: ..., DateIdentifiedRisk: ..., RiskLevel: ..., OutreachStatus: ..., VAMC: ...}, Object{ReachID: ..., FirstName: ..., MiddleName: ..., LastName: ..., SSN: ..., Phone: ..., DateIdentifiedRisk: ..., RiskLevel: ..., OutreachStatus: ..., VAMC: ...}, Object{ReachID: ..., FirstName: ..., MiddleName: ..., LastName: ..., SSN: ..., Phone: ..., DateIdentifiedRisk: ..., RiskLevel: ..., OutreachStatus: ..., VAMC: ...}, Object{ReachID: ..., FirstName: ..., MiddleName: ..., LastName: ..., SSN: ..., Phone: ..., DateIdentifiedRisk: ..., RiskLevel: ..., OutreachStatus: ..., VAMC: ...}, Object{ReachID: ..., FirstName: ..., MiddleName: ..., LastName: ..., SSN: ..., Phone: ..., DateIdentifiedRisk: ..., RiskLevel: ..., OutreachStatus: ..., VAMC: ...}, Object{ReachID: ..., FirstName: ..., MiddleName: ..., LastName: ..., SSN: ..., Phone: ..., DateIdentifiedRisk: ..., RiskLevel: ..., OutreachStatus: ..., VAMC: ...}, Object{ReachID: ..., FirstName: ..., MiddleName: ..., LastName: ..., SSN: ..., Phone: ..., DateIdentifiedRisk: ..., RiskLevel: ..., OutreachStatus: ..., VAMC: ...}, Object{ReachID: ..., FirstName: ..., MiddleName: ..., LastName: ..., SSN: ..., Phone: ..., DateIdentifiedRisk: ..., RiskLevel: ..., OutreachStatus: ..., VAMC: ...}, Object{ReachID: ..., FirstName: ..., MiddleName: ..., LastName: ..., SSN: ..., Phone: ..., DateIdentifiedRisk: ..., RiskLevel: ..., OutreachStatus: ..., VAMC: ...}, Object{ReachID: ..., FirstName: ..., MiddleName: ..., LastName: ..., SSN: ..., Phone: ..., DateIdentifiedRisk: ..., RiskLevel: ..., OutreachStatus: ..., VAMC: ...}, Object{ReachID: ..., FirstName: ..., MiddleName: ..., LastName: ..., SSN: ..., Phone: ..., DateIdentifiedRisk: ..., RiskLevel: ..., OutreachStatus: ..., VAMC: ...}, Object{ReachID: ..., FirstName: ..., MiddleName: ..., LastName: ..., SSN: ..., Phone: ..., DateIdentifiedRisk: ..., RiskLevel: ..., OutreachStatus: ..., VAMC: ...}, Object{ReachID: ..., FirstName: ..., MiddleName: ..., LastName: ..., SSN: ..., Phone: ..., DateIdentifiedRisk: ..., RiskLevel: ..., OutreachStatus: ..., VAMC: ...}, Object{ReachID: ..., FirstName: ..., MiddleName: ..., LastName: ..., SSN: ..., Phone: ..., DateIdentifiedRisk: ..., RiskLevel: ..., OutreachStatus: ..., VAMC: ...}, Object{ReachID: ..., FirstName: ..., MiddleName: ..., LastName: ..., SSN: ..., Phone: ..., DateIdentifiedRisk: ..., RiskLevel: ..., OutreachStatus: ..., VAMC: ...}, Object{ReachID: ..., FirstName: ..., MiddleName: ..., LastName: ..., SSN: ..., Phone: ..., DateIdentifiedRisk: ..., RiskLevel: ..., OutreachStatus: ..., VAMC: ...}, Object{ReachID: ..., FirstName: ..., MiddleName: ..., LastName: ..., SSN: ..., Phone: ..., DateIdentifiedRisk: ..., RiskLevel: ..., OutreachStatus: ..., VAMC: ...}, Object{ReachID: ..., FirstName: ..., MiddleName: ..., LastName: ..., SSN: ..., Phone: ..., DateIdentifiedRisk: ..., RiskLevel: ..., OutreachStatus: ..., VAMC: ...}, Object{ReachID: ..., FirstName: ..., MiddleName: ..., LastName: ..., SSN: ..., Phone: ..., DateIdentifiedRisk: ..., RiskLevel: ..., OutreachStatus: ..., VAMC: ...}, Object{ReachID: ..., FirstName: ..., MiddleName: ..., LastName: ..., SSN: ..., Phone: ..., DateIdentifiedRisk: ..., RiskLevel: ..., OutreachStatus: ..., VAMC: ...}, Object{ReachID: ..., FirstName: ..., MiddleName: ..., LastName: ..., SSN: ..., Phone: ..., DateIdentifiedRisk: ..., RiskLevel: ..., OutreachStatus: ..., VAMC: ...}, Object{ReachID: ..., FirstName: ..., MiddleName: ..., LastName: ..., SSN: ..., Phone: ..., DateIdentifiedRisk: ..., RiskLevel: ..., OutreachStatus: ..., VAMC: ...}, Object{ReachID: ..., FirstName: ..., MiddleName: ..., LastName: ..., SSN: ..., Phone: ..., DateIdentifiedRisk: ..., RiskLevel: ..., OutreachStatus: ..., VAMC: ...}, Object{ReachID: ..., FirstName: ..., MiddleName: ..., LastName: ..., SSN: ..., Phone: ..., DateIdentifiedRisk: ..., RiskLevel: ..., OutreachStatus: ..., VAMC: ...}, Object{ReachID: ..., FirstName: ..., MiddleName: ..., LastName: ..., SSN: ..., Phone: ..., DateIdentifiedRisk: ..., RiskLevel: ..., OutreachStatus: ..., VAMC: ...}, Object{ReachID: ..., FirstName: ..., MiddleName: ..., LastName: ..., SSN: ..., Phone: ..., DateIdentifiedRisk: ..., RiskLevel: ..., OutreachStatus: ..., VAMC: ...}, Object{ReachID: ..., FirstName: ..., MiddleName: ..., LastName: ..., SSN: ..., Phone: ..., DateIdentifiedRisk: ..., RiskLevel: ..., OutreachStatus: ..., VAMC: ...}, Object{ReachID: ..., FirstName: ..., MiddleName: ..., LastName: ..., SSN: ..., Phone: ..., DateIdentifiedRisk: ..., RiskLevel: ..., OutreachStatus: ..., VAMC: ...}, Object{ReachID: ..., FirstName: ..., MiddleName: ..., LastName: ..., SSN: ..., Phone: ..., DateIdentifiedRisk: ..., RiskLevel: ..., OutreachStatus: ..., VAMC: ...}, Object{ReachID: ..., FirstName: ..., MiddleName: ..., LastName: ..., SSN: ..., Phone: ..., DateIdentifiedRisk: ..., RiskLevel: ..., OutreachStatus: ..., VAMC: ...}, Object{ReachID: ..., FirstName: ..., MiddleName: ..., LastName: ..., SSN: ..., Phone: ..., DateIdentifiedRisk: ..., RiskLevel: ..., OutreachStatus: ..., VAMC: ...}, Object{ReachID: ..., FirstName: ..., MiddleName: ..., LastName: ..., SSN: ..., Phone: ..., DateIdentifiedRisk: ..., RiskLevel: ..., OutreachStatus: ..., VAMC: ...}, Object{ReachID: ..., FirstName: ..., MiddleName: ..., LastName: ..., SSN: ..., Phone: ..., DateIdentifiedRisk: ..., RiskLevel: ..., OutreachStatus: ..., VAMC: ...}, Object{ReachID: ..., FirstName: ..., MiddleName: ..., LastName: ..., SSN: ..., Phone: ..., DateIdentifiedRisk: ..., RiskLevel: ..., OutreachStatus: ..., VAMC: ...}, Object{ReachID: ..., FirstName: ..., MiddleName: ..., LastName: ..., SSN: ..., Phone: ..., DateIdentifiedRisk: ..., RiskLevel: ..., OutreachStatus: ..., VAMC: ...}, Object{ReachID: ..., FirstName: ..., MiddleName: ..., LastName: ..., SSN: ..., Phone: ..., DateIdentifiedRisk: ..., RiskLevel: ..., OutreachStatus: ..., VAMC: ...}, Object{ReachID: ..., FirstName: ..., MiddleName: ..., LastName: ..., SSN: ..., Phone: ..., DateIdentifiedRisk: ..., RiskLevel: ..., OutreachStatus: ..., VAMC: ...}, Object{ReachID: ..., FirstName: ..., MiddleName: ..., LastName: ..., SSN: ..., Phone: ..., DateIdentifiedRisk: ..., RiskLevel: ..., OutreachStatus: ..., VAMC: ...}, Object{ReachID: ..., FirstName: ..., MiddleName: ..., LastName: ..., SSN: ..., Phone: ..., DateIdentifiedRisk: ..., RiskLevel: ..., OutreachStatus: ..., VAMC: ...}, Object{ReachID: ..., FirstName: ..., MiddleName: ..., LastName: ..., SSN: ..., Phone: ..., DateIdentifiedRisk: ..., RiskLevel: ..., OutreachStatus: ..., VAMC: ...}, Object{ReachID: ..., FirstName: ..., MiddleName: ..., LastName: ..., SSN: ..., Phone: ..., DateIdentifiedRisk: ..., RiskLevel: ..., OutreachStatus: ..., VAMC: ...}, Object{ReachID: ..., FirstName: ..., MiddleName: ..., LastName: ..., SSN: ..., Phone: ..., DateIdentifiedRisk: ..., RiskLevel: ..., OutreachStatus: ..., VAMC: ...}, Object{ReachID: ..., FirstName: ..., MiddleName: ..., LastName: ..., SSN: ..., Phone: ..., DateIdentifiedRisk: ..., RiskLevel: ..., OutreachStatus: ..., VAMC: ...}, Object{ReachID: ..., FirstName: ..., MiddleName: ..., LastName: ..., SSN: ..., Phone: ..., DateIdentifiedRisk: ..., RiskLevel: ..., OutreachStatus: ..., VAMC: ...}, Object{ReachID: ..., FirstName: ..., MiddleName: ..., LastName: ..., SSN: ..., Phone: ..., DateIdentifiedRisk: ..., RiskLevel: ..., OutreachStatus: ..., VAMC: ...}, Object{ReachID: ..., FirstName: ..., MiddleName: ..., LastName: ..., SSN: ..., Phone: ..., DateIdentifiedRisk: ..., RiskLevel: ..., OutreachStatus: ..., VAMC: ...}, Object{ReachID: ..., FirstName: ..., MiddleName: ..., LastName: ..., SSN: ..., Phone: ..., DateIdentifiedRisk: ..., RiskLevel: ..., OutreachStatus: ..., VAMC: ...}, Object{ReachID: ..., FirstName: ..., MiddleName: ..., LastName: ..., SSN: ..., Phone: ..., DateIdentifiedRisk: ..., RiskLevel: ..., OutreachStatus: ..., VAMC: ...}, Object{ReachID: ..., FirstName: ..., MiddleName: ..., LastName: ..., SSN: ..., Phone: ..., DateIdentifiedRisk: ..., RiskLevel: ..., OutreachStatus: ..., VAMC: ...}, Object{ReachID: ..., FirstName: ..., MiddleName: ..., LastName: ..., SSN: ..., Phone: ..., DateIdentifiedRisk: ..., RiskLevel: ..., OutreachStatus: ..., VAMC: ...}, Object{ReachID: ..., FirstName: ..., MiddleName: ..., LastName: ..., SSN: ..., Phone: ..., DateIdentifiedRisk: ..., RiskLevel: ..., OutreachStatus: ..., VAMC: ...}, Object{ReachID: ..., FirstName: ..., MiddleName: ..., LastName: ..., SSN: ..., Phone: ..., DateIdentifiedRisk: ..., RiskLevel: ..., OutreachStatus: ..., VAMC: ...}, Object{ReachID: ..., FirstName: ..., MiddleName: ..., LastName: ..., SSN: ..., Phone: ..., DateIdentifiedRisk: ..., RiskLevel: ..., OutreachStatus: ..., VAMC: ...}, Object{ReachID: ..., FirstName: ..., MiddleName: ..., LastName: ..., SSN: ..., Phone: ..., DateIdentifiedRisk: ..., RiskLevel: ..., OutreachStatus: ..., VAMC: ...}, Object{ReachID: ..., FirstName: ..., MiddleName: ..., LastName: ..., SSN: ..., Phone: ..., DateIdentifiedRisk: ..., RiskLevel: ..., OutreachStatus: ..., VAMC: ...}, Object{ReachID: ..., FirstName: ..., MiddleName: ..., LastName: ..., SSN: ..., Phone: ..., DateIdentifiedRisk: ..., RiskLevel: ..., OutreachStatus: ..., VAMC: ...}, Object{ReachID: ..., FirstName: ..., MiddleName: ..., LastName: ..., SSN: ..., Phone: ..., DateIdentifiedRisk: ..., RiskLevel: ..., OutreachStatus: ..., VAMC: ...}, Object{ReachID: ..., FirstName: ..., MiddleName: ..., LastName: ..., SSN: ..., Phone: ..., DateIdentifiedRisk: ..., RiskLevel: ..., OutreachStatus: ..., VAMC: ...}, Object{ReachID: ..., FirstName: ..., MiddleName: ..., LastName: ..., SSN: ..., Phone: ..., DateIdentifiedRisk: ..., RiskLevel: ..., OutreachStatus: ..., VAMC: ...}, Object{ReachID: ..., FirstName: ..., MiddleName: ..., LastName: ..., SSN: ..., Phone: ..., DateIdentifiedRisk: ..., RiskLevel: ..., OutreachStatus: ..., VAMC: ...}, Object{ReachID: ..., FirstName: ..., MiddleName: ..., LastName: ..., SSN: ..., Phone: ..., DateIdentifiedRisk: ..., RiskLevel: ..., OutreachStatus: ..., VAMC: ...}, Object{ReachID: ..., FirstName: ..., MiddleName: ..., LastName: ..., SSN: ..., Phone: ..., DateIdentifiedRisk: ..., RiskLevel: ..., OutreachStatus: ..., VAMC: ...}, Object{ReachID: ..., FirstName: ..., MiddleName: ..., LastName: ..., SSN: ..., Phone: ..., DateIdentifiedRisk: ..., RiskLevel: ..., OutreachStatus: ..., VAMC: ...}, Object{ReachID: ..., FirstName: ..., MiddleName: ..., LastName: ..., SSN: ..., Phone: ..., DateIdentifiedRisk: ..., RiskLevel: ..., OutreachStatus: ..., VAMC: ...}, Object{ReachID: ..., FirstName: ..., MiddleName: ..., LastName: ..., SSN: ..., Phone: ..., DateIdentifiedRisk: ..., RiskLevel: ..., OutreachStatus: ..., VAMC: ...}, Object{ReachID: ..., FirstName: ..., MiddleName: ..., LastName: ..., SSN: ..., Phone: ..., DateIdentifiedRisk: ..., RiskLevel: ..., OutreachStatus: ..., VAMC: ...}, Object{ReachID: ..., FirstName: ..., MiddleName: ..., LastName: ..., SSN: ..., Phone: ..., DateIdentifiedRisk: ..., RiskLevel: ..., OutreachStatus: ..., VAMC: ...}, Object{ReachID: ..., FirstName: ..., MiddleName: ..., LastName: ..., SSN: ..., Phone: ..., DateIdentifiedRisk: ..., RiskLevel: ..., OutreachStatus: ..., VAMC: ...}, Object{ReachID: ..., FirstName: ..., MiddleName: ..., LastName: ..., SSN: ..., Phone: ..., DateIdentifiedRisk: ..., RiskLevel: ..., OutreachStatus: ..., VAMC: ...}, Object{ReachID: ..., FirstName: ..., MiddleName: ..., LastName: ..., SSN: ..., Phone: ..., DateIdentifiedRisk: ..., RiskLevel: ..., OutreachStatus: ..., VAMC: ...}, Object{ReachID: ..., FirstName: ..., MiddleName: ..., LastName: ..., SSN: ..., Phone: ..., DateIdentifiedRisk: ..., RiskLevel: ..., OutreachStatus: ..., VAMC: ...}, Object{ReachID: ..., FirstName: ..., MiddleName: ..., LastName: ..., SSN: ..., Phone: ..., DateIdentifiedRisk: ..., RiskLevel: ..., OutreachStatus: ..., VAMC: ...}, Object{ReachID: ..., FirstName: ..., MiddleName: ..., LastName: ..., SSN: ..., Phone: ..., DateIdentifiedRisk: ..., RiskLevel: ..., OutreachStatus: ..., VAMC: ...}, Object{ReachID: ..., FirstName: ..., MiddleName: ..., LastName: ..., SSN: ..., Phone: ..., DateIdentifiedRisk: ..., RiskLevel: ..., OutreachStatus: ..., VAMC: ...}, Object{ReachID: ..., FirstName: ..., MiddleName: ..., LastName: ..., SSN: ..., Phone: ..., DateIdentifiedRisk: ..., RiskLevel: ..., OutreachStatus: ..., VAMC: ...}, Object{ReachID: ..., FirstName: ..., MiddleName: ..., LastName: ..., SSN: ..., Phone: ..., DateIdentifiedRisk: ..., RiskLevel: ..., OutreachStatus: ..., VAMC: ...}, Object{ReachID: ..., FirstName: ..., MiddleName: ..., LastName: ..., SSN: ..., Phone: ..., DateIdentifiedRisk: ..., RiskLevel: ..., OutreachStatus: ..., VAMC: ...}, Object{ReachID: ..., FirstName: ..., MiddleName: ..., LastName: ..., SSN: ..., Phone: ..., DateIdentifiedRisk: ..., RiskLevel: ..., OutreachStatus: ..., VAMC: ...}, Object{ReachID: ..., FirstName: ..., MiddleName: ..., LastName: ..., SSN: ..., Phone: ..., DateIdentifiedRisk: ..., RiskLevel: ..., OutreachStatus: ..., VAMC: ...}, Object{ReachID: ..., FirstName: ..., MiddleName: ..., LastName: ..., SSN: ..., Phone: ..., DateIdentifiedRisk: ..., RiskLevel: ..., OutreachStatus: ..., VAMC: ...}, Object{ReachID: ..., FirstName: ..., MiddleName: ..., LastName: ..., SSN: ..., Phone: ..., DateIdentifiedRisk: ..., RiskLevel: ..., OutreachStatus: ..., VAMC: ...}, Object{ReachID: ..., FirstName: ..., MiddleName: ..., LastName: ..., SSN: ..., Phone: ..., DateIdentifiedRisk: ..., RiskLevel: ..., OutreachStatus: ..., VAMC: ...}, Object{ReachID: ..., FirstName: ..., MiddleName: ..., LastName: ..., SSN: ..., Phone: ..., DateIdentifiedRisk: ..., RiskLevel: ..., OutreachStatus: ..., VAMC: ...}, Object{ReachID: ..., FirstName: ..., MiddleName: ..., LastName: ..., SSN: ..., Phone: ..., DateIdentifiedRisk: ..., RiskLevel: ..., OutreachStatus: ..., VAMC: ...}, Object{ReachID: ..., FirstName: ..., MiddleName: ..., LastName: ..., SSN: ..., Phone: ..., DateIdentifiedRisk: ..., RiskLevel: ..., OutreachStatus: ..., VAMC: ...}, Object{ReachID: ..., FirstName: ..., MiddleName: ..., LastName: ..., SSN: ..., Phone: ..., DateIdentifiedRisk: ..., RiskLevel: ..., OutreachStatus: ..., VAMC: ...}, Object{ReachID: ..., FirstName: ..., MiddleName: ..., LastName: ..., SSN: ..., Phone: ..., DateIdentifiedRisk: ..., RiskLevel: ..., OutreachStatus: ..., VAMC: ...}, Object{ReachID: ..., FirstName: ..., MiddleName: ..., LastName: ..., SSN: ..., Phone: ..., DateIdentifiedRisk: ..., RiskLevel: ..., OutreachStatus: ..., VAMC: ...}, Object{ReachID: ..., FirstName: ..., MiddleName: ..., LastName: ..., SSN: ..., Phone: ..., DateIdentifiedRisk: ..., RiskLevel: ..., OutreachStatus: ..., VAMC: ...}, Object{ReachID: ..., FirstName: ..., MiddleName: ..., LastName: ..., SSN: ..., Phone: ..., DateIdentifiedRisk: ..., RiskLevel: ..., OutreachStatus: ..., VAMC: ...}, Object{ReachID: ..., FirstName: ..., MiddleName: ..., LastName: ..., SSN: ..., Phone: ..., DateIdentifiedRisk: ..., RiskLevel: ..., OutreachStatus: ..., VAMC: ...}, Object{ReachID: ..., FirstName: ..., MiddleName: ..., LastName: ..., SSN: ..., Phone: ..., DateIdentifiedRisk: ..., RiskLevel: ..., OutreachStatus: ..., VAMC: ...}, Object{ReachID: ..., FirstName: ..., MiddleName: ..., LastName: ..., SSN: ..., Phone: ..., DateIdentifiedRisk: ..., RiskLevel: ..., OutreachStatus: ..., VAMC: ...}, Object{ReachID: ..., FirstName: ..., MiddleName: ..., LastName: ..., SSN: ..., Phone: ..., DateIdentifiedRisk: ..., RiskLevel: ..., OutreachStatus: ..., VAMC: ...}, Object{ReachID: ..., FirstName: ..., MiddleName: ..., LastName: ..., SSN: ..., Phone: ..., DateIdentifiedRisk: ..., RiskLevel: ..., OutreachStatus: ..., VAMC: ...}, Object{ReachID: ..., FirstName: ..., MiddleName: ..., LastName: ..., SSN: ..., Phone: ..., DateIdentifiedRisk: ..., RiskLevel: ..., OutreachStatus: ..., VAMC: ...}, Object{ReachID: ..., FirstName: ..., MiddleName: ..., LastName: ..., SSN: ..., Phone: ..., DateIdentifiedRisk: ..., RiskLevel: ..., OutreachStatus: ..., VAMC: ...}, Object{ReachID: ..., FirstName: ..., MiddleName: ..., LastName: ..., SSN: ..., Phone: ..., DateIdentifiedRisk: ..., RiskLevel: ..., OutreachStatus: ..., VAMC: ...}, Object{ReachID: ..., FirstName: ..., MiddleName: ..., LastName: ..., SSN: ..., Phone: ..., DateIdentifiedRisk: ..., RiskLevel: ..., OutreachStatus: ..., VAMC: ...}, Object{ReachID: ..., FirstName: ..., MiddleName: ..., LastName: ..., SSN: ..., Phone: ..., DateIdentifiedRisk: ..., RiskLevel: ..., OutreachStatus: ..., VAMC: ...}, Object{ReachID: ..., FirstName: ..., MiddleName: ..., LastName: ..., SSN: ..., Phone: ..., DateIdentifiedRisk: ..., RiskLevel: ..., OutreachStatus: ..., VAMC: ...}, Object{ReachID: ..., FirstName: ..., MiddleName: ..., LastName: ..., SSN: ..., Phone: ..., DateIdentifiedRisk: ..., RiskLevel: ..., OutreachStatus: ..., VAMC: ...}, Object{ReachID: ..., FirstName: ..., MiddleName: ..., LastName: ..., SSN: ..., Phone: ..., DateIdentifiedRisk: ..., RiskLevel: ..., OutreachStatus: ..., VAMC: ...}, Object{ReachID: ..., FirstName: ..., MiddleName: ..., LastName: ..., SSN: ..., Phone: ..., DateIdentifiedRisk: ..., RiskLevel: ..., OutreachStatus: ..., VAMC: ...}, Object{ReachID: ..., FirstName: ..., MiddleName: ..., LastName: ..., SSN: ..., Phone: ..., DateIdentifiedRisk: ..., RiskLevel: ..., OutreachStatus: ..., VAMC: ...}, Object{ReachID: ..., FirstName: ..., MiddleName: ..., LastName: ..., SSN: ..., Phone: ..., DateIdentifiedRisk: ..., RiskLevel: ..., OutreachStatus: ..., VAMC: ...}, Object{ReachID: ..., FirstName: ..., MiddleName: ..., LastName: ..., SSN: ..., Phone: ..., DateIdentifiedRisk: ..., RiskLevel: ..., OutreachStatus: ..., VAMC: ...}, Object{ReachID: ..., FirstName: ..., MiddleName: ..., LastName: ..., SSN: ..., Phone: ..., DateIdentifiedRisk: ..., RiskLevel: ..., OutreachStatus: ..., VAMC: ...}, Object{ReachID: ..., FirstName: ..., MiddleName: ..., LastName: ..., SSN: ..., Phone: ..., DateIdentifiedRisk: ..., RiskLevel: ..., OutreachStatus: ..., VAMC: ...}, Object{ReachID: ..., FirstName: ..., MiddleName: ..., LastName: ..., SSN: ..., Phone: ..., DateIdentifiedRisk: ..., RiskLevel: ..., OutreachStatus: ..., VAMC: ...}, Object{ReachID: ..., FirstName: ..., MiddleName: ..., LastName: ..., SSN: ..., Phone: ..., DateIdentifiedRisk: ..., RiskLevel: ..., OutreachStatus: ..., VAMC: ...}, Object{ReachID: ..., FirstName: ..., MiddleName: ..., LastName: ..., SSN: ..., Phone: ..., DateIdentifiedRisk: ..., RiskLevel: ..., OutreachStatus: ..., VAMC: ...}, Object{ReachID: ..., FirstName: ..., MiddleName: ..., LastName: ..., SSN: ..., Phone: ..., DateIdentifiedRisk: ..., RiskLevel: ..., OutreachStatus: ..., VAMC: ...}, Object{ReachID: ..., FirstName: ..., MiddleName: ..., LastName: ..., SSN: ..., Phone: ..., DateIdentifiedRisk: ..., RiskLevel: ..., OutreachStatus: ..., VAMC: ...}, Object{ReachID: ..., FirstName: ..., MiddleName: ..., LastName: ..., SSN: ..., Phone: ..., DateIdentifiedRisk: ..., RiskLevel: ..., OutreachStatus: ..., VAMC: ...}, Object{ReachID: ..., FirstName: ..., MiddleName: ..., LastName: ..., SSN: ..., Phone: ..., DateIdentifiedRisk: ..., RiskLevel: ..., OutreachStatus: ..., VAMC: ...}, Object{ReachID: ..., FirstName: ..., MiddleName: ..., LastName: ..., SSN: ..., Phone: ..., DateIdentifiedRisk: ..., RiskLevel: ..., OutreachStatus: ..., VAMC: ...}, Object{ReachID: ..., FirstName: ..., MiddleName: ..., LastName: ..., SSN: ..., Phone: ..., DateIdentifiedRisk: ..., RiskLevel: ..., OutreachStatus: ..., VAMC: ...}, Object{ReachID: ..., FirstName: ..., MiddleName: ..., LastName: ..., SSN: ..., Phone: ..., DateIdentifiedRisk: ..., RiskLevel: ..., OutreachStatus: ..., VAMC: ...}, Object{ReachID: ..., FirstName: ..., MiddleName: ..., LastName: ..., SSN: ..., Phone: ..., DateIdentifiedRisk: ..., RiskLevel: ..., OutreachStatus: ..., VAMC: ...}, Object{ReachID: ..., FirstName: ..., MiddleName: ..., LastName: ..., SSN: ..., Phone: ..., DateIdentifiedRisk: ..., RiskLevel: ..., OutreachStatus: ..., VAMC: ...}, Object{ReachID: ..., FirstName: ..., MiddleName: ..., LastName: ..., SSN: ..., Phone: ..., DateIdentifiedRisk: ..., RiskLevel: ..., OutreachStatus: ..., VAMC: ...}, Object{ReachID: ..., FirstName: ..., MiddleName: ..., LastName: ..., SSN: ..., Phone: ..., DateIdentifiedRisk: ..., RiskLevel: ..., OutreachStatus: ..., VAMC: ...}, Object{ReachID: ..., FirstName: ..., MiddleName: ..., LastName: ..., SSN: ..., Phone: ..., DateIdentifiedRisk: ..., RiskLevel: ..., OutreachStatus: ..., VAMC: ...}, Object{ReachID: ..., FirstName: ..., MiddleName: ..., LastName: ..., SSN: ..., Phone: ..., DateIdentifiedRisk: ..., RiskLevel: ..., OutreachStatus: ..., VAMC: ...}, Object{ReachID: ..., FirstName: ..., MiddleName: ..., LastName: ..., SSN: ..., Phone: ..., DateIdentifiedRisk: ..., RiskLevel: ..., OutreachStatus: ..., VAMC: ...}, Object{ReachID: ..., FirstName: ..., MiddleName: ..., LastName: ..., SSN: ..., Phone: ..., DateIdentifiedRisk: ..., RiskLevel: ..., OutreachStatus: ..., VAMC: ...}, Object{ReachID: ..., FirstName: ..., MiddleName: ..., LastName: ..., SSN: ..., Phone: ..., DateIdentifiedRisk: ..., RiskLevel: ..., OutreachStatus: ..., VAMC: ...}, Object{ReachID: ..., FirstName: ..., MiddleName: ..., LastName: ..., SSN: ..., Phone: ..., DateIdentifiedRisk: ..., RiskLevel: ..., OutreachStatus: ..., VAMC: ...}, Object{ReachID: ..., FirstName: ..., MiddleName: ..., LastName: ..., SSN: ..., Phone: ..., DateIdentifiedRisk: ..., RiskLevel: ..., OutreachStatus: ..., VAMC: ...}, Object{ReachID: ..., FirstName: ..., MiddleName: ..., LastName: ..., SSN: ..., Phone: ..., DateIdentifiedRisk: ..., RiskLevel: ..., OutreachStatus: ..., VAMC: ...}, Object{ReachID: ..., FirstName: ..., MiddleName: ..., LastName: ..., SSN: ..., Phone: ..., DateIdentifiedRisk: ..., RiskLevel: ..., OutreachStatus: ..., VAMC: ...}, Object{ReachID: ..., FirstName: ..., MiddleName: ..., LastName: ..., SSN: ..., Phone: ..., DateIdentifiedRisk: ..., RiskLevel: ..., OutreachStatus: ..., VAMC: ...}, Object{ReachID: ..., FirstName: ..., MiddleName: ..., LastName: ..., SSN: ..., Phone: ..., DateIdentifiedRisk: ..., RiskLevel: ..., OutreachStatus: ..., VAMC: ...}, Object{ReachID: ..., FirstName: ..., MiddleName: ..., LastName: ..., SSN: ..., Phone: ..., DateIdentifiedRisk: ..., RiskLevel: ..., OutreachStatus: ..., VAMC: ...}, Object{ReachID: ..., FirstName: ..., MiddleName: ..., LastName: ..., SSN: ..., Phone: ..., DateIdentifiedRisk: ..., RiskLevel: ..., OutreachStatus: ..., VAMC: ...}, Object{ReachID: ..., FirstName: ..., MiddleName: ..., LastName: ..., SSN: ..., Phone: ..., DateIdentifiedRisk: ..., RiskLevel: ..., OutreachStatus: ..., VAMC: ...}, Object{ReachID: ..., FirstName: ..., MiddleName: ..., LastName: ..., SSN: ..., Phone: ..., DateIdentifiedRisk: ..., RiskLevel: ..., OutreachStatus: ..., VAMC: ...}, Object{ReachID: ..., FirstName: ..., MiddleName: ..., LastName: ..., SSN: ..., Phone: ..., DateIdentifiedRisk: ..., RiskLevel: ..., OutreachStatus: ..., VAMC: ...}, Object{ReachID: ..., FirstName: ..., MiddleName: ..., LastName: ..., SSN: ..., Phone: ..., DateIdentifiedRisk: ..., RiskLevel: ..., OutreachStatus: ..., VAMC: ...}, Object{ReachID: ..., FirstName: ..., MiddleName: ..., LastName: ..., SSN: ..., Phone: ..., DateIdentifiedRisk: ..., RiskLevel: ..., OutreachStatus: ..., VAMC: ...}, Object{ReachID: ..., FirstName: ..., MiddleName: ..., LastName: ..., SSN: ..., Phone: ..., DateIdentifiedRisk: ..., RiskLevel: ..., OutreachStatus: ..., VAMC: ...}, Object{ReachID: ..., FirstName: ..., MiddleName: ..., LastName: ..., SSN: ..., Phone: ..., DateIdentifiedRisk: ..., RiskLevel: ..., OutreachStatus: ..., VAMC: ...}, Object{ReachID: ..., FirstName: ..., MiddleName: ..., LastName: ..., SSN: ..., Phone: ..., DateIdentifiedRisk: ..., RiskLevel: ..., OutreachStatus: ..., VAMC: ...}, Object{ReachID: ..., FirstName: ..., MiddleName: ..., LastName: ..., SSN: ..., Phone: ..., DateIdentifiedRisk: ..., RiskLevel: ..., OutreachStatus: ..., VAMC: ...}, Object{ReachID: ..., FirstName: ..., MiddleName: ..., LastName: ..., SSN: ..., Phone: ..., DateIdentifiedRisk: ..., RiskLevel: ..., OutreachStatus: ..., VAMC: ...}, Object{ReachID: ..., FirstName: ..., MiddleName: ..., LastName: ..., SSN: ..., Phone: ..., DateIdentifiedRisk: ..., RiskLevel: ..., OutreachStatus: ..., VAMC: ...}, Object{ReachID: ..., FirstName: ..., MiddleName: ..., LastName: ..., SSN: ..., Phone: ..., DateIdentifiedRisk: ..., RiskLevel: ..., OutreachStatus: ..., VAMC: ...}, Object{ReachID: ..., FirstName: ..., MiddleName: ..., LastName: ..., SSN: ..., Phone: ..., DateIdentifiedRisk: ..., RiskLevel: ..., OutreachStatus: ..., VAMC: ...}, Object{ReachID: ..., FirstName: ..., MiddleName: ..., LastName: ..., SSN: ..., Phone: ..., DateIdentifiedRisk: ..., RiskLevel: ..., OutreachStatus: ..., VAMC: ...}, Object{ReachID: ..., FirstName: ..., MiddleName: ..., LastName: ..., SSN: ..., Phone: ..., DateIdentifiedRisk: ..., RiskLevel: ..., OutreachStatus: ..., VAMC: ...}, Object{ReachID: ..., FirstName: ..., MiddleName: ..., LastName: ..., SSN: ..., Phone: ..., DateIdentifiedRisk: ..., RiskLevel: ..., OutreachStatus: ..., VAMC: ...}, Object{ReachID: ..., FirstName: ..., MiddleName: ..., LastName: ..., SSN: ..., Phone: ..., DateIdentifiedRisk: ..., RiskLevel: ..., OutreachStatus: ..., VAMC: ...}, Object{ReachID: ..., FirstName: ..., MiddleName: ..., LastName: ..., SSN: ..., Phone: ..., DateIdentifiedRisk: ..., RiskLevel: ..., OutreachStatus: ..., VAMC: ...}, Object{ReachID: ..., FirstName: ..., MiddleName: ..., LastName: ..., SSN: ..., Phone: ..., DateIdentifiedRisk: ..., RiskLevel: ..., OutreachStatus: ..., VAMC: ...}, Object{ReachID: ..., FirstName: ..., MiddleName: ..., LastName: ..., SSN: ..., Phone: ..., DateIdentifiedRisk: ..., RiskLevel: ..., OutreachStatus: ..., VAMC: ...}, Object{ReachID: ..., FirstName: ..., MiddleName: ..., LastName: ..., SSN: ..., Phone: ..., DateIdentifiedRisk: ..., RiskLevel: ..., OutreachStatus: ..., VAMC: ...}, Object{ReachID: ..., FirstName: ..., MiddleName: ..., LastName: ..., SSN: ..., Phone: ..., DateIdentifiedRisk: ..., RiskLevel: ..., OutreachStatus: ..., VAMC: ...}, Object{ReachID: ..., FirstName: ..., MiddleName: ..., LastName: ..., SSN: ..., Phone: ..., DateIdentifiedRisk: ..., RiskLevel: ..., OutreachStatus: ..., VAMC: ...}, Object{ReachID: ..., FirstName: ..., MiddleName: ..., LastName: ..., SSN: ..., Phone: ..., DateIdentifiedRisk: ..., RiskLevel: ..., OutreachStatus: ..., VAMC: ...}, Object{ReachID: ..., FirstName: ..., MiddleName: ..., LastName: ..., SSN: ..., Phone: ..., DateIdentifiedRisk: ..., RiskLevel: ..., OutreachStatus: ..., VAMC: ...}, Object{ReachID: ..., FirstName: ..., MiddleName: ..., LastName: ..., SSN: ..., Phone: ..., DateIdentifiedRisk: ..., RiskLevel: ..., OutreachStatus: ..., VAMC: ...}, Object{ReachID: ..., FirstName: ..., MiddleName: ..., LastName: ..., SSN: ..., Phone: ..., DateIdentifiedRisk: ..., RiskLevel: ..., OutreachStatus: ..., VAMC: ...}, Object{ReachID: ..., FirstName: ..., MiddleName: ..., LastName: ..., SSN: ..., Phone: ..., DateIdentifiedRisk: ..., RiskLevel: ..., OutreachStatus: ..., VAMC: ...}, Object{ReachID: ..., FirstName: ..., MiddleName: ..., LastName: ..., SSN: ..., Phone: ..., DateIdentifiedRisk: ..., RiskLevel: ..., OutreachStatus: ..., VAMC: ...}, Object{ReachID: ..., FirstName: ..., MiddleName: ..., LastName: ..., SSN: ..., Phone: ..., DateIdentifiedRisk: ..., RiskLevel: ..., OutreachStatus: ..., VAMC: ...}, Object{ReachID: ..., FirstName: ..., MiddleName: ..., LastName: ..., SSN: ..., Phone: ..., DateIdentifiedRisk: ..., RiskLevel: ..., OutreachStatus: ..., VAMC: ...}, Object{ReachID: ..., FirstName: ..., MiddleName: ..., LastName: ..., SSN: ..., Phone: ..., DateIdentifiedRisk: ..., RiskLevel: ..., OutreachStatus: ..., VAMC: ...}, Object{ReachID: ..., FirstName: ..., MiddleName: ..., LastName: ..., SSN: ..., Phone: ..., DateIdentifiedRisk: ..., RiskLevel: ..., OutreachStatus: ..., VAMC: ...}, Object{ReachID: ..., FirstName: ..., MiddleName: ..., LastName: ..., SSN: ..., Phone: ..., DateIdentifiedRisk: ..., RiskLevel: ..., OutreachStatus: ..., VAMC: ...}, Object{ReachID: ..., FirstName: ..., MiddleName: ..., LastName: ..., SSN: ..., Phone: ..., DateIdentifiedRisk: ..., RiskLevel: ..., OutreachStatus: ..., VAMC: ...}, Object{ReachID: ..., FirstName: ..., MiddleName: ..., LastName: ..., SSN: ..., Phone: ..., DateIdentifiedRisk: ..., RiskLevel: ..., OutreachStatus: ..., VAMC: ...}, Object{ReachID: ..., FirstName: ..., MiddleName: ..., LastName: ..., SSN: ..., Phone: ..., DateIdentifiedRisk: ..., RiskLevel: ..., OutreachStatus: ..., VAMC: ...}, Object{ReachID: ..., FirstName: ..., MiddleName: ..., LastName: ..., SSN: ..., Phone: ..., DateIdentifiedRisk: ..., RiskLevel: ..., OutreachStatus: ..., VAMC: ...}, Object{ReachID: ..., FirstName: ..., MiddleName: ..., LastName: ..., SSN: ..., Phone: ..., DateIdentifiedRisk: ..., RiskLevel: ..., OutreachStatus: ..., VAMC: ...}, Object{ReachID: ..., FirstName: ..., MiddleName: ..., LastName: ..., SSN: ..., Phone: ..., DateIdentifiedRisk: ..., RiskLevel: ..., OutreachStatus: ..., VAMC: ...}, Object{ReachID: ..., FirstName: ..., MiddleName: ..., LastName: ..., SSN: ..., Phone: ..., DateIdentifiedRisk: ..., RiskLevel: ..., OutreachStatus: ..., VAMC: ...}, Object{ReachID: ..., FirstName: ..., MiddleName: ..., LastName: ..., SSN: ..., Phone: ..., DateIdentifiedRisk: ..., RiskLevel: ..., OutreachStatus: ..., VAMC: ...}, Object{ReachID: ..., FirstName: ..., MiddleName: ..., LastName: ..., SSN: ..., Phone: ..., DateIdentifiedRisk: ..., RiskLevel: ..., OutreachStatus: ..., VAMC: ...}, Object{ReachID: ..., FirstName: ..., MiddleName: ..., LastName: ..., SSN: ..., Phone: ..., DateIdentifiedRisk: ..., RiskLevel: ..., OutreachStatus: ..., VAMC: ...}, Object{ReachID: ..., FirstName: ..., MiddleName: ..., LastName: ..., SSN: ..., Phone: ..., DateIdentifiedRisk: ..., RiskLevel: ..., OutreachStatus: ..., VAMC: ...}, Object{ReachID: ..., FirstName: ..., MiddleName: ..., LastName: ..., SSN: ..., Phone: ..., DateIdentifiedRisk: ..., RiskLevel: ..., OutreachStatus: ..., VAMC: ...}, Object{ReachID: ..., FirstName: ..., MiddleName: ..., LastName: ..., SSN: ..., Phone: ..., DateIdentifiedRisk: ..., RiskLevel: ..., OutreachStatus: ..., VAMC: ...}, Object{ReachID: ..., FirstName: ..., MiddleName: ..., LastName: ..., SSN: ..., Phone: ..., DateIdentifiedRisk: ..., RiskLevel: ..., OutreachStatus: ..., VAMC: ...}, Object{ReachID: ..., FirstName: ..., MiddleName: ..., LastName: ..., SSN: ..., Phone: ..., DateIdentifiedRisk: ..., RiskLevel: ..., OutreachStatus: ..., VAMC: ...}, Object{ReachID: ..., FirstName: ..., MiddleName: ..., LastName: ..., SSN: ..., Phone: ..., DateIdentifiedRisk: ..., RiskLevel: ..., OutreachStatus: ..., VAMC: ...}, Object{ReachID: ..., FirstName: ..., MiddleName: ..., LastName: ..., SSN: ..., Phone: ..., DateIdentifiedRisk: ..., RiskLevel: ..., OutreachStatus: ..., VAMC: ...}, Object{ReachID: ..., FirstName: ..., MiddleName: ..., LastName: ..., SSN: ..., Phone: ..., DateIdentifiedRisk: ..., RiskLevel: ..., OutreachStatus: ..., VAMC: ...}, Object{ReachID: ..., FirstName: ..., MiddleName: ..., LastName: ..., SSN: ..., Phone: ..., DateIdentifiedRisk: ..., RiskLevel: ..., OutreachStatus: ..., VAMC: ...}, Object{ReachID: ..., FirstName: ..., MiddleName: ..., LastName: ..., SSN: ..., Phone: ..., DateIdentifiedRisk: ..., RiskLevel: ..., OutreachStatus: ..., VAMC: ...}, Object{ReachID: ..., FirstName: ..., MiddleName: ..., LastName: ..., SSN: ..., Phone: ..., DateIdentifiedRisk: ..., RiskLevel: ..., OutreachStatus: ..., VAMC: ...}, Object{ReachID: ..., FirstName: ..., MiddleName: ..., LastName: ..., SSN: ..., Phone: ..., DateIdentifiedRisk: ..., RiskLevel: ..., OutreachStatus: ..., VAMC: ...}, Object{ReachID: ..., FirstName: ..., MiddleName: ..., LastName: ..., SSN: ..., Phone: ..., DateIdentifiedRisk: ..., RiskLevel: ..., OutreachStatus: ..., VAMC: ...}, Object{ReachID: ..., FirstName: ..., MiddleName: ..., LastName: ..., SSN: ..., Phone: ..., DateIdentifiedRisk: ..., RiskLevel: ..., OutreachStatus: ..., VAMC: ...}, Object{ReachID: ..., FirstName: ..., MiddleName: ..., LastName: ..., SSN: ..., Phone: ..., DateIdentifiedRisk: ..., RiskLevel: ..., OutreachStatus: ..., VAMC: ...}, Object{ReachID: ..., FirstName: ..., MiddleName: ..., LastName: ..., SSN: ..., Phone: ..., DateIdentifiedRisk: ..., RiskLevel: ..., OutreachStatus: ..., VAMC: ...}], [Object{OutReachStatusID: ..., StatusName: ..., StatusDefinition: ...}, Object{OutReachStatusID: ..., StatusName: ..., StatusDefinition: ...}, Object{OutReachStatusID: ..., StatusName: ..., StatusDefinition: ...}, Object{OutReachStatusID: ..., StatusName: ..., StatusDefinition: ...}, Object{OutReachStatusID: ..., StatusName: ..., StatusDefinition: ...}]]
,PhantomJS 1.9.8 (Windows 7) LOG: 'dtoptionsbuilder, dtcolumnsdefbuilder, dtinstances'
,PhantomJS 1.9.8 (Windows 7) LOG: Object{newOptions: function () { ... }, fromSource: function (ajax) { ... }, fromFnPromise: function (fnPromise) { ... }}
,PhantomJS 1.9.8 (Windows 7) LOG: Object{newColumnDef: function (targets) { ... }}
,PhantomJS 1.9.8 (Windows 7) LOG: Object{register: function register(dtInstance, result) { ... }, getLast: function getLast() { ... }, getList: function getList() { ... }}
,PhantomJS 1.9.8 (Windows 7) LOG: 'dtoptions:  '
,PhantomJS 1.9.8 (Windows 7) LOG: Object{withScroller: function withScroller() { ... }, dom: 'lfrtiS', deferRender: true, scrollY: 200, paging: false}
,PhantomJS 1.9.8 (Windows 7) LOG: 'dtcolumns:  '
,PhantomJS 1.9.8 (Windows 7) LOG: [Object{aTargets: [...]}, Object{aTargets: [...]}, Object{aTargets: [...]}, Object{aTargets: [...]}, Object{aTargets: [...]}, Object{aTargets: [...]}]
,PhantomJS 1.9.8 (Windows 7) LOG: 'scope::'
,PhantomJS 1.9.8 (Windows 7) LOG: Scope{$id: 2380, $$childTail: Scope{$id: 2381, $$childTail: null, $$childHead: null, $$prevSibling: null, $$nextSibling: null, $$watchers: [..., ..., ...], $parent: Scope{$id: ..., $$childTail: ..., $$childHead: ..., $$prevSibling: ..., $$nextSibling: ..., $$watchers: ..., $parent: ..., $$phase: ..., $root: ..., $$destroyed: ..., $$listeners: ..., $$listenerCount: ..., $$isolateBindings: ..., $$asyncQueue: ..., $$postDigestQueue: ..., $$applyAsyncQueue: ..., myData: ..., cdsData: ..., widgetData: ..., dtinstance: ..., veteranList: ..., dtOptions: ..., dtColumns: ..., columns: ...}, $$phase: null, $root: Scope{$id: ..., $$childTail: ..., $$childHead: ..., $$prevSibling: ..., $$nextSibling: ..., $$watchers: ..., $parent: ..., $$phase: ..., $root: ..., $$destroyed: ..., $$listeners: ..., $$listenerCount: ..., $$isolateBindings: ..., $$asyncQueue: ..., $$postDigestQueue: ..., $$applyAsyncQueue: ..., myData: ..., cdsData: ..., widgetData: ..., dtinstance: ..., veteranList: ..., dtOptions: ..., dtColumns: ..., columns: ...}, $$destroyed: false, $$listeners: Object{$destroy: ...}, $$listenerCount: Object{$destroy: ...}, $$isolateBindings: Object{dtOptions: ..., dtColumns: ..., dtColumnDefs: ..., datatable: ...}, dtOptions: Object{withScroller: ..., dom: ..., deferRender: ..., scrollY: ..., paging: ...}, dtColumns: undefined, dtColumnDefs: undefined, datatable: 'ng'}, $$childHead: Scope{$id: 2381, $$childTail: null, $$childHead: null, $$prevSibling: null, $$nextSibling: null, $$watchers: [..., ..., ...], $parent: Scope{$id: ..., $$childTail: ..., $$childHead: ..., $$prevSibling: ..., $$nextSibling: ..., $$watchers: ..., $parent: ..., $$phase: ..., $root: ..., $$destroyed: ..., $$listeners: ..., $$listenerCount: ..., $$isolateBindings: ..., $$asyncQueue: ..., $$postDigestQueue: ..., $$applyAsyncQueue: ..., myData: ..., cdsData: ..., widgetData: ..., dtinstance: ..., veteranList: ..., dtOptions: ..., dtColumns: ..., columns: ...}, $$phase: null, $root: Scope{$id: ..., $$childTail: ..., $$childHead: ..., $$prevSibling: ..., $$nextSibling: ..., $$watchers: ..., $parent: ..., $$phase: ..., $root: ..., $$destroyed: ..., $$listeners: ..., $$listenerCount: ..., $$isolateBindings: ..., $$asyncQueue: ..., $$postDigestQueue: ..., $$applyAsyncQueue: ..., myData: ..., cdsData: ..., widgetData: ..., dtinstance: ..., veteranList: ..., dtOptions: ..., dtColumns: ..., columns: ...}, $$destroyed: false, $$listeners: Object{$destroy: ...}, $$listenerCount: Object{$destroy: ...}, $$isolateBindings: Object{dtOptions: ..., dtColumns: ..., dtColumnDefs: ..., datatable: ...}, dtOptions: Object{withScroller: ..., dom: ..., deferRender: ..., scrollY: ..., paging: ...}, dtColumns: undefined, dtColumnDefs: undefined, datatable: 'ng'}, $$prevSibling: null, $$nextSibling: null, $$watchers: [Object{fn: ..., last: ..., get: ..., exp: ..., eq: ...}, Object{fn: ..., last: ..., get: ..., exp: ..., eq: ...}, Object{fn: ..., last: ..., get: ..., exp: ..., eq: ...}, Object{fn: ..., last: ..., get: ..., exp: ..., eq: ...}, Object{fn: ..., last: ..., get: ..., exp: ..., eq: ...}], $parent: null, $$phase: '$digest', $root: Scope{$id: 2380, $$childTail: Scope{$id: ..., $$childTail: ..., $$childHead: ..., $$prevSibling: ..., $$nextSibling: ..., $$watchers: ..., $parent: ..., $$phase: ..., $root: ..., $$destroyed: ..., $$listeners: ..., $$listenerCount: ..., $$isolateBindings: ..., dtOptions: ..., dtColumns: ..., dtColumnDefs: ..., datatable: ...}, $$childHead: Scope{$id: ..., $$childTail: ..., $$childHead: ..., $$prevSibling: ..., $$nextSibling: ..., $$watchers: ..., $parent: ..., $$phase: ..., $root: ..., $$destroyed: ..., $$listeners: ..., $$listenerCount: ..., $$isolateBindings: ..., dtOptions: ..., dtColumns: ..., dtColumnDefs: ..., datatable: ...}, $$prevSibling: null, $$nextSibling: null, $$watchers: [..., ..., ..., ..., ...], $parent: null, $$phase: '$digest', $root: Scope{$id: ..., $$childTail: ..., $$childHead: ..., $$prevSibling: ..., $$nextSibling: ..., $$watchers: ..., $parent: ..., $$phase: ..., $root: ..., $$destroyed: ..., $$listeners: ..., $$listenerCount: ..., $$isolateBindings: ..., $$asyncQueue: ..., $$postDigestQueue: ..., $$applyAsyncQueue: ..., myData: ..., cdsData: ..., widgetData: ..., dtinstance: ..., veteranList: ..., dtOptions: ..., dtColumns: ..., columns: ...}, $$destroyed: false, $$listeners: Object{}, $$listenerCount: Object{$destroy: ...}, $$isolateBindings: null, $$asyncQueue: [..., ..., ..., ...], $$postDigestQueue: [], $$applyAsyncQueue: [], myData: [], cdsData: [...], widgetData: [..., ..., ...], dtinstance: Object{register: ..., getLast: ..., getList: ...}, veteranList: [..., ..., ...], dtOptions: Object{withScroller: ..., dom: ..., deferRender: ..., scrollY: ..., paging: ...}, dtColumns: [..., ..., ..., ..., ..., ...], columns: [..., ..., ..., ..., ..., ...]}, $$destroyed: false, $$listeners: Object{}, $$listenerCount: Object{$destroy: 4}, $$isolateBindings: null, $$asyncQueue: [Object{scope: ..., expression: ..., locals: ...}, Object{scope: ..., expression: ..., locals: ...}, Object{scope: ..., expression: ..., locals: ...}, Object{scope: ..., expression: ..., locals: ...}], $$postDigestQueue: [], $$applyAsyncQueue: [], myData: [], cdsData: [Object{CDSG_ID: ..., Features: ..., Action: ..., GuidelineType: ..., RiskLevel: ..., Risk_Name: ..., GuidelineURL: ..., ToolkitURL: ...}], widgetData: [1, [..., ..., ..., ..., ..., ..., ..., ..., ..., ..., ..., ..., ..., ..., ..., ..., ..., ..., ..., ..., ..., ..., ..., ..., ..., ..., ..., ..., ..., ..., ..., ..., ..., ..., ..., ..., ..., ..., ..., ..., ..., ..., ..., ..., ..., ..., ..., ..., ..., ..., ..., ..., ..., ..., ..., ..., ..., ..., ..., ..., ..., ..., ..., ..., ..., ..., ..., ..., ..., ..., ..., ..., ..., ..., ..., ..., ..., ..., ..., ..., ..., ..., ..., ..., ..., ..., ..., ..., ..., ..., ..., ..., ..., ..., ..., ..., ..., ..., ..., ..., ..., ..., ..., ..., ..., ..., ..., ..., ..., ..., ..., ..., ..., ..., ..., ..., ..., ..., ..., ..., ..., ..., ..., ..., ..., ..., ..., ..., ..., ..., ..., ..., ..., ..., ..., ..., ..., ..., ..., ..., ..., ..., ..., ..., ..., ..., ..., ..., ..., ..., ..., ..., ..., ..., ..., ..., ..., ..., ..., ..., ..., ..., ..., ..., ..., ..., ..., ..., ..., ..., ..., ..., ..., ..., ..., ..., ..., ..., ..., ..., ..., ..., ..., ..., ..., ..., ..., ..., ..., ..., ..., ..., ..., ..., ..., ..., ..., ..., ..., ..., ..., ..., ..., ..., ..., ..., ..., ..., ..., ..., ..., ..., ..., ..., ..., ..., ..., ..., ..., ..., ..., ..., ..., ..., ..., ..., ..., ..., ..., ..., ..., ..., ..., ..., ..., ..., ..., ..., ..., ..., ..., ..., ..., ..., ..., ..., ..., ..., ..., ..., ..., ..., ..., ..., ..., ..., ..., ..., ..., ..., ..., ..., ..., ..., ..., ..., ..., ..., ..., ..., ..., ..., ..., ..., ..., ..., ..., ..., ..., ..., ..., ..., ..., ..., ..., ..., ..., ..., ..., ..., ..., ..., ..., ..., ..., ..., ..., ..., ..., ..., ..., ..., ..., ..., ..., ..., ..., ..., ..., ..., ..., ..., ..., ..., ..., ..., ..., ..., ..., ..., ..., ..., ..., ..., ..., ..., ..., ..., ..., ..., ..., ..., ..., ..., ..., ...], [..., ..., ..., ..., ...]], dtinstance: Object{register: function register(dtInstance, result) { ... }, getLast: function getLast() { ... }, getList: function getList() { ... }}, veteranList: [1, [..., ..., ..., ..., ..., ..., ..., ..., ..., ..., ..., ..., ..., ..., ..., ..., ..., ..., ..., ..., ..., ..., ..., ..., ..., ..., ..., ..., ..., ..., ..., ..., ..., ..., ..., ..., ..., ..., ..., ..., ..., ..., ..., ..., ..., ..., ..., ..., ..., ..., ..., ..., ..., ..., ..., ..., ..., ..., ..., ..., ..., ..., ..., ..., ..., ..., ..., ..., ..., ..., ..., ..., ..., ..., ..., ..., ..., ..., ..., ..., ..., ..., ..., ..., ..., ..., ..., ..., ..., ..., ..., ..., ..., ..., ..., ..., ..., ..., ..., ..., ..., ..., ..., ..., ..., ..., ..., ..., ..., ..., ..., ..., ..., ..., ..., ..., ..., ..., ..., ..., ..., ..., ..., ..., ..., ..., ..., ..., ..., ..., ..., ..., ..., ..., ..., ..., ..., ..., ..., ..., ..., ..., ..., ..., ..., ..., ..., ..., ..., ..., ..., ..., ..., ..., ..., ..., ..., ..., ..., ..., ..., ..., ..., ..., ..., ..., ..., ..., ..., ..., ..., ..., ..., ..., ..., ..., ..., ..., ..., ..., ..., ..., ..., ..., ..., ..., ..., ..., ..., ..., ..., ..., ..., ..., ..., ..., ..., ..., ..., ..., ..., ..., ..., ..., ..., ..., ..., ..., ..., ..., ..., ..., ..., ..., ..., ..., ..., ..., ..., ..., ..., ..., ..., ..., ..., ..., ..., ..., ..., ..., ..., ..., ..., ..., ..., ..., ..., ..., ..., ..., ..., ..., ..., ..., ..., ..., ..., ..., ..., ..., ..., ..., ..., ..., ..., ..., ..., ..., ..., ..., ..., ..., ..., ..., ..., ..., ..., ..., ..., ..., ..., ..., ..., ..., ..., ..., ..., ..., ..., ..., ..., ..., ..., ..., ..., ..., ..., ..., ..., ..., ..., ..., ..., ..., ..., ..., ..., ..., ..., ..., ..., ..., ..., ..., ..., ..., ..., ..., ..., ..., ..., ..., ..., ..., ..., ..., ..., ..., ..., ..., ..., ..., ..., ..., ..., ..., ..., ..., ..., ..., ..., ..., ..., ..., ..., ...], [..., ..., ..., ..., ...]], dtOptions: Object{withScroller: function withScroller() { ... }, dom: 'lfrtiS', deferRender: true, scrollY: 200, paging: false}, dtColumns: [Object{aTargets: ...}, Object{aTargets: ...}, Object{aTargets: ...}, Object{aTargets: ...}, Object{aTargets: ...}, Object{aTargets: ...}], columns: [Object{Name: ...}, Object{Name: ...}, Object{Name: ...}, Object{Name: ...}, Object{Name: ...}, Object{Name: ...}]}
,PhantomJS 1.9.8 (Windows 7) LOG: 'inside veteran roster directive before check'
,PhantomJS 1.9.8 (Windows 7) LOG: [1, [Object{ReachID: ..., FirstName: ..., MiddleName: ..., LastName: ..., SSN: ..., Phone: ..., DateIdentifiedRisk: ..., RiskLevel: ..., OutreachStatus: ..., VAMC: ...}, Object{ReachID: ..., FirstName: ..., MiddleName: ..., LastName: ..., SSN: ..., Phone: ..., DateIdentifiedRisk: ..., RiskLevel: ..., OutreachStatus: ..., VAMC: ...}, Object{ReachID: ..., FirstName: ..., MiddleName: ..., LastName: ..., SSN: ..., Phone: ..., DateIdentifiedRisk: ..., RiskLevel: ..., OutreachStatus: ..., VAMC: ...}, Object{ReachID: ..., FirstName: ..., MiddleName: ..., LastName: ..., SSN: ..., Phone: ..., DateIdentifiedRisk: ..., RiskLevel: ..., OutreachStatus: ..., VAMC: ...}, Object{ReachID: ..., FirstName: ..., MiddleName: ..., LastName: ..., SSN: ..., Phone: ..., DateIdentifiedRisk: ..., RiskLevel: ..., OutreachStatus: ..., VAMC: ...}, Object{ReachID: ..., FirstName: ..., MiddleName: ..., LastName: ..., SSN: ..., Phone: ..., DateIdentifiedRisk: ..., RiskLevel: ..., OutreachStatus: ..., VAMC: ...}, Object{ReachID: ..., FirstName: ..., MiddleName: ..., LastName: ..., SSN: ..., Phone: ..., DateIdentifiedRisk: ..., RiskLevel: ..., OutreachStatus: ..., VAMC: ...}, Object{ReachID: ..., FirstName: ..., MiddleName: ..., LastName: ..., SSN: ..., Phone: ..., DateIdentifiedRisk: ..., RiskLevel: ..., OutreachStatus: ..., VAMC: ...}, Object{ReachID: ..., FirstName: ..., MiddleName: ..., LastName: ..., SSN: ..., Phone: ..., DateIdentifiedRisk: ..., RiskLevel: ..., OutreachStatus: ..., VAMC: ...}, Object{ReachID: ..., FirstName: ..., MiddleName: ..., LastName: ..., SSN: ..., Phone: ..., DateIdentifiedRisk: ..., RiskLevel: ..., OutreachStatus: ..., VAMC: ...}, Object{ReachID: ..., FirstName: ..., MiddleName: ..., LastName: ..., SSN: ..., Phone: ..., DateIdentifiedRisk: ..., RiskLevel: ..., OutreachStatus: ..., VAMC: ...}, Object{ReachID: ..., FirstName: ..., MiddleName: ..., LastName: ..., SSN: ..., Phone: ..., DateIdentifiedRisk: ..., RiskLevel: ..., OutreachStatus: ..., VAMC: ...}, Object{ReachID: ..., FirstName: ..., MiddleName: ..., LastName: ..., SSN: ..., Phone: ..., DateIdentifiedRisk: ..., RiskLevel: ..., OutreachStatus: ..., VAMC: ...}, Object{ReachID: ..., FirstName: ..., MiddleName: ..., LastName: ..., SSN: ..., Phone: ..., DateIdentifiedRisk: ..., RiskLevel: ..., OutreachStatus: ..., VAMC: ...}, Object{ReachID: ..., FirstName: ..., MiddleName: ..., LastName: ..., SSN: ..., Phone: ..., DateIdentifiedRisk: ..., RiskLevel: ..., OutreachStatus: ..., VAMC: ...}, Object{ReachID: ..., FirstName: ..., MiddleName: ..., LastName: ..., SSN: ..., Phone: ..., DateIdentifiedRisk: ..., RiskLevel: ..., OutreachStatus: ..., VAMC: ...}, Object{ReachID: ..., FirstName: ..., MiddleName: ..., LastName: ..., SSN: ..., Phone: ..., DateIdentifiedRisk: ..., RiskLevel: ..., OutreachStatus: ..., VAMC: ...}, Object{ReachID: ..., FirstName: ..., MiddleName: ..., LastName: ..., SSN: ..., Phone: ..., DateIdentifiedRisk: ..., RiskLevel: ..., OutreachStatus: ..., VAMC: ...}, Object{ReachID: ..., FirstName: ..., MiddleName: ..., LastName: ..., SSN: ..., Phone: ..., DateIdentifiedRisk: ..., RiskLevel: ..., OutreachStatus: ..., VAMC: ...}, Object{ReachID: ..., FirstName: ..., MiddleName: ..., LastName: ..., SSN: ..., Phone: ..., DateIdentifiedRisk: ..., RiskLevel: ..., OutreachStatus: ..., VAMC: ...}, Object{ReachID: ..., FirstName: ..., MiddleName: ..., LastName: ..., SSN: ..., Phone: ..., DateIdentifiedRisk: ..., RiskLevel: ..., OutreachStatus: ..., VAMC: ...}, Object{ReachID: ..., FirstName: ..., MiddleName: ..., LastName: ..., SSN: ..., Phone: ..., DateIdentifiedRisk: ..., RiskLevel: ..., OutreachStatus: ..., VAMC: ...}, Object{ReachID: ..., FirstName: ..., MiddleName: ..., LastName: ..., SSN: ..., Phone: ..., DateIdentifiedRisk: ..., RiskLevel: ..., OutreachStatus: ..., VAMC: ...}, Object{ReachID: ..., FirstName: ..., MiddleName: ..., LastName: ..., SSN: ..., Phone: ..., DateIdentifiedRisk: ..., RiskLevel: ..., OutreachStatus: ..., VAMC: ...}, Object{ReachID: ..., FirstName: ..., MiddleName: ..., LastName: ..., SSN: ..., Phone: ..., DateIdentifiedRisk: ..., RiskLevel: ..., OutreachStatus: ..., VAMC: ...}, Object{ReachID: ..., FirstName: ..., MiddleName: ..., LastName: ..., SSN: ..., Phone: ..., DateIdentifiedRisk: ..., RiskLevel: ..., OutreachStatus: ..., VAMC: ...}, Object{ReachID: ..., FirstName: ..., MiddleName: ..., LastName: ..., SSN: ..., Phone: ..., DateIdentifiedRisk: ..., RiskLevel: ..., OutreachStatus: ..., VAMC: ...}, Object{ReachID: ..., FirstName: ..., MiddleName: ..., LastName: ..., SSN: ..., Phone: ..., DateIdentifiedRisk: ..., RiskLevel: ..., OutreachStatus: ..., VAMC: ...}, Object{ReachID: ..., FirstName: ..., MiddleName: ..., LastName: ..., SSN: ..., Phone: ..., DateIdentifiedRisk: ..., RiskLevel: ..., OutreachStatus: ..., VAMC: ...}, Object{ReachID: ..., FirstName: ..., MiddleName: ..., LastName: ..., SSN: ..., Phone: ..., DateIdentifiedRisk: ..., RiskLevel: ..., OutreachStatus: ..., VAMC: ...}, Object{ReachID: ..., FirstName: ..., MiddleName: ..., LastName: ..., SSN: ..., Phone: ..., DateIdentifiedRisk: ..., RiskLevel: ..., OutreachStatus: ..., VAMC: ...}, Object{ReachID: ..., FirstName: ..., MiddleName: ..., LastName: ..., SSN: ..., Phone: ..., DateIdentifiedRisk: ..., RiskLevel: ..., OutreachStatus: ..., VAMC: ...}, Object{ReachID: ..., FirstName: ..., MiddleName: ..., LastName: ..., SSN: ..., Phone: ..., DateIdentifiedRisk: ..., RiskLevel: ..., OutreachStatus: ..., VAMC: ...}, Object{ReachID: ..., FirstName: ..., MiddleName: ..., LastName: ..., SSN: ..., Phone: ..., DateIdentifiedRisk: ..., RiskLevel: ..., OutreachStatus: ..., VAMC: ...}, Object{ReachID: ..., FirstName: ..., MiddleName: ..., LastName: ..., SSN: ..., Phone: ..., DateIdentifiedRisk: ..., RiskLevel: ..., OutreachStatus: ..., VAMC: ...}, Object{ReachID: ..., FirstName: ..., MiddleName: ..., LastName: ..., SSN: ..., Phone: ..., DateIdentifiedRisk: ..., RiskLevel: ..., OutreachStatus: ..., VAMC: ...}, Object{ReachID: ..., FirstName: ..., MiddleName: ..., LastName: ..., SSN: ..., Phone: ..., DateIdentifiedRisk: ..., RiskLevel: ..., OutreachStatus: ..., VAMC: ...}, Object{ReachID: ..., FirstName: ..., MiddleName: ..., LastName: ..., SSN: ..., Phone: ..., DateIdentifiedRisk: ..., RiskLevel: ..., OutreachStatus: ..., VAMC: ...}, Object{ReachID: ..., FirstName: ..., MiddleName: ..., LastName: ..., SSN: ..., Phone: ..., DateIdentifiedRisk: ..., RiskLevel: ..., OutreachStatus: ..., VAMC: ...}, Object{ReachID: ..., FirstName: ..., MiddleName: ..., LastName: ..., SSN: ..., Phone: ..., DateIdentifiedRisk: ..., RiskLevel: ..., OutreachStatus: ..., VAMC: ...}, Object{ReachID: ..., FirstName: ..., MiddleName: ..., LastName: ..., SSN: ..., Phone: ..., DateIdentifiedRisk: ..., RiskLevel: ..., OutreachStatus: ..., VAMC: ...}, Object{ReachID: ..., FirstName: ..., MiddleName: ..., LastName: ..., SSN: ..., Phone: ..., DateIdentifiedRisk: ..., RiskLevel: ..., OutreachStatus: ..., VAMC: ...}, Object{ReachID: ..., FirstName: ..., MiddleName: ..., LastName: ..., SSN: ..., Phone: ..., DateIdentifiedRisk: ..., RiskLevel: ..., OutreachStatus: ..., VAMC: ...}, Object{ReachID: ..., FirstName: ..., MiddleName: ..., LastName: ..., SSN: ..., Phone: ..., DateIdentifiedRisk: ..., RiskLevel: ..., OutreachStatus: ..., VAMC: ...}, Object{ReachID: ..., FirstName: ..., MiddleName: ..., LastName: ..., SSN: ..., Phone: ..., DateIdentifiedRisk: ..., RiskLevel: ..., OutreachStatus: ..., VAMC: ...}, Object{ReachID: ..., FirstName: ..., MiddleName: ..., LastName: ..., SSN: ..., Phone: ..., DateIdentifiedRisk: ..., RiskLevel: ..., OutreachStatus: ..., VAMC: ...}, Object{ReachID: ..., FirstName: ..., MiddleName: ..., LastName: ..., SSN: ..., Phone: ..., DateIdentifiedRisk: ..., RiskLevel: ..., OutreachStatus: ..., VAMC: ...}, Object{ReachID: ..., FirstName: ..., MiddleName: ..., LastName: ..., SSN: ..., Phone: ..., DateIdentifiedRisk: ..., RiskLevel: ..., OutreachStatus: ..., VAMC: ...}, Object{ReachID: ..., FirstName: ..., MiddleName: ..., LastName: ..., SSN: ..., Phone: ..., DateIdentifiedRisk: ..., RiskLevel: ..., OutreachStatus: ..., VAMC: ...}, Object{ReachID: ..., FirstName: ..., MiddleName: ..., LastName: ..., SSN: ..., Phone: ..., DateIdentifiedRisk: ..., RiskLevel: ..., OutreachStatus: ..., VAMC: ...}, Object{ReachID: ..., FirstName: ..., MiddleName: ..., LastName: ..., SSN: ..., Phone: ..., DateIdentifiedRisk: ..., RiskLevel: ..., OutreachStatus: ..., VAMC: ...}, Object{ReachID: ..., FirstName: ..., MiddleName: ..., LastName: ..., SSN: ..., Phone: ..., DateIdentifiedRisk: ..., RiskLevel: ..., OutreachStatus: ..., VAMC: ...}, Object{ReachID: ..., FirstName: ..., MiddleName: ..., LastName: ..., SSN: ..., Phone: ..., DateIdentifiedRisk: ..., RiskLevel: ..., OutreachStatus: ..., VAMC: ...}, Object{ReachID: ..., FirstName: ..., MiddleName: ..., LastName: ..., SSN: ..., Phone: ..., DateIdentifiedRisk: ..., RiskLevel: ..., OutreachStatus: ..., VAMC: ...}, Object{ReachID: ..., FirstName: ..., MiddleName: ..., LastName: ..., SSN: ..., Phone: ..., DateIdentifiedRisk: ..., RiskLevel: ..., OutreachStatus: ..., VAMC: ...}, Object{ReachID: ..., FirstName: ..., MiddleName: ..., LastName: ..., SSN: ..., Phone: ..., DateIdentifiedRisk: ..., RiskLevel: ..., OutreachStatus: ..., VAMC: ...}, Object{ReachID: ..., FirstName: ..., MiddleName: ..., LastName: ..., SSN: ..., Phone: ..., DateIdentifiedRisk: ..., RiskLevel: ..., OutreachStatus: ..., VAMC: ...}, Object{ReachID: ..., FirstName: ..., MiddleName: ..., LastName: ..., SSN: ..., Phone: ..., DateIdentifiedRisk: ..., RiskLevel: ..., OutreachStatus: ..., VAMC: ...}, Object{ReachID: ..., FirstName: ..., MiddleName: ..., LastName: ..., SSN: ..., Phone: ..., DateIdentifiedRisk: ..., RiskLevel: ..., OutreachStatus: ..., VAMC: ...}, Object{ReachID: ..., FirstName: ..., MiddleName: ..., LastName: ..., SSN: ..., Phone: ..., DateIdentifiedRisk: ..., RiskLevel: ..., OutreachStatus: ..., VAMC: ...}, Object{ReachID: ..., FirstName: ..., MiddleName: ..., LastName: ..., SSN: ..., Phone: ..., DateIdentifiedRisk: ..., RiskLevel: ..., OutreachStatus: ..., VAMC: ...}, Object{ReachID: ..., FirstName: ..., MiddleName: ..., LastName: ..., SSN: ..., Phone: ..., DateIdentifiedRisk: ..., RiskLevel: ..., OutreachStatus: ..., VAMC: ...}, Object{ReachID: ..., FirstName: ..., MiddleName: ..., LastName: ..., SSN: ..., Phone: ..., DateIdentifiedRisk: ..., RiskLevel: ..., OutreachStatus: ..., VAMC: ...}, Object{ReachID: ..., FirstName: ..., MiddleName: ..., LastName: ..., SSN: ..., Phone: ..., DateIdentifiedRisk: ..., RiskLevel: ..., OutreachStatus: ..., VAMC: ...}, Object{ReachID: ..., FirstName: ..., MiddleName: ..., LastName: ..., SSN: ..., Phone: ..., DateIdentifiedRisk: ..., RiskLevel: ..., OutreachStatus: ..., VAMC: ...}, Object{ReachID: ..., FirstName: ..., MiddleName: ..., LastName: ..., SSN: ..., Phone: ..., DateIdentifiedRisk: ..., RiskLevel: ..., OutreachStatus: ..., VAMC: ...}, Object{ReachID: ..., FirstName: ..., MiddleName: ..., LastName: ..., SSN: ..., Phone: ..., DateIdentifiedRisk: ..., RiskLevel: ..., OutreachStatus: ..., VAMC: ...}, Object{ReachID: ..., FirstName: ..., MiddleName: ..., LastName: ..., SSN: ..., Phone: ..., DateIdentifiedRisk: ..., RiskLevel: ..., OutreachStatus: ..., VAMC: ...}, Object{ReachID: ..., FirstName: ..., MiddleName: ..., LastName: ..., SSN: ..., Phone: ..., DateIdentifiedRisk: ..., RiskLevel: ..., OutreachStatus: ..., VAMC: ...}, Object{ReachID: ..., FirstName: ..., MiddleName: ..., LastName: ..., SSN: ..., Phone: ..., DateIdentifiedRisk: ..., RiskLevel: ..., OutreachStatus: ..., VAMC: ...}, Object{ReachID: ..., FirstName: ..., MiddleName: ..., LastName: ..., SSN: ..., Phone: ..., DateIdentifiedRisk: ..., RiskLevel: ..., OutreachStatus: ..., VAMC: ...}, Object{ReachID: ..., FirstName: ..., MiddleName: ..., LastName: ..., SSN: ..., Phone: ..., DateIdentifiedRisk: ..., RiskLevel: ..., OutreachStatus: ..., VAMC: ...}, Object{ReachID: ..., FirstName: ..., MiddleName: ..., LastName: ..., SSN: ..., Phone: ..., DateIdentifiedRisk: ..., RiskLevel: ..., OutreachStatus: ..., VAMC: ...}, Object{ReachID: ..., FirstName: ..., MiddleName: ..., LastName: ..., SSN: ..., Phone: ..., DateIdentifiedRisk: ..., RiskLevel: ..., OutreachStatus: ..., VAMC: ...}, Object{ReachID: ..., FirstName: ..., MiddleName: ..., LastName: ..., SSN: ..., Phone: ..., DateIdentifiedRisk: ..., RiskLevel: ..., OutreachStatus: ..., VAMC: ...}, Object{ReachID: ..., FirstName: ..., MiddleName: ..., LastName: ..., SSN: ..., Phone: ..., DateIdentifiedRisk: ..., RiskLevel: ..., OutreachStatus: ..., VAMC: ...}, Object{ReachID: ..., FirstName: ..., MiddleName: ..., LastName: ..., SSN: ..., Phone: ..., DateIdentifiedRisk: ..., RiskLevel: ..., OutreachStatus: ..., VAMC: ...}, Object{ReachID: ..., FirstName: ..., MiddleName: ..., LastName: ..., SSN: ..., Phone: ..., DateIdentifiedRisk: ..., RiskLevel: ..., OutreachStatus: ..., VAMC: ...}, Object{ReachID: ..., FirstName: ..., MiddleName: ..., LastName: ..., SSN: ..., Phone: ..., DateIdentifiedRisk: ..., RiskLevel: ..., OutreachStatus: ..., VAMC: ...}, Object{ReachID: ..., FirstName: ..., MiddleName: ..., LastName: ..., SSN: ..., Phone: ..., DateIdentifiedRisk: ..., RiskLevel: ..., OutreachStatus: ..., VAMC: ...}, Object{ReachID: ..., FirstName: ..., MiddleName: ..., LastName: ..., SSN: ..., Phone: ..., DateIdentifiedRisk: ..., RiskLevel: ..., OutreachStatus: ..., VAMC: ...}, Object{ReachID: ..., FirstName: ..., MiddleName: ..., LastName: ..., SSN: ..., Phone: ..., DateIdentifiedRisk: ..., RiskLevel: ..., OutreachStatus: ..., VAMC: ...}, Object{ReachID: ..., FirstName: ..., MiddleName: ..., LastName: ..., SSN: ..., Phone: ..., DateIdentifiedRisk: ..., RiskLevel: ..., OutreachStatus: ..., VAMC: ...}, Object{ReachID: ..., FirstName: ..., MiddleName: ..., LastName: ..., SSN: ..., Phone: ..., DateIdentifiedRisk: ..., RiskLevel: ..., OutreachStatus: ..., VAMC: ...}, Object{ReachID: ..., FirstName: ..., MiddleName: ..., LastName: ..., SSN: ..., Phone: ..., DateIdentifiedRisk: ..., RiskLevel: ..., OutreachStatus: ..., VAMC: ...}, Object{ReachID: ..., FirstName: ..., MiddleName: ..., LastName: ..., SSN: ..., Phone: ..., DateIdentifiedRisk: ..., RiskLevel: ..., OutreachStatus: ..., VAMC: ...}, Object{ReachID: ..., FirstName: ..., MiddleName: ..., LastName: ..., SSN: ..., Phone: ..., DateIdentifiedRisk: ..., RiskLevel: ..., OutreachStatus: ..., VAMC: ...}, Object{ReachID: ..., FirstName: ..., MiddleName: ..., LastName: ..., SSN: ..., Phone: ..., DateIdentifiedRisk: ..., RiskLevel: ..., OutreachStatus: ..., VAMC: ...}, Object{ReachID: ..., FirstName: ..., MiddleName: ..., LastName: ..., SSN: ..., Phone: ..., DateIdentifiedRisk: ..., RiskLevel: ..., OutreachStatus: ..., VAMC: ...}, Object{ReachID: ..., FirstName: ..., MiddleName: ..., LastName: ..., SSN: ..., Phone: ..., DateIdentifiedRisk: ..., RiskLevel: ..., OutreachStatus: ..., VAMC: ...}, Object{ReachID: ..., FirstName: ..., MiddleName: ..., LastName: ..., SSN: ..., Phone: ..., DateIdentifiedRisk: ..., RiskLevel: ..., OutreachStatus: ..., VAMC: ...}, Object{ReachID: ..., FirstName: ..., MiddleName: ..., LastName: ..., SSN: ..., Phone: ..., DateIdentifiedRisk: ..., RiskLevel: ..., OutreachStatus: ..., VAMC: ...}, Object{ReachID: ..., FirstName: ..., MiddleName: ..., LastName: ..., SSN: ..., Phone: ..., DateIdentifiedRisk: ..., RiskLevel: ..., OutreachStatus: ..., VAMC: ...}, Object{ReachID: ..., FirstName: ..., MiddleName: ..., LastName: ..., SSN: ..., Phone: ..., DateIdentifiedRisk: ..., RiskLevel: ..., OutreachStatus: ..., VAMC: ...}, Object{ReachID: ..., FirstName: ..., MiddleName: ..., LastName: ..., SSN: ..., Phone: ..., DateIdentifiedRisk: ..., RiskLevel: ..., OutreachStatus: ..., VAMC: ...}, Object{ReachID: ..., FirstName: ..., MiddleName: ..., LastName: ..., SSN: ..., Phone: ..., DateIdentifiedRisk: ..., RiskLevel: ..., OutreachStatus: ..., VAMC: ...}, Object{ReachID: ..., FirstName: ..., MiddleName: ..., LastName: ..., SSN: ..., Phone: ..., DateIdentifiedRisk: ..., RiskLevel: ..., OutreachStatus: ..., VAMC: ...}, Object{ReachID: ..., FirstName: ..., MiddleName: ..., LastName: ..., SSN: ..., Phone: ..., DateIdentifiedRisk: ..., RiskLevel: ..., OutreachStatus: ..., VAMC: ...}, Object{ReachID: ..., FirstName: ..., MiddleName: ..., LastName: ..., SSN: ..., Phone: ..., DateIdentifiedRisk: ..., RiskLevel: ..., OutreachStatus: ..., VAMC: ...}, Object{ReachID: ..., FirstName: ..., MiddleName: ..., LastName: ..., SSN: ..., Phone: ..., DateIdentifiedRisk: ..., RiskLevel: ..., OutreachStatus: ..., VAMC: ...}, Object{ReachID: ..., FirstName: ..., MiddleName: ..., LastName: ..., SSN: ..., Phone: ..., DateIdentifiedRisk: ..., RiskLevel: ..., OutreachStatus: ..., VAMC: ...}, Object{ReachID: ..., FirstName: ..., MiddleName: ..., LastName: ..., SSN: ..., Phone: ..., DateIdentifiedRisk: ..., RiskLevel: ..., OutreachStatus: ..., VAMC: ...}, Object{ReachID: ..., FirstName: ..., MiddleName: ..., LastName: ..., SSN: ..., Phone: ..., DateIdentifiedRisk: ..., RiskLevel: ..., OutreachStatus: ..., VAMC: ...}, Object{ReachID: ..., FirstName: ..., MiddleName: ..., LastName: ..., SSN: ..., Phone: ..., DateIdentifiedRisk: ..., RiskLevel: ..., OutreachStatus: ..., VAMC: ...}, Object{ReachID: ..., FirstName: ..., MiddleName: ..., LastName: ..., SSN: ..., Phone: ..., DateIdentifiedRisk: ..., RiskLevel: ..., OutreachStatus: ..., VAMC: ...}, Object{ReachID: ..., FirstName: ..., MiddleName: ..., LastName: ..., SSN: ..., Phone: ..., DateIdentifiedRisk: ..., RiskLevel: ..., OutreachStatus: ..., VAMC: ...}, Object{ReachID: ..., FirstName: ..., MiddleName: ..., LastName: ..., SSN: ..., Phone: ..., DateIdentifiedRisk: ..., RiskLevel: ..., OutreachStatus: ..., VAMC: ...}, Object{ReachID: ..., FirstName: ..., MiddleName: ..., LastName: ..., SSN: ..., Phone: ..., DateIdentifiedRisk: ..., RiskLevel: ..., OutreachStatus: ..., VAMC: ...}, Object{ReachID: ..., FirstName: ..., MiddleName: ..., LastName: ..., SSN: ..., Phone: ..., DateIdentifiedRisk: ..., RiskLevel: ..., OutreachStatus: ..., VAMC: ...}, Object{ReachID: ..., FirstName: ..., MiddleName: ..., LastName: ..., SSN: ..., Phone: ..., DateIdentifiedRisk: ..., RiskLevel: ..., OutreachStatus: ..., VAMC: ...}, Object{ReachID: ..., FirstName: ..., MiddleName: ..., LastName: ..., SSN: ..., Phone: ..., DateIdentifiedRisk: ..., RiskLevel: ..., OutreachStatus: ..., VAMC: ...}, Object{ReachID: ..., FirstName: ..., MiddleName: ..., LastName: ..., SSN: ..., Phone: ..., DateIdentifiedRisk: ..., RiskLevel: ..., OutreachStatus: ..., VAMC: ...}, Object{ReachID: ..., FirstName: ..., MiddleName: ..., LastName: ..., SSN: ..., Phone: ..., DateIdentifiedRisk: ..., RiskLevel: ..., OutreachStatus: ..., VAMC: ...}, Object{ReachID: ..., FirstName: ..., MiddleName: ..., LastName: ..., SSN: ..., Phone: ..., DateIdentifiedRisk: ..., RiskLevel: ..., OutreachStatus: ..., VAMC: ...}, Object{ReachID: ..., FirstName: ..., MiddleName: ..., LastName: ..., SSN: ..., Phone: ..., DateIdentifiedRisk: ..., RiskLevel: ..., OutreachStatus: ..., VAMC: ...}, Object{ReachID: ..., FirstName: ..., MiddleName: ..., LastName: ..., SSN: ..., Phone: ..., DateIdentifiedRisk: ..., RiskLevel: ..., OutreachStatus: ..., VAMC: ...}, Object{ReachID: ..., FirstName: ..., MiddleName: ..., LastName: ..., SSN: ..., Phone: ..., DateIdentifiedRisk: ..., RiskLevel: ..., OutreachStatus: ..., VAMC: ...}, Object{ReachID: ..., FirstName: ..., MiddleName: ..., LastName: ..., SSN: ..., Phone: ..., DateIdentifiedRisk: ..., RiskLevel: ..., OutreachStatus: ..., VAMC: ...}, Object{ReachID: ..., FirstName: ..., MiddleName: ..., LastName: ..., SSN: ..., Phone: ..., DateIdentifiedRisk: ..., RiskLevel: ..., OutreachStatus: ..., VAMC: ...}, Object{ReachID: ..., FirstName: ..., MiddleName: ..., LastName: ..., SSN: ..., Phone: ..., DateIdentifiedRisk: ..., RiskLevel: ..., OutreachStatus: ..., VAMC: ...}, Object{ReachID: ..., FirstName: ..., MiddleName: ..., LastName: ..., SSN: ..., Phone: ..., DateIdentifiedRisk: ..., RiskLevel: ..., OutreachStatus: ..., VAMC: ...}, Object{ReachID: ..., FirstName: ..., MiddleName: ..., LastName: ..., SSN: ..., Phone: ..., DateIdentifiedRisk: ..., RiskLevel: ..., OutreachStatus: ..., VAMC: ...}, Object{ReachID: ..., FirstName: ..., MiddleName: ..., LastName: ..., SSN: ..., Phone: ..., DateIdentifiedRisk: ..., RiskLevel: ..., OutreachStatus: ..., VAMC: ...}, Object{ReachID: ..., FirstName: ..., MiddleName: ..., LastName: ..., SSN: ..., Phone: ..., DateIdentifiedRisk: ..., RiskLevel: ..., OutreachStatus: ..., VAMC: ...}, Object{ReachID: ..., FirstName: ..., MiddleName: ..., LastName: ..., SSN: ..., Phone: ..., DateIdentifiedRisk: ..., RiskLevel: ..., OutreachStatus: ..., VAMC: ...}, Object{ReachID: ..., FirstName: ..., MiddleName: ..., LastName: ..., SSN: ..., Phone: ..., DateIdentifiedRisk: ..., RiskLevel: ..., OutreachStatus: ..., VAMC: ...}, Object{ReachID: ..., FirstName: ..., MiddleName: ..., LastName: ..., SSN: ..., Phone: ..., DateIdentifiedRisk: ..., RiskLevel: ..., OutreachStatus: ..., VAMC: ...}, Object{ReachID: ..., FirstName: ..., MiddleName: ..., LastName: ..., SSN: ..., Phone: ..., DateIdentifiedRisk: ..., RiskLevel: ..., OutreachStatus: ..., VAMC: ...}, Object{ReachID: ..., FirstName: ..., MiddleName: ..., LastName: ..., SSN: ..., Phone: ..., DateIdentifiedRisk: ..., RiskLevel: ..., OutreachStatus: ..., VAMC: ...}, Object{ReachID: ..., FirstName: ..., MiddleName: ..., LastName: ..., SSN: ..., Phone: ..., DateIdentifiedRisk: ..., RiskLevel: ..., OutreachStatus: ..., VAMC: ...}, Object{ReachID: ..., FirstName: ..., MiddleName: ..., LastName: ..., SSN: ..., Phone: ..., DateIdentifiedRisk: ..., RiskLevel: ..., OutreachStatus: ..., VAMC: ...}, Object{ReachID: ..., FirstName: ..., MiddleName: ..., LastName: ..., SSN: ..., Phone: ..., DateIdentifiedRisk: ..., RiskLevel: ..., OutreachStatus: ..., VAMC: ...}, Object{ReachID: ..., FirstName: ..., MiddleName: ..., LastName: ..., SSN: ..., Phone: ..., DateIdentifiedRisk: ..., RiskLevel: ..., OutreachStatus: ..., VAMC: ...}, Object{ReachID: ..., FirstName: ..., MiddleName: ..., LastName: ..., SSN: ..., Phone: ..., DateIdentifiedRisk: ..., RiskLevel: ..., OutreachStatus: ..., VAMC: ...}, Object{ReachID: ..., FirstName: ..., MiddleName: ..., LastName: ..., SSN: ..., Phone: ..., DateIdentifiedRisk: ..., RiskLevel: ..., OutreachStatus: ..., VAMC: ...}, Object{ReachID: ..., FirstName: ..., MiddleName: ..., LastName: ..., SSN: ..., Phone: ..., DateIdentifiedRisk: ..., RiskLevel: ..., OutreachStatus: ..., VAMC: ...}, Object{ReachID: ..., FirstName: ..., MiddleName: ..., LastName: ..., SSN: ..., Phone: ..., DateIdentifiedRisk: ..., RiskLevel: ..., OutreachStatus: ..., VAMC: ...}, Object{ReachID: ..., FirstName: ..., MiddleName: ..., LastName: ..., SSN: ..., Phone: ..., DateIdentifiedRisk: ..., RiskLevel: ..., OutreachStatus: ..., VAMC: ...}, Object{ReachID: ..., FirstName: ..., MiddleName: ..., LastName: ..., SSN: ..., Phone: ..., DateIdentifiedRisk: ..., RiskLevel: ..., OutreachStatus: ..., VAMC: ...}, Object{ReachID: ..., FirstName: ..., MiddleName: ..., LastName: ..., SSN: ..., Phone: ..., DateIdentifiedRisk: ..., RiskLevel: ..., OutreachStatus: ..., VAMC: ...}, Object{ReachID: ..., FirstName: ..., MiddleName: ..., LastName: ..., SSN: ..., Phone: ..., DateIdentifiedRisk: ..., RiskLevel: ..., OutreachStatus: ..., VAMC: ...}, Object{ReachID: ..., FirstName: ..., MiddleName: ..., LastName: ..., SSN: ..., Phone: ..., DateIdentifiedRisk: ..., RiskLevel: ..., OutreachStatus: ..., VAMC: ...}, Object{ReachID: ..., FirstName: ..., MiddleName: ..., LastName: ..., SSN: ..., Phone: ..., DateIdentifiedRisk: ..., RiskLevel: ..., OutreachStatus: ..., VAMC: ...}, Object{ReachID: ..., FirstName: ..., MiddleName: ..., LastName: ..., SSN: ..., Phone: ..., DateIdentifiedRisk: ..., RiskLevel: ..., OutreachStatus: ..., VAMC: ...}, Object{ReachID: ..., FirstName: ..., MiddleName: ..., LastName: ..., SSN: ..., Phone: ..., DateIdentifiedRisk: ..., RiskLevel: ..., OutreachStatus: ..., VAMC: ...}, Object{ReachID: ..., FirstName: ..., MiddleName: ..., LastName: ..., SSN: ..., Phone: ..., DateIdentifiedRisk: ..., RiskLevel: ..., OutreachStatus: ..., VAMC: ...}, Object{ReachID: ..., FirstName: ..., MiddleName: ..., LastName: ..., SSN: ..., Phone: ..., DateIdentifiedRisk: ..., RiskLevel: ..., OutreachStatus: ..., VAMC: ...}, Object{ReachID: ..., FirstName: ..., MiddleName: ..., LastName: ..., SSN: ..., Phone: ..., DateIdentifiedRisk: ..., RiskLevel: ..., OutreachStatus: ..., VAMC: ...}, Object{ReachID: ..., FirstName: ..., MiddleName: ..., LastName: ..., SSN: ..., Phone: ..., DateIdentifiedRisk: ..., RiskLevel: ..., OutreachStatus: ..., VAMC: ...}, Object{ReachID: ..., FirstName: ..., MiddleName: ..., LastName: ..., SSN: ..., Phone: ..., DateIdentifiedRisk: ..., RiskLevel: ..., OutreachStatus: ..., VAMC: ...}, Object{ReachID: ..., FirstName: ..., MiddleName: ..., LastName: ..., SSN: ..., Phone: ..., DateIdentifiedRisk: ..., RiskLevel: ..., OutreachStatus: ..., VAMC: ...}, Object{ReachID: ..., FirstName: ..., MiddleName: ..., LastName: ..., SSN: ..., Phone: ..., DateIdentifiedRisk: ..., RiskLevel: ..., OutreachStatus: ..., VAMC: ...}, Object{ReachID: ..., FirstName: ..., MiddleName: ..., LastName: ..., SSN: ..., Phone: ..., DateIdentifiedRisk: ..., RiskLevel: ..., OutreachStatus: ..., VAMC: ...}, Object{ReachID: ..., FirstName: ..., MiddleName: ..., LastName: ..., SSN: ..., Phone: ..., DateIdentifiedRisk: ..., RiskLevel: ..., OutreachStatus: ..., VAMC: ...}, Object{ReachID: ..., FirstName: ..., MiddleName: ..., LastName: ..., SSN: ..., Phone: ..., DateIdentifiedRisk: ..., RiskLevel: ..., OutreachStatus: ..., VAMC: ...}, Object{ReachID: ..., FirstName: ..., MiddleName: ..., LastName: ..., SSN: ..., Phone: ..., DateIdentifiedRisk: ..., RiskLevel: ..., OutreachStatus: ..., VAMC: ...}, Object{ReachID: ..., FirstName: ..., MiddleName: ..., LastName: ..., SSN: ..., Phone: ..., DateIdentifiedRisk: ..., RiskLevel: ..., OutreachStatus: ..., VAMC: ...}, Object{ReachID: ..., FirstName: ..., MiddleName: ..., LastName: ..., SSN: ..., Phone: ..., DateIdentifiedRisk: ..., RiskLevel: ..., OutreachStatus: ..., VAMC: ...}, Object{ReachID: ..., FirstName: ..., MiddleName: ..., LastName: ..., SSN: ..., Phone: ..., DateIdentifiedRisk: ..., RiskLevel: ..., OutreachStatus: ..., VAMC: ...}, Object{ReachID: ..., FirstName: ..., MiddleName: ..., LastName: ..., SSN: ..., Phone: ..., DateIdentifiedRisk: ..., RiskLevel: ..., OutreachStatus: ..., VAMC: ...}, Object{ReachID: ..., FirstName: ..., MiddleName: ..., LastName: ..., SSN: ..., Phone: ..., DateIdentifiedRisk: ..., RiskLevel: ..., OutreachStatus: ..., VAMC: ...}, Object{ReachID: ..., FirstName: ..., MiddleName: ..., LastName: ..., SSN: ..., Phone: ..., DateIdentifiedRisk: ..., RiskLevel: ..., OutreachStatus: ..., VAMC: ...}, Object{ReachID: ..., FirstName: ..., MiddleName: ..., LastName: ..., SSN: ..., Phone: ..., DateIdentifiedRisk: ..., RiskLevel: ..., OutreachStatus: ..., VAMC: ...}, Object{ReachID: ..., FirstName: ..., MiddleName: ..., LastName: ..., SSN: ..., Phone: ..., DateIdentifiedRisk: ..., RiskLevel: ..., OutreachStatus: ..., VAMC: ...}, Object{ReachID: ..., FirstName: ..., MiddleName: ..., LastName: ..., SSN: ..., Phone: ..., DateIdentifiedRisk: ..., RiskLevel: ..., OutreachStatus: ..., VAMC: ...}, Object{ReachID: ..., FirstName: ..., MiddleName: ..., LastName: ..., SSN: ..., Phone: ..., DateIdentifiedRisk: ..., RiskLevel: ..., OutreachStatus: ..., VAMC: ...}, Object{ReachID: ..., FirstName: ..., MiddleName: ..., LastName: ..., SSN: ..., Phone: ..., DateIdentifiedRisk: ..., RiskLevel: ..., OutreachStatus: ..., VAMC: ...}, Object{ReachID: ..., FirstName: ..., MiddleName: ..., LastName: ..., SSN: ..., Phone: ..., DateIdentifiedRisk: ..., RiskLevel: ..., OutreachStatus: ..., VAMC: ...}, Object{ReachID: ..., FirstName: ..., MiddleName: ..., LastName: ..., SSN: ..., Phone: ..., DateIdentifiedRisk: ..., RiskLevel: ..., OutreachStatus: ..., VAMC: ...}, Object{ReachID: ..., FirstName: ..., MiddleName: ..., LastName: ..., SSN: ..., Phone: ..., DateIdentifiedRisk: ..., RiskLevel: ..., OutreachStatus: ..., VAMC: ...}, Object{ReachID: ..., FirstName: ..., MiddleName: ..., LastName: ..., SSN: ..., Phone: ..., DateIdentifiedRisk: ..., RiskLevel: ..., OutreachStatus: ..., VAMC: ...}, Object{ReachID: ..., FirstName: ..., MiddleName: ..., LastName: ..., SSN: ..., Phone: ..., DateIdentifiedRisk: ..., RiskLevel: ..., OutreachStatus: ..., VAMC: ...}, Object{ReachID: ..., FirstName: ..., MiddleName: ..., LastName: ..., SSN: ..., Phone: ..., DateIdentifiedRisk: ..., RiskLevel: ..., OutreachStatus: ..., VAMC: ...}, Object{ReachID: ..., FirstName: ..., MiddleName: ..., LastName: ..., SSN: ..., Phone: ..., DateIdentifiedRisk: ..., RiskLevel: ..., OutreachStatus: ..., VAMC: ...}, Object{ReachID: ..., FirstName: ..., MiddleName: ..., LastName: ..., SSN: ..., Phone: ..., DateIdentifiedRisk: ..., RiskLevel: ..., OutreachStatus: ..., VAMC: ...}, Object{ReachID: ..., FirstName: ..., MiddleName: ..., LastName: ..., SSN: ..., Phone: ..., DateIdentifiedRisk: ..., RiskLevel: ..., OutreachStatus: ..., VAMC: ...}, Object{ReachID: ..., FirstName: ..., MiddleName: ..., LastName: ..., SSN: ..., Phone: ..., DateIdentifiedRisk: ..., RiskLevel: ..., OutreachStatus: ..., VAMC: ...}, Object{ReachID: ..., FirstName: ..., MiddleName: ..., LastName: ..., SSN: ..., Phone: ..., DateIdentifiedRisk: ..., RiskLevel: ..., OutreachStatus: ..., VAMC: ...}, Object{ReachID: ..., FirstName: ..., MiddleName: ..., LastName: ..., SSN: ..., Phone: ..., DateIdentifiedRisk: ..., RiskLevel: ..., OutreachStatus: ..., VAMC: ...}, Object{ReachID: ..., FirstName: ..., MiddleName: ..., LastName: ..., SSN: ..., Phone: ..., DateIdentifiedRisk: ..., RiskLevel: ..., OutreachStatus: ..., VAMC: ...}, Object{ReachID: ..., FirstName: ..., MiddleName: ..., LastName: ..., SSN: ..., Phone: ..., DateIdentifiedRisk: ..., RiskLevel: ..., OutreachStatus: ..., VAMC: ...}, Object{ReachID: ..., FirstName: ..., MiddleName: ..., LastName: ..., SSN: ..., Phone: ..., DateIdentifiedRisk: ..., RiskLevel: ..., OutreachStatus: ..., VAMC: ...}, Object{ReachID: ..., FirstName: ..., MiddleName: ..., LastName: ..., SSN: ..., Phone: ..., DateIdentifiedRisk: ..., RiskLevel: ..., OutreachStatus: ..., VAMC: ...}, Object{ReachID: ..., FirstName: ..., MiddleName: ..., LastName: ..., SSN: ..., Phone: ..., DateIdentifiedRisk: ..., RiskLevel: ..., OutreachStatus: ..., VAMC: ...}, Object{ReachID: ..., FirstName: ..., MiddleName: ..., LastName: ..., SSN: ..., Phone: ..., DateIdentifiedRisk: ..., RiskLevel: ..., OutreachStatus: ..., VAMC: ...}, Object{ReachID: ..., FirstName: ..., MiddleName: ..., LastName: ..., SSN: ..., Phone: ..., DateIdentifiedRisk: ..., RiskLevel: ..., OutreachStatus: ..., VAMC: ...}, Object{ReachID: ..., FirstName: ..., MiddleName: ..., LastName: ..., SSN: ..., Phone: ..., DateIdentifiedRisk: ..., RiskLevel: ..., OutreachStatus: ..., VAMC: ...}, Object{ReachID: ..., FirstName: ..., MiddleName: ..., LastName: ..., SSN: ..., Phone: ..., DateIdentifiedRisk: ..., RiskLevel: ..., OutreachStatus: ..., VAMC: ...}, Object{ReachID: ..., FirstName: ..., MiddleName: ..., LastName: ..., SSN: ..., Phone: ..., DateIdentifiedRisk: ..., RiskLevel: ..., OutreachStatus: ..., VAMC: ...}, Object{ReachID: ..., FirstName: ..., MiddleName: ..., LastName: ..., SSN: ..., Phone: ..., DateIdentifiedRisk: ..., RiskLevel: ..., OutreachStatus: ..., VAMC: ...}, Object{ReachID: ..., FirstName: ..., MiddleName: ..., LastName: ..., SSN: ..., Phone: ..., DateIdentifiedRisk: ..., RiskLevel: ..., OutreachStatus: ..., VAMC: ...}, Object{ReachID: ..., FirstName: ..., MiddleName: ..., LastName: ..., SSN: ..., Phone: ..., DateIdentifiedRisk: ..., RiskLevel: ..., OutreachStatus: ..., VAMC: ...}, Object{ReachID: ..., FirstName: ..., MiddleName: ..., LastName: ..., SSN: ..., Phone: ..., DateIdentifiedRisk: ..., RiskLevel: ..., OutreachStatus: ..., VAMC: ...}, Object{ReachID: ..., FirstName: ..., MiddleName: ..., LastName: ..., SSN: ..., Phone: ..., DateIdentifiedRisk: ..., RiskLevel: ..., OutreachStatus: ..., VAMC: ...}, Object{ReachID: ..., FirstName: ..., MiddleName: ..., LastName: ..., SSN: ..., Phone: ..., DateIdentifiedRisk: ..., RiskLevel: ..., OutreachStatus: ..., VAMC: ...}, Object{ReachID: ..., FirstName: ..., MiddleName: ..., LastName: ..., SSN: ..., Phone: ..., DateIdentifiedRisk: ..., RiskLevel: ..., OutreachStatus: ..., VAMC: ...}, Object{ReachID: ..., FirstName: ..., MiddleName: ..., LastName: ..., SSN: ..., Phone: ..., DateIdentifiedRisk: ..., RiskLevel: ..., OutreachStatus: ..., VAMC: ...}, Object{ReachID: ..., FirstName: ..., MiddleName: ..., LastName: ..., SSN: ..., Phone: ..., DateIdentifiedRisk: ..., RiskLevel: ..., OutreachStatus: ..., VAMC: ...}, Object{ReachID: ..., FirstName: ..., MiddleName: ..., LastName: ..., SSN: ..., Phone: ..., DateIdentifiedRisk: ..., RiskLevel: ..., OutreachStatus: ..., VAMC: ...}, Object{ReachID: ..., FirstName: ..., MiddleName: ..., LastName: ..., SSN: ..., Phone: ..., DateIdentifiedRisk: ..., RiskLevel: ..., OutreachStatus: ..., VAMC: ...}, Object{ReachID: ..., FirstName: ..., MiddleName: ..., LastName: ..., SSN: ..., Phone: ..., DateIdentifiedRisk: ..., RiskLevel: ..., OutreachStatus: ..., VAMC: ...}, Object{ReachID: ..., FirstName: ..., MiddleName: ..., LastName: ..., SSN: ..., Phone: ..., DateIdentifiedRisk: ..., RiskLevel: ..., OutreachStatus: ..., VAMC: ...}, Object{ReachID: ..., FirstName: ..., MiddleName: ..., LastName: ..., SSN: ..., Phone: ..., DateIdentifiedRisk: ..., RiskLevel: ..., OutreachStatus: ..., VAMC: ...}, Object{ReachID: ..., FirstName: ..., MiddleName: ..., LastName: ..., SSN: ..., Phone: ..., DateIdentifiedRisk: ..., RiskLevel: ..., OutreachStatus: ..., VAMC: ...}, Object{ReachID: ..., FirstName: ..., MiddleName: ..., LastName: ..., SSN: ..., Phone: ..., DateIdentifiedRisk: ..., RiskLevel: ..., OutreachStatus: ..., VAMC: ...}, Object{ReachID: ..., FirstName: ..., MiddleName: ..., LastName: ..., SSN: ..., Phone: ..., DateIdentifiedRisk: ..., RiskLevel: ..., OutreachStatus: ..., VAMC: ...}, Object{ReachID: ..., FirstName: ..., MiddleName: ..., LastName: ..., SSN: ..., Phone: ..., DateIdentifiedRisk: ..., RiskLevel: ..., OutreachStatus: ..., VAMC: ...}, Object{ReachID: ..., FirstName: ..., MiddleName: ..., LastName: ..., SSN: ..., Phone: ..., DateIdentifiedRisk: ..., RiskLevel: ..., OutreachStatus: ..., VAMC: ...}, Object{ReachID: ..., FirstName: ..., MiddleName: ..., LastName: ..., SSN: ..., Phone: ..., DateIdentifiedRisk: ..., RiskLevel: ..., OutreachStatus: ..., VAMC: ...}, Object{ReachID: ..., FirstName: ..., MiddleName: ..., LastName: ..., SSN: ..., Phone: ..., DateIdentifiedRisk: ..., RiskLevel: ..., OutreachStatus: ..., VAMC: ...}, Object{ReachID: ..., FirstName: ..., MiddleName: ..., LastName: ..., SSN: ..., Phone: ..., DateIdentifiedRisk: ..., RiskLevel: ..., OutreachStatus: ..., VAMC: ...}, Object{ReachID: ..., FirstName: ..., MiddleName: ..., LastName: ..., SSN: ..., Phone: ..., DateIdentifiedRisk: ..., RiskLevel: ..., OutreachStatus: ..., VAMC: ...}, Object{ReachID: ..., FirstName: ..., MiddleName: ..., LastName: ..., SSN: ..., Phone: ..., DateIdentifiedRisk: ..., RiskLevel: ..., OutreachStatus: ..., VAMC: ...}, Object{ReachID: ..., FirstName: ..., MiddleName: ..., LastName: ..., SSN: ..., Phone: ..., DateIdentifiedRisk: ..., RiskLevel: ..., OutreachStatus: ..., VAMC: ...}, Object{ReachID: ..., FirstName: ..., MiddleName: ..., LastName: ..., SSN: ..., Phone: ..., DateIdentifiedRisk: ..., RiskLevel: ..., OutreachStatus: ..., VAMC: ...}, Object{ReachID: ..., FirstName: ..., MiddleName: ..., LastName: ..., SSN: ..., Phone: ..., DateIdentifiedRisk: ..., RiskLevel: ..., OutreachStatus: ..., VAMC: ...}, Object{ReachID: ..., FirstName: ..., MiddleName: ..., LastName: ..., SSN: ..., Phone: ..., DateIdentifiedRisk: ..., RiskLevel: ..., OutreachStatus: ..., VAMC: ...}, Object{ReachID: ..., FirstName: ..., MiddleName: ..., LastName: ..., SSN: ..., Phone: ..., DateIdentifiedRisk: ..., RiskLevel: ..., OutreachStatus: ..., VAMC: ...}, Object{ReachID: ..., FirstName: ..., MiddleName: ..., LastName: ..., SSN: ..., Phone: ..., DateIdentifiedRisk: ..., RiskLevel: ..., OutreachStatus: ..., VAMC: ...}, Object{ReachID: ..., FirstName: ..., MiddleName: ..., LastName: ..., SSN: ..., Phone: ..., DateIdentifiedRisk: ..., RiskLevel: ..., OutreachStatus: ..., VAMC: ...}, Object{ReachID: ..., FirstName: ..., MiddleName: ..., LastName: ..., SSN: ..., Phone: ..., DateIdentifiedRisk: ..., RiskLevel: ..., OutreachStatus: ..., VAMC: ...}, Object{ReachID: ..., FirstName: ..., MiddleName: ..., LastName: ..., SSN: ..., Phone: ..., DateIdentifiedRisk: ..., RiskLevel: ..., OutreachStatus: ..., VAMC: ...}, Object{ReachID: ..., FirstName: ..., MiddleName: ..., LastName: ..., SSN: ..., Phone: ..., DateIdentifiedRisk: ..., RiskLevel: ..., OutreachStatus: ..., VAMC: ...}, Object{ReachID: ..., FirstName: ..., MiddleName: ..., LastName: ..., SSN: ..., Phone: ..., DateIdentifiedRisk: ..., RiskLevel: ..., OutreachStatus: ..., VAMC: ...}, Object{ReachID: ..., FirstName: ..., MiddleName: ..., LastName: ..., SSN: ..., Phone: ..., DateIdentifiedRisk: ..., RiskLevel: ..., OutreachStatus: ..., VAMC: ...}, Object{ReachID: ..., FirstName: ..., MiddleName: ..., LastName: ..., SSN: ..., Phone: ..., DateIdentifiedRisk: ..., RiskLevel: ..., OutreachStatus: ..., VAMC: ...}, Object{ReachID: ..., FirstName: ..., MiddleName: ..., LastName: ..., SSN: ..., Phone: ..., DateIdentifiedRisk: ..., RiskLevel: ..., OutreachStatus: ..., VAMC: ...}, Object{ReachID: ..., FirstName: ..., MiddleName: ..., LastName: ..., SSN: ..., Phone: ..., DateIdentifiedRisk: ..., RiskLevel: ..., OutreachStatus: ..., VAMC: ...}, Object{ReachID: ..., FirstName: ..., MiddleName: ..., LastName: ..., SSN: ..., Phone: ..., DateIdentifiedRisk: ..., RiskLevel: ..., OutreachStatus: ..., VAMC: ...}, Object{ReachID: ..., FirstName: ..., MiddleName: ..., LastName: ..., SSN: ..., Phone: ..., DateIdentifiedRisk: ..., RiskLevel: ..., OutreachStatus: ..., VAMC: ...}, Object{ReachID: ..., FirstName: ..., MiddleName: ..., LastName: ..., SSN: ..., Phone: ..., DateIdentifiedRisk: ..., RiskLevel: ..., OutreachStatus: ..., VAMC: ...}, Object{ReachID: ..., FirstName: ..., MiddleName: ..., LastName: ..., SSN: ..., Phone: ..., DateIdentifiedRisk: ..., RiskLevel: ..., OutreachStatus: ..., VAMC: ...}, Object{ReachID: ..., FirstName: ..., MiddleName: ..., LastName: ..., SSN: ..., Phone: ..., DateIdentifiedRisk: ..., RiskLevel: ..., OutreachStatus: ..., VAMC: ...}, Object{ReachID: ..., FirstName: ..., MiddleName: ..., LastName: ..., SSN: ..., Phone: ..., DateIdentifiedRisk: ..., RiskLevel: ..., OutreachStatus: ..., VAMC: ...}, Object{ReachID: ..., FirstName: ..., MiddleName: ..., LastName: ..., SSN: ..., Phone: ..., DateIdentifiedRisk: ..., RiskLevel: ..., OutreachStatus: ..., VAMC: ...}, Object{ReachID: ..., FirstName: ..., MiddleName: ..., LastName: ..., SSN: ..., Phone: ..., DateIdentifiedRisk: ..., RiskLevel: ..., OutreachStatus: ..., VAMC: ...}, Object{ReachID: ..., FirstName: ..., MiddleName: ..., LastName: ..., SSN: ..., Phone: ..., DateIdentifiedRisk: ..., RiskLevel: ..., OutreachStatus: ..., VAMC: ...}, Object{ReachID: ..., FirstName: ..., MiddleName: ..., LastName: ..., SSN: ..., Phone: ..., DateIdentifiedRisk: ..., RiskLevel: ..., OutreachStatus: ..., VAMC: ...}, Object{ReachID: ..., FirstName: ..., MiddleName: ..., LastName: ..., SSN: ..., Phone: ..., DateIdentifiedRisk: ..., RiskLevel: ..., OutreachStatus: ..., VAMC: ...}, Object{ReachID: ..., FirstName: ..., MiddleName: ..., LastName: ..., SSN: ..., Phone: ..., DateIdentifiedRisk: ..., RiskLevel: ..., OutreachStatus: ..., VAMC: ...}, Object{ReachID: ..., FirstName: ..., MiddleName: ..., LastName: ..., SSN: ..., Phone: ..., DateIdentifiedRisk: ..., RiskLevel: ..., OutreachStatus: ..., VAMC: ...}, Object{ReachID: ..., FirstName: ..., MiddleName: ..., LastName: ..., SSN: ..., Phone: ..., DateIdentifiedRisk: ..., RiskLevel: ..., OutreachStatus: ..., VAMC: ...}, Object{ReachID: ..., FirstName: ..., MiddleName: ..., LastName: ..., SSN: ..., Phone: ..., DateIdentifiedRisk: ..., RiskLevel: ..., OutreachStatus: ..., VAMC: ...}, Object{ReachID: ..., FirstName: ..., MiddleName: ..., LastName: ..., SSN: ..., Phone: ..., DateIdentifiedRisk: ..., RiskLevel: ..., OutreachStatus: ..., VAMC: ...}, Object{ReachID: ..., FirstName: ..., MiddleName: ..., LastName: ..., SSN: ..., Phone: ..., DateIdentifiedRisk: ..., RiskLevel: ..., OutreachStatus: ..., VAMC: ...}, Object{ReachID: ..., FirstName: ..., MiddleName: ..., LastName: ..., SSN: ..., Phone: ..., DateIdentifiedRisk: ..., RiskLevel: ..., OutreachStatus: ..., VAMC: ...}, Object{ReachID: ..., FirstName: ..., MiddleName: ..., LastName: ..., SSN: ..., Phone: ..., DateIdentifiedRisk: ..., RiskLevel: ..., OutreachStatus: ..., VAMC: ...}, Object{ReachID: ..., FirstName: ..., MiddleName: ..., LastName: ..., SSN: ..., Phone: ..., DateIdentifiedRisk: ..., RiskLevel: ..., OutreachStatus: ..., VAMC: ...}, Object{ReachID: ..., FirstName: ..., MiddleName: ..., LastName: ..., SSN: ..., Phone: ..., DateIdentifiedRisk: ..., RiskLevel: ..., OutreachStatus: ..., VAMC: ...}, Object{ReachID: ..., FirstName: ..., MiddleName: ..., LastName: ..., SSN: ..., Phone: ..., DateIdentifiedRisk: ..., RiskLevel: ..., OutreachStatus: ..., VAMC: ...}, Object{ReachID: ..., FirstName: ..., MiddleName: ..., LastName: ..., SSN: ..., Phone: ..., DateIdentifiedRisk: ..., RiskLevel: ..., OutreachStatus: ..., VAMC: ...}, Object{ReachID: ..., FirstName: ..., MiddleName: ..., LastName: ..., SSN: ..., Phone: ..., DateIdentifiedRisk: ..., RiskLevel: ..., OutreachStatus: ..., VAMC: ...}, Object{ReachID: ..., FirstName: ..., MiddleName: ..., LastName: ..., SSN: ..., Phone: ..., DateIdentifiedRisk: ..., RiskLevel: ..., OutreachStatus: ..., VAMC: ...}, Object{ReachID: ..., FirstName: ..., MiddleName: ..., LastName: ..., SSN: ..., Phone: ..., DateIdentifiedRisk: ..., RiskLevel: ..., OutreachStatus: ..., VAMC: ...}, Object{ReachID: ..., FirstName: ..., MiddleName: ..., LastName: ..., SSN: ..., Phone: ..., DateIdentifiedRisk: ..., RiskLevel: ..., OutreachStatus: ..., VAMC: ...}, Object{ReachID: ..., FirstName: ..., MiddleName: ..., LastName: ..., SSN: ..., Phone: ..., DateIdentifiedRisk: ..., RiskLevel: ..., OutreachStatus: ..., VAMC: ...}, Object{ReachID: ..., FirstName: ..., MiddleName: ..., LastName: ..., SSN: ..., Phone: ..., DateIdentifiedRisk: ..., RiskLevel: ..., OutreachStatus: ..., VAMC: ...}, Object{ReachID: ..., FirstName: ..., MiddleName: ..., LastName: ..., SSN: ..., Phone: ..., DateIdentifiedRisk: ..., RiskLevel: ..., OutreachStatus: ..., VAMC: ...}, Object{ReachID: ..., FirstName: ..., MiddleName: ..., LastName: ..., SSN: ..., Phone: ..., DateIdentifiedRisk: ..., RiskLevel: ..., OutreachStatus: ..., VAMC: ...}, Object{ReachID: ..., FirstName: ..., MiddleName: ..., LastName: ..., SSN: ..., Phone: ..., DateIdentifiedRisk: ..., RiskLevel: ..., OutreachStatus: ..., VAMC: ...}, Object{ReachID: ..., FirstName: ..., MiddleName: ..., LastName: ..., SSN: ..., Phone: ..., DateIdentifiedRisk: ..., RiskLevel: ..., OutreachStatus: ..., VAMC: ...}, Object{ReachID: ..., FirstName: ..., MiddleName: ..., LastName: ..., SSN: ..., Phone: ..., DateIdentifiedRisk: ..., RiskLevel: ..., OutreachStatus: ..., VAMC: ...}, Object{ReachID: ..., FirstName: ..., MiddleName: ..., LastName: ..., SSN: ..., Phone: ..., DateIdentifiedRisk: ..., RiskLevel: ..., OutreachStatus: ..., VAMC: ...}, Object{ReachID: ..., FirstName: ..., MiddleName: ..., LastName: ..., SSN: ..., Phone: ..., DateIdentifiedRisk: ..., RiskLevel: ..., OutreachStatus: ..., VAMC: ...}, Object{ReachID: ..., FirstName: ..., MiddleName: ..., LastName: ..., SSN: ..., Phone: ..., DateIdentifiedRisk: ..., RiskLevel: ..., OutreachStatus: ..., VAMC: ...}, Object{ReachID: ..., FirstName: ..., MiddleName: ..., LastName: ..., SSN: ..., Phone: ..., DateIdentifiedRisk: ..., RiskLevel: ..., OutreachStatus: ..., VAMC: ...}, Object{ReachID: ..., FirstName: ..., MiddleName: ..., LastName: ..., SSN: ..., Phone: ..., DateIdentifiedRisk: ..., RiskLevel: ..., OutreachStatus: ..., VAMC: ...}, Object{ReachID: ..., FirstName: ..., MiddleName: ..., LastName: ..., SSN: ..., Phone: ..., DateIdentifiedRisk: ..., RiskLevel: ..., OutreachStatus: ..., VAMC: ...}, Object{ReachID: ..., FirstName: ..., MiddleName: ..., LastName: ..., SSN: ..., Phone: ..., DateIdentifiedRisk: ..., RiskLevel: ..., OutreachStatus: ..., VAMC: ...}, Object{ReachID: ..., FirstName: ..., MiddleName: ..., LastName: ..., SSN: ..., Phone: ..., DateIdentifiedRisk: ..., RiskLevel: ..., OutreachStatus: ..., VAMC: ...}, Object{ReachID: ..., FirstName: ..., MiddleName: ..., LastName: ..., SSN: ..., Phone: ..., DateIdentifiedRisk: ..., RiskLevel: ..., OutreachStatus: ..., VAMC: ...}, Object{ReachID: ..., FirstName: ..., MiddleName: ..., LastName: ..., SSN: ..., Phone: ..., DateIdentifiedRisk: ..., RiskLevel: ..., OutreachStatus: ..., VAMC: ...}, Object{ReachID: ..., FirstName: ..., MiddleName: ..., LastName: ..., SSN: ..., Phone: ..., DateIdentifiedRisk: ..., RiskLevel: ..., OutreachStatus: ..., VAMC: ...}, Object{ReachID: ..., FirstName: ..., MiddleName: ..., LastName: ..., SSN: ..., Phone: ..., DateIdentifiedRisk: ..., RiskLevel: ..., OutreachStatus: ..., VAMC: ...}, Object{ReachID: ..., FirstName: ..., MiddleName: ..., LastName: ..., SSN: ..., Phone: ..., DateIdentifiedRisk: ..., RiskLevel: ..., OutreachStatus: ..., VAMC: ...}, Object{ReachID: ..., FirstName: ..., MiddleName: ..., LastName: ..., SSN: ..., Phone: ..., DateIdentifiedRisk: ..., RiskLevel: ..., OutreachStatus: ..., VAMC: ...}, Object{ReachID: ..., FirstName: ..., MiddleName: ..., LastName: ..., SSN: ..., Phone: ..., DateIdentifiedRisk: ..., RiskLevel: ..., OutreachStatus: ..., VAMC: ...}, Object{ReachID: ..., FirstName: ..., MiddleName: ..., LastName: ..., SSN: ..., Phone: ..., DateIdentifiedRisk: ..., RiskLevel: ..., OutreachStatus: ..., VAMC: ...}, Object{ReachID: ..., FirstName: ..., MiddleName: ..., LastName: ..., SSN: ..., Phone: ..., DateIdentifiedRisk: ..., RiskLevel: ..., OutreachStatus: ..., VAMC: ...}, Object{ReachID: ..., FirstName: ..., MiddleName: ..., LastName: ..., SSN: ..., Phone: ..., DateIdentifiedRisk: ..., RiskLevel: ..., OutreachStatus: ..., VAMC: ...}, Object{ReachID: ..., FirstName: ..., MiddleName: ..., LastName: ..., SSN: ..., Phone: ..., DateIdentifiedRisk: ..., RiskLevel: ..., OutreachStatus: ..., VAMC: ...}, Object{ReachID: ..., FirstName: ..., MiddleName: ..., LastName: ..., SSN: ..., Phone: ..., DateIdentifiedRisk: ..., RiskLevel: ..., OutreachStatus: ..., VAMC: ...}, Object{ReachID: ..., FirstName: ..., MiddleName: ..., LastName: ..., SSN: ..., Phone: ..., DateIdentifiedRisk: ..., RiskLevel: ..., OutreachStatus: ..., VAMC: ...}, Object{ReachID: ..., FirstName: ..., MiddleName: ..., LastName: ..., SSN: ..., Phone: ..., DateIdentifiedRisk: ..., RiskLevel: ..., OutreachStatus: ..., VAMC: ...}, Object{ReachID: ..., FirstName: ..., MiddleName: ..., LastName: ..., SSN: ..., Phone: ..., DateIdentifiedRisk: ..., RiskLevel: ..., OutreachStatus: ..., VAMC: ...}, Object{ReachID: ..., FirstName: ..., MiddleName: ..., LastName: ..., SSN: ..., Phone: ..., DateIdentifiedRisk: ..., RiskLevel: ..., OutreachStatus: ..., VAMC: ...}, Object{ReachID: ..., FirstName: ..., MiddleName: ..., LastName: ..., SSN: ..., Phone: ..., DateIdentifiedRisk: ..., RiskLevel: ..., OutreachStatus: ..., VAMC: ...}, Object{ReachID: ..., FirstName: ..., MiddleName: ..., LastName: ..., SSN: ..., Phone: ..., DateIdentifiedRisk: ..., RiskLevel: ..., OutreachStatus: ..., VAMC: ...}, Object{ReachID: ..., FirstName: ..., MiddleName: ..., LastName: ..., SSN: ..., Phone: ..., DateIdentifiedRisk: ..., RiskLevel: ..., OutreachStatus: ..., VAMC: ...}, Object{ReachID: ..., FirstName: ..., MiddleName: ..., LastName: ..., SSN: ..., Phone: ..., DateIdentifiedRisk: ..., RiskLevel: ..., OutreachStatus: ..., VAMC: ...}, Object{ReachID: ..., FirstName: ..., MiddleName: ..., LastName: ..., SSN: ..., Phone: ..., DateIdentifiedRisk: ..., RiskLevel: ..., OutreachStatus: ..., VAMC: ...}, Object{ReachID: ..., FirstName: ..., MiddleName: ..., LastName: ..., SSN: ..., Phone: ..., DateIdentifiedRisk: ..., RiskLevel: ..., OutreachStatus: ..., VAMC: ...}, Object{ReachID: ..., FirstName: ..., MiddleName: ..., LastName: ..., SSN: ..., Phone: ..., DateIdentifiedRisk: ..., RiskLevel: ..., OutreachStatus: ..., VAMC: ...}, Object{ReachID: ..., FirstName: ..., MiddleName: ..., LastName: ..., SSN: ..., Phone: ..., DateIdentifiedRisk: ..., RiskLevel: ..., OutreachStatus: ..., VAMC: ...}, Object{ReachID: ..., FirstName: ..., MiddleName: ..., LastName: ..., SSN: ..., Phone: ..., DateIdentifiedRisk: ..., RiskLevel: ..., OutreachStatus: ..., VAMC: ...}, Object{ReachID: ..., FirstName: ..., MiddleName: ..., LastName: ..., SSN: ..., Phone: ..., DateIdentifiedRisk: ..., RiskLevel: ..., OutreachStatus: ..., VAMC: ...}, Object{ReachID: ..., FirstName: ..., MiddleName: ..., LastName: ..., SSN: ..., Phone: ..., DateIdentifiedRisk: ..., RiskLevel: ..., OutreachStatus: ..., VAMC: ...}, Object{ReachID: ..., FirstName: ..., MiddleName: ..., LastName: ..., SSN: ..., Phone: ..., DateIdentifiedRisk: ..., RiskLevel: ..., OutreachStatus: ..., VAMC: ...}, Object{ReachID: ..., FirstName: ..., MiddleName: ..., LastName: ..., SSN: ..., Phone: ..., DateIdentifiedRisk: ..., RiskLevel: ..., OutreachStatus: ..., VAMC: ...}, Object{ReachID: ..., FirstName: ..., MiddleName: ..., LastName: ..., SSN: ..., Phone: ..., DateIdentifiedRisk: ..., RiskLevel: ..., OutreachStatus: ..., VAMC: ...}, Object{ReachID: ..., FirstName: ..., MiddleName: ..., LastName: ..., SSN: ..., Phone: ..., DateIdentifiedRisk: ..., RiskLevel: ..., OutreachStatus: ..., VAMC: ...}, Object{ReachID: ..., FirstName: ..., MiddleName: ..., LastName: ..., SSN: ..., Phone: ..., DateIdentifiedRisk: ..., RiskLevel: ..., OutreachStatus: ..., VAMC: ...}, Object{ReachID: ..., FirstName: ..., MiddleName: ..., LastName: ..., SSN: ..., Phone: ..., DateIdentifiedRisk: ..., RiskLevel: ..., OutreachStatus: ..., VAMC: ...}, Object{ReachID: ..., FirstName: ..., MiddleName: ..., LastName: ..., SSN: ..., Phone: ..., DateIdentifiedRisk: ..., RiskLevel: ..., OutreachStatus: ..., VAMC: ...}, Object{ReachID: ..., FirstName: ..., MiddleName: ..., LastName: ..., SSN: ..., Phone: ..., DateIdentifiedRisk: ..., RiskLevel: ..., OutreachStatus: ..., VAMC: ...}, Object{ReachID: ..., FirstName: ..., MiddleName: ..., LastName: ..., SSN: ..., Phone: ..., DateIdentifiedRisk: ..., RiskLevel: ..., OutreachStatus: ..., VAMC: ...}, Object{ReachID: ..., FirstName: ..., MiddleName: ..., LastName: ..., SSN: ..., Phone: ..., DateIdentifiedRisk: ..., RiskLevel: ..., OutreachStatus: ..., VAMC: ...}, Object{ReachID: ..., FirstName: ..., MiddleName: ..., LastName: ..., SSN: ..., Phone: ..., DateIdentifiedRisk: ..., RiskLevel: ..., OutreachStatus: ..., VAMC: ...}, Object{ReachID: ..., FirstName: ..., MiddleName: ..., LastName: ..., SSN: ..., Phone: ..., DateIdentifiedRisk: ..., RiskLevel: ..., OutreachStatus: ..., VAMC: ...}, Object{ReachID: ..., FirstName: ..., MiddleName: ..., LastName: ..., SSN: ..., Phone: ..., DateIdentifiedRisk: ..., RiskLevel: ..., OutreachStatus: ..., VAMC: ...}, Object{ReachID: ..., FirstName: ..., MiddleName: ..., LastName: ..., SSN: ..., Phone: ..., DateIdentifiedRisk: ..., RiskLevel: ..., OutreachStatus: ..., VAMC: ...}, Object{ReachID: ..., FirstName: ..., MiddleName: ..., LastName: ..., SSN: ..., Phone: ..., DateIdentifiedRisk: ..., RiskLevel: ..., OutreachStatus: ..., VAMC: ...}, Object{ReachID: ..., FirstName: ..., MiddleName: ..., LastName: ..., SSN: ..., Phone: ..., DateIdentifiedRisk: ..., RiskLevel: ..., OutreachStatus: ..., VAMC: ...}, Object{ReachID: ..., FirstName: ..., MiddleName: ..., LastName: ..., SSN: ..., Phone: ..., DateIdentifiedRisk: ..., RiskLevel: ..., OutreachStatus: ..., VAMC: ...}, Object{ReachID: ..., FirstName: ..., MiddleName: ..., LastName: ..., SSN: ..., Phone: ..., DateIdentifiedRisk: ..., RiskLevel: ..., OutreachStatus: ..., VAMC: ...}, Object{ReachID: ..., FirstName: ..., MiddleName: ..., LastName: ..., SSN: ..., Phone: ..., DateIdentifiedRisk: ..., RiskLevel: ..., OutreachStatus: ..., VAMC: ...}, Object{ReachID: ..., FirstName: ..., MiddleName: ..., LastName: ..., SSN: ..., Phone: ..., DateIdentifiedRisk: ..., RiskLevel: ..., OutreachStatus: ..., VAMC: ...}, Object{ReachID: ..., FirstName: ..., MiddleName: ..., LastName: ..., SSN: ..., Phone: ..., DateIdentifiedRisk: ..., RiskLevel: ..., OutreachStatus: ..., VAMC: ...}, Object{ReachID: ..., FirstName: ..., MiddleName: ..., LastName: ..., SSN: ..., Phone: ..., DateIdentifiedRisk: ..., RiskLevel: ..., OutreachStatus: ..., VAMC: ...}, Object{ReachID: ..., FirstName: ..., MiddleName: ..., LastName: ..., SSN: ..., Phone: ..., DateIdentifiedRisk: ..., RiskLevel: ..., OutreachStatus: ..., VAMC: ...}, Object{ReachID: ..., FirstName: ..., MiddleName: ..., LastName: ..., SSN: ..., Phone: ..., DateIdentifiedRisk: ..., RiskLevel: ..., OutreachStatus: ..., VAMC: ...}, Object{ReachID: ..., FirstName: ..., MiddleName: ..., LastName: ..., SSN: ..., Phone: ..., DateIdentifiedRisk: ..., RiskLevel: ..., OutreachStatus: ..., VAMC: ...}, Object{ReachID: ..., FirstName: ..., MiddleName: ..., LastName: ..., SSN: ..., Phone: ..., DateIdentifiedRisk: ..., RiskLevel: ..., OutreachStatus: ..., VAMC: ...}, Object{ReachID: ..., FirstName: ..., MiddleName: ..., LastName: ..., SSN: ..., Phone: ..., DateIdentifiedRisk: ..., RiskLevel: ..., OutreachStatus: ..., VAMC: ...}, Object{ReachID: ..., FirstName: ..., MiddleName: ..., LastName: ..., SSN: ..., Phone: ..., DateIdentifiedRisk: ..., RiskLevel: ..., OutreachStatus: ..., VAMC: ...}, Object{ReachID: ..., FirstName: ..., MiddleName: ..., LastName: ..., SSN: ..., Phone: ..., DateIdentifiedRisk: ..., RiskLevel: ..., OutreachStatus: ..., VAMC: ...}, Object{ReachID: ..., FirstName: ..., MiddleName: ..., LastName: ..., SSN: ..., Phone: ..., DateIdentifiedRisk: ..., RiskLevel: ..., OutreachStatus: ..., VAMC: ...}, Object{ReachID: ..., FirstName: ..., MiddleName: ..., LastName: ..., SSN: ..., Phone: ..., DateIdentifiedRisk: ..., RiskLevel: ..., OutreachStatus: ..., VAMC: ...}, Object{ReachID: ..., FirstName: ..., MiddleName: ..., LastName: ..., SSN: ..., Phone: ..., DateIdentifiedRisk: ..., RiskLevel: ..., OutreachStatus: ..., VAMC: ...}, Object{ReachID: ..., FirstName: ..., MiddleName: ..., LastName: ..., SSN: ..., Phone: ..., DateIdentifiedRisk: ..., RiskLevel: ..., OutreachStatus: ..., VAMC: ...}, Object{ReachID: ..., FirstName: ..., MiddleName: ..., LastName: ..., SSN: ..., Phone: ..., DateIdentifiedRisk: ..., RiskLevel: ..., OutreachStatus: ..., VAMC: ...}, Object{ReachID: ..., FirstName: ..., MiddleName: ..., LastName: ..., SSN: ..., Phone: ..., DateIdentifiedRisk: ..., RiskLevel: ..., OutreachStatus: ..., VAMC: ...}, Object{ReachID: ..., FirstName: ..., MiddleName: ..., LastName: ..., SSN: ..., Phone: ..., DateIdentifiedRisk: ..., RiskLevel: ..., OutreachStatus: ..., VAMC: ...}, Object{ReachID: ..., FirstName: ..., MiddleName: ..., LastName: ..., SSN: ..., Phone: ..., DateIdentifiedRisk: ..., RiskLevel: ..., OutreachStatus: ..., VAMC: ...}, Object{ReachID: ..., FirstName: ..., MiddleName: ..., LastName: ..., SSN: ..., Phone: ..., DateIdentifiedRisk: ..., RiskLevel: ..., OutreachStatus: ..., VAMC: ...}, Object{ReachID: ..., FirstName: ..., MiddleName: ..., LastName: ..., SSN: ..., Phone: ..., DateIdentifiedRisk: ..., RiskLevel: ..., OutreachStatus: ..., VAMC: ...}], [Object{OutReachStatusID: ..., StatusName: ..., StatusDefinition: ...}, Object{OutReachStatusID: ..., StatusName: ..., StatusDefinition: ...}, Object{OutReachStatusID: ..., StatusName: ..., StatusDefinition: ...}, Object{OutReachStatusID: ..., StatusName: ..., StatusDefinition: ...}, Object{OutReachStatusID: ..., StatusName: ..., StatusDefinition: ...}]]
,PhantomJS 1.9.8 (Windows 7) LOG: 'inside veteran roster directive after check is positive'
,PhantomJS 1.9.8 (Windows 7) LOG: [1, [Object{ReachID: ..., FirstName: ..., MiddleName: ..., LastName: ..., SSN: ..., Phone: ..., DateIdentifiedRisk: ..., RiskLevel: ..., OutreachStatus: ..., VAMC: ...}, Object{ReachID: ..., FirstName: ..., MiddleName: ..., LastName: ..., SSN: ..., Phone: ..., DateIdentifiedRisk: ..., RiskLevel: ..., OutreachStatus: ..., VAMC: ...}, Object{ReachID: ..., FirstName: ..., MiddleName: ..., LastName: ..., SSN: ..., Phone: ..., DateIdentifiedRisk: ..., RiskLevel: ..., OutreachStatus: ..., VAMC: ...}, Object{ReachID: ..., FirstName: ..., MiddleName: ..., LastName: ..., SSN: ..., Phone: ..., DateIdentifiedRisk: ..., RiskLevel: ..., OutreachStatus: ..., VAMC: ...}, Object{ReachID: ..., FirstName: ..., MiddleName: ..., LastName: ..., SSN: ..., Phone: ..., DateIdentifiedRisk: ..., RiskLevel: ..., OutreachStatus: ..., VAMC: ...}, Object{ReachID: ..., FirstName: ..., MiddleName: ..., LastName: ..., SSN: ..., Phone: ..., DateIdentifiedRisk: ..., RiskLevel: ..., OutreachStatus: ..., VAMC: ...}, Object{ReachID: ..., FirstName: ..., MiddleName: ..., LastName: ..., SSN: ..., Phone: ..., DateIdentifiedRisk: ..., RiskLevel: ..., OutreachStatus: ..., VAMC: ...}, Object{ReachID: ..., FirstName: ..., MiddleName: ..., LastName: ..., SSN: ..., Phone: ..., DateIdentifiedRisk: ..., RiskLevel: ..., OutreachStatus: ..., VAMC: ...}, Object{ReachID: ..., FirstName: ..., MiddleName: ..., LastName: ..., SSN: ..., Phone: ..., DateIdentifiedRisk: ..., RiskLevel: ..., OutreachStatus: ..., VAMC: ...}, Object{ReachID: ..., FirstName: ..., MiddleName: ..., LastName: ..., SSN: ..., Phone: ..., DateIdentifiedRisk: ..., RiskLevel: ..., OutreachStatus: ..., VAMC: ...}, Object{ReachID: ..., FirstName: ..., MiddleName: ..., LastName: ..., SSN: ..., Phone: ..., DateIdentifiedRisk: ..., RiskLevel: ..., OutreachStatus: ..., VAMC: ...}, Object{ReachID: ..., FirstName: ..., MiddleName: ..., LastName: ..., SSN: ..., Phone: ..., DateIdentifiedRisk: ..., RiskLevel: ..., OutreachStatus: ..., VAMC: ...}, Object{ReachID: ..., FirstName: ..., MiddleName: ..., LastName: ..., SSN: ..., Phone: ..., DateIdentifiedRisk: ..., RiskLevel: ..., OutreachStatus: ..., VAMC: ...}, Object{ReachID: ..., FirstName: ..., MiddleName: ..., LastName: ..., SSN: ..., Phone: ..., DateIdentifiedRisk: ..., RiskLevel: ..., OutreachStatus: ..., VAMC: ...}, Object{ReachID: ..., FirstName: ..., MiddleName: ..., LastName: ..., SSN: ..., Phone: ..., DateIdentifiedRisk: ..., RiskLevel: ..., OutreachStatus: ..., VAMC: ...}, Object{ReachID: ..., FirstName: ..., MiddleName: ..., LastName: ..., SSN: ..., Phone: ..., DateIdentifiedRisk: ..., RiskLevel: ..., OutreachStatus: ..., VAMC: ...}, Object{ReachID: ..., FirstName: ..., MiddleName: ..., LastName: ..., SSN: ..., Phone: ..., DateIdentifiedRisk: ..., RiskLevel: ..., OutreachStatus: ..., VAMC: ...}, Object{ReachID: ..., FirstName: ..., MiddleName: ..., LastName: ..., SSN: ..., Phone: ..., DateIdentifiedRisk: ..., RiskLevel: ..., OutreachStatus: ..., VAMC: ...}, Object{ReachID: ..., FirstName: ..., MiddleName: ..., LastName: ..., SSN: ..., Phone: ..., DateIdentifiedRisk: ..., RiskLevel: ..., OutreachStatus: ..., VAMC: ...}, Object{ReachID: ..., FirstName: ..., MiddleName: ..., LastName: ..., SSN: ..., Phone: ..., DateIdentifiedRisk: ..., RiskLevel: ..., OutreachStatus: ..., VAMC: ...}, Object{ReachID: ..., FirstName: ..., MiddleName: ..., LastName: ..., SSN: ..., Phone: ..., DateIdentifiedRisk: ..., RiskLevel: ..., OutreachStatus: ..., VAMC: ...}, Object{ReachID: ..., FirstName: ..., MiddleName: ..., LastName: ..., SSN: ..., Phone: ..., DateIdentifiedRisk: ..., RiskLevel: ..., OutreachStatus: ..., VAMC: ...}, Object{ReachID: ..., FirstName: ..., MiddleName: ..., LastName: ..., SSN: ..., Phone: ..., DateIdentifiedRisk: ..., RiskLevel: ..., OutreachStatus: ..., VAMC: ...}, Object{ReachID: ..., FirstName: ..., MiddleName: ..., LastName: ..., SSN: ..., Phone: ..., DateIdentifiedRisk: ..., RiskLevel: ..., OutreachStatus: ..., VAMC: ...}, Object{ReachID: ..., FirstName: ..., MiddleName: ..., LastName: ..., SSN: ..., Phone: ..., DateIdentifiedRisk: ..., RiskLevel: ..., OutreachStatus: ..., VAMC: ...}, Object{ReachID: ..., FirstName: ..., MiddleName: ..., LastName: ..., SSN: ..., Phone: ..., DateIdentifiedRisk: ..., RiskLevel: ..., OutreachStatus: ..., VAMC: ...}, Object{ReachID: ..., FirstName: ..., MiddleName: ..., LastName: ..., SSN: ..., Phone: ..., DateIdentifiedRisk: ..., RiskLevel: ..., OutreachStatus: ..., VAMC: ...}, Object{ReachID: ..., FirstName: ..., MiddleName: ..., LastName: ..., SSN: ..., Phone: ..., DateIdentifiedRisk: ..., RiskLevel: ..., OutreachStatus: ..., VAMC: ...}, Object{ReachID: ..., FirstName: ..., MiddleName: ..., LastName: ..., SSN: ..., Phone: ..., DateIdentifiedRisk: ..., RiskLevel: ..., OutreachStatus: ..., VAMC: ...}, Object{ReachID: ..., FirstName: ..., MiddleName: ..., LastName: ..., SSN: ..., Phone: ..., DateIdentifiedRisk: ..., RiskLevel: ..., OutreachStatus: ..., VAMC: ...}, Object{ReachID: ..., FirstName: ..., MiddleName: ..., LastName: ..., SSN: ..., Phone: ..., DateIdentifiedRisk: ..., RiskLevel: ..., OutreachStatus: ..., VAMC: ...}, Object{ReachID: ..., FirstName: ..., MiddleName: ..., LastName: ..., SSN: ..., Phone: ..., DateIdentifiedRisk: ..., RiskLevel: ..., OutreachStatus: ..., VAMC: ...}, Object{ReachID: ..., FirstName: ..., MiddleName: ..., LastName: ..., SSN: ..., Phone: ..., DateIdentifiedRisk: ..., RiskLevel: ..., OutreachStatus: ..., VAMC: ...}, Object{ReachID: ..., FirstName: ..., MiddleName: ..., LastName: ..., SSN: ..., Phone: ..., DateIdentifiedRisk: ..., RiskLevel: ..., OutreachStatus: ..., VAMC: ...}, Object{ReachID: ..., FirstName: ..., MiddleName: ..., LastName: ..., SSN: ..., Phone: ..., DateIdentifiedRisk: ..., RiskLevel: ..., OutreachStatus: ..., VAMC: ...}, Object{ReachID: ..., FirstName: ..., MiddleName: ..., LastName: ..., SSN: ..., Phone: ..., DateIdentifiedRisk: ..., RiskLevel: ..., OutreachStatus: ..., VAMC: ...}, Object{ReachID: ..., FirstName: ..., MiddleName: ..., LastName: ..., SSN: ..., Phone: ..., DateIdentifiedRisk: ..., RiskLevel: ..., OutreachStatus: ..., VAMC: ...}, Object{ReachID: ..., FirstName: ..., MiddleName: ..., LastName: ..., SSN: ..., Phone: ..., DateIdentifiedRisk: ..., RiskLevel: ..., OutreachStatus: ..., VAMC: ...}, Object{ReachID: ..., FirstName: ..., MiddleName: ..., LastName: ..., SSN: ..., Phone: ..., DateIdentifiedRisk: ..., RiskLevel: ..., OutreachStatus: ..., VAMC: ...}, Object{ReachID: ..., FirstName: ..., MiddleName: ..., LastName: ..., SSN: ..., Phone: ..., DateIdentifiedRisk: ..., RiskLevel: ..., OutreachStatus: ..., VAMC: ...}, Object{ReachID: ..., FirstName: ..., MiddleName: ..., LastName: ..., SSN: ..., Phone: ..., DateIdentifiedRisk: ..., RiskLevel: ..., OutreachStatus: ..., VAMC: ...}, Object{ReachID: ..., FirstName: ..., MiddleName: ..., LastName: ..., SSN: ..., Phone: ..., DateIdentifiedRisk: ..., RiskLevel: ..., OutreachStatus: ..., VAMC: ...}, Object{ReachID: ..., FirstName: ..., MiddleName: ..., LastName: ..., SSN: ..., Phone: ..., DateIdentifiedRisk: ..., RiskLevel: ..., OutreachStatus: ..., VAMC: ...}, Object{ReachID: ..., FirstName: ..., MiddleName: ..., LastName: ..., SSN: ..., Phone: ..., DateIdentifiedRisk: ..., RiskLevel: ..., OutreachStatus: ..., VAMC: ...}, Object{ReachID: ..., FirstName: ..., MiddleName: ..., LastName: ..., SSN: ..., Phone: ..., DateIdentifiedRisk: ..., RiskLevel: ..., OutreachStatus: ..., VAMC: ...}, Object{ReachID: ..., FirstName: ..., MiddleName: ..., LastName: ..., SSN: ..., Phone: ..., DateIdentifiedRisk: ..., RiskLevel: ..., OutreachStatus: ..., VAMC: ...}, Object{ReachID: ..., FirstName: ..., MiddleName: ..., LastName: ..., SSN: ..., Phone: ..., DateIdentifiedRisk: ..., RiskLevel: ..., OutreachStatus: ..., VAMC: ...}, Object{ReachID: ..., FirstName: ..., MiddleName: ..., LastName: ..., SSN: ..., Phone: ..., DateIdentifiedRisk: ..., RiskLevel: ..., OutreachStatus: ..., VAMC: ...}, Object{ReachID: ..., FirstName: ..., MiddleName: ..., LastName: ..., SSN: ..., Phone: ..., DateIdentifiedRisk: ..., RiskLevel: ..., OutreachStatus: ..., VAMC: ...}, Object{ReachID: ..., FirstName: ..., MiddleName: ..., LastName: ..., SSN: ..., Phone: ..., DateIdentifiedRisk: ..., RiskLevel: ..., OutreachStatus: ..., VAMC: ...}, Object{ReachID: ..., FirstName: ..., MiddleName: ..., LastName: ..., SSN: ..., Phone: ..., DateIdentifiedRisk: ..., RiskLevel: ..., OutreachStatus: ..., VAMC: ...}, Object{ReachID: ..., FirstName: ..., MiddleName: ..., LastName: ..., SSN: ..., Phone: ..., DateIdentifiedRisk: ..., RiskLevel: ..., OutreachStatus: ..., VAMC: ...}, Object{ReachID: ..., FirstName: ..., MiddleName: ..., LastName: ..., SSN: ..., Phone: ..., DateIdentifiedRisk: ..., RiskLevel: ..., OutreachStatus: ..., VAMC: ...}, Object{ReachID: ..., FirstName: ..., MiddleName: ..., LastName: ..., SSN: ..., Phone: ..., DateIdentifiedRisk: ..., RiskLevel: ..., OutreachStatus: ..., VAMC: ...}, Object{ReachID: ..., FirstName: ..., MiddleName: ..., LastName: ..., SSN: ..., Phone: ..., DateIdentifiedRisk: ..., RiskLevel: ..., OutreachStatus: ..., VAMC: ...}, Object{ReachID: ..., FirstName: ..., MiddleName: ..., LastName: ..., SSN: ..., Phone: ..., DateIdentifiedRisk: ..., RiskLevel: ..., OutreachStatus: ..., VAMC: ...}, Object{ReachID: ..., FirstName: ..., MiddleName: ..., LastName: ..., SSN: ..., Phone: ..., DateIdentifiedRisk: ..., RiskLevel: ..., OutreachStatus: ..., VAMC: ...}, Object{ReachID: ..., FirstName: ..., MiddleName: ..., LastName: ..., SSN: ..., Phone: ..., DateIdentifiedRisk: ..., RiskLevel: ..., OutreachStatus: ..., VAMC: ...}, Object{ReachID: ..., FirstName: ..., MiddleName: ..., LastName: ..., SSN: ..., Phone: ..., DateIdentifiedRisk: ..., RiskLevel: ..., OutreachStatus: ..., VAMC: ...}, Object{ReachID: ..., FirstName: ..., MiddleName: ..., LastName: ..., SSN: ..., Phone: ..., DateIdentifiedRisk: ..., RiskLevel: ..., OutreachStatus: ..., VAMC: ...}, Object{ReachID: ..., FirstName: ..., MiddleName: ..., LastName: ..., SSN: ..., Phone: ..., DateIdentifiedRisk: ..., RiskLevel: ..., OutreachStatus: ..., VAMC: ...}, Object{ReachID: ..., FirstName: ..., MiddleName: ..., LastName: ..., SSN: ..., Phone: ..., DateIdentifiedRisk: ..., RiskLevel: ..., OutreachStatus: ..., VAMC: ...}, Object{ReachID: ..., FirstName: ..., MiddleName: ..., LastName: ..., SSN: ..., Phone: ..., DateIdentifiedRisk: ..., RiskLevel: ..., OutreachStatus: ..., VAMC: ...}, Object{ReachID: ..., FirstName: ..., MiddleName: ..., LastName: ..., SSN: ..., Phone: ..., DateIdentifiedRisk: ..., RiskLevel: ..., OutreachStatus: ..., VAMC: ...}, Object{ReachID: ..., FirstName: ..., MiddleName: ..., LastName: ..., SSN: ..., Phone: ..., DateIdentifiedRisk: ..., RiskLevel: ..., OutreachStatus: ..., VAMC: ...}, Object{ReachID: ..., FirstName: ..., MiddleName: ..., LastName: ..., SSN: ..., Phone: ..., DateIdentifiedRisk: ..., RiskLevel: ..., OutreachStatus: ..., VAMC: ...}, Object{ReachID: ..., FirstName: ..., MiddleName: ..., LastName: ..., SSN: ..., Phone: ..., DateIdentifiedRisk: ..., RiskLevel: ..., OutreachStatus: ..., VAMC: ...}, Object{ReachID: ..., FirstName: ..., MiddleName: ..., LastName: ..., SSN: ..., Phone: ..., DateIdentifiedRisk: ..., RiskLevel: ..., OutreachStatus: ..., VAMC: ...}, Object{ReachID: ..., FirstName: ..., MiddleName: ..., LastName: ..., SSN: ..., Phone: ..., DateIdentifiedRisk: ..., RiskLevel: ..., OutreachStatus: ..., VAMC: ...}, Object{ReachID: ..., FirstName: ..., MiddleName: ..., LastName: ..., SSN: ..., Phone: ..., DateIdentifiedRisk: ..., RiskLevel: ..., OutreachStatus: ..., VAMC: ...}, Object{ReachID: ..., FirstName: ..., MiddleName: ..., LastName: ..., SSN: ..., Phone: ..., DateIdentifiedRisk: ..., RiskLevel: ..., OutreachStatus: ..., VAMC: ...}, Object{ReachID: ..., FirstName: ..., MiddleName: ..., LastName: ..., SSN: ..., Phone: ..., DateIdentifiedRisk: ..., RiskLevel: ..., OutreachStatus: ..., VAMC: ...}, Object{ReachID: ..., FirstName: ..., MiddleName: ..., LastName: ..., SSN: ..., Phone: ..., DateIdentifiedRisk: ..., RiskLevel: ..., OutreachStatus: ..., VAMC: ...}, Object{ReachID: ..., FirstName: ..., MiddleName: ..., LastName: ..., SSN: ..., Phone: ..., DateIdentifiedRisk: ..., RiskLevel: ..., OutreachStatus: ..., VAMC: ...}, Object{ReachID: ..., FirstName: ..., MiddleName: ..., LastName: ..., SSN: ..., Phone: ..., DateIdentifiedRisk: ..., RiskLevel: ..., OutreachStatus: ..., VAMC: ...}, Object{ReachID: ..., FirstName: ..., MiddleName: ..., LastName: ..., SSN: ..., Phone: ..., DateIdentifiedRisk: ..., RiskLevel: ..., OutreachStatus: ..., VAMC: ...}, Object{ReachID: ..., FirstName: ..., MiddleName: ..., LastName: ..., SSN: ..., Phone: ..., DateIdentifiedRisk: ..., RiskLevel: ..., OutreachStatus: ..., VAMC: ...}, Object{ReachID: ..., FirstName: ..., MiddleName: ..., LastName: ..., SSN: ..., Phone: ..., DateIdentifiedRisk: ..., RiskLevel: ..., OutreachStatus: ..., VAMC: ...}, Object{ReachID: ..., FirstName: ..., MiddleName: ..., LastName: ..., SSN: ..., Phone: ..., DateIdentifiedRisk: ..., RiskLevel: ..., OutreachStatus: ..., VAMC: ...}, Object{ReachID: ..., FirstName: ..., MiddleName: ..., LastName: ..., SSN: ..., Phone: ..., DateIdentifiedRisk: ..., RiskLevel: ..., OutreachStatus: ..., VAMC: ...}, Object{ReachID: ..., FirstName: ..., MiddleName: ..., LastName: ..., SSN: ..., Phone: ..., DateIdentifiedRisk: ..., RiskLevel: ..., OutreachStatus: ..., VAMC: ...}, Object{ReachID: ..., FirstName: ..., MiddleName: ..., LastName: ..., SSN: ..., Phone: ..., DateIdentifiedRisk: ..., RiskLevel: ..., OutreachStatus: ..., VAMC: ...}, Object{ReachID: ..., FirstName: ..., MiddleName: ..., LastName: ..., SSN: ..., Phone: ..., DateIdentifiedRisk: ..., RiskLevel: ..., OutreachStatus: ..., VAMC: ...}, Object{ReachID: ..., FirstName: ..., MiddleName: ..., LastName: ..., SSN: ..., Phone: ..., DateIdentifiedRisk: ..., RiskLevel: ..., OutreachStatus: ..., VAMC: ...}, Object{ReachID: ..., FirstName: ..., MiddleName: ..., LastName: ..., SSN: ..., Phone: ..., DateIdentifiedRisk: ..., RiskLevel: ..., OutreachStatus: ..., VAMC: ...}, Object{ReachID: ..., FirstName: ..., MiddleName: ..., LastName: ..., SSN: ..., Phone: ..., DateIdentifiedRisk: ..., RiskLevel: ..., OutreachStatus: ..., VAMC: ...}, Object{ReachID: ..., FirstName: ..., MiddleName: ..., LastName: ..., SSN: ..., Phone: ..., DateIdentifiedRisk: ..., RiskLevel: ..., OutreachStatus: ..., VAMC: ...}, Object{ReachID: ..., FirstName: ..., MiddleName: ..., LastName: ..., SSN: ..., Phone: ..., DateIdentifiedRisk: ..., RiskLevel: ..., OutreachStatus: ..., VAMC: ...}, Object{ReachID: ..., FirstName: ..., MiddleName: ..., LastName: ..., SSN: ..., Phone: ..., DateIdentifiedRisk: ..., RiskLevel: ..., OutreachStatus: ..., VAMC: ...}, Object{ReachID: ..., FirstName: ..., MiddleName: ..., LastName: ..., SSN: ..., Phone: ..., DateIdentifiedRisk: ..., RiskLevel: ..., OutreachStatus: ..., VAMC: ...}, Object{ReachID: ..., FirstName: ..., MiddleName: ..., LastName: ..., SSN: ..., Phone: ..., DateIdentifiedRisk: ..., RiskLevel: ..., OutreachStatus: ..., VAMC: ...}, Object{ReachID: ..., FirstName: ..., MiddleName: ..., LastName: ..., SSN: ..., Phone: ..., DateIdentifiedRisk: ..., RiskLevel: ..., OutreachStatus: ..., VAMC: ...}, Object{ReachID: ..., FirstName: ..., MiddleName: ..., LastName: ..., SSN: ..., Phone: ..., DateIdentifiedRisk: ..., RiskLevel: ..., OutreachStatus: ..., VAMC: ...}, Object{ReachID: ..., FirstName: ..., MiddleName: ..., LastName: ..., SSN: ..., Phone: ..., DateIdentifiedRisk: ..., RiskLevel: ..., OutreachStatus: ..., VAMC: ...}, Object{ReachID: ..., FirstName: ..., MiddleName: ..., LastName: ..., SSN: ..., Phone: ..., DateIdentifiedRisk: ..., RiskLevel: ..., OutreachStatus: ..., VAMC: ...}, Object{ReachID: ..., FirstName: ..., MiddleName: ..., LastName: ..., SSN: ..., Phone: ..., DateIdentifiedRisk: ..., RiskLevel: ..., OutreachStatus: ..., VAMC: ...}, Object{ReachID: ..., FirstName: ..., MiddleName: ..., LastName: ..., SSN: ..., Phone: ..., DateIdentifiedRisk: ..., RiskLevel: ..., OutreachStatus: ..., VAMC: ...}, Object{ReachID: ..., FirstName: ..., MiddleName: ..., LastName: ..., SSN: ..., Phone: ..., DateIdentifiedRisk: ..., RiskLevel: ..., OutreachStatus: ..., VAMC: ...}, Object{ReachID: ..., FirstName: ..., MiddleName: ..., LastName: ..., SSN: ..., Phone: ..., DateIdentifiedRisk: ..., RiskLevel: ..., OutreachStatus: ..., VAMC: ...}, Object{ReachID: ..., FirstName: ..., MiddleName: ..., LastName: ..., SSN: ..., Phone: ..., DateIdentifiedRisk: ..., RiskLevel: ..., OutreachStatus: ..., VAMC: ...}, Object{ReachID: ..., FirstName: ..., MiddleName: ..., LastName: ..., SSN: ..., Phone: ..., DateIdentifiedRisk: ..., RiskLevel: ..., OutreachStatus: ..., VAMC: ...}, Object{ReachID: ..., FirstName: ..., MiddleName: ..., LastName: ..., SSN: ..., Phone: ..., DateIdentifiedRisk: ..., RiskLevel: ..., OutreachStatus: ..., VAMC: ...}, Object{ReachID: ..., FirstName: ..., MiddleName: ..., LastName: ..., SSN: ..., Phone: ..., DateIdentifiedRisk: ..., RiskLevel: ..., OutreachStatus: ..., VAMC: ...}, Object{ReachID: ..., FirstName: ..., MiddleName: ..., LastName: ..., SSN: ..., Phone: ..., DateIdentifiedRisk: ..., RiskLevel: ..., OutreachStatus: ..., VAMC: ...}, Object{ReachID: ..., FirstName: ..., MiddleName: ..., LastName: ..., SSN: ..., Phone: ..., DateIdentifiedRisk: ..., RiskLevel: ..., OutreachStatus: ..., VAMC: ...}, Object{ReachID: ..., FirstName: ..., MiddleName: ..., LastName: ..., SSN: ..., Phone: ..., DateIdentifiedRisk: ..., RiskLevel: ..., OutreachStatus: ..., VAMC: ...}, Object{ReachID: ..., FirstName: ..., MiddleName: ..., LastName: ..., SSN: ..., Phone: ..., DateIdentifiedRisk: ..., RiskLevel: ..., OutreachStatus: ..., VAMC: ...}, Object{ReachID: ..., FirstName: ..., MiddleName: ..., LastName: ..., SSN: ..., Phone: ..., DateIdentifiedRisk: ..., RiskLevel: ..., OutreachStatus: ..., VAMC: ...}, Object{ReachID: ..., FirstName: ..., MiddleName: ..., LastName: ..., SSN: ..., Phone: ..., DateIdentifiedRisk: ..., RiskLevel: ..., OutreachStatus: ..., VAMC: ...}, Object{ReachID: ..., FirstName: ..., MiddleName: ..., LastName: ..., SSN: ..., Phone: ..., DateIdentifiedRisk: ..., RiskLevel: ..., OutreachStatus: ..., VAMC: ...}, Object{ReachID: ..., FirstName: ..., MiddleName: ..., LastName: ..., SSN: ..., Phone: ..., DateIdentifiedRisk: ..., RiskLevel: ..., OutreachStatus: ..., VAMC: ...}, Object{ReachID: ..., FirstName: ..., MiddleName: ..., LastName: ..., SSN: ..., Phone: ..., DateIdentifiedRisk: ..., RiskLevel: ..., OutreachStatus: ..., VAMC: ...}, Object{ReachID: ..., FirstName: ..., MiddleName: ..., LastName: ..., SSN: ..., Phone: ..., DateIdentifiedRisk: ..., RiskLevel: ..., OutreachStatus: ..., VAMC: ...}, Object{ReachID: ..., FirstName: ..., MiddleName: ..., LastName: ..., SSN: ..., Phone: ..., DateIdentifiedRisk: ..., RiskLevel: ..., OutreachStatus: ..., VAMC: ...}, Object{ReachID: ..., FirstName: ..., MiddleName: ..., LastName: ..., SSN: ..., Phone: ..., DateIdentifiedRisk: ..., RiskLevel: ..., OutreachStatus: ..., VAMC: ...}, Object{ReachID: ..., FirstName: ..., MiddleName: ..., LastName: ..., SSN: ..., Phone: ..., DateIdentifiedRisk: ..., RiskLevel: ..., OutreachStatus: ..., VAMC: ...}, Object{ReachID: ..., FirstName: ..., MiddleName: ..., LastName: ..., SSN: ..., Phone: ..., DateIdentifiedRisk: ..., RiskLevel: ..., OutreachStatus: ..., VAMC: ...}, Object{ReachID: ..., FirstName: ..., MiddleName: ..., LastName: ..., SSN: ..., Phone: ..., DateIdentifiedRisk: ..., RiskLevel: ..., OutreachStatus: ..., VAMC: ...}, Object{ReachID: ..., FirstName: ..., MiddleName: ..., LastName: ..., SSN: ..., Phone: ..., DateIdentifiedRisk: ..., RiskLevel: ..., OutreachStatus: ..., VAMC: ...}, Object{ReachID: ..., FirstName: ..., MiddleName: ..., LastName: ..., SSN: ..., Phone: ..., DateIdentifiedRisk: ..., RiskLevel: ..., OutreachStatus: ..., VAMC: ...}, Object{ReachID: ..., FirstName: ..., MiddleName: ..., LastName: ..., SSN: ..., Phone: ..., DateIdentifiedRisk: ..., RiskLevel: ..., OutreachStatus: ..., VAMC: ...}, Object{ReachID: ..., FirstName: ..., MiddleName: ..., LastName: ..., SSN: ..., Phone: ..., DateIdentifiedRisk: ..., RiskLevel: ..., OutreachStatus: ..., VAMC: ...}, Object{ReachID: ..., FirstName: ..., MiddleName: ..., LastName: ..., SSN: ..., Phone: ..., DateIdentifiedRisk: ..., RiskLevel: ..., OutreachStatus: ..., VAMC: ...}, Object{ReachID: ..., FirstName: ..., MiddleName: ..., LastName: ..., SSN: ..., Phone: ..., DateIdentifiedRisk: ..., RiskLevel: ..., OutreachStatus: ..., VAMC: ...}, Object{ReachID: ..., FirstName: ..., MiddleName: ..., LastName: ..., SSN: ..., Phone: ..., DateIdentifiedRisk: ..., RiskLevel: ..., OutreachStatus: ..., VAMC: ...}, Object{ReachID: ..., FirstName: ..., MiddleName: ..., LastName: ..., SSN: ..., Phone: ..., DateIdentifiedRisk: ..., RiskLevel: ..., OutreachStatus: ..., VAMC: ...}, Object{ReachID: ..., FirstName: ..., MiddleName: ..., LastName: ..., SSN: ..., Phone: ..., DateIdentifiedRisk: ..., RiskLevel: ..., OutreachStatus: ..., VAMC: ...}, Object{ReachID: ..., FirstName: ..., MiddleName: ..., LastName: ..., SSN: ..., Phone: ..., DateIdentifiedRisk: ..., RiskLevel: ..., OutreachStatus: ..., VAMC: ...}, Object{ReachID: ..., FirstName: ..., MiddleName: ..., LastName: ..., SSN: ..., Phone: ..., DateIdentifiedRisk: ..., RiskLevel: ..., OutreachStatus: ..., VAMC: ...}, Object{ReachID: ..., FirstName: ..., MiddleName: ..., LastName: ..., SSN: ..., Phone: ..., DateIdentifiedRisk: ..., RiskLevel: ..., OutreachStatus: ..., VAMC: ...}, Object{ReachID: ..., FirstName: ..., MiddleName: ..., LastName: ..., SSN: ..., Phone: ..., DateIdentifiedRisk: ..., RiskLevel: ..., OutreachStatus: ..., VAMC: ...}, Object{ReachID: ..., FirstName: ..., MiddleName: ..., LastName: ..., SSN: ..., Phone: ..., DateIdentifiedRisk: ..., RiskLevel: ..., OutreachStatus: ..., VAMC: ...}, Object{ReachID: ..., FirstName: ..., MiddleName: ..., LastName: ..., SSN: ..., Phone: ..., DateIdentifiedRisk: ..., RiskLevel: ..., OutreachStatus: ..., VAMC: ...}, Object{ReachID: ..., FirstName: ..., MiddleName: ..., LastName: ..., SSN: ..., Phone: ..., DateIdentifiedRisk: ..., RiskLevel: ..., OutreachStatus: ..., VAMC: ...}, Object{ReachID: ..., FirstName: ..., MiddleName: ..., LastName: ..., SSN: ..., Phone: ..., DateIdentifiedRisk: ..., RiskLevel: ..., OutreachStatus: ..., VAMC: ...}, Object{ReachID: ..., FirstName: ..., MiddleName: ..., LastName: ..., SSN: ..., Phone: ..., DateIdentifiedRisk: ..., RiskLevel: ..., OutreachStatus: ..., VAMC: ...}, Object{ReachID: ..., FirstName: ..., MiddleName: ..., LastName: ..., SSN: ..., Phone: ..., DateIdentifiedRisk: ..., RiskLevel: ..., OutreachStatus: ..., VAMC: ...}, Object{ReachID: ..., FirstName: ..., MiddleName: ..., LastName: ..., SSN: ..., Phone: ..., DateIdentifiedRisk: ..., RiskLevel: ..., OutreachStatus: ..., VAMC: ...}, Object{ReachID: ..., FirstName: ..., MiddleName: ..., LastName: ..., SSN: ..., Phone: ..., DateIdentifiedRisk: ..., RiskLevel: ..., OutreachStatus: ..., VAMC: ...}, Object{ReachID: ..., FirstName: ..., MiddleName: ..., LastName: ..., SSN: ..., Phone: ..., DateIdentifiedRisk: ..., RiskLevel: ..., OutreachStatus: ..., VAMC: ...}, Object{ReachID: ..., FirstName: ..., MiddleName: ..., LastName: ..., SSN: ..., Phone: ..., DateIdentifiedRisk: ..., RiskLevel: ..., OutreachStatus: ..., VAMC: ...}, Object{ReachID: ..., FirstName: ..., MiddleName: ..., LastName: ..., SSN: ..., Phone: ..., DateIdentifiedRisk: ..., RiskLevel: ..., OutreachStatus: ..., VAMC: ...}, Object{ReachID: ..., FirstName: ..., MiddleName: ..., LastName: ..., SSN: ..., Phone: ..., DateIdentifiedRisk: ..., RiskLevel: ..., OutreachStatus: ..., VAMC: ...}, Object{ReachID: ..., FirstName: ..., MiddleName: ..., LastName: ..., SSN: ..., Phone: ..., DateIdentifiedRisk: ..., RiskLevel: ..., OutreachStatus: ..., VAMC: ...}, Object{ReachID: ..., FirstName: ..., MiddleName: ..., LastName: ..., SSN: ..., Phone: ..., DateIdentifiedRisk: ..., RiskLevel: ..., OutreachStatus: ..., VAMC: ...}, Object{ReachID: ..., FirstName: ..., MiddleName: ..., LastName: ..., SSN: ..., Phone: ..., DateIdentifiedRisk: ..., RiskLevel: ..., OutreachStatus: ..., VAMC: ...}, Object{ReachID: ..., FirstName: ..., MiddleName: ..., LastName: ..., SSN: ..., Phone: ..., DateIdentifiedRisk: ..., RiskLevel: ..., OutreachStatus: ..., VAMC: ...}, Object{ReachID: ..., FirstName: ..., MiddleName: ..., LastName: ..., SSN: ..., Phone: ..., DateIdentifiedRisk: ..., RiskLevel: ..., OutreachStatus: ..., VAMC: ...}, Object{ReachID: ..., FirstName: ..., MiddleName: ..., LastName: ..., SSN: ..., Phone: ..., DateIdentifiedRisk: ..., RiskLevel: ..., OutreachStatus: ..., VAMC: ...}, Object{ReachID: ..., FirstName: ..., MiddleName: ..., LastName: ..., SSN: ..., Phone: ..., DateIdentifiedRisk: ..., RiskLevel: ..., OutreachStatus: ..., VAMC: ...}, Object{ReachID: ..., FirstName: ..., MiddleName: ..., LastName: ..., SSN: ..., Phone: ..., DateIdentifiedRisk: ..., RiskLevel: ..., OutreachStatus: ..., VAMC: ...}, Object{ReachID: ..., FirstName: ..., MiddleName: ..., LastName: ..., SSN: ..., Phone: ..., DateIdentifiedRisk: ..., RiskLevel: ..., OutreachStatus: ..., VAMC: ...}, Object{ReachID: ..., FirstName: ..., MiddleName: ..., LastName: ..., SSN: ..., Phone: ..., DateIdentifiedRisk: ..., RiskLevel: ..., OutreachStatus: ..., VAMC: ...}, Object{ReachID: ..., FirstName: ..., MiddleName: ..., LastName: ..., SSN: ..., Phone: ..., DateIdentifiedRisk: ..., RiskLevel: ..., OutreachStatus: ..., VAMC: ...}, Object{ReachID: ..., FirstName: ..., MiddleName: ..., LastName: ..., SSN: ..., Phone: ..., DateIdentifiedRisk: ..., RiskLevel: ..., OutreachStatus: ..., VAMC: ...}, Object{ReachID: ..., FirstName: ..., MiddleName: ..., LastName: ..., SSN: ..., Phone: ..., DateIdentifiedRisk: ..., RiskLevel: ..., OutreachStatus: ..., VAMC: ...}, Object{ReachID: ..., FirstName: ..., MiddleName: ..., LastName: ..., SSN: ..., Phone: ..., DateIdentifiedRisk: ..., RiskLevel: ..., OutreachStatus: ..., VAMC: ...}, Object{ReachID: ..., FirstName: ..., MiddleName: ..., LastName: ..., SSN: ..., Phone: ..., DateIdentifiedRisk: ..., RiskLevel: ..., OutreachStatus: ..., VAMC: ...}, Object{ReachID: ..., FirstName: ..., MiddleName: ..., LastName: ..., SSN: ..., Phone: ..., DateIdentifiedRisk: ..., RiskLevel: ..., OutreachStatus: ..., VAMC: ...}, Object{ReachID: ..., FirstName: ..., MiddleName: ..., LastName: ..., SSN: ..., Phone: ..., DateIdentifiedRisk: ..., RiskLevel: ..., OutreachStatus: ..., VAMC: ...}, Object{ReachID: ..., FirstName: ..., MiddleName: ..., LastName: ..., SSN: ..., Phone: ..., DateIdentifiedRisk: ..., RiskLevel: ..., OutreachStatus: ..., VAMC: ...}, Object{ReachID: ..., FirstName: ..., MiddleName: ..., LastName: ..., SSN: ..., Phone: ..., DateIdentifiedRisk: ..., RiskLevel: ..., OutreachStatus: ..., VAMC: ...}, Object{ReachID: ..., FirstName: ..., MiddleName: ..., LastName: ..., SSN: ..., Phone: ..., DateIdentifiedRisk: ..., RiskLevel: ..., OutreachStatus: ..., VAMC: ...}, Object{ReachID: ..., FirstName: ..., MiddleName: ..., LastName: ..., SSN: ..., Phone: ..., DateIdentifiedRisk: ..., RiskLevel: ..., OutreachStatus: ..., VAMC: ...}, Object{ReachID: ..., FirstName: ..., MiddleName: ..., LastName: ..., SSN: ..., Phone: ..., DateIdentifiedRisk: ..., RiskLevel: ..., OutreachStatus: ..., VAMC: ...}, Object{ReachID: ..., FirstName: ..., MiddleName: ..., LastName: ..., SSN: ..., Phone: ..., DateIdentifiedRisk: ..., RiskLevel: ..., OutreachStatus: ..., VAMC: ...}, Object{ReachID: ..., FirstName: ..., MiddleName: ..., LastName: ..., SSN: ..., Phone: ..., DateIdentifiedRisk: ..., RiskLevel: ..., OutreachStatus: ..., VAMC: ...}, Object{ReachID: ..., FirstName: ..., MiddleName: ..., LastName: ..., SSN: ..., Phone: ..., DateIdentifiedRisk: ..., RiskLevel: ..., OutreachStatus: ..., VAMC: ...}, Object{ReachID: ..., FirstName: ..., MiddleName: ..., LastName: ..., SSN: ..., Phone: ..., DateIdentifiedRisk: ..., RiskLevel: ..., OutreachStatus: ..., VAMC: ...}, Object{ReachID: ..., FirstName: ..., MiddleName: ..., LastName: ..., SSN: ..., Phone: ..., DateIdentifiedRisk: ..., RiskLevel: ..., OutreachStatus: ..., VAMC: ...}, Object{ReachID: ..., FirstName: ..., MiddleName: ..., LastName: ..., SSN: ..., Phone: ..., DateIdentifiedRisk: ..., RiskLevel: ..., OutreachStatus: ..., VAMC: ...}, Object{ReachID: ..., FirstName: ..., MiddleName: ..., LastName: ..., SSN: ..., Phone: ..., DateIdentifiedRisk: ..., RiskLevel: ..., OutreachStatus: ..., VAMC: ...}, Object{ReachID: ..., FirstName: ..., MiddleName: ..., LastName: ..., SSN: ..., Phone: ..., DateIdentifiedRisk: ..., RiskLevel: ..., OutreachStatus: ..., VAMC: ...}, Object{ReachID: ..., FirstName: ..., MiddleName: ..., LastName: ..., SSN: ..., Phone: ..., DateIdentifiedRisk: ..., RiskLevel: ..., OutreachStatus: ..., VAMC: ...}, Object{ReachID: ..., FirstName: ..., MiddleName: ..., LastName: ..., SSN: ..., Phone: ..., DateIdentifiedRisk: ..., RiskLevel: ..., OutreachStatus: ..., VAMC: ...}, Object{ReachID: ..., FirstName: ..., MiddleName: ..., LastName: ..., SSN: ..., Phone: ..., DateIdentifiedRisk: ..., RiskLevel: ..., OutreachStatus: ..., VAMC: ...}, Object{ReachID: ..., FirstName: ..., MiddleName: ..., LastName: ..., SSN: ..., Phone: ..., DateIdentifiedRisk: ..., RiskLevel: ..., OutreachStatus: ..., VAMC: ...}, Object{ReachID: ..., FirstName: ..., MiddleName: ..., LastName: ..., SSN: ..., Phone: ..., DateIdentifiedRisk: ..., RiskLevel: ..., OutreachStatus: ..., VAMC: ...}, Object{ReachID: ..., FirstName: ..., MiddleName: ..., LastName: ..., SSN: ..., Phone: ..., DateIdentifiedRisk: ..., RiskLevel: ..., OutreachStatus: ..., VAMC: ...}, Object{ReachID: ..., FirstName: ..., MiddleName: ..., LastName: ..., SSN: ..., Phone: ..., DateIdentifiedRisk: ..., RiskLevel: ..., OutreachStatus: ..., VAMC: ...}, Object{ReachID: ..., FirstName: ..., MiddleName: ..., LastName: ..., SSN: ..., Phone: ..., DateIdentifiedRisk: ..., RiskLevel: ..., OutreachStatus: ..., VAMC: ...}, Object{ReachID: ..., FirstName: ..., MiddleName: ..., LastName: ..., SSN: ..., Phone: ..., DateIdentifiedRisk: ..., RiskLevel: ..., OutreachStatus: ..., VAMC: ...}, Object{ReachID: ..., FirstName: ..., MiddleName: ..., LastName: ..., SSN: ..., Phone: ..., DateIdentifiedRisk: ..., RiskLevel: ..., OutreachStatus: ..., VAMC: ...}, Object{ReachID: ..., FirstName: ..., MiddleName: ..., LastName: ..., SSN: ..., Phone: ..., DateIdentifiedRisk: ..., RiskLevel: ..., OutreachStatus: ..., VAMC: ...}, Object{ReachID: ..., FirstName: ..., MiddleName: ..., LastName: ..., SSN: ..., Phone: ..., DateIdentifiedRisk: ..., RiskLevel: ..., OutreachStatus: ..., VAMC: ...}, Object{ReachID: ..., FirstName: ..., MiddleName: ..., LastName: ..., SSN: ..., Phone: ..., DateIdentifiedRisk: ..., RiskLevel: ..., OutreachStatus: ..., VAMC: ...}, Object{ReachID: ..., FirstName: ..., MiddleName: ..., LastName: ..., SSN: ..., Phone: ..., DateIdentifiedRisk: ..., RiskLevel: ..., OutreachStatus: ..., VAMC: ...}, Object{ReachID: ..., FirstName: ..., MiddleName: ..., LastName: ..., SSN: ..., Phone: ..., DateIdentifiedRisk: ..., RiskLevel: ..., OutreachStatus: ..., VAMC: ...}, Object{ReachID: ..., FirstName: ..., MiddleName: ..., LastName: ..., SSN: ..., Phone: ..., DateIdentifiedRisk: ..., RiskLevel: ..., OutreachStatus: ..., VAMC: ...}, Object{ReachID: ..., FirstName: ..., MiddleName: ..., LastName: ..., SSN: ..., Phone: ..., DateIdentifiedRisk: ..., RiskLevel: ..., OutreachStatus: ..., VAMC: ...}, Object{ReachID: ..., FirstName: ..., MiddleName: ..., LastName: ..., SSN: ..., Phone: ..., DateIdentifiedRisk: ..., RiskLevel: ..., OutreachStatus: ..., VAMC: ...}, Object{ReachID: ..., FirstName: ..., MiddleName: ..., LastName: ..., SSN: ..., Phone: ..., DateIdentifiedRisk: ..., RiskLevel: ..., OutreachStatus: ..., VAMC: ...}, Object{ReachID: ..., FirstName: ..., MiddleName: ..., LastName: ..., SSN: ..., Phone: ..., DateIdentifiedRisk: ..., RiskLevel: ..., OutreachStatus: ..., VAMC: ...}, Object{ReachID: ..., FirstName: ..., MiddleName: ..., LastName: ..., SSN: ..., Phone: ..., DateIdentifiedRisk: ..., RiskLevel: ..., OutreachStatus: ..., VAMC: ...}, Object{ReachID: ..., FirstName: ..., MiddleName: ..., LastName: ..., SSN: ..., Phone: ..., DateIdentifiedRisk: ..., RiskLevel: ..., OutreachStatus: ..., VAMC: ...}, Object{ReachID: ..., FirstName: ..., MiddleName: ..., LastName: ..., SSN: ..., Phone: ..., DateIdentifiedRisk: ..., RiskLevel: ..., OutreachStatus: ..., VAMC: ...}, Object{ReachID: ..., FirstName: ..., MiddleName: ..., LastName: ..., SSN: ..., Phone: ..., DateIdentifiedRisk: ..., RiskLevel: ..., OutreachStatus: ..., VAMC: ...}, Object{ReachID: ..., FirstName: ..., MiddleName: ..., LastName: ..., SSN: ..., Phone: ..., DateIdentifiedRisk: ..., RiskLevel: ..., OutreachStatus: ..., VAMC: ...}, Object{ReachID: ..., FirstName: ..., MiddleName: ..., LastName: ..., SSN: ..., Phone: ..., DateIdentifiedRisk: ..., RiskLevel: ..., OutreachStatus: ..., VAMC: ...}, Object{ReachID: ..., FirstName: ..., MiddleName: ..., LastName: ..., SSN: ..., Phone: ..., DateIdentifiedRisk: ..., RiskLevel: ..., OutreachStatus: ..., VAMC: ...}, Object{ReachID: ..., FirstName: ..., MiddleName: ..., LastName: ..., SSN: ..., Phone: ..., DateIdentifiedRisk: ..., RiskLevel: ..., OutreachStatus: ..., VAMC: ...}, Object{ReachID: ..., FirstName: ..., MiddleName: ..., LastName: ..., SSN: ..., Phone: ..., DateIdentifiedRisk: ..., RiskLevel: ..., OutreachStatus: ..., VAMC: ...}, Object{ReachID: ..., FirstName: ..., MiddleName: ..., LastName: ..., SSN: ..., Phone: ..., DateIdentifiedRisk: ..., RiskLevel: ..., OutreachStatus: ..., VAMC: ...}, Object{ReachID: ..., FirstName: ..., MiddleName: ..., LastName: ..., SSN: ..., Phone: ..., DateIdentifiedRisk: ..., RiskLevel: ..., OutreachStatus: ..., VAMC: ...}, Object{ReachID: ..., FirstName: ..., MiddleName: ..., LastName: ..., SSN: ..., Phone: ..., DateIdentifiedRisk: ..., RiskLevel: ..., OutreachStatus: ..., VAMC: ...}, Object{ReachID: ..., FirstName: ..., MiddleName: ..., LastName: ..., SSN: ..., Phone: ..., DateIdentifiedRisk: ..., RiskLevel: ..., OutreachStatus: ..., VAMC: ...}, Object{ReachID: ..., FirstName: ..., MiddleName: ..., LastName: ..., SSN: ..., Phone: ..., DateIdentifiedRisk: ..., RiskLevel: ..., OutreachStatus: ..., VAMC: ...}, Object{ReachID: ..., FirstName: ..., MiddleName: ..., LastName: ..., SSN: ..., Phone: ..., DateIdentifiedRisk: ..., RiskLevel: ..., OutreachStatus: ..., VAMC: ...}, Object{ReachID: ..., FirstName: ..., MiddleName: ..., LastName: ..., SSN: ..., Phone: ..., DateIdentifiedRisk: ..., RiskLevel: ..., OutreachStatus: ..., VAMC: ...}, Object{ReachID: ..., FirstName: ..., MiddleName: ..., LastName: ..., SSN: ..., Phone: ..., DateIdentifiedRisk: ..., RiskLevel: ..., OutreachStatus: ..., VAMC: ...}, Object{ReachID: ..., FirstName: ..., MiddleName: ..., LastName: ..., SSN: ..., Phone: ..., DateIdentifiedRisk: ..., RiskLevel: ..., OutreachStatus: ..., VAMC: ...}, Object{ReachID: ..., FirstName: ..., MiddleName: ..., LastName: ..., SSN: ..., Phone: ..., DateIdentifiedRisk: ..., RiskLevel: ..., OutreachStatus: ..., VAMC: ...}, Object{ReachID: ..., FirstName: ..., MiddleName: ..., LastName: ..., SSN: ..., Phone: ..., DateIdentifiedRisk: ..., RiskLevel: ..., OutreachStatus: ..., VAMC: ...}, Object{ReachID: ..., FirstName: ..., MiddleName: ..., LastName: ..., SSN: ..., Phone: ..., DateIdentifiedRisk: ..., RiskLevel: ..., OutreachStatus: ..., VAMC: ...}, Object{ReachID: ..., FirstName: ..., MiddleName: ..., LastName: ..., SSN: ..., Phone: ..., DateIdentifiedRisk: ..., RiskLevel: ..., OutreachStatus: ..., VAMC: ...}, Object{ReachID: ..., FirstName: ..., MiddleName: ..., LastName: ..., SSN: ..., Phone: ..., DateIdentifiedRisk: ..., RiskLevel: ..., OutreachStatus: ..., VAMC: ...}, Object{ReachID: ..., FirstName: ..., MiddleName: ..., LastName: ..., SSN: ..., Phone: ..., DateIdentifiedRisk: ..., RiskLevel: ..., OutreachStatus: ..., VAMC: ...}, Object{ReachID: ..., FirstName: ..., MiddleName: ..., LastName: ..., SSN: ..., Phone: ..., DateIdentifiedRisk: ..., RiskLevel: ..., OutreachStatus: ..., VAMC: ...}, Object{ReachID: ..., FirstName: ..., MiddleName: ..., LastName: ..., SSN: ..., Phone: ..., DateIdentifiedRisk: ..., RiskLevel: ..., OutreachStatus: ..., VAMC: ...}, Object{ReachID: ..., FirstName: ..., MiddleName: ..., LastName: ..., SSN: ..., Phone: ..., DateIdentifiedRisk: ..., RiskLevel: ..., OutreachStatus: ..., VAMC: ...}, Object{ReachID: ..., FirstName: ..., MiddleName: ..., LastName: ..., SSN: ..., Phone: ..., DateIdentifiedRisk: ..., RiskLevel: ..., OutreachStatus: ..., VAMC: ...}, Object{ReachID: ..., FirstName: ..., MiddleName: ..., LastName: ..., SSN: ..., Phone: ..., DateIdentifiedRisk: ..., RiskLevel: ..., OutreachStatus: ..., VAMC: ...}, Object{ReachID: ..., FirstName: ..., MiddleName: ..., LastName: ..., SSN: ..., Phone: ..., DateIdentifiedRisk: ..., RiskLevel: ..., OutreachStatus: ..., VAMC: ...}, Object{ReachID: ..., FirstName: ..., MiddleName: ..., LastName: ..., SSN: ..., Phone: ..., DateIdentifiedRisk: ..., RiskLevel: ..., OutreachStatus: ..., VAMC: ...}, Object{ReachID: ..., FirstName: ..., MiddleName: ..., LastName: ..., SSN: ..., Phone: ..., DateIdentifiedRisk: ..., RiskLevel: ..., OutreachStatus: ..., VAMC: ...}, Object{ReachID: ..., FirstName: ..., MiddleName: ..., LastName: ..., SSN: ..., Phone: ..., DateIdentifiedRisk: ..., RiskLevel: ..., OutreachStatus: ..., VAMC: ...}, Object{ReachID: ..., FirstName: ..., MiddleName: ..., LastName: ..., SSN: ..., Phone: ..., DateIdentifiedRisk: ..., RiskLevel: ..., OutreachStatus: ..., VAMC: ...}, Object{ReachID: ..., FirstName: ..., MiddleName: ..., LastName: ..., SSN: ..., Phone: ..., DateIdentifiedRisk: ..., RiskLevel: ..., OutreachStatus: ..., VAMC: ...}, Object{ReachID: ..., FirstName: ..., MiddleName: ..., LastName: ..., SSN: ..., Phone: ..., DateIdentifiedRisk: ..., RiskLevel: ..., OutreachStatus: ..., VAMC: ...}, Object{ReachID: ..., FirstName: ..., MiddleName: ..., LastName: ..., SSN: ..., Phone: ..., DateIdentifiedRisk: ..., RiskLevel: ..., OutreachStatus: ..., VAMC: ...}, Object{ReachID: ..., FirstName: ..., MiddleName: ..., LastName: ..., SSN: ..., Phone: ..., DateIdentifiedRisk: ..., RiskLevel: ..., OutreachStatus: ..., VAMC: ...}, Object{ReachID: ..., FirstName: ..., MiddleName: ..., LastName: ..., SSN: ..., Phone: ..., DateIdentifiedRisk: ..., RiskLevel: ..., OutreachStatus: ..., VAMC: ...}, Object{ReachID: ..., FirstName: ..., MiddleName: ..., LastName: ..., SSN: ..., Phone: ..., DateIdentifiedRisk: ..., RiskLevel: ..., OutreachStatus: ..., VAMC: ...}, Object{ReachID: ..., FirstName: ..., MiddleName: ..., LastName: ..., SSN: ..., Phone: ..., DateIdentifiedRisk: ..., RiskLevel: ..., OutreachStatus: ..., VAMC: ...}, Object{ReachID: ..., FirstName: ..., MiddleName: ..., LastName: ..., SSN: ..., Phone: ..., DateIdentifiedRisk: ..., RiskLevel: ..., OutreachStatus: ..., VAMC: ...}, Object{ReachID: ..., FirstName: ..., MiddleName: ..., LastName: ..., SSN: ..., Phone: ..., DateIdentifiedRisk: ..., RiskLevel: ..., OutreachStatus: ..., VAMC: ...}, Object{ReachID: ..., FirstName: ..., MiddleName: ..., LastName: ..., SSN: ..., Phone: ..., DateIdentifiedRisk: ..., RiskLevel: ..., OutreachStatus: ..., VAMC: ...}, Object{ReachID: ..., FirstName: ..., MiddleName: ..., LastName: ..., SSN: ..., Phone: ..., DateIdentifiedRisk: ..., RiskLevel: ..., OutreachStatus: ..., VAMC: ...}, Object{ReachID: ..., FirstName: ..., MiddleName: ..., LastName: ..., SSN: ..., Phone: ..., DateIdentifiedRisk: ..., RiskLevel: ..., OutreachStatus: ..., VAMC: ...}, Object{ReachID: ..., FirstName: ..., MiddleName: ..., LastName: ..., SSN: ..., Phone: ..., DateIdentifiedRisk: ..., RiskLevel: ..., OutreachStatus: ..., VAMC: ...}, Object{ReachID: ..., FirstName: ..., MiddleName: ..., LastName: ..., SSN: ..., Phone: ..., DateIdentifiedRisk: ..., RiskLevel: ..., OutreachStatus: ..., VAMC: ...}, Object{ReachID: ..., FirstName: ..., MiddleName: ..., LastName: ..., SSN: ..., Phone: ..., DateIdentifiedRisk: ..., RiskLevel: ..., OutreachStatus: ..., VAMC: ...}, Object{ReachID: ..., FirstName: ..., MiddleName: ..., LastName: ..., SSN: ..., Phone: ..., DateIdentifiedRisk: ..., RiskLevel: ..., OutreachStatus: ..., VAMC: ...}, Object{ReachID: ..., FirstName: ..., MiddleName: ..., LastName: ..., SSN: ..., Phone: ..., DateIdentifiedRisk: ..., RiskLevel: ..., OutreachStatus: ..., VAMC: ...}, Object{ReachID: ..., FirstName: ..., MiddleName: ..., LastName: ..., SSN: ..., Phone: ..., DateIdentifiedRisk: ..., RiskLevel: ..., OutreachStatus: ..., VAMC: ...}, Object{ReachID: ..., FirstName: ..., MiddleName: ..., LastName: ..., SSN: ..., Phone: ..., DateIdentifiedRisk: ..., RiskLevel: ..., OutreachStatus: ..., VAMC: ...}, Object{ReachID: ..., FirstName: ..., MiddleName: ..., LastName: ..., SSN: ..., Phone: ..., DateIdentifiedRisk: ..., RiskLevel: ..., OutreachStatus: ..., VAMC: ...}, Object{ReachID: ..., FirstName: ..., MiddleName: ..., LastName: ..., SSN: ..., Phone: ..., DateIdentifiedRisk: ..., RiskLevel: ..., OutreachStatus: ..., VAMC: ...}, Object{ReachID: ..., FirstName: ..., MiddleName: ..., LastName: ..., SSN: ..., Phone: ..., DateIdentifiedRisk: ..., RiskLevel: ..., OutreachStatus: ..., VAMC: ...}, Object{ReachID: ..., FirstName: ..., MiddleName: ..., LastName: ..., SSN: ..., Phone: ..., DateIdentifiedRisk: ..., RiskLevel: ..., OutreachStatus: ..., VAMC: ...}, Object{ReachID: ..., FirstName: ..., MiddleName: ..., LastName: ..., SSN: ..., Phone: ..., DateIdentifiedRisk: ..., RiskLevel: ..., OutreachStatus: ..., VAMC: ...}, Object{ReachID: ..., FirstName: ..., MiddleName: ..., LastName: ..., SSN: ..., Phone: ..., DateIdentifiedRisk: ..., RiskLevel: ..., OutreachStatus: ..., VAMC: ...}, Object{ReachID: ..., FirstName: ..., MiddleName: ..., LastName: ..., SSN: ..., Phone: ..., DateIdentifiedRisk: ..., RiskLevel: ..., OutreachStatus: ..., VAMC: ...}, Object{ReachID: ..., FirstName: ..., MiddleName: ..., LastName: ..., SSN: ..., Phone: ..., DateIdentifiedRisk: ..., RiskLevel: ..., OutreachStatus: ..., VAMC: ...}, Object{ReachID: ..., FirstName: ..., MiddleName: ..., LastName: ..., SSN: ..., Phone: ..., DateIdentifiedRisk: ..., RiskLevel: ..., OutreachStatus: ..., VAMC: ...}, Object{ReachID: ..., FirstName: ..., MiddleName: ..., LastName: ..., SSN: ..., Phone: ..., DateIdentifiedRisk: ..., RiskLevel: ..., OutreachStatus: ..., VAMC: ...}, Object{ReachID: ..., FirstName: ..., MiddleName: ..., LastName: ..., SSN: ..., Phone: ..., DateIdentifiedRisk: ..., RiskLevel: ..., OutreachStatus: ..., VAMC: ...}, Object{ReachID: ..., FirstName: ..., MiddleName: ..., LastName: ..., SSN: ..., Phone: ..., DateIdentifiedRisk: ..., RiskLevel: ..., OutreachStatus: ..., VAMC: ...}, Object{ReachID: ..., FirstName: ..., MiddleName: ..., LastName: ..., SSN: ..., Phone: ..., DateIdentifiedRisk: ..., RiskLevel: ..., OutreachStatus: ..., VAMC: ...}, Object{ReachID: ..., FirstName: ..., MiddleName: ..., LastName: ..., SSN: ..., Phone: ..., DateIdentifiedRisk: ..., RiskLevel: ..., OutreachStatus: ..., VAMC: ...}, Object{ReachID: ..., FirstName: ..., MiddleName: ..., LastName: ..., SSN: ..., Phone: ..., DateIdentifiedRisk: ..., RiskLevel: ..., OutreachStatus: ..., VAMC: ...}, Object{ReachID: ..., FirstName: ..., MiddleName: ..., LastName: ..., SSN: ..., Phone: ..., DateIdentifiedRisk: ..., RiskLevel: ..., OutreachStatus: ..., VAMC: ...}, Object{ReachID: ..., FirstName: ..., MiddleName: ..., LastName: ..., SSN: ..., Phone: ..., DateIdentifiedRisk: ..., RiskLevel: ..., OutreachStatus: ..., VAMC: ...}, Object{ReachID: ..., FirstName: ..., MiddleName: ..., LastName: ..., SSN: ..., Phone: ..., DateIdentifiedRisk: ..., RiskLevel: ..., OutreachStatus: ..., VAMC: ...}, Object{ReachID: ..., FirstName: ..., MiddleName: ..., LastName: ..., SSN: ..., Phone: ..., DateIdentifiedRisk: ..., RiskLevel: ..., OutreachStatus: ..., VAMC: ...}, Object{ReachID: ..., FirstName: ..., MiddleName: ..., LastName: ..., SSN: ..., Phone: ..., DateIdentifiedRisk: ..., RiskLevel: ..., OutreachStatus: ..., VAMC: ...}, Object{ReachID: ..., FirstName: ..., MiddleName: ..., LastName: ..., SSN: ..., Phone: ..., DateIdentifiedRisk: ..., RiskLevel: ..., OutreachStatus: ..., VAMC: ...}, Object{ReachID: ..., FirstName: ..., MiddleName: ..., LastName: ..., SSN: ..., Phone: ..., DateIdentifiedRisk: ..., RiskLevel: ..., OutreachStatus: ..., VAMC: ...}, Object{ReachID: ..., FirstName: ..., MiddleName: ..., LastName: ..., SSN: ..., Phone: ..., DateIdentifiedRisk: ..., RiskLevel: ..., OutreachStatus: ..., VAMC: ...}, Object{ReachID: ..., FirstName: ..., MiddleName: ..., LastName: ..., SSN: ..., Phone: ..., DateIdentifiedRisk: ..., RiskLevel: ..., OutreachStatus: ..., VAMC: ...}, Object{ReachID: ..., FirstName: ..., MiddleName: ..., LastName: ..., SSN: ..., Phone: ..., DateIdentifiedRisk: ..., RiskLevel: ..., OutreachStatus: ..., VAMC: ...}, Object{ReachID: ..., FirstName: ..., MiddleName: ..., LastName: ..., SSN: ..., Phone: ..., DateIdentifiedRisk: ..., RiskLevel: ..., OutreachStatus: ..., VAMC: ...}, Object{ReachID: ..., FirstName: ..., MiddleName: ..., LastName: ..., SSN: ..., Phone: ..., DateIdentifiedRisk: ..., RiskLevel: ..., OutreachStatus: ..., VAMC: ...}, Object{ReachID: ..., FirstName: ..., MiddleName: ..., LastName: ..., SSN: ..., Phone: ..., DateIdentifiedRisk: ..., RiskLevel: ..., OutreachStatus: ..., VAMC: ...}, Object{ReachID: ..., FirstName: ..., MiddleName: ..., LastName: ..., SSN: ..., Phone: ..., DateIdentifiedRisk: ..., RiskLevel: ..., OutreachStatus: ..., VAMC: ...}, Object{ReachID: ..., FirstName: ..., MiddleName: ..., LastName: ..., SSN: ..., Phone: ..., DateIdentifiedRisk: ..., RiskLevel: ..., OutreachStatus: ..., VAMC: ...}, Object{ReachID: ..., FirstName: ..., MiddleName: ..., LastName: ..., SSN: ..., Phone: ..., DateIdentifiedRisk: ..., RiskLevel: ..., OutreachStatus: ..., VAMC: ...}, Object{ReachID: ..., FirstName: ..., MiddleName: ..., LastName: ..., SSN: ..., Phone: ..., DateIdentifiedRisk: ..., RiskLevel: ..., OutreachStatus: ..., VAMC: ...}, Object{ReachID: ..., FirstName: ..., MiddleName: ..., LastName: ..., SSN: ..., Phone: ..., DateIdentifiedRisk: ..., RiskLevel: ..., OutreachStatus: ..., VAMC: ...}, Object{ReachID: ..., FirstName: ..., MiddleName: ..., LastName: ..., SSN: ..., Phone: ..., DateIdentifiedRisk: ..., RiskLevel: ..., OutreachStatus: ..., VAMC: ...}, Object{ReachID: ..., FirstName: ..., MiddleName: ..., LastName: ..., SSN: ..., Phone: ..., DateIdentifiedRisk: ..., RiskLevel: ..., OutreachStatus: ..., VAMC: ...}, Object{ReachID: ..., FirstName: ..., MiddleName: ..., LastName: ..., SSN: ..., Phone: ..., DateIdentifiedRisk: ..., RiskLevel: ..., OutreachStatus: ..., VAMC: ...}, Object{ReachID: ..., FirstName: ..., MiddleName: ..., LastName: ..., SSN: ..., Phone: ..., DateIdentifiedRisk: ..., RiskLevel: ..., OutreachStatus: ..., VAMC: ...}, Object{ReachID: ..., FirstName: ..., MiddleName: ..., LastName: ..., SSN: ..., Phone: ..., DateIdentifiedRisk: ..., RiskLevel: ..., OutreachStatus: ..., VAMC: ...}, Object{ReachID: ..., FirstName: ..., MiddleName: ..., LastName: ..., SSN: ..., Phone: ..., DateIdentifiedRisk: ..., RiskLevel: ..., OutreachStatus: ..., VAMC: ...}, Object{ReachID: ..., FirstName: ..., MiddleName: ..., LastName: ..., SSN: ..., Phone: ..., DateIdentifiedRisk: ..., RiskLevel: ..., OutreachStatus: ..., VAMC: ...}, Object{ReachID: ..., FirstName: ..., MiddleName: ..., LastName: ..., SSN: ..., Phone: ..., DateIdentifiedRisk: ..., RiskLevel: ..., OutreachStatus: ..., VAMC: ...}, Object{ReachID: ..., FirstName: ..., MiddleName: ..., LastName: ..., SSN: ..., Phone: ..., DateIdentifiedRisk: ..., RiskLevel: ..., OutreachStatus: ..., VAMC: ...}, Object{ReachID: ..., FirstName: ..., MiddleName: ..., LastName: ..., SSN: ..., Phone: ..., DateIdentifiedRisk: ..., RiskLevel: ..., OutreachStatus: ..., VAMC: ...}, Object{ReachID: ..., FirstName: ..., MiddleName: ..., LastName: ..., SSN: ..., Phone: ..., DateIdentifiedRisk: ..., RiskLevel: ..., OutreachStatus: ..., VAMC: ...}, Object{ReachID: ..., FirstName: ..., MiddleName: ..., LastName: ..., SSN: ..., Phone: ..., DateIdentifiedRisk: ..., RiskLevel: ..., OutreachStatus: ..., VAMC: ...}, Object{ReachID: ..., FirstName: ..., MiddleName: ..., LastName: ..., SSN: ..., Phone: ..., DateIdentifiedRisk: ..., RiskLevel: ..., OutreachStatus: ..., VAMC: ...}, Object{ReachID: ..., FirstName: ..., MiddleName: ..., LastName: ..., SSN: ..., Phone: ..., DateIdentifiedRisk: ..., RiskLevel: ..., OutreachStatus: ..., VAMC: ...}, Object{ReachID: ..., FirstName: ..., MiddleName: ..., LastName: ..., SSN: ..., Phone: ..., DateIdentifiedRisk: ..., RiskLevel: ..., OutreachStatus: ..., VAMC: ...}, Object{ReachID: ..., FirstName: ..., MiddleName: ..., LastName: ..., SSN: ..., Phone: ..., DateIdentifiedRisk: ..., RiskLevel: ..., OutreachStatus: ..., VAMC: ...}, Object{ReachID: ..., FirstName: ..., MiddleName: ..., LastName: ..., SSN: ..., Phone: ..., DateIdentifiedRisk: ..., RiskLevel: ..., OutreachStatus: ..., VAMC: ...}, Object{ReachID: ..., FirstName: ..., MiddleName: ..., LastName: ..., SSN: ..., Phone: ..., DateIdentifiedRisk: ..., RiskLevel: ..., OutreachStatus: ..., VAMC: ...}, Object{ReachID: ..., FirstName: ..., MiddleName: ..., LastName: ..., SSN: ..., Phone: ..., DateIdentifiedRisk: ..., RiskLevel: ..., OutreachStatus: ..., VAMC: ...}, Object{ReachID: ..., FirstName: ..., MiddleName: ..., LastName: ..., SSN: ..., Phone: ..., DateIdentifiedRisk: ..., RiskLevel: ..., OutreachStatus: ..., VAMC: ...}, Object{ReachID: ..., FirstName: ..., MiddleName: ..., LastName: ..., SSN: ..., Phone: ..., DateIdentifiedRisk: ..., RiskLevel: ..., OutreachStatus: ..., VAMC: ...}, Object{ReachID: ..., FirstName: ..., MiddleName: ..., LastName: ..., SSN: ..., Phone: ..., DateIdentifiedRisk: ..., RiskLevel: ..., OutreachStatus: ..., VAMC: ...}, Object{ReachID: ..., FirstName: ..., MiddleName: ..., LastName: ..., SSN: ..., Phone: ..., DateIdentifiedRisk: ..., RiskLevel: ..., OutreachStatus: ..., VAMC: ...}, Object{ReachID: ..., FirstName: ..., MiddleName: ..., LastName: ..., SSN: ..., Phone: ..., DateIdentifiedRisk: ..., RiskLevel: ..., OutreachStatus: ..., VAMC: ...}, Object{ReachID: ..., FirstName: ..., MiddleName: ..., LastName: ..., SSN: ..., Phone: ..., DateIdentifiedRisk: ..., RiskLevel: ..., OutreachStatus: ..., VAMC: ...}, Object{ReachID: ..., FirstName: ..., MiddleName: ..., LastName: ..., SSN: ..., Phone: ..., DateIdentifiedRisk: ..., RiskLevel: ..., OutreachStatus: ..., VAMC: ...}, Object{ReachID: ..., FirstName: ..., MiddleName: ..., LastName: ..., SSN: ..., Phone: ..., DateIdentifiedRisk: ..., RiskLevel: ..., OutreachStatus: ..., VAMC: ...}, Object{ReachID: ..., FirstName: ..., MiddleName: ..., LastName: ..., SSN: ..., Phone: ..., DateIdentifiedRisk: ..., RiskLevel: ..., OutreachStatus: ..., VAMC: ...}, Object{ReachID: ..., FirstName: ..., MiddleName: ..., LastName: ..., SSN: ..., Phone: ..., DateIdentifiedRisk: ..., RiskLevel: ..., OutreachStatus: ..., VAMC: ...}, Object{ReachID: ..., FirstName: ..., MiddleName: ..., LastName: ..., SSN: ..., Phone: ..., DateIdentifiedRisk: ..., RiskLevel: ..., OutreachStatus: ..., VAMC: ...}, Object{ReachID: ..., FirstName: ..., MiddleName: ..., LastName: ..., SSN: ..., Phone: ..., DateIdentifiedRisk: ..., RiskLevel: ..., OutreachStatus: ..., VAMC: ...}, Object{ReachID: ..., FirstName: ..., MiddleName: ..., LastName: ..., SSN: ..., Phone: ..., DateIdentifiedRisk: ..., RiskLevel: ..., OutreachStatus: ..., VAMC: ...}, Object{ReachID: ..., FirstName: ..., MiddleName: ..., LastName: ..., SSN: ..., Phone: ..., DateIdentifiedRisk: ..., RiskLevel: ..., OutreachStatus: ..., VAMC: ...}, Object{ReachID: ..., FirstName: ..., MiddleName: ..., LastName: ..., SSN: ..., Phone: ..., DateIdentifiedRisk: ..., RiskLevel: ..., OutreachStatus: ..., VAMC: ...}, Object{ReachID: ..., FirstName: ..., MiddleName: ..., LastName: ..., SSN: ..., Phone: ..., DateIdentifiedRisk: ..., RiskLevel: ..., OutreachStatus: ..., VAMC: ...}, Object{ReachID: ..., FirstName: ..., MiddleName: ..., LastName: ..., SSN: ..., Phone: ..., DateIdentifiedRisk: ..., RiskLevel: ..., OutreachStatus: ..., VAMC: ...}, Object{ReachID: ..., FirstName: ..., MiddleName: ..., LastName: ..., SSN: ..., Phone: ..., DateIdentifiedRisk: ..., RiskLevel: ..., OutreachStatus: ..., VAMC: ...}, Object{ReachID: ..., FirstName: ..., MiddleName: ..., LastName: ..., SSN: ..., Phone: ..., DateIdentifiedRisk: ..., RiskLevel: ..., OutreachStatus: ..., VAMC: ...}, Object{ReachID: ..., FirstName: ..., MiddleName: ..., LastName: ..., SSN: ..., Phone: ..., DateIdentifiedRisk: ..., RiskLevel: ..., OutreachStatus: ..., VAMC: ...}, Object{ReachID: ..., FirstName: ..., MiddleName: ..., LastName: ..., SSN: ..., Phone: ..., DateIdentifiedRisk: ..., RiskLevel: ..., OutreachStatus: ..., VAMC: ...}, Object{ReachID: ..., FirstName: ..., MiddleName: ..., LastName: ..., SSN: ..., Phone: ..., DateIdentifiedRisk: ..., RiskLevel: ..., OutreachStatus: ..., VAMC: ...}, Object{ReachID: ..., FirstName: ..., MiddleName: ..., LastName: ..., SSN: ..., Phone: ..., DateIdentifiedRisk: ..., RiskLevel: ..., OutreachStatus: ..., VAMC: ...}, Object{ReachID: ..., FirstName: ..., MiddleName: ..., LastName: ..., SSN: ..., Phone: ..., DateIdentifiedRisk: ..., RiskLevel: ..., OutreachStatus: ..., VAMC: ...}, Object{ReachID: ..., FirstName: ..., MiddleName: ..., LastName: ..., SSN: ..., Phone: ..., DateIdentifiedRisk: ..., RiskLevel: ..., OutreachStatus: ..., VAMC: ...}, Object{ReachID: ..., FirstName: ..., MiddleName: ..., LastName: ..., SSN: ..., Phone: ..., DateIdentifiedRisk: ..., RiskLevel: ..., OutreachStatus: ..., VAMC: ...}, Object{ReachID: ..., FirstName: ..., MiddleName: ..., LastName: ..., SSN: ..., Phone: ..., DateIdentifiedRisk: ..., RiskLevel: ..., OutreachStatus: ..., VAMC: ...}, Object{ReachID: ..., FirstName: ..., MiddleName: ..., LastName: ..., SSN: ..., Phone: ..., DateIdentifiedRisk: ..., RiskLevel: ..., OutreachStatus: ..., VAMC: ...}, Object{ReachID: ..., FirstName: ..., MiddleName: ..., LastName: ..., SSN: ..., Phone: ..., DateIdentifiedRisk: ..., RiskLevel: ..., OutreachStatus: ..., VAMC: ...}, Object{ReachID: ..., FirstName: ..., MiddleName: ..., LastName: ..., SSN: ..., Phone: ..., DateIdentifiedRisk: ..., RiskLevel: ..., OutreachStatus: ..., VAMC: ...}, Object{ReachID: ..., FirstName: ..., MiddleName: ..., LastName: ..., SSN: ..., Phone: ..., DateIdentifiedRisk: ..., RiskLevel: ..., OutreachStatus: ..., VAMC: ...}, Object{ReachID: ..., FirstName: ..., MiddleName: ..., LastName: ..., SSN: ..., Phone: ..., DateIdentifiedRisk: ..., RiskLevel: ..., OutreachStatus: ..., VAMC: ...}, Object{ReachID: ..., FirstName: ..., MiddleName: ..., LastName: ..., SSN: ..., Phone: ..., DateIdentifiedRisk: ..., RiskLevel: ..., OutreachStatus: ..., VAMC: ...}, Object{ReachID: ..., FirstName: ..., MiddleName: ..., LastName: ..., SSN: ..., Phone: ..., DateIdentifiedRisk: ..., RiskLevel: ..., OutreachStatus: ..., VAMC: ...}, Object{ReachID: ..., FirstName: ..., MiddleName: ..., LastName: ..., SSN: ..., Phone: ..., DateIdentifiedRisk: ..., RiskLevel: ..., OutreachStatus: ..., VAMC: ...}, Object{ReachID: ..., FirstName: ..., MiddleName: ..., LastName: ..., SSN: ..., Phone: ..., DateIdentifiedRisk: ..., RiskLevel: ..., OutreachStatus: ..., VAMC: ...}, Object{ReachID: ..., FirstName: ..., MiddleName: ..., LastName: ..., SSN: ..., Phone: ..., DateIdentifiedRisk: ..., RiskLevel: ..., OutreachStatus: ..., VAMC: ...}, Object{ReachID: ..., FirstName: ..., MiddleName: ..., LastName: ..., SSN: ..., Phone: ..., DateIdentifiedRisk: ..., RiskLevel: ..., OutreachStatus: ..., VAMC: ...}], [Object{OutReachStatusID: ..., StatusName: ..., StatusDefinition: ...}, Object{OutReachStatusID: ..., StatusName: ..., StatusDefinition: ...}, Object{OutReachStatusID: ..., StatusName: ..., StatusDefinition: ...}, Object{OutReachStatusID: ..., StatusName: ..., StatusDefinition: ...}, Object{OutReachStatusID: ..., StatusName: ..., StatusDefinition: ...}]]
,PhantomJS 1.9.8 (Windows 7) LOG: 'datamodelobj:::'
,PhantomJS 1.9.8 (Windows 7) LOG: Object{300389: Object{ReachID: 300389, FirstName: 'Vet*', MiddleName: 'N', LastName: 'Veteran_*', SSN: 'xxx-xx-3169', Phone: '(800) 555-1772', DateIdentifiedRisk: '9/25/2013', RiskLevel: 'Emergent', OutreachStatus: null, VAMC: '(V01) (402) Togus, ME'}, 733218: Object{ReachID: 733218, FirstName: 'Vet*', MiddleName: 'U', LastName: 'Veteran_*', SSN: 'xxx-xx-1396', Phone: '(800) 555-9751', DateIdentifiedRisk: '11/12/2001', RiskLevel: 'Emergent', OutreachStatus: null, VAMC: '(V01) (402) Togus, ME'}, 652427: Object{ReachID: 652427, FirstName: 'Vet*', MiddleName: 'A', LastName: 'Veteran_*', SSN: 'xxx-xx-9041', Phone: '(800) 555-9686', DateIdentifiedRisk: '5/13/2011', RiskLevel: 'Emergent', OutreachStatus: 2, VAMC: '(V01) (402) Togus, ME'}, 577571: Object{ReachID: 577571, FirstName: 'Vet*', MiddleName: 'B', LastName: 'Veteran_*', SSN: 'xxx-xx-1763', Phone: '(800) 555-5567', DateIdentifiedRisk: '4/20/2000', RiskLevel: 'Emergent', OutreachStatus: 4, VAMC: '(V01) (402) Togus, ME'}, 781151: Object{ReachID: 781151, FirstName: 'Vet*', MiddleName: 'I', LastName: 'Veteran_*', SSN: 'xxx-xx-9018', Phone: '(800) 555-4078', DateIdentifiedRisk: '2/8/2011', RiskLevel: 'Emergent', OutreachStatus: null, VAMC: '(V01) (402) Togus, ME'}, 554367: Object{ReachID: 554367, FirstName: 'Vet*', MiddleName: 'E', LastName: 'Veteran_*', SSN: 'xxx-xx-7331', Phone: '(800) 555-0821', DateIdentifiedRisk: '6/21/2007', RiskLevel: 'Emergent', OutreachStatus: null, VAMC: '(V01) (402) Togus, ME'}, 363524: Object{ReachID: 363524, FirstName: 'Vet*', MiddleName: 'S', LastName: 'Veteran_*', SSN: 'xxx-xx-9683', Phone: '(800) 555-0983', DateIdentifiedRisk: '12/1/1995', RiskLevel: 'Emergent', OutreachStatus: null, VAMC: '(V01) (402) Togus, ME'}, 357451: Object{ReachID: 357451, FirstName: 'Vet*', MiddleName: 'G', LastName: 'Veteran_*', SSN: 'xxx-xx-4262', Phone: '(800) 555-4140', DateIdentifiedRisk: '6/13/2009', RiskLevel: 'Emergent', OutreachStatus: null, VAMC: '(V01) (402) Togus, ME'}, 362646: Object{ReachID: 362646, FirstName: 'Vet*', MiddleName: 'F', LastName: 'Veteran_*', SSN: 'xxx-xx-8575', Phone: '(800) 555-6307', DateIdentifiedRisk: '3/28/1999', RiskLevel: 'High', OutreachStatus: null, VAMC: '(V01) (402) Togus, ME'}, 363387: Object{ReachID: 363387, FirstName: 'Vet*', MiddleName: 'B', LastName: 'Veteran_*', SSN: 'xxx-xx-6825', Phone: '(800) 555-9160', DateIdentifiedRisk: '11/15/1999', RiskLevel: 'High', OutreachStatus: null, VAMC: '(V01) (402) Togus, ME'}, 19835: Object{ReachID: 19835, FirstName: 'Vet19836', MiddleName: 'A', LastName: 'Veteran_19836', SSN: 'xxx-xx-3453', Phone: '(800) 555-9427', DateIdentifiedRisk: '5/15/1998', RiskLevel: 'High', OutreachStatus: null, VAMC: '(V01) (402) Togus, ME'}, 55457: Object{ReachID: 55457, FirstName: 'Vet55458', MiddleName: 'T', LastName: 'Veteran_55458', SSN: 'xxx-xx-9248', Phone: '(800) 555-5582', DateIdentifiedRisk: '4/17/1996', RiskLevel: 'High', OutreachStatus: null, VAMC: '(V01) (402) Togus, ME'}, 55767: Object{ReachID: 55767, FirstName: 'Vet55768', MiddleName: 'E', LastName: 'Veteran_55768', SSN: 'xxx-xx-6364', Phone: '(800) 555-0222', DateIdentifiedRisk: '6/25/2003', RiskLevel: 'High', OutreachStatus: null, VAMC: '(V01) (402) Togus, ME'}, 96042: Object{ReachID: 96042, FirstName: 'Vet96043', MiddleName: 'U', LastName: 'Veteran_96043', SSN: 'xxx-xx-9333', Phone: '(800) 555-9854', DateIdentifiedRisk: '12/3/2008', RiskLevel: 'High', OutreachStatus: null, VAMC: '(V01) (402) Togus, ME'}, 98254: Object{ReachID: 98254, FirstName: 'Vet98255', MiddleName: 'C', LastName: 'Veteran_98255', SSN: 'xxx-xx-6088', Phone: '(800) 555-4574', DateIdentifiedRisk: '10/14/2005', RiskLevel: 'High', OutreachStatus: null, VAMC: '(V01) (402) Togus, ME'}, 138016: Object{ReachID: 138016, FirstName: 'Vet*', MiddleName: 'O', LastName: 'Veteran_*', SSN: 'xxx-xx-4271', Phone: '(800) 555-7735', DateIdentifiedRisk: '5/2/2011', RiskLevel: 'High', OutreachStatus: null, VAMC: '(V01) (402) Togus, ME'}, 138163: Object{ReachID: 138163, FirstName: 'Vet*', MiddleName: 'G', LastName: 'Veteran_*', SSN: 'xxx-xx-9961', Phone: '(800) 555-1359', DateIdentifiedRisk: '7/22/2002', RiskLevel: 'High', OutreachStatus: null, VAMC: '(V01) (402) Togus, ME'}, 138834: Object{ReachID: 138834, FirstName: 'Vet*', MiddleName: 'J', LastName: 'Veteran_*', SSN: 'xxx-xx-0023', Phone: '(800) 555-1084', DateIdentifiedRisk: '1/27/2014', RiskLevel: 'High', OutreachStatus: null, VAMC: '(V01) (402) Togus, ME'}, 165693: Object{ReachID: 165693, FirstName: 'Vet*', MiddleName: 'G', LastName: 'Veteran_*', SSN: 'xxx-xx-2623', Phone: '(800) 555-9075', DateIdentifiedRisk: '10/3/2005', RiskLevel: 'High', OutreachStatus: null, VAMC: '(V01) (402) Togus, ME'}, 169823: Object{ReachID: 169823, FirstName: 'Vet*', MiddleName: 'O', LastName: 'Veteran_*', SSN: 'xxx-xx-3245', Phone: '(800) 555-6576', DateIdentifiedRisk: '8/2/2000', RiskLevel: 'High', OutreachStatus: null, VAMC: '(V01) (402) Togus, ME'}, 194555: Object{ReachID: 194555, FirstName: 'Vet*', MiddleName: 'T', LastName: 'Veteran_*', SSN: 'xxx-xx-8466', Phone: '(800) 555-2904', DateIdentifiedRisk: '7/20/2002', RiskLevel: 'High', OutreachStatus: null, VAMC: '(V01) (402) Togus, ME'}, 197452: Object{ReachID: 197452, FirstName: 'Vet*', MiddleName: 'Q', LastName: 'Veteran_*', SSN: 'xxx-xx-8047', Phone: '(800) 555-7577', DateIdentifiedRisk: '3/8/2011', RiskLevel: 'High', OutreachStatus: null, VAMC: '(V01) (402) Togus, ME'}, 199073: Object{ReachID: 199073, FirstName: 'Vet*', MiddleName: 'H', LastName: 'Veteran_*', SSN: 'xxx-xx-5866', Phone: '(800) 555-8162', DateIdentifiedRisk: '10/8/1999', RiskLevel: 'High', OutreachStatus: null, VAMC: '(V01) (402) Togus, ME'}, 233916: Object{ReachID: 233916, FirstName: 'Vet*', MiddleName: 'P', LastName: 'Veteran_*', SSN: 'xxx-xx-5783', Phone: '(800) 555-2999', DateIdentifiedRisk: '11/3/2007', RiskLevel: 'High', OutreachStatus: null, VAMC: '(V01) (402) Togus, ME'}, 240151: Object{ReachID: 240151, FirstName: 'Vet*', MiddleName: 'D', LastName: 'Veteran_*', SSN: 'xxx-xx-4149', Phone: '(800) 555-3106', DateIdentifiedRisk: '9/21/2004', RiskLevel: 'High', OutreachStatus: null, VAMC: '(V01) (402) Togus, ME'}, 241624: Object{ReachID: 241624, FirstName: 'Vet*', MiddleName: 'K', LastName: 'Veteran_*', SSN: 'xxx-xx-9832', Phone: '(800) 555-0977', DateIdentifiedRisk: '12/2/1998', RiskLevel: 'High', OutreachStatus: null, VAMC: '(V01) (402) Togus, ME'}, 275715: Object{ReachID: 275715, FirstName: 'Vet*', MiddleName: 'K', LastName: 'Veteran_*', SSN: 'xxx-xx-6692', Phone: '(800) 555-7102', DateIdentifiedRisk: '9/4/2012', RiskLevel: 'High', OutreachStatus: null, VAMC: '(V01) (402) Togus, ME'}, 278117: Object{ReachID: 278117, FirstName: 'Vet*', MiddleName: 'U', LastName: 'Veteran_*', SSN: 'xxx-xx-7659', Phone: '(800) 555-4197', DateIdentifiedRisk: '11/29/1995', RiskLevel: 'High', OutreachStatus: null, VAMC: '(V01) (402) Togus, ME'}, 315760: Object{ReachID: 315760, FirstName: 'Vet*', MiddleName: 'A', LastName: 'Veteran_*', SSN: 'xxx-xx-7248', Phone: '(800) 555-1454', DateIdentifiedRisk: '8/12/2006', RiskLevel: 'High', OutreachStatus: null, VAMC: '(V01) (402) Togus, ME'}, 315788: Object{ReachID: 315788, FirstName: 'Vet*', MiddleName: 'W', LastName: 'Veteran_*', SSN: 'xxx-xx-8879', Phone: '(800) 555-0394', DateIdentifiedRisk: '5/23/2009', RiskLevel: 'High', OutreachStatus: null, VAMC: '(V01) (402) Togus, ME'}, 319886: Object{ReachID: 319886, FirstName: 'Vet*', MiddleName: 'M', LastName: 'Veteran_*', SSN: 'xxx-xx-1834', Phone: '(800) 555-5347', DateIdentifiedRisk: '10/2/1999', RiskLevel: 'High', OutreachStatus: null, VAMC: '(V01) (402) Togus, ME'}, 320359: Object{ReachID: 320359, FirstName: 'Vet*', MiddleName: 'Q', LastName: 'Veteran_*', SSN: 'xxx-xx-0825', Phone: '(800) 555-8299', DateIdentifiedRisk: '9/24/2012', RiskLevel: 'High', OutreachStatus: null, VAMC: '(V01) (402) Togus, ME'}, 322882: Object{ReachID: 322882, FirstName: 'Vet*', MiddleName: 'I', LastName: 'Veteran_*', SSN: 'xxx-xx-7639', Phone: '(800) 555-9832', DateIdentifiedRisk: '12/31/2005', RiskLevel: 'High', OutreachStatus: null, VAMC: '(V01) (402) Togus, ME'}, 323682: Object{ReachID: 323682, FirstName: 'Vet*', MiddleName: 'K', LastName: 'Veteran_*', SSN: 'xxx-xx-1207', Phone: '(800) 555-8179', DateIdentifiedRisk: '1/5/2003', RiskLevel: 'High', OutreachStatus: null, VAMC: '(V01) (402) Togus, ME'}, 356838: Object{ReachID: 356838, FirstName: 'Vet*', MiddleName: 'G', LastName: 'Veteran_*', SSN: 'xxx-xx-8635', Phone: '(800) 555-2276', DateIdentifiedRisk: '9/25/2005', RiskLevel: 'High', OutreachStatus: null, VAMC: '(V01) (402) Togus, ME'}, 403529: Object{ReachID: 403529, FirstName: 'Vet*', MiddleName: 'G', LastName: 'Veteran_*', SSN: 'xxx-xx-3477', Phone: '(800) 555-1838', DateIdentifiedRisk: '10/7/2000', RiskLevel: 'High', OutreachStatus: null, VAMC: '(V01) (402) Togus, ME'}, 404711: Object{ReachID: 404711, FirstName: 'Vet*', MiddleName: 'I', LastName: 'Veteran_*', SSN: 'xxx-xx-2211', Phone: '(800) 555-0575', DateIdentifiedRisk: '1/3/1998', RiskLevel: 'High', OutreachStatus: null, VAMC: '(V01) (402) Togus, ME'}, 406823: Object{ReachID: 406823, FirstName: 'Vet*', MiddleName: 'X', LastName: 'Veteran_*', SSN: 'xxx-xx-2959', Phone: '(800) 555-0533', DateIdentifiedRisk: '1/2/2007', RiskLevel: 'High', OutreachStatus: null, VAMC: '(V01) (402) Togus, ME'}, 441482: Object{ReachID: 441482, FirstName: 'Vet*', MiddleName: 'D', LastName: 'Veteran_*', SSN: 'xxx-xx-1666', Phone: '(800) 555-6082', DateIdentifiedRisk: '2/3/2000', RiskLevel: 'High', OutreachStatus: null, VAMC: '(V01) (402) Togus, ME'}, 446088: Object{ReachID: 446088, FirstName: 'Vet*', MiddleName: 'J', LastName: 'Veteran_*', SSN: 'xxx-xx-6126', Phone: '(800) 555-2376', DateIdentifiedRisk: '6/3/2002', RiskLevel: 'High', OutreachStatus: null, VAMC: '(V01) (402) Togus, ME'}, 446368: Object{ReachID: 446368, FirstName: 'Vet*', MiddleName: 'B', LastName: 'Veteran_*', SSN: 'xxx-xx-5391', Phone: '(800) 555-9262', DateIdentifiedRisk: '4/4/2003', RiskLevel: 'High', OutreachStatus: null, VAMC: '(V01) (402) Togus, ME'}, 479697: Object{ReachID: 479697, FirstName: 'Vet*', MiddleName: 'I', LastName: 'Veteran_*', SSN: 'xxx-xx-2739', Phone: '(800) 555-1493', DateIdentifiedRisk: '4/1/2001', RiskLevel: 'High', OutreachStatus: null, VAMC: '(V01) (402) Togus, ME'}, 483768: Object{ReachID: 483768, FirstName: 'Vet*', MiddleName: 'J', LastName: 'Veteran_*', SSN: 'xxx-xx-0931', Phone: '(800) 555-9966', DateIdentifiedRisk: '8/19/2004', RiskLevel: 'High', OutreachStatus: null, VAMC: '(V01) (402) Togus, ME'}, 484889: Object{ReachID: 484889, FirstName: 'Vet*', MiddleName: 'L', LastName: 'Veteran_*', SSN: 'xxx-xx-5732', Phone: '(800) 555-2830', DateIdentifiedRisk: '3/11/1997', RiskLevel: 'High', OutreachStatus: null, VAMC: '(V01) (402) Togus, ME'}, 521558: Object{ReachID: 521558, FirstName: 'Vet*', MiddleName: 'L', LastName: 'Veteran_*', SSN: 'xxx-xx-6800', Phone: '(800) 555-5400', DateIdentifiedRisk: '7/17/2014', RiskLevel: 'High', OutreachStatus: null, VAMC: '(V01) (402) Togus, ME'}, 524125: Object{ReachID: 524125, FirstName: 'Vet*', MiddleName: 'Z', LastName: 'Veteran_*', SSN: 'xxx-xx-2696', Phone: '(800) 555-6321', DateIdentifiedRisk: '7/27/1998', RiskLevel: 'High', OutreachStatus: null, VAMC: '(V01) (402) Togus, ME'}, 526833: Object{ReachID: 526833, FirstName: 'Vet*', MiddleName: 'J', LastName: 'Veteran_*', SSN: 'xxx-xx-5198', Phone: '(800) 555-6053', DateIdentifiedRisk: '6/27/2002', RiskLevel: 'High', OutreachStatus: null, VAMC: '(V01) (402) Togus, ME'}, 530171: Object{ReachID: 530171, FirstName: 'Vet*', MiddleName: 'E', LastName: 'Veteran_*', SSN: 'xxx-xx-1331', Phone: '(800) 555-9999', DateIdentifiedRisk: '5/14/2003', RiskLevel: 'High', OutreachStatus: null, VAMC: '(V01) (402) Togus, ME'}, 565431: Object{ReachID: 565431, FirstName: 'Vet*', MiddleName: 'K', LastName: 'Veteran_*', SSN: 'xxx-xx-6925', Phone: '(800) 555-4637', DateIdentifiedRisk: '4/27/1999', RiskLevel: 'High', OutreachStatus: null, VAMC: '(V01) (402) Togus, ME'}, 566384: Object{ReachID: 566384, FirstName: 'Vet*', MiddleName: 'A', LastName: 'Veteran_*', SSN: 'xxx-xx-1458', Phone: '(800) 555-3121', DateIdentifiedRisk: '2/20/2007', RiskLevel: 'High', OutreachStatus: 2, VAMC: '(V01) (402) Togus, ME'}, 567423: Object{ReachID: 567423, FirstName: 'Vet*', MiddleName: 'Z', LastName: 'Veteran_*', SSN: 'xxx-xx-4414', Phone: '(800) 555-4373', DateIdentifiedRisk: '12/23/2009', RiskLevel: 'High', OutreachStatus: null, VAMC: '(V01) (402) Togus, ME'}, 568788: Object{ReachID: 568788, FirstName: 'Vet*', MiddleName: 'A', LastName: 'Veteran_*', SSN: 'xxx-xx-5611', Phone: '(800) 555-0340', DateIdentifiedRisk: '11/4/2008', RiskLevel: 'High', OutreachStatus: null, VAMC: '(V01) (402) Togus, ME'}, 601917: Object{ReachID: 601917, FirstName: 'Vet*', MiddleName: 'N', LastName: 'Veteran_*', SSN: 'xxx-xx-1207', Phone: '(800) 555-5100', DateIdentifiedRisk: '5/14/1999', RiskLevel: 'High', OutreachStatus: null, VAMC: '(V01) (402) Togus, ME'}, 604069: Object{ReachID: 604069, FirstName: 'Vet*', MiddleName: 'B', LastName: 'Veteran_*', SSN: 'xxx-xx-3899', Phone: '(800) 555-0082', DateIdentifiedRisk: '12/23/1995', RiskLevel: 'High', OutreachStatus: null, VAMC: '(V01) (402) Togus, ME'}, 604334: Object{ReachID: 604334, FirstName: 'Vet*', MiddleName: 'Q', LastName: 'Veteran_*', SSN: 'xxx-xx-0510', Phone: '(800) 555-2287', DateIdentifiedRisk: '12/11/2004', RiskLevel: 'High', OutreachStatus: null, VAMC: '(V01) (402) Togus, ME'}, 605229: Object{ReachID: 605229, FirstName: 'Vet*', MiddleName: 'M', LastName: 'Veteran_*', SSN: 'xxx-xx-7939', Phone: '(800) 555-2605', DateIdentifiedRisk: '11/11/2003', RiskLevel: 'High', OutreachStatus: null, VAMC: '(V01) (402) Togus, ME'}, 605528: Object{ReachID: 605528, FirstName: 'Vet*', MiddleName: 'W', LastName: 'Veteran_*', SSN: 'xxx-xx-3484', Phone: '(800) 555-3633', DateIdentifiedRisk: '11/2/2003', RiskLevel: 'High', OutreachStatus: null, VAMC: '(V01) (402) Togus, ME'}, 605789: Object{ReachID: 605789, FirstName: 'Vet*', MiddleName: 'Y', LastName: 'Veteran_*', SSN: 'xxx-xx-7504', Phone: '(800) 555-7695', DateIdentifiedRisk: '7/26/2002', RiskLevel: 'High', OutreachStatus: null, VAMC: '(V01) (402) Togus, ME'}, 610748: Object{ReachID: 610748, FirstName: 'Vet*', MiddleName: 'K', LastName: 'Veteran_*', SSN: 'xxx-xx-2270', Phone: '(800) 555-3924', DateIdentifiedRisk: '8/28/2008', RiskLevel: 'High', OutreachStatus: null, VAMC: '(V01) (402) Togus, ME'}, 610925: Object{ReachID: 610925, FirstName: 'Vet*', MiddleName: 'G', LastName: 'Veteran_*', SSN: 'xxx-xx-0000', Phone: '(800) 555-5356', DateIdentifiedRisk: '1/9/2000', RiskLevel: 'High', OutreachStatus: null, VAMC: '(V01) (402) Togus, ME'}, 664219: Object{ReachID: 664219, FirstName: 'Vet*', MiddleName: 'C', LastName: 'Veteran_*', SSN: 'xxx-xx-9530', Phone: '(800) 555-3130', DateIdentifiedRisk: '3/25/2012', RiskLevel: 'High', OutreachStatus: null, VAMC: '(V01) (402) Togus, ME'}, 705914: Object{ReachID: 705914, FirstName: 'Vet*', MiddleName: 'A', LastName: 'Veteran_*', SSN: 'xxx-xx-1537', Phone: '(800) 555-0853', DateIdentifiedRisk: '10/10/1999', RiskLevel: 'High', OutreachStatus: null, VAMC: '(V01) (402) Togus, ME'}, 708494: Object{ReachID: 708494, FirstName: 'Vet*', MiddleName: 'M', LastName: 'Veteran_*', SSN: 'xxx-xx-5632', Phone: '(800) 555-5596', DateIdentifiedRisk: '5/12/2005', RiskLevel: 'High', OutreachStatus: null, VAMC: '(V01) (402) Togus, ME'}, 710362: Object{ReachID: 710362, FirstName: 'Vet*', MiddleName: 'G', LastName: 'Veteran_*', SSN: 'xxx-xx-6918', Phone: '(800) 555-6479', DateIdentifiedRisk: '7/10/1999', RiskLevel: 'High', OutreachStatus: null, VAMC: '(V01) (402) Togus, ME'}, 712238: Object{ReachID: 712238, FirstName: 'Vet*', MiddleName: 'K', LastName: 'Veteran_*', SSN: 'xxx-xx-2325', Phone: '(800) 555-0487', DateIdentifiedRisk: '7/25/2012', RiskLevel: 'High', OutreachStatus: null, VAMC: '(V01) (402) Togus, ME'}, 746721: Object{ReachID: 746721, FirstName: 'Vet*', MiddleName: 'V', LastName: 'Veteran_*', SSN: 'xxx-xx-8415', Phone: '(800) 555-1823', DateIdentifiedRisk: '3/14/2012', RiskLevel: 'High', OutreachStatus: null, VAMC: '(V01) (402) Togus, ME'}, 747316: Object{ReachID: 747316, FirstName: 'Vet*', MiddleName: 'Q', LastName: 'Veteran_*', SSN: 'xxx-xx-3639', Phone: '(800) 555-9892', DateIdentifiedRisk: '6/2/2012', RiskLevel: 'High', OutreachStatus: null, VAMC: '(V01) (402) Togus, ME'}, 748281: Object{ReachID: 748281, FirstName: 'Vet*', MiddleName: 'X', LastName: 'Veteran_*', SSN: 'xxx-xx-0101', Phone: '(800) 555-0892', DateIdentifiedRisk: '1/29/2003', RiskLevel: 'High', OutreachStatus: null, VAMC: '(V01) (402) Togus, ME'}, 787750: Object{ReachID: 787750, FirstName: 'Vet*', MiddleName: 'I', LastName: 'Veteran_*', SSN: 'xxx-xx-3715', Phone: '(800) 555-4340', DateIdentifiedRisk: '12/16/1996', RiskLevel: 'High', OutreachStatus: null, VAMC: '(V01) (402) Togus, ME'}, 794717: Object{ReachID: 794717, FirstName: 'Vet*', MiddleName: 'O', LastName: 'Veteran_*', SSN: 'xxx-xx-2409', Phone: '(800) 555-2623', DateIdentifiedRisk: '11/5/2010', RiskLevel: 'High', OutreachStatus: null, VAMC: '(V01) (402) Togus, ME'}, 795049: Object{ReachID: 795049, FirstName: 'Vet*', MiddleName: 'J', LastName: 'Veteran_*', SSN: 'xxx-xx-8845', Phone: '(800) 555-6539', DateIdentifiedRisk: '5/30/2003', RiskLevel: 'High', OutreachStatus: null, VAMC: '(V01) (402) Togus, ME'}, 795822: Object{ReachID: 795822, FirstName: 'Vet*', MiddleName: 'C', LastName: 'Veteran_*', SSN: 'xxx-xx-8823', Phone: '(800) 555-6302', DateIdentifiedRisk: '12/19/2005', RiskLevel: 'High', OutreachStatus: null, VAMC: '(V01) (402) Togus, ME'}, 827046: Object{ReachID: 827046, FirstName: 'Vet*', MiddleName: 'A', LastName: 'Veteran_*', SSN: 'xxx-xx-8262', Phone: '(800) 555-9472', DateIdentifiedRisk: '5/17/2005', RiskLevel: 'High', OutreachStatus: null, VAMC: '(V01) (402) Togus, ME'}, 830582: Object{ReachID: 830582, FirstName: 'Vet*', MiddleName: 'B', LastName: 'Veteran_*', SSN: 'xxx-xx-0610', Phone: '(800) 555-6316', DateIdentifiedRisk: '6/24/2000', RiskLevel: 'High', OutreachStatus: null, VAMC: '(V01) (402) Togus, ME'}, 835184: Object{ReachID: 835184, FirstName: 'Vet*', MiddleName: 'T', LastName: 'Veteran_*', SSN: 'xxx-xx-3654', Phone: '(800) 555-2261', DateIdentifiedRisk: '12/20/2006', RiskLevel: 'High', OutreachStatus: null, VAMC: '(V01) (402) Togus, ME'}, 871154: Object{ReachID: 871154, FirstName: 'Vet*', MiddleName: 'W', LastName: 'Veteran_*', SSN: 'xxx-xx-0489', Phone: '(800) 555-8607', DateIdentifiedRisk: '3/29/2007', RiskLevel: 'High', OutreachStatus: null, VAMC: '(V01) (402) Togus, ME'}, 910848: Object{ReachID: 910848, FirstName: 'Vet*', MiddleName: 'B', LastName: 'Veteran_*', SSN: 'xxx-xx-9796', Phone: '(800) 555-6526', DateIdentifiedRisk: '9/24/2002', RiskLevel: 'High', OutreachStatus: null, VAMC: '(V01) (402) Togus, ME'}, 911460: Object{ReachID: 911460, FirstName: 'Vet*', MiddleName: 'M', LastName: 'Veteran_*', SSN: 'xxx-xx-3081', Phone: '(800) 555-2123', DateIdentifiedRisk: '5/5/2003', RiskLevel: 'High', OutreachStatus: null, VAMC: '(V01) (402) Togus, ME'}, 912485: Object{ReachID: 912485, FirstName: 'Vet*', MiddleName: 'J', LastName: 'Veteran_*', SSN: 'xxx-xx-1074', Phone: '(800) 555-2762', DateIdentifiedRisk: '4/25/2007', RiskLevel: 'High', OutreachStatus: null, VAMC: '(V01) (402) Togus, ME'}, 912989: Object{ReachID: 912989, FirstName: 'Vet*', MiddleName: 'Y', LastName: 'Veteran_*', SSN: 'xxx-xx-9020', Phone: '(800) 555-3156', DateIdentifiedRisk: '10/20/1999', RiskLevel: 'High', OutreachStatus: null, VAMC: '(V01) (402) Togus, ME'}, 913958: Object{ReachID: 913958, FirstName: 'Vet*', MiddleName: 'R', LastName: 'Veteran_*', SSN: 'xxx-xx-9027', Phone: '(800) 555-6228', DateIdentifiedRisk: '10/2/2008', RiskLevel: 'High', OutreachStatus: null, VAMC: '(V01) (402) Togus, ME'}, 914609: Object{ReachID: 914609, FirstName: 'Vet*', MiddleName: 'V', LastName: 'Veteran_*', SSN: 'xxx-xx-9030', Phone: '(800) 555-5154', DateIdentifiedRisk: '12/17/2012', RiskLevel: 'High', OutreachStatus: null, VAMC: '(V01) (402) Togus, ME'}, 918757: Object{ReachID: 918757, FirstName: 'Vet*', MiddleName: 'S', LastName: 'Veteran_*', SSN: 'xxx-xx-0585', Phone: '(800) 555-9062', DateIdentifiedRisk: '12/13/2005', RiskLevel: 'High', OutreachStatus: null, VAMC: '(V01) (402) Togus, ME'}, 954108: Object{ReachID: 954108, FirstName: 'Vet*', MiddleName: 'M', LastName: 'Veteran_*', SSN: 'xxx-xx-1771', Phone: '(800) 555-9297', DateIdentifiedRisk: '5/14/2005', RiskLevel: 'High', OutreachStatus: null, VAMC: '(V01) (402) Togus, ME'}, 957879: Object{ReachID: 957879, FirstName: 'Vet*', MiddleName: 'D', LastName: 'Veteran_*', SSN: 'xxx-xx-0114', Phone: '(800) 555-6280', DateIdentifiedRisk: '4/12/2008', RiskLevel: 'High', OutreachStatus: null, VAMC: '(V01) (402) Togus, ME'}, 958514: Object{ReachID: 958514, FirstName: 'Vet*', MiddleName: 'U', LastName: 'Veteran_*', SSN: 'xxx-xx-2821', Phone: '(800) 555-7956', DateIdentifiedRisk: '11/5/2009', RiskLevel: 'High', OutreachStatus: null, VAMC: '(V01) (402) Togus, ME'}, 959591: Object{ReachID: 959591, FirstName: 'Vet*', MiddleName: 'J', LastName: 'Veteran_*', SSN: 'xxx-xx-3985', Phone: '(800) 555-8674', DateIdentifiedRisk: '7/19/2008', RiskLevel: 'High', OutreachStatus: null, VAMC: '(V01) (402) Togus, ME'}, 990149: Object{ReachID: 990149, FirstName: 'Vet*', MiddleName: 'R', LastName: 'Veteran_*', SSN: 'xxx-xx-0163', Phone: '(800) 555-0435', DateIdentifiedRisk: '5/17/2004', RiskLevel: 'High', OutreachStatus: null, VAMC: '(V01) (402) Togus, ME'}, 990761: Object{ReachID: 990761, FirstName: 'Vet*', MiddleName: 'C', LastName: 'Veteran_*', SSN: 'xxx-xx-6379', Phone: '(800) 555-6078', DateIdentifiedRisk: '12/26/1996', RiskLevel: 'High', OutreachStatus: null, VAMC: '(V01) (402) Togus, ME'}, 592437: Object{ReachID: 592437, FirstName: 'Vet*', MiddleName: 'W', LastName: 'Veteran_*', SSN: 'xxx-xx-2982', Phone: '(800) 555-4987', DateIdentifiedRisk: '1/13/2010', RiskLevel: 'High', OutreachStatus: null, VAMC: '(V01) (402) Togus, ME'}, 592649: Object{ReachID: 592649, FirstName: 'Vet*', MiddleName: 'H', LastName: 'Veteran_*', SSN: 'xxx-xx-7234', Phone: '(800) 555-7656', DateIdentifiedRisk: '6/25/1996', RiskLevel: 'High', OutreachStatus: null, VAMC: '(V01) (402) Togus, ME'}, 592663: Object{ReachID: 592663, FirstName: 'Vet*', MiddleName: 'C', LastName: 'Veteran_*', SSN: 'xxx-xx-7787', Phone: '(800) 555-6640', DateIdentifiedRisk: '2/15/2004', RiskLevel: 'High', OutreachStatus: null, VAMC: '(V01) (402) Togus, ME'}, 642249: Object{ReachID: 642249, FirstName: 'Vet*', MiddleName: 'L', LastName: 'Veteran_*', SSN: 'xxx-xx-6269', Phone: '(800) 555-7819', DateIdentifiedRisk: '3/6/2001', RiskLevel: 'High', OutreachStatus: null, VAMC: '(V01) (402) Togus, ME'}, 675570: Object{ReachID: 675570, FirstName: 'Vet*', MiddleName: 'F', LastName: 'Veteran_*', SSN: 'xxx-xx-4281', Phone: '(800) 555-4964', DateIdentifiedRisk: '9/25/2006', RiskLevel: 'High', OutreachStatus: null, VAMC: '(V01) (402) Togus, ME'}, 676708: Object{ReachID: 676708, FirstName: 'Vet*', MiddleName: 'J', LastName: 'Veteran_*', SSN: 'xxx-xx-3540', Phone: '(800) 555-0530', DateIdentifiedRisk: '3/19/2011', RiskLevel: 'High', OutreachStatus: null, VAMC: '(V01) (402) Togus, ME'}, 681787: Object{ReachID: 681787, FirstName: 'Vet*', MiddleName: 'K', LastName: 'Veteran_*', SSN: 'xxx-xx-9865', Phone: '(800) 555-1844', DateIdentifiedRisk: '2/13/1996', RiskLevel: 'High', OutreachStatus: null, VAMC: '(V01) (402) Togus, ME'}, 682982: Object{ReachID: 682982, FirstName: 'Vet*', MiddleName: 'E', LastName: 'Veteran_*', SSN: 'xxx-xx-8935', Phone: '(800) 555-8726', DateIdentifiedRisk: '10/28/2013', RiskLevel: 'High', OutreachStatus: null, VAMC: '(V01) (402) Togus, ME'}, 714680: Object{ReachID: 714680, FirstName: 'Vet*', MiddleName: 'C', LastName: 'Veteran_*', SSN: 'xxx-xx-3881', Phone: '(800) 555-7848', DateIdentifiedRisk: '10/14/2009', RiskLevel: 'High', OutreachStatus: null, VAMC: '(V01) (402) Togus, ME'}, 715980: Object{ReachID: 715980, FirstName: 'Vet*', MiddleName: 'W', LastName: 'Veteran_*', SSN: 'xxx-xx-2922', Phone: '(800) 555-6858', DateIdentifiedRisk: '11/30/2011', RiskLevel: 'High', OutreachStatus: null, VAMC: '(V01) (402) Togus, ME'}, 717393: Object{ReachID: 717393, FirstName: 'Vet*', MiddleName: 'C', LastName: 'Veteran_*', SSN: 'xxx-xx-8856', Phone: '(800) 555-3651', DateIdentifiedRisk: '11/27/2002', RiskLevel: 'High', OutreachStatus: null, VAMC: '(V01) (402) Togus, ME'}, 718754: Object{ReachID: 718754, FirstName: 'Vet*', MiddleName: 'I', LastName: 'Veteran_*', SSN: 'xxx-xx-5471', Phone: '(800) 555-6069', DateIdentifiedRisk: '7/4/2009', RiskLevel: 'High', OutreachStatus: null, VAMC: '(V01) (402) Togus, ME'}, 756290: Object{ReachID: 756290, FirstName: 'Vet*', MiddleName: 'Z', LastName: 'Veteran_*', SSN: 'xxx-xx-8338', Phone: '(800) 555-8792', DateIdentifiedRisk: '3/5/2006', RiskLevel: 'High', OutreachStatus: null, VAMC: '(V01) (402) Togus, ME'}, 760233: Object{ReachID: 760233, FirstName: 'Vet*', MiddleName: 'A', LastName: 'Veteran_*', SSN: 'xxx-xx-1964', Phone: '(800) 555-4571', DateIdentifiedRisk: '2/2/2004', RiskLevel: 'High', OutreachStatus: null, VAMC: '(V01) (402) Togus, ME'}, 763875: Object{ReachID: 763875, FirstName: 'Vet*', MiddleName: 'T', LastName: 'Veteran_*', SSN: 'xxx-xx-6672', Phone: '(800) 555-3247', DateIdentifiedRisk: '5/6/2013', RiskLevel: 'High', OutreachStatus: null, VAMC: '(V01) (402) Togus, ME'}, 764905: Object{ReachID: 764905, FirstName: 'Vet*', MiddleName: 'P', LastName: 'Veteran_*', SSN: 'xxx-xx-5492', Phone: '(800) 555-2316', DateIdentifiedRisk: '9/20/2012', RiskLevel: 'High', OutreachStatus: null, VAMC: '(V01) (402) Togus, ME'}, 765176: Object{ReachID: 765176, FirstName: 'Vet*', MiddleName: 'C', LastName: 'Veteran_*', SSN: 'xxx-xx-9335', Phone: '(800) 555-8271', DateIdentifiedRisk: '11/13/2003', RiskLevel: 'High', OutreachStatus: null, VAMC: '(V01) (402) Togus, ME'}, 798409: Object{ReachID: 798409, FirstName: 'Vet*', MiddleName: 'A', LastName: 'Veteran_*', SSN: 'xxx-xx-5412', Phone: '(800) 555-1036', DateIdentifiedRisk: '6/24/2005', RiskLevel: 'High', OutreachStatus: null, VAMC: '(V01) (402) Togus, ME'}, 799709: Object{ReachID: 799709, FirstName: 'Vet*', MiddleName: 'P', LastName: 'Veteran_*', SSN: 'xxx-xx-4113', Phone: '(800) 555-3048', DateIdentifiedRisk: '5/2/2005', RiskLevel: 'High', OutreachStatus: null, VAMC: '(V01) (402) Togus, ME'}, 802046: Object{ReachID: 802046, FirstName: 'Vet*', MiddleName: 'L', LastName: 'Veteran_*', SSN: 'xxx-xx-0300', Phone: '(800) 555-2049', DateIdentifiedRisk: '3/22/2013', RiskLevel: 'High', OutreachStatus: null, VAMC: '(V01) (402) Togus, ME'}, 837544: Object{ReachID: 837544, FirstName: 'Vet*', MiddleName: 'U', LastName: 'Veteran_*', SSN: 'xxx-xx-0053', Phone: '(800) 555-5713', DateIdentifiedRisk: '6/10/2000', RiskLevel: 'High', OutreachStatus: null, VAMC: '(V01) (402) Togus, ME'}, 878951: Object{ReachID: 878951, FirstName: 'Vet*', MiddleName: 'A', LastName: 'Veteran_*', SSN: 'xxx-xx-0828', Phone: '(800) 555-5331', DateIdentifiedRisk: '12/19/2004', RiskLevel: 'High', OutreachStatus: 2, VAMC: '(V01) (402) Togus, ME'}, 879513: Object{ReachID: 879513, FirstName: 'Vet*', MiddleName: 'T', LastName: 'Veteran_*', SSN: 'xxx-xx-0700', Phone: '(800) 555-4747', DateIdentifiedRisk: '2/17/2012', RiskLevel: 'High', OutreachStatus: null, VAMC: '(V01) (402) Togus, ME'}, 881698: Object{ReachID: 881698, FirstName: 'Vet*', MiddleName: 'D', LastName: 'Veteran_*', SSN: 'xxx-xx-3126', Phone: '(800) 555-0911', DateIdentifiedRisk: '3/31/2008', RiskLevel: 'High', OutreachStatus: null, VAMC: '(V01) (402) Togus, ME'}, 888113: Object{ReachID: 888113, FirstName: 'Vet*', MiddleName: 'Z', LastName: 'Veteran_*', SSN: 'xxx-xx-9009', Phone: '(800) 555-8985', DateIdentifiedRisk: '5/26/2003', RiskLevel: 'High', OutreachStatus: null, VAMC: '(V01) (402) Togus, ME'}, 919192: Object{ReachID: 919192, FirstName: 'Vet*', MiddleName: 'R', LastName: 'Veteran_*', SSN: 'xxx-xx-2589', Phone: '(800) 555-3341', DateIdentifiedRisk: '10/16/2007', RiskLevel: 'High', OutreachStatus: null, VAMC: '(V01) (402) Togus, ME'}, 923886: Object{ReachID: 923886, FirstName: 'Vet*', MiddleName: 'L', LastName: 'Veteran_*', SSN: 'xxx-xx-4696', Phone: '(800) 555-9727', DateIdentifiedRisk: '10/29/2008', RiskLevel: 'High', OutreachStatus: null, VAMC: '(V01) (402) Togus, ME'}, 924685: Object{ReachID: 924685, FirstName: 'Vet*', MiddleName: 'F', LastName: 'Veteran_*', SSN: 'xxx-xx-3392', Phone: '(800) 555-0338', DateIdentifiedRisk: '2/3/2005', RiskLevel: 'High', OutreachStatus: null, VAMC: '(V01) (402) Togus, ME'}, 927245: Object{ReachID: 927245, FirstName: 'Vet*', MiddleName: 'A', LastName: 'Veteran_*', SSN: 'xxx-xx-0421', Phone: '(800) 555-6219', DateIdentifiedRisk: '8/30/2014', RiskLevel: 'High', OutreachStatus: null, VAMC: '(V01) (402) Togus, ME'}, 927646: Object{ReachID: 927646, FirstName: 'Vet*', MiddleName: 'X', LastName: 'Veteran_*', SSN: 'xxx-xx-1202', Phone: '(800) 555-9077', DateIdentifiedRisk: '4/22/1996', RiskLevel: 'High', OutreachStatus: null, VAMC: '(V01) (402) Togus, ME'}, 962837: Object{ReachID: 962837, FirstName: 'Vet*', MiddleName: 'J', LastName: 'Veteran_*', SSN: 'xxx-xx-0458', Phone: '(800) 555-8459', DateIdentifiedRisk: '12/31/2001', RiskLevel: 'High', OutreachStatus: null, VAMC: '(V01) (402) Togus, ME'}, 964040: Object{ReachID: 964040, FirstName: 'Vet*', MiddleName: 'T', LastName: 'Veteran_*', SSN: 'xxx-xx-5516', Phone: '(800) 555-6500', DateIdentifiedRisk: '6/7/2003', RiskLevel: 'High', OutreachStatus: null, VAMC: '(V01) (402) Togus, ME'}, 965080: Object{ReachID: 965080, FirstName: 'Vet*', MiddleName: 'V', LastName: 'Veteran_*', SSN: 'xxx-xx-9354', Phone: '(800) 555-0157', DateIdentifiedRisk: '9/4/2009', RiskLevel: 'High', OutreachStatus: null, VAMC: '(V01) (402) Togus, ME'}, 966795: Object{ReachID: 966795, FirstName: 'Vet*', MiddleName: 'V', LastName: 'Veteran_*', SSN: 'xxx-xx-6712', Phone: '(800) 555-8434', DateIdentifiedRisk: '8/16/2006', RiskLevel: 'High', OutreachStatus: null, VAMC: '(V01) (402) Togus, ME'}, 968453: Object{ReachID: 968453, FirstName: 'Vet*', MiddleName: 'E', LastName: 'Veteran_*', SSN: 'xxx-xx-2795', Phone: '(800) 555-4856', DateIdentifiedRisk: '6/1/1996', RiskLevel: 'High', OutreachStatus: null, VAMC: '(V01) (402) Togus, ME'}, 2692: Object{ReachID: 2692, FirstName: 'Vet2693', MiddleName: 'O', LastName: 'Veteran_2693', SSN: 'xxx-xx-2117', Phone: '(800) 555-6604', DateIdentifiedRisk: '6/30/1999', RiskLevel: 'High', OutreachStatus: null, VAMC: '(V01) (402) Togus, ME'}, 2727: Object{ReachID: 2727, FirstName: 'Vet2728', MiddleName: 'J', LastName: 'Veteran_2728', SSN: 'xxx-xx-4303', Phone: '(800) 555-2214', DateIdentifiedRisk: '12/2/1999', RiskLevel: 'High', OutreachStatus: null, VAMC: '(V01) (402) Togus, ME'}, 5685: Object{ReachID: 5685, FirstName: 'Vet5686', MiddleName: 'M', LastName: 'Veteran_5686', SSN: 'xxx-xx-6441', Phone: '(800) 555-8065', DateIdentifiedRisk: '12/13/2003', RiskLevel: 'High', OutreachStatus: null, VAMC: '(V01) (402) Togus, ME'}, 8398: Object{ReachID: 8398, FirstName: 'Vet8399', MiddleName: 'K', LastName: 'Veteran_8399', SSN: 'xxx-xx-9302', Phone: '(800) 555-2754', DateIdentifiedRisk: '12/24/1995', RiskLevel: 'High', OutreachStatus: null, VAMC: '(V01) (402) Togus, ME'}, 71604: Object{ReachID: 71604, FirstName: 'Vet71605', MiddleName: 'R', LastName: 'Veteran_71605', SSN: 'xxx-xx-4711', Phone: '(800) 555-1493', DateIdentifiedRisk: '5/27/2008', RiskLevel: 'High', OutreachStatus: null, VAMC: '(V01) (402) Togus, ME'}, 72224: Object{ReachID: 72224, FirstName: 'Vet72225', MiddleName: 'N', LastName: 'Veteran_72225', SSN: 'xxx-xx-1308', Phone: '(800) 555-0619', DateIdentifiedRisk: '2/19/2001', RiskLevel: 'High', OutreachStatus: null, VAMC: '(V01) (402) Togus, ME'}, 72496: Object{ReachID: 72496, FirstName: 'Vet72497', MiddleName: 'B', LastName: 'Veteran_72497', SSN: 'xxx-xx-8852', Phone: '(800) 555-9258', DateIdentifiedRisk: '4/15/1997', RiskLevel: 'High', OutreachStatus: null, VAMC: '(V01) (402) Togus, ME'}, 107668: Object{ReachID: 107668, FirstName: 'Vet*', MiddleName: 'X', LastName: 'Veteran_*', SSN: 'xxx-xx-7668', Phone: '(800) 555-3636', DateIdentifiedRisk: '12/18/2013', RiskLevel: 'High', OutreachStatus: null, VAMC: '(V01) (402) Togus, ME'}, 150796: Object{ReachID: 150796, FirstName: 'Vet*', MiddleName: 'L', LastName: 'Veteran_*', SSN: 'xxx-xx-8650', Phone: '(800) 555-0495', DateIdentifiedRisk: '3/1/2001', RiskLevel: 'High', OutreachStatus: null, VAMC: '(V01) (402) Togus, ME'}, 186655: Object{ReachID: 186655, FirstName: 'Vet*', MiddleName: 'S', LastName: 'Veteran_*', SSN: 'xxx-xx-9336', Phone: '(800) 555-3878', DateIdentifiedRisk: '4/22/2010', RiskLevel: 'High', OutreachStatus: null, VAMC: '(V01) (402) Togus, ME'}, 188984: Object{ReachID: 188984, FirstName: 'Vet*', MiddleName: 'J', LastName: 'Veteran_*', SSN: 'xxx-xx-7611', Phone: '(800) 555-6070', DateIdentifiedRisk: '3/29/2011', RiskLevel: 'High', OutreachStatus: null, VAMC: '(V01) (402) Togus, ME'}, 191571: Object{ReachID: 191571, FirstName: 'Vet*', MiddleName: 'A', LastName: 'Veteran_*', SSN: 'xxx-xx-5291', Phone: '(800) 555-6868', DateIdentifiedRisk: '12/7/2002', RiskLevel: 'High', OutreachStatus: null, VAMC: '(V01) (402) Togus, ME'}, 192081: Object{ReachID: 192081, FirstName: 'Vet*', MiddleName: 'K', LastName: 'Veteran_*', SSN: 'xxx-xx-6067', Phone: '(800) 555-9125', DateIdentifiedRisk: '6/22/2014', RiskLevel: 'High', OutreachStatus: null, VAMC: '(V01) (402) Togus, ME'}, 224556: Object{ReachID: 224556, FirstName: 'Vet*', MiddleName: 'X', LastName: 'Veteran_*', SSN: 'xxx-xx-8953', Phone: '(800) 555-1532', DateIdentifiedRisk: '12/3/2002', RiskLevel: 'High', OutreachStatus: null, VAMC: '(V01) (402) Togus, ME'}, 225614: Object{ReachID: 225614, FirstName: 'Vet*', MiddleName: 'X', LastName: 'Veteran_*', SSN: 'xxx-xx-4261', Phone: '(800) 555-0248', DateIdentifiedRisk: '7/21/2011', RiskLevel: 'High', OutreachStatus: null, VAMC: '(V01) (402) Togus, ME'}, 228906: Object{ReachID: 228906, FirstName: 'Vet*', MiddleName: 'Q', LastName: 'Veteran_*', SSN: 'xxx-xx-6744', Phone: '(800) 555-8307', DateIdentifiedRisk: '5/13/2005', RiskLevel: 'High', OutreachStatus: null, VAMC: '(V01) (402) Togus, ME'}, 230110: Object{ReachID: 230110, FirstName: 'Vet*', MiddleName: 'I', LastName: 'Veteran_*', SSN: 'xxx-xx-2215', Phone: '(800) 555-0824', DateIdentifiedRisk: '7/16/2012', RiskLevel: 'High', OutreachStatus: null, VAMC: '(V01) (402) Togus, ME'}, 230656: Object{ReachID: 230656, FirstName: 'Vet*', MiddleName: 'C', LastName: 'Veteran_*', SSN: 'xxx-xx-7922', Phone: '(800) 555-0299', DateIdentifiedRisk: '1/24/2004', RiskLevel: 'High', OutreachStatus: null, VAMC: '(V01) (402) Togus, ME'}, 231566: Object{ReachID: 231566, FirstName: 'Vet*', MiddleName: 'V', LastName: 'Veteran_*', SSN: 'xxx-xx-7682', Phone: '(800) 555-0079', DateIdentifiedRisk: '1/19/2014', RiskLevel: 'High', OutreachStatus: null, VAMC: '(V01) (402) Togus, ME'}, 267513: Object{ReachID: 267513, FirstName: 'Vet*', MiddleName: 'X', LastName: 'Veteran_*', SSN: 'xxx-xx-7143', Phone: '(800) 555-5160', DateIdentifiedRisk: '1/21/2010', RiskLevel: 'High', OutreachStatus: null, VAMC: '(V01) (402) Togus, ME'}, 310871: Object{ReachID: 310871, FirstName: 'Vet*', MiddleName: 'E', LastName: 'Veteran_*', SSN: 'xxx-xx-6102', Phone: '(800) 555-6643', DateIdentifiedRisk: '9/24/2013', RiskLevel: 'High', OutreachStatus: null, VAMC: '(V01) (402) Togus, ME'}, 313681: Object{ReachID: 313681, FirstName: 'Vet*', MiddleName: 'R', LastName: 'Veteran_*', SSN: 'xxx-xx-3566', Phone: '(800) 555-6218', DateIdentifiedRisk: '5/8/2008', RiskLevel: 'High', OutreachStatus: null, VAMC: '(V01) (402) Togus, ME'}, 314996: Object{ReachID: 314996, FirstName: 'Vet*', MiddleName: 'P', LastName: 'Veteran_*', SSN: 'xxx-xx-7218', Phone: '(800) 555-9870', DateIdentifiedRisk: '1/30/2005', RiskLevel: 'High', OutreachStatus: null, VAMC: '(V01) (402) Togus, ME'}, 349738: Object{ReachID: 349738, FirstName: 'Vet*', MiddleName: 'N', LastName: 'Veteran_*', SSN: 'xxx-xx-5480', Phone: '(800) 555-4490', DateIdentifiedRisk: '11/5/2011', RiskLevel: 'High', OutreachStatus: null, VAMC: '(V01) (402) Togus, ME'}, 350976: Object{ReachID: 350976, FirstName: 'Vet*', MiddleName: 'C', LastName: 'Veteran_*', SSN: 'xxx-xx-4980', Phone: '(800) 555-8005', DateIdentifiedRisk: '4/17/2000', RiskLevel: 'High', OutreachStatus: null, VAMC: '(V01) (402) Togus, ME'}, 351844: Object{ReachID: 351844, FirstName: 'Vet*', MiddleName: 'A', LastName: 'Veteran_*', SSN: 'xxx-xx-8548', Phone: '(800) 555-9356', DateIdentifiedRisk: '5/27/2007', RiskLevel: 'High', OutreachStatus: null, VAMC: '(V01) (402) Togus, ME'}, 352934: Object{ReachID: 352934, FirstName: 'Vet*', MiddleName: 'D', LastName: 'Veteran_*', SSN: 'xxx-xx-7648', Phone: '(800) 555-3009', DateIdentifiedRisk: '8/6/2002', RiskLevel: 'High', OutreachStatus: null, VAMC: '(V01) (402) Togus, ME'}, 353023: Object{ReachID: 353023, FirstName: 'Vet*', MiddleName: 'D', LastName: 'Veteran_*', SSN: 'xxx-xx-1011', Phone: '(800) 555-8545', DateIdentifiedRisk: '12/16/2004', RiskLevel: 'High', OutreachStatus: null, VAMC: '(V01) (402) Togus, ME'}, 353047: Object{ReachID: 353047, FirstName: 'Vet*', MiddleName: 'M', LastName: 'Veteran_*', SSN: 'xxx-xx-9487', Phone: '(800) 555-0950', DateIdentifiedRisk: '11/10/2012', RiskLevel: 'High', OutreachStatus: null, VAMC: '(V01) (402) Togus, ME'}, 396232: Object{ReachID: 396232, FirstName: 'Vet*', MiddleName: 'V', LastName: 'Veteran_*', SSN: 'xxx-xx-2795', Phone: '(800) 555-6332', DateIdentifiedRisk: '4/9/2001', RiskLevel: 'High', OutreachStatus: null, VAMC: '(V01) (402) Togus, ME'}, 430378: Object{ReachID: 430378, FirstName: 'Vet*', MiddleName: 'N', LastName: 'Veteran_*', SSN: 'xxx-xx-0392', Phone: '(800) 555-6026', DateIdentifiedRisk: '1/14/2014', RiskLevel: 'High', OutreachStatus: null, VAMC: '(V01) (402) Togus, ME'}, 434929: Object{ReachID: 434929, FirstName: 'Vet*', MiddleName: 'S', LastName: 'Veteran_*', SSN: 'xxx-xx-8224', Phone: '(800) 555-1366', DateIdentifiedRisk: '1/20/2002', RiskLevel: 'High', OutreachStatus: null, VAMC: '(V01) (402) Togus, ME'}, 469374: Object{ReachID: 469374, FirstName: 'Vet*', MiddleName: 'L', LastName: 'Veteran_*', SSN: 'xxx-xx-8179', Phone: '(800) 555-5012', DateIdentifiedRisk: '5/15/2008', RiskLevel: 'High', OutreachStatus: null, VAMC: '(V01) (402) Togus, ME'}, 472447: Object{ReachID: 472447, FirstName: 'Vet*', MiddleName: 'D', LastName: 'Veteran_*', SSN: 'xxx-xx-2240', Phone: '(800) 555-0481', DateIdentifiedRisk: '11/3/2000', RiskLevel: 'High', OutreachStatus: null, VAMC: '(V01) (402) Togus, ME'}, 473960: Object{ReachID: 473960, FirstName: 'Vet*', MiddleName: 'R', LastName: 'Veteran_*', SSN: 'xxx-xx-1389', Phone: '(800) 555-1747', DateIdentifiedRisk: '5/6/2009', RiskLevel: 'High', OutreachStatus: null, VAMC: '(V01) (402) Togus, ME'}, 509927: Object{ReachID: 509927, FirstName: 'Vet*', MiddleName: 'U', LastName: 'Veteran_*', SSN: 'xxx-xx-9669', Phone: '(800) 555-3148', DateIdentifiedRisk: '2/3/2004', RiskLevel: 'High', OutreachStatus: null, VAMC: '(V01) (402) Togus, ME'}, 510254: Object{ReachID: 510254, FirstName: 'Vet*', MiddleName: 'O', LastName: 'Veteran_*', SSN: 'xxx-xx-4065', Phone: '(800) 555-9764', DateIdentifiedRisk: '3/28/1998', RiskLevel: 'High', OutreachStatus: null, VAMC: '(V01) (402) Togus, ME'}, 512840: Object{ReachID: 512840, FirstName: 'Vet*', MiddleName: 'F', LastName: 'Veteran_*', SSN: 'xxx-xx-7219', Phone: '(800) 555-2084', DateIdentifiedRisk: '12/16/1999', RiskLevel: 'High', OutreachStatus: null, VAMC: '(V01) (402) Togus, ME'}, 513756: Object{ReachID: 513756, FirstName: 'Vet*', MiddleName: 'W', LastName: 'Veteran_*', SSN: 'xxx-xx-6888', Phone: '(800) 555-4370', DateIdentifiedRisk: '8/1/2004', RiskLevel: 'High', OutreachStatus: null, VAMC: '(V01) (402) Togus, ME'}, 514059: Object{ReachID: 514059, FirstName: 'Vet*', MiddleName: 'S', LastName: 'Veteran_*', SSN: 'xxx-xx-3272', Phone: '(800) 555-3468', DateIdentifiedRisk: '8/16/2007', RiskLevel: 'High', OutreachStatus: null, VAMC: '(V01) (402) Togus, ME'}, 515914: Object{ReachID: 515914, FirstName: 'Vet*', MiddleName: 'Q', LastName: 'Veteran_*', SSN: 'xxx-xx-5294', Phone: '(800) 555-3248', DateIdentifiedRisk: '3/11/2014', RiskLevel: 'High', OutreachStatus: null, VAMC: '(V01) (402) Togus, ME'}, 552258: Object{ReachID: 552258, FirstName: 'Vet*', MiddleName: 'Z', LastName: 'Veteran_*', SSN: 'xxx-xx-6943', Phone: '(800) 555-9000', DateIdentifiedRisk: '6/24/2011', RiskLevel: 'High', OutreachStatus: null, VAMC: '(V01) (402) Togus, ME'}, 781683: Object{ReachID: 781683, FirstName: 'Vet*', MiddleName: 'N', LastName: 'Veteran_*', SSN: 'xxx-xx-7912', Phone: '(800) 555-0309', DateIdentifiedRisk: '8/6/2005', RiskLevel: 'High', OutreachStatus: null, VAMC: '(V01) (402) Togus, ME'}, 782756: Object{ReachID: 782756, FirstName: 'Vet*', MiddleName: 'R', LastName: 'Veteran_*', SSN: 'xxx-xx-1654', Phone: '(800) 555-2197', DateIdentifiedRisk: '10/24/2004', RiskLevel: 'High', OutreachStatus: null, VAMC: '(V01) (402) Togus, ME'}, 784019: Object{ReachID: 784019, FirstName: 'Vet*', MiddleName: 'F', LastName: 'Veteran_*', SSN: 'xxx-xx-4419', Phone: '(800) 555-4326', DateIdentifiedRisk: '7/14/2014', RiskLevel: 'High', OutreachStatus: null, VAMC: '(V01) (402) Togus, ME'}, 785055: Object{ReachID: 785055, FirstName: 'Vet*', MiddleName: 'J', LastName: 'Veteran_*', SSN: 'xxx-xx-7092', Phone: '(800) 555-3754', DateIdentifiedRisk: '9/8/2007', RiskLevel: 'High', OutreachStatus: null, VAMC: '(V01) (402) Togus, ME'}, 818644: Object{ReachID: 818644, FirstName: 'Vet*', MiddleName: 'G', LastName: 'Veteran_*', SSN: 'xxx-xx-4548', Phone: '(800) 555-1207', DateIdentifiedRisk: '11/27/2008', RiskLevel: 'High', OutreachStatus: null, VAMC: '(V01) (402) Togus, ME'}, 821792: Object{ReachID: 821792, FirstName: 'Vet*', MiddleName: 'Y', LastName: 'Veteran_*', SSN: 'xxx-xx-1637', Phone: '(800) 555-2921', DateIdentifiedRisk: '12/28/1995', RiskLevel: 'High', OutreachStatus: null, VAMC: '(V01) (402) Togus, ME'}, 822550: Object{ReachID: 822550, FirstName: 'Vet*', MiddleName: 'A', LastName: 'Veteran_*', SSN: 'xxx-xx-7706', Phone: '(800) 555-5847', DateIdentifiedRisk: '6/30/2005', RiskLevel: 'High', OutreachStatus: null, VAMC: '(V01) (402) Togus, ME'}, 824710: Object{ReachID: 824710, FirstName: 'Vet*', MiddleName: 'Y', LastName: 'Veteran_*', SSN: 'xxx-xx-0290', Phone: '(800) 555-5195', DateIdentifiedRisk: '4/17/2003', RiskLevel: 'High', OutreachStatus: null, VAMC: '(V01) (402) Togus, ME'}, 867002: Object{ReachID: 867002, FirstName: 'Vet*', MiddleName: 'C', LastName: 'Veteran_*', SSN: 'xxx-xx-5628', Phone: '(800) 555-7491', DateIdentifiedRisk: '2/19/2005', RiskLevel: 'High', OutreachStatus: null, VAMC: '(V01) (402) Togus, ME'}, 899777: Object{ReachID: 899777, FirstName: 'Vet*', MiddleName: 'K', LastName: 'Veteran_*', SSN: 'xxx-xx-4730', Phone: '(800) 555-2421', DateIdentifiedRisk: '11/3/2000', RiskLevel: 'High', OutreachStatus: null, VAMC: '(V01) (402) Togus, ME'}, 901358: Object{ReachID: 901358, FirstName: 'Vet*', MiddleName: 'V', LastName: 'Veteran_*', SSN: 'xxx-xx-1574', Phone: '(800) 555-8364', DateIdentifiedRisk: '12/19/1997', RiskLevel: 'High', OutreachStatus: null, VAMC: '(V01) (402) Togus, ME'}, 902600: Object{ReachID: 902600, FirstName: 'Vet*', MiddleName: 'F', LastName: 'Veteran_*', SSN: 'xxx-xx-6321', Phone: '(800) 555-1907', DateIdentifiedRisk: '9/26/1997', RiskLevel: 'High', OutreachStatus: null, VAMC: '(V01) (402) Togus, ME'}, 905445: Object{ReachID: 905445, FirstName: 'Vet*', MiddleName: 'V', LastName: 'Veteran_*', SSN: 'xxx-xx-1564', Phone: '(800) 555-8036', DateIdentifiedRisk: '11/16/1999', RiskLevel: 'High', OutreachStatus: null, VAMC: '(V01) (402) Togus, ME'}, 906673: Object{ReachID: 906673, FirstName: 'Vet*', MiddleName: 'G', LastName: 'Veteran_*', SSN: 'xxx-xx-4857', Phone: '(800) 555-9080', DateIdentifiedRisk: '2/9/2005', RiskLevel: 'High', OutreachStatus: null, VAMC: '(V01) (402) Togus, ME'}, 942890: Object{ReachID: 942890, FirstName: 'Vet*', MiddleName: 'B', LastName: 'Veteran_*', SSN: 'xxx-xx-3687', Phone: '(800) 555-0032', DateIdentifiedRisk: '12/10/2000', RiskLevel: 'High', OutreachStatus: null, VAMC: '(V01) (402) Togus, ME'}, 981612: Object{ReachID: 981612, FirstName: 'Vet*', MiddleName: 'Y', LastName: 'Veteran_*', SSN: 'xxx-xx-7842', Phone: '(800) 555-7720', DateIdentifiedRisk: '11/15/2004', RiskLevel: 'High', OutreachStatus: null, VAMC: '(V01) (402) Togus, ME'}, 984756: Object{ReachID: 984756, FirstName: 'Vet*', MiddleName: 'U', LastName: 'Veteran_*', SSN: 'xxx-xx-3517', Phone: '(800) 555-4017', DateIdentifiedRisk: '10/19/2011', RiskLevel: 'High', OutreachStatus: null, VAMC: '(V01) (402) Togus, ME'}, 985317: Object{ReachID: 985317, FirstName: 'Vet*', MiddleName: 'K', LastName: 'Veteran_*', SSN: 'xxx-xx-0647', Phone: '(800) 555-6534', DateIdentifiedRisk: '6/30/2011', RiskLevel: 'High', OutreachStatus: null, VAMC: '(V01) (402) Togus, ME'}, 992756: Object{ReachID: 992756, FirstName: 'Vet*', MiddleName: 'D', LastName: 'Veteran_*', SSN: 'xxx-xx-0653', Phone: '(800) 555-4637', DateIdentifiedRisk: '5/21/2006', RiskLevel: 'High', OutreachStatus: null, VAMC: '(V01) (402) Togus, ME'}, 995749: Object{ReachID: 995749, FirstName: 'Vet*', MiddleName: 'U', LastName: 'Veteran_*', SSN: 'xxx-xx-5232', Phone: '(800) 555-6740', DateIdentifiedRisk: '7/21/1999', RiskLevel: 'High', OutreachStatus: null, VAMC: '(V01) (402) Togus, ME'}, 580790: Object{ReachID: 580790, FirstName: 'Vet*', MiddleName: 'L', LastName: 'Veteran_*', SSN: 'xxx-xx-4041', Phone: '(800) 555-4325', DateIdentifiedRisk: '4/14/2013', RiskLevel: 'High', OutreachStatus: null, VAMC: '(V01) (402) Togus, ME'}, 617695: Object{ReachID: 617695, FirstName: 'Vet*', MiddleName: 'O', LastName: 'Veteran_*', SSN: 'xxx-xx-2309', Phone: '(800) 555-1107', DateIdentifiedRisk: '1/2/2000', RiskLevel: 'High', OutreachStatus: null, VAMC: '(V01) (402) Togus, ME'}, 617826: Object{ReachID: 617826, FirstName: 'Vet*', MiddleName: 'P', LastName: 'Veteran_*', SSN: 'xxx-xx-3691', Phone: '(800) 555-6592', DateIdentifiedRisk: '4/19/2006', RiskLevel: 'High', OutreachStatus: null, VAMC: '(V01) (402) Togus, ME'}, 620005: Object{ReachID: 620005, FirstName: 'Vet*', MiddleName: 'O', LastName: 'Veteran_*', SSN: 'xxx-xx-6702', Phone: '(800) 555-4487', DateIdentifiedRisk: '8/12/2002', RiskLevel: 'High', OutreachStatus: null, VAMC: '(V01) (402) Togus, ME'}, 662003: Object{ReachID: 662003, FirstName: 'Vet*', MiddleName: 'E', LastName: 'Veteran_*', SSN: 'xxx-xx-9150', Phone: '(800) 555-4262', DateIdentifiedRisk: '10/11/2008', RiskLevel: 'High', OutreachStatus: null, VAMC: '(V01) (402) Togus, ME'}, 662154: Object{ReachID: 662154, FirstName: 'Vet*', MiddleName: 'V', LastName: 'Veteran_*', SSN: 'xxx-xx-7262', Phone: '(800) 555-5311', DateIdentifiedRisk: '8/24/1998', RiskLevel: 'High', OutreachStatus: null, VAMC: '(V01) (402) Togus, ME'}, 662964: Object{ReachID: 662964, FirstName: 'Vet*', MiddleName: 'L', LastName: 'Veteran_*', SSN: 'xxx-xx-9470', Phone: '(800) 555-1655', DateIdentifiedRisk: '1/19/2007', RiskLevel: 'High', OutreachStatus: null, VAMC: '(V01) (402) Togus, ME'}, 694019: Object{ReachID: 694019, FirstName: 'Vet*', MiddleName: 'U', LastName: 'Veteran_*', SSN: 'xxx-xx-4952', Phone: '(800) 555-3681', DateIdentifiedRisk: '1/19/2004', RiskLevel: 'High', OutreachStatus: null, VAMC: '(V01) (402) Togus, ME'}, 703265: Object{ReachID: 703265, FirstName: 'Vet*', MiddleName: 'Q', LastName: 'Veteran_*', SSN: 'xxx-xx-2141', Phone: '(800) 555-3876', DateIdentifiedRisk: '3/27/1997', RiskLevel: 'High', OutreachStatus: null, VAMC: '(V01) (402) Togus, ME'}, 736024: Object{ReachID: 736024, FirstName: 'Vet*', MiddleName: 'M', LastName: 'Veteran_*', SSN: 'xxx-xx-3071', Phone: '(800) 555-2450', DateIdentifiedRisk: '11/11/1999', RiskLevel: 'High', OutreachStatus: null, VAMC: '(V01) (402) Togus, ME'}, 739376: Object{ReachID: 739376, FirstName: 'Vet*', MiddleName: 'X', LastName: 'Veteran_*', SSN: 'xxx-xx-8062', Phone: '(800) 555-0747', DateIdentifiedRisk: '10/12/2013', RiskLevel: 'High', OutreachStatus: null, VAMC: '(V01) (402) Togus, ME'}, 740045: Object{ReachID: 740045, FirstName: 'Vet*', MiddleName: 'Y', LastName: 'Veteran_*', SSN: 'xxx-xx-9772', Phone: '(800) 555-2211', DateIdentifiedRisk: '4/11/2002', RiskLevel: 'High', OutreachStatus: null, VAMC: '(V01) (402) Togus, ME'}, 778577: Object{ReachID: 778577, FirstName: 'Vet*', MiddleName: 'D', LastName: 'Veteran_*', SSN: 'xxx-xx-4192', Phone: '(800) 555-1088', DateIdentifiedRisk: '3/5/2008', RiskLevel: 'High', OutreachStatus: null, VAMC: '(V01) (402) Togus, ME'}, 779097: Object{ReachID: 779097, FirstName: 'Vet*', MiddleName: 'X', LastName: 'Veteran_*', SSN: 'xxx-xx-0766', Phone: '(800) 555-1948', DateIdentifiedRisk: '9/6/2007', RiskLevel: 'High', OutreachStatus: null, VAMC: '(V01) (402) Togus, ME'}, 780626: Object{ReachID: 780626, FirstName: 'Vet*', MiddleName: 'F', LastName: 'Veteran_*', SSN: 'xxx-xx-8784', Phone: '(800) 555-0026', DateIdentifiedRisk: '7/22/1997', RiskLevel: 'High', OutreachStatus: null, VAMC: '(V01) (402) Togus, ME'}, 10295: Object{ReachID: 10295, FirstName: 'Vet10296', MiddleName: 'Z', LastName: 'Veteran_10296', SSN: 'xxx-xx-8216', Phone: '(800) 555-0889', DateIdentifiedRisk: '1/25/2003', RiskLevel: 'High', OutreachStatus: null, VAMC: '(V01) (402) Togus, ME'}, 13442: Object{ReachID: 13442, FirstName: 'Vet13443', MiddleName: 'E', LastName: 'Veteran_13443', SSN: 'xxx-xx-1795', Phone: '(800) 555-9076', DateIdentifiedRisk: '7/14/2002', RiskLevel: 'High', OutreachStatus: null, VAMC: '(V01) (402) Togus, ME'}, 38996: Object{ReachID: 38996, FirstName: 'Vet38997', MiddleName: 'R', LastName: 'Veteran_38997', SSN: 'xxx-xx-4929', Phone: '(800) 555-0526', DateIdentifiedRisk: '1/16/2013', RiskLevel: 'High', OutreachStatus: null, VAMC: '(V01) (402) Togus, ME'}, 40019: Object{ReachID: 40019, FirstName: 'Vet40020', MiddleName: 'A', LastName: 'Veteran_40020', SSN: 'xxx-xx-6157', Phone: '(800) 555-6388', DateIdentifiedRisk: '12/19/2012', RiskLevel: 'High', OutreachStatus: null, VAMC: '(V01) (402) Togus, ME'}, 40425: Object{ReachID: 40425, FirstName: 'Vet40426', MiddleName: 'J', LastName: 'Veteran_40426', SSN: 'xxx-xx-5743', Phone: '(800) 555-9731', DateIdentifiedRisk: '8/9/2001', RiskLevel: 'High', OutreachStatus: null, VAMC: '(V01) (402) Togus, ME'}, 41069: Object{ReachID: 41069, FirstName: 'Vet41070', MiddleName: 'V', LastName: 'Veteran_41070', SSN: 'xxx-xx-4042', Phone: '(800) 555-3239', DateIdentifiedRisk: '6/14/2000', RiskLevel: 'High', OutreachStatus: null, VAMC: '(V01) (402) Togus, ME'}, 42438: Object{ReachID: 42438, FirstName: 'Vet42439', MiddleName: 'W', LastName: 'Veteran_42439', SSN: 'xxx-xx-7892', Phone: '(800) 555-7166', DateIdentifiedRisk: '2/17/1998', RiskLevel: 'High', OutreachStatus: null, VAMC: '(V01) (402) Togus, ME'}, 44723: Object{ReachID: 44723, FirstName: 'Vet44724', MiddleName: 'A', LastName: 'Veteran_44724', SSN: 'xxx-xx-8181', Phone: '(800) 555-1933', DateIdentifiedRisk: '10/17/1996', RiskLevel: 'High', OutreachStatus: null, VAMC: '(V01) (402) Togus, ME'}, 44803: Object{ReachID: 44803, FirstName: 'Vet44804', MiddleName: 'N', LastName: 'Veteran_44804', SSN: 'xxx-xx-4017', Phone: '(800) 555-7337', DateIdentifiedRisk: '3/3/2003', RiskLevel: 'High', OutreachStatus: null, VAMC: '(V01) (402) Togus, ME'}, 82697: Object{ReachID: 82697, FirstName: 'Vet82698', MiddleName: 'F', LastName: 'Veteran_82698', SSN: 'xxx-xx-2009', Phone: '(800) 555-4100', DateIdentifiedRisk: '7/1/2008', RiskLevel: 'High', OutreachStatus: null, VAMC: '(V01) (402) Togus, ME'}, 82808: Object{ReachID: 82808, FirstName: 'Vet82809', MiddleName: 'T', LastName: 'Veteran_82809', SSN: 'xxx-xx-8248', Phone: '(800) 555-2324', DateIdentifiedRisk: '6/17/2007', RiskLevel: 'High', OutreachStatus: null, VAMC: '(V01) (402) Togus, ME'}, 82932: Object{ReachID: 82932, FirstName: 'Vet82933', MiddleName: 'J', LastName: 'Veteran_82933', SSN: 'xxx-xx-4683', Phone: '(800) 555-6702', DateIdentifiedRisk: '11/4/1997', RiskLevel: 'High', OutreachStatus: null, VAMC: '(V01) (402) Togus, ME'}, 89833: Object{ReachID: 89833, FirstName: 'Vet89834', MiddleName: 'L', LastName: 'Veteran_89834', SSN: 'xxx-xx-8406', Phone: '(800) 555-6685', DateIdentifiedRisk: '8/5/2004', RiskLevel: 'High', OutreachStatus: null, VAMC: '(V01) (402) Togus, ME'}, 123328: Object{ReachID: 123328, FirstName: 'Vet*', MiddleName: 'K', LastName: 'Veteran_*', SSN: 'xxx-xx-3610', Phone: '(800) 555-8586', DateIdentifiedRisk: '2/12/2013', RiskLevel: 'High', OutreachStatus: null, VAMC: '(V01) (402) Togus, ME'}, 124465: Object{ReachID: 124465, FirstName: 'Vet*', MiddleName: 'Z', LastName: 'Veteran_*', SSN: 'xxx-xx-2387', Phone: '(800) 555-2026', DateIdentifiedRisk: '11/24/2001', RiskLevel: 'High', OutreachStatus: null, VAMC: '(V01) (402) Togus, ME'}, 127968: Object{ReachID: 127968, FirstName: 'Vet*', MiddleName: 'L', LastName: 'Veteran_*', SSN: 'xxx-xx-5096', Phone: '(800) 555-2032', DateIdentifiedRisk: '7/29/2007', RiskLevel: 'High', OutreachStatus: null, VAMC: '(V01) (402) Togus, ME'}, 154303: Object{ReachID: 154303, FirstName: 'Vet*', MiddleName: 'M', LastName: 'Veteran_*', SSN: 'xxx-xx-2688', Phone: '(800) 555-3361', DateIdentifiedRisk: '3/30/1996', RiskLevel: 'High', OutreachStatus: null, VAMC: '(V01) (402) Togus, ME'}, 157211: Object{ReachID: 157211, FirstName: 'Vet*', MiddleName: 'O', LastName: 'Veteran_*', SSN: 'xxx-xx-7619', Phone: '(800) 555-8223', DateIdentifiedRisk: '7/23/1996', RiskLevel: 'High', OutreachStatus: null, VAMC: '(V01) (402) Togus, ME'}, 157978: Object{ReachID: 157978, FirstName: 'Vet*', MiddleName: 'V', LastName: 'Veteran_*', SSN: 'xxx-xx-0811', Phone: '(800) 555-0957', DateIdentifiedRisk: '3/23/2013', RiskLevel: 'High', OutreachStatus: null, VAMC: '(V01) (402) Togus, ME'}, 159323: Object{ReachID: 159323, FirstName: 'Vet*', MiddleName: 'X', LastName: 'Veteran_*', SSN: 'xxx-xx-2607', Phone: '(800) 555-2083', DateIdentifiedRisk: '12/8/1998', RiskLevel: 'High', OutreachStatus: null, VAMC: '(V01) (402) Togus, ME'}, 161636: Object{ReachID: 161636, FirstName: 'Vet*', MiddleName: 'C', LastName: 'Veteran_*', SSN: 'xxx-xx-2225', Phone: '(800) 555-9714', DateIdentifiedRisk: '12/30/2005', RiskLevel: 'High', OutreachStatus: null, VAMC: '(V01) (402) Togus, ME'}, 203314: Object{ReachID: 203314, FirstName: 'Vet*', MiddleName: 'C', LastName: 'Veteran_*', SSN: 'xxx-xx-7769', Phone: '(800) 555-3727', DateIdentifiedRisk: '12/4/2005', RiskLevel: 'High', OutreachStatus: null, VAMC: '(V01) (402) Togus, ME'}, 211323: Object{ReachID: 211323, FirstName: 'Vet*', MiddleName: 'B', LastName: 'Veteran_*', SSN: 'xxx-xx-3750', Phone: '(800) 555-9943', DateIdentifiedRisk: '9/14/2009', RiskLevel: 'High', OutreachStatus: null, VAMC: '(V01) (402) Togus, ME'}, 244168: Object{ReachID: 244168, FirstName: 'Vet*', MiddleName: 'Y', LastName: 'Veteran_*', SSN: 'xxx-xx-1351', Phone: '(800) 555-8229', DateIdentifiedRisk: '4/20/2004', RiskLevel: 'High', OutreachStatus: null, VAMC: '(V01) (402) Togus, ME'}, 244874: Object{ReachID: 244874, FirstName: 'Vet*', MiddleName: 'M', LastName: 'Veteran_*', SSN: 'xxx-xx-0035', Phone: '(800) 555-0777', DateIdentifiedRisk: '4/17/2010', RiskLevel: 'High', OutreachStatus: null, VAMC: '(V01) (402) Togus, ME'}, 248864: Object{ReachID: 248864, FirstName: 'Vet*', MiddleName: 'J', LastName: 'Veteran_*', SSN: 'xxx-xx-5354', Phone: '(800) 555-5977', DateIdentifiedRisk: '4/20/2008', RiskLevel: 'High', OutreachStatus: null, VAMC: '(V01) (402) Togus, ME'}, 249656: Object{ReachID: 249656, FirstName: 'Vet*', MiddleName: 'Z', LastName: 'Veteran_*', SSN: 'xxx-xx-8721', Phone: '(800) 555-0244', DateIdentifiedRisk: '6/2/2008', RiskLevel: 'High', OutreachStatus: null, VAMC: '(V01) (402) Togus, ME'}, 252676: Object{ReachID: 252676, FirstName: 'Vet*', MiddleName: 'K', LastName: 'Veteran_*', SSN: 'xxx-xx-5658', Phone: '(800) 555-4297', DateIdentifiedRisk: '1/29/2011', RiskLevel: 'High', OutreachStatus: null, VAMC: '(V01) (402) Togus, ME'}, 289298: Object{ReachID: 289298, FirstName: 'Vet*', MiddleName: 'M', LastName: 'Veteran_*', SSN: 'xxx-xx-6365', Phone: '(800) 555-8155', DateIdentifiedRisk: '3/7/2005', RiskLevel: 'High', OutreachStatus: null, VAMC: '(V01) (402) Togus, ME'}, 289299: Object{ReachID: 289299, FirstName: 'Vet*', MiddleName: 'T', LastName: 'Veteran_*', SSN: 'xxx-xx-8636', Phone: '(800) 555-8135', DateIdentifiedRisk: '7/19/2004', RiskLevel: 'High', OutreachStatus: null, VAMC: '(V01) (402) Togus, ME'}, 290471: Object{ReachID: 290471, FirstName: 'Vet*', MiddleName: 'M', LastName: 'Veteran_*', SSN: 'xxx-xx-3694', Phone: '(800) 555-4070', DateIdentifiedRisk: '6/8/2004', RiskLevel: 'High', OutreachStatus: null, VAMC: '(V01) (402) Togus, ME'}, 290876: Object{ReachID: 290876, FirstName: 'Vet*', MiddleName: 'O', LastName: 'Veteran_*', SSN: 'xxx-xx-1342', Phone: '(800) 555-6404', DateIdentifiedRisk: '9/1/2007', RiskLevel: 'High', OutreachStatus: null, VAMC: '(V01) (402) Togus, ME'}, 291289: Object{ReachID: 291289, FirstName: 'Vet*', MiddleName: 'S', LastName: 'Veteran_*', SSN: 'xxx-xx-1497', Phone: '(800) 555-2956', DateIdentifiedRisk: '11/26/2011', RiskLevel: 'High', OutreachStatus: null, VAMC: '(V01) (402) Togus, ME'}, 291375: Object{ReachID: 291375, FirstName: 'Vet*', MiddleName: 'O', LastName: 'Veteran_*', SSN: 'xxx-xx-0018', Phone: '(800) 555-7331', DateIdentifiedRisk: '4/1/2003', RiskLevel: 'High', OutreachStatus: null, VAMC: '(V01) (402) Togus, ME'}, 292440: Object{ReachID: 292440, FirstName: 'Vet*', MiddleName: 'C', LastName: 'Veteran_*', SSN: 'xxx-xx-3857', Phone: '(800) 555-6155', DateIdentifiedRisk: '9/7/2014', RiskLevel: 'High', OutreachStatus: null, VAMC: '(V01) (402) Togus, ME'}, 292580: Object{ReachID: 292580, FirstName: 'Vet*', MiddleName: 'C', LastName: 'Veteran_*', SSN: 'xxx-xx-5896', Phone: '(800) 555-9875', DateIdentifiedRisk: '8/18/2002', RiskLevel: 'High', OutreachStatus: null, VAMC: '(V01) (402) Togus, ME'}, 294811: Object{ReachID: 294811, FirstName: 'Vet*', MiddleName: 'G', LastName: 'Veteran_*', SSN: 'xxx-xx-1443', Phone: '(800) 555-0838', DateIdentifiedRisk: '11/29/1998', RiskLevel: 'High', OutreachStatus: null, VAMC: '(V01) (402) Togus, ME'}, 326409: Object{ReachID: 326409, FirstName: 'Vet*', MiddleName: 'T', LastName: 'Veteran_*', SSN: 'xxx-xx-9230', Phone: '(800) 555-0660', DateIdentifiedRisk: '12/31/1997', RiskLevel: 'High', OutreachStatus: null, VAMC: '(V01) (402) Togus, ME'}, 332103: Object{ReachID: 332103, FirstName: 'Vet*', MiddleName: 'A', LastName: 'Veteran_*', SSN: 'xxx-xx-3005', Phone: '(800) 555-9501', DateIdentifiedRisk: '5/31/2002', RiskLevel: 'High', OutreachStatus: null, VAMC: '(V01) (402) Togus, ME'}, 335057: Object{ReachID: 335057, FirstName: 'Vet*', MiddleName: 'E', LastName: 'Veteran_*', SSN: 'xxx-xx-7430', Phone: '(800) 555-0112', DateIdentifiedRisk: '7/19/2008', RiskLevel: 'High', OutreachStatus: null, VAMC: '(V01) (402) Togus, ME'}, 368971: Object{ReachID: 368971, FirstName: 'Vet*', MiddleName: 'H', LastName: 'Veteran_*', SSN: 'xxx-xx-6185', Phone: '(800) 555-3866', DateIdentifiedRisk: '9/2/2009', RiskLevel: 'High', OutreachStatus: null, VAMC: '(V01) (402) Togus, ME'}, 369794: Object{ReachID: 369794, FirstName: 'Vet*', MiddleName: 'O', LastName: 'Veteran_*', SSN: 'xxx-xx-5058', Phone: '(800) 555-0341', DateIdentifiedRisk: '6/19/2014', RiskLevel: 'High', OutreachStatus: null, VAMC: '(V01) (402) Togus, ME'}, 370696: Object{ReachID: 370696, FirstName: 'Vet*', MiddleName: 'L', LastName: 'Veteran_*', SSN: 'xxx-xx-7561', Phone: '(800) 555-4375', DateIdentifiedRisk: '11/1/2011', RiskLevel: 'High', OutreachStatus: null, VAMC: '(V01) (402) Togus, ME'}, 371325: Object{ReachID: 371325, FirstName: 'Vet*', MiddleName: 'X', LastName: 'Veteran_*', SSN: 'xxx-xx-2093', Phone: '(800) 555-8638', DateIdentifiedRisk: '11/20/1999', RiskLevel: 'High', OutreachStatus: null, VAMC: '(V01) (402) Togus, ME'}, 374526: Object{ReachID: 374526, FirstName: 'Vet*', MiddleName: 'I', LastName: 'Veteran_*', SSN: 'xxx-xx-9123', Phone: '(800) 555-9048', DateIdentifiedRisk: '11/2/1997', RiskLevel: 'High', OutreachStatus: null, VAMC: '(V01) (402) Togus, ME'}, 374933: Object{ReachID: 374933, FirstName: 'Vet*', MiddleName: 'D', LastName: 'Veteran_*', SSN: 'xxx-xx-6006', Phone: '(800) 555-5596', DateIdentifiedRisk: '12/2/2013', RiskLevel: 'High', OutreachStatus: null, VAMC: '(V01) (402) Togus, ME'}, 374949: Object{ReachID: 374949, FirstName: 'Vet*', MiddleName: 'I', LastName: 'Veteran_*', SSN: 'xxx-xx-1384', Phone: '(800) 555-8272', DateIdentifiedRisk: '2/10/1997', RiskLevel: 'High', OutreachStatus: null, VAMC: '(V01) (402) Togus, ME'}, 375441: Object{ReachID: 375441, FirstName: 'Vet*', MiddleName: 'S', LastName: 'Veteran_*', SSN: 'xxx-xx-3148', Phone: '(800) 555-0024', DateIdentifiedRisk: '1/21/2009', RiskLevel: 'High', OutreachStatus: null, VAMC: '(V01) (402) Togus, ME'}, 412574: Object{ReachID: 412574, FirstName: 'Vet*', MiddleName: 'M', LastName: 'Veteran_*', SSN: 'xxx-xx-7102', Phone: '(800) 555-2579', DateIdentifiedRisk: '8/18/2003', RiskLevel: 'High', OutreachStatus: null, VAMC: '(V01) (402) Togus, ME'}, 414245: Object{ReachID: 414245, FirstName: 'Vet*', MiddleName: 'B', LastName: 'Veteran_*', SSN: 'xxx-xx-3411', Phone: '(800) 555-0858', DateIdentifiedRisk: '5/17/1999', RiskLevel: 'High', OutreachStatus: null, VAMC: '(V01) (402) Togus, ME'}, 455186: Object{ReachID: 455186, FirstName: 'Vet*', MiddleName: 'O', LastName: 'Veteran_*', SSN: 'xxx-xx-0842', Phone: '(800) 555-9004', DateIdentifiedRisk: '10/25/2013', RiskLevel: 'High', OutreachStatus: null, VAMC: '(V01) (402) Togus, ME'}, 455466: Object{ReachID: 455466, FirstName: 'Vet*', MiddleName: 'I', LastName: 'Veteran_*', SSN: 'xxx-xx-6697', Phone: '(800) 555-8405', DateIdentifiedRisk: '7/7/2010', RiskLevel: 'High', OutreachStatus: null, VAMC: '(V01) (402) Togus, ME'}, 457763: Object{ReachID: 457763, FirstName: 'Vet*', MiddleName: 'M', LastName: 'Veteran_*', SSN: 'xxx-xx-1367', Phone: '(800) 555-7072', DateIdentifiedRisk: '10/15/2006', RiskLevel: 'High', OutreachStatus: null, VAMC: '(V01) (402) Togus, ME'}, 496921: Object{ReachID: 496921, FirstName: 'Vet*', MiddleName: 'N', LastName: 'Veteran_*', SSN: 'xxx-xx-9364', Phone: '(800) 555-1365', DateIdentifiedRisk: '6/12/2006', RiskLevel: 'High', OutreachStatus: null, VAMC: '(V01) (402) Togus, ME'}, 543387: Object{ReachID: 543387, FirstName: 'Vet*', MiddleName: 'I', LastName: 'Veteran_*', SSN: 'xxx-xx-2406', Phone: '(800) 555-8481', DateIdentifiedRisk: '3/8/2005', RiskLevel: 'High', OutreachStatus: null, VAMC: '(V01) (402) Togus, ME'}, 543423: Object{ReachID: 543423, FirstName: 'Vet*', MiddleName: 'H', LastName: 'Veteran_*', SSN: 'xxx-xx-0066', Phone: '(800) 555-4677', DateIdentifiedRisk: '8/13/2004', RiskLevel: 'High', OutreachStatus: null, VAMC: '(V01) (402) Togus, ME'}, 544781: Object{ReachID: 544781, FirstName: 'Vet*', MiddleName: 'M', LastName: 'Veteran_*', SSN: 'xxx-xx-2994', Phone: '(800) 555-8510', DateIdentifiedRisk: '4/19/1997', RiskLevel: 'High', OutreachStatus: null, VAMC: '(V01) (402) Togus, ME'}, 545084: Object{ReachID: 545084, FirstName: 'Vet*', MiddleName: 'M', LastName: 'Veteran_*', SSN: 'xxx-xx-8501', Phone: '(800) 555-6291', DateIdentifiedRisk: '4/5/1999', RiskLevel: 'High', OutreachStatus: null, VAMC: '(V01) (402) Togus, ME'}, 549885: Object{ReachID: 549885, FirstName: 'Vet*', MiddleName: 'B', LastName: 'Veteran_*', SSN: 'xxx-xx-0836', Phone: '(800) 555-2505', DateIdentifiedRisk: '8/9/2013', RiskLevel: 'High', OutreachStatus: null, VAMC: '(V01) (402) Togus, ME'}, 572386: Object{ReachID: 572386, FirstName: 'Vet*', MiddleName: 'L', LastName: 'Veteran_*', SSN: 'xxx-xx-0472', Phone: '(800) 555-1528', DateIdentifiedRisk: '4/10/2013', RiskLevel: 'High', OutreachStatus: null, VAMC: '(V01) (402) Togus, ME'}, 573175: Object{ReachID: 573175, FirstName: 'Vet*', MiddleName: 'K', LastName: 'Veteran_*', SSN: 'xxx-xx-0688', Phone: '(800) 555-0784', DateIdentifiedRisk: '1/6/2004', RiskLevel: 'High', OutreachStatus: null, VAMC: '(V01) (402) Togus, ME'}, 575367: Object{ReachID: 575367, FirstName: 'Vet*', MiddleName: 'O', LastName: 'Veteran_*', SSN: 'xxx-xx-3020', Phone: '(800) 555-7915', DateIdentifiedRisk: '2/27/2006', RiskLevel: 'High', OutreachStatus: null, VAMC: '(V01) (402) Togus, ME'}, 684790: Object{ReachID: 684790, FirstName: 'Vet*', MiddleName: 'L', LastName: 'Veteran_*', SSN: 'xxx-xx-9960', Phone: '(800) 555-2770', DateIdentifiedRisk: '12/24/2005', RiskLevel: 'High', OutreachStatus: null, VAMC: '(V01) (402) Togus, ME'}, 688033: Object{ReachID: 688033, FirstName: 'Vet*', MiddleName: 'F', LastName: 'Veteran_*', SSN: 'xxx-xx-7911', Phone: '(800) 555-0725', DateIdentifiedRisk: '12/9/2006', RiskLevel: 'High', OutreachStatus: null, VAMC: '(V01) (402) Togus, ME'}, 688919: Object{ReachID: 688919, FirstName: 'Vet*', MiddleName: 'U', LastName: 'Veteran_*', SSN: 'xxx-xx-2372', Phone: '(800) 555-1623', DateIdentifiedRisk: '5/30/2009', RiskLevel: 'High', OutreachStatus: null, VAMC: '(V01) (402) Togus, ME'}, 726627: Object{ReachID: 726627, FirstName: 'Vet*', MiddleName: 'H', LastName: 'Veteran_*', SSN: 'xxx-xx-0496', Phone: '(800) 555-4265', DateIdentifiedRisk: '1/29/2007', RiskLevel: 'High', OutreachStatus: null, VAMC: '(V01) (402) Togus, ME'}, 730383: Object{ReachID: 730383, FirstName: 'Vet*', MiddleName: 'Z', LastName: 'Veteran_*', SSN: 'xxx-xx-2975', Phone: '(800) 555-2440', DateIdentifiedRisk: '12/7/2003', RiskLevel: 'High', OutreachStatus: null, VAMC: '(V01) (402) Togus, ME'}, 731522: Object{ReachID: 731522, FirstName: 'Vet*', MiddleName: 'L', LastName: 'Veteran_*', SSN: 'xxx-xx-1174', Phone: '(800) 555-2700', DateIdentifiedRisk: '11/16/2003', RiskLevel: 'High', OutreachStatus: null, VAMC: '(V01) (402) Togus, ME'}, 731576: Object{ReachID: 731576, FirstName: 'Vet*', MiddleName: 'U', LastName: 'Veteran_*', SSN: 'xxx-xx-0562', Phone: '(800) 555-4383', DateIdentifiedRisk: '7/9/2009', RiskLevel: 'High', OutreachStatus: null, VAMC: '(V01) (402) Togus, ME'}, 806728: Object{ReachID: 806728, FirstName: 'Vet*', MiddleName: 'V', LastName: 'Veteran_*', SSN: 'xxx-xx-4216', Phone: '(800) 555-4885', DateIdentifiedRisk: '5/6/2011', RiskLevel: 'High', OutreachStatus: null, VAMC: '(V01) (402) Togus, ME'}, 812683: Object{ReachID: 812683, FirstName: 'Vet*', MiddleName: 'C', LastName: 'Veteran_*', SSN: 'xxx-xx-8905', Phone: '(800) 555-8047', DateIdentifiedRisk: '3/16/1997', RiskLevel: 'High', OutreachStatus: null, VAMC: '(V01) (402) Togus, ME'}, 816132: Object{ReachID: 816132, FirstName: 'Vet*', MiddleName: 'H', LastName: 'Veteran_*', SSN: 'xxx-xx-2785', Phone: '(800) 555-2149', DateIdentifiedRisk: '2/28/1998', RiskLevel: 'High', OutreachStatus: null, VAMC: '(V01) (402) Togus, ME'}, 816292: Object{ReachID: 816292, FirstName: 'Vet*', MiddleName: 'M', LastName: 'Veteran_*', SSN: 'xxx-xx-3175', Phone: '(800) 555-2428', DateIdentifiedRisk: '6/27/2006', RiskLevel: 'High', OutreachStatus: null, VAMC: '(V01) (402) Togus, ME'}, 890393: Object{ReachID: 890393, FirstName: 'Vet*', MiddleName: 'K', LastName: 'Veteran_*', SSN: 'xxx-xx-6705', Phone: '(800) 555-3888', DateIdentifiedRisk: '5/12/1996', RiskLevel: 'High', OutreachStatus: null, VAMC: '(V01) (402) Togus, ME'}, 894498: Object{ReachID: 894498, FirstName: 'Vet*', MiddleName: 'P', LastName: 'Veteran_*', SSN: 'xxx-xx-2974', Phone: '(800) 555-6308', DateIdentifiedRisk: '8/29/2008', RiskLevel: 'High', OutreachStatus: null, VAMC: '(V01) (402) Togus, ME'}, 894877: Object{ReachID: 894877, FirstName: 'Vet*', MiddleName: 'B', LastName: 'Veteran_*', SSN: 'xxx-xx-0849', Phone: '(800) 555-7588', DateIdentifiedRisk: '2/18/2011', RiskLevel: 'High', OutreachStatus: null, VAMC: '(V01) (402) Togus, ME'}, 897608: Object{ReachID: 897608, FirstName: 'Vet*', MiddleName: 'S', LastName: 'Veteran_*', SSN: 'xxx-xx-6475', Phone: '(800) 555-6488', DateIdentifiedRisk: '7/23/2014', RiskLevel: 'High', OutreachStatus: null, VAMC: '(V01) (402) Togus, ME'}, 930323: Object{ReachID: 930323, FirstName: 'Vet*', MiddleName: 'U', LastName: 'Veteran_*', SSN: 'xxx-xx-2816', Phone: '(800) 555-8654', DateIdentifiedRisk: '7/28/1998', RiskLevel: 'High', OutreachStatus: null, VAMC: '(V01) (402) Togus, ME'}, 930336: Object{ReachID: 930336, FirstName: 'Vet*', MiddleName: 'A', LastName: 'Veteran_*', SSN: 'xxx-xx-0274', Phone: '(800) 555-9138', DateIdentifiedRisk: '7/4/2004', RiskLevel: 'High', OutreachStatus: 2, VAMC: '(V01) (402) Togus, ME'}, 931568: Object{ReachID: 931568, FirstName: 'Vet*', MiddleName: 'D', LastName: 'Veteran_*', SSN: 'xxx-xx-8727', Phone: '(800) 555-0199', DateIdentifiedRisk: '1/16/2014', RiskLevel: 'High', OutreachStatus: null, VAMC: '(V01) (402) Togus, ME'}, 932216: Object{ReachID: 932216, FirstName: 'Vet*', MiddleName: 'W', LastName: 'Veteran_*', SSN: 'xxx-xx-7725', Phone: '(800) 555-9593', DateIdentifiedRisk: '8/28/1996', RiskLevel: 'High', OutreachStatus: null, VAMC: '(V01) (402) Togus, ME'}, 934655: Object{ReachID: 934655, FirstName: 'Vet*', MiddleName: 'H', LastName: 'Veteran_*', SSN: 'xxx-xx-3263', Phone: '(800) 555-8736', DateIdentifiedRisk: '7/6/2008', RiskLevel: 'High', OutreachStatus: null, VAMC: '(V01) (402) Togus, ME'}, 934742: Object{ReachID: 934742, FirstName: 'Vet*', MiddleName: 'A', LastName: 'Veteran_*', SSN: 'xxx-xx-5874', Phone: '(800) 555-7716', DateIdentifiedRisk: '10/11/2013', RiskLevel: 'High', OutreachStatus: null, VAMC: '(V01) (402) Togus, ME'}, 935157: Object{ReachID: 935157, FirstName: 'Vet*', MiddleName: 'A', LastName: 'Veteran_*', SSN: 'xxx-xx-2526', Phone: '(800) 555-9760', DateIdentifiedRisk: '2/23/2010', RiskLevel: 'High', OutreachStatus: null, VAMC: '(V01) (402) Togus, ME'}, 935484: Object{ReachID: 935484, FirstName: 'Vet*', MiddleName: 'O', LastName: 'Veteran_*', SSN: 'xxx-xx-4121', Phone: '(800) 555-0694', DateIdentifiedRisk: '7/17/1997', RiskLevel: 'High', OutreachStatus: null, VAMC: '(V01) (402) Togus, ME'}, 936607: Object{ReachID: 936607, FirstName: 'Vet*', MiddleName: 'E', LastName: 'Veteran_*', SSN: 'xxx-xx-5849', Phone: '(800) 555-1492', DateIdentifiedRisk: '10/6/2001', RiskLevel: 'High', OutreachStatus: null, VAMC: '(V01) (402) Togus, ME'}, 938024: Object{ReachID: 938024, FirstName: 'Vet*', MiddleName: 'A', LastName: 'Veteran_*', SSN: 'xxx-xx-4298', Phone: '(800) 555-6461', DateIdentifiedRisk: '8/27/2012', RiskLevel: 'High', OutreachStatus: null, VAMC: '(V01) (402) Togus, ME'}, 973878: Object{ReachID: 973878, FirstName: 'Vet*', MiddleName: 'T', LastName: 'Veteran_*', SSN: 'xxx-xx-9837', Phone: '(800) 555-1924', DateIdentifiedRisk: '3/22/2007', RiskLevel: 'High', OutreachStatus: null, VAMC: '(V01) (402) Togus, ME'}, 979167: Object{ReachID: 979167, FirstName: 'Vet*', MiddleName: 'N', LastName: 'Veteran_*', SSN: 'xxx-xx-7522', Phone: '(800) 555-8043', DateIdentifiedRisk: '11/11/2000', RiskLevel: 'High', OutreachStatus: null, VAMC: '(V01) (402) Togus, ME'}, 979236: Object{ReachID: 979236, FirstName: 'Vet*', MiddleName: 'Z', LastName: 'Veteran_*', SSN: 'xxx-xx-9461', Phone: '(800) 555-4724', DateIdentifiedRisk: '7/12/1999', RiskLevel: 'High', OutreachStatus: null, VAMC: '(V01) (402) Togus, ME'}, 336201: Object{ReachID: 336201, FirstName: 'Vet*', MiddleName: 'R', LastName: 'Veteran_*', SSN: 'xxx-xx-9474', Phone: '(800) 555-0359', DateIdentifiedRisk: '5/18/2011', RiskLevel: 'High', OutreachStatus: null, VAMC: '(V01) (402) Togus, ME'}, 339612: Object{ReachID: 339612, FirstName: 'Vet*', MiddleName: 'I', LastName: 'Veteran_*', SSN: 'xxx-xx-9440', Phone: '(800) 555-0921', DateIdentifiedRisk: '4/24/2006', RiskLevel: 'High', OutreachStatus: null, VAMC: '(V01) (402) Togus, ME'}, 379990: Object{ReachID: 379990, FirstName: 'Vet*', MiddleName: 'X', LastName: 'Veteran_*', SSN: 'xxx-xx-2171', Phone: '(800) 555-8433', DateIdentifiedRisk: '5/14/2007', RiskLevel: 'High', OutreachStatus: null, VAMC: '(V01) (402) Togus, ME'}, 383507: Object{ReachID: 383507, FirstName: 'Vet*', MiddleName: 'S', LastName: 'Veteran_*', SSN: 'xxx-xx-7889', Phone: '(800) 555-4067', DateIdentifiedRisk: '3/24/2009', RiskLevel: 'High', OutreachStatus: null, VAMC: '(V01) (402) Togus, ME'}, 383730: Object{ReachID: 383730, FirstName: 'Vet*', MiddleName: 'O', LastName: 'Veteran_*', SSN: 'xxx-xx-8600', Phone: '(800) 555-2379', DateIdentifiedRisk: '5/2/2013', RiskLevel: 'High', OutreachStatus: null, VAMC: '(V01) (402) Togus, ME'}, 386007: Object{ReachID: 386007, FirstName: 'Vet*', MiddleName: 'P', LastName: 'Veteran_*', SSN: 'xxx-xx-7596', Phone: '(800) 555-3555', DateIdentifiedRisk: '6/4/2004', RiskLevel: 'High', OutreachStatus: null, VAMC: '(V01) (402) Togus, ME'}, 419660: Object{ReachID: 419660, FirstName: 'Vet*', MiddleName: 'T', LastName: 'Veteran_*', SSN: 'xxx-xx-3245', Phone: '(800) 555-5153', DateIdentifiedRisk: '10/12/2011', RiskLevel: 'High', OutreachStatus: null, VAMC: '(V01) (402) Togus, ME'}, 420222: Object{ReachID: 420222, FirstName: 'Vet*', MiddleName: 'C', LastName: 'Veteran_*', SSN: 'xxx-xx-0754', Phone: '(800) 555-7584', DateIdentifiedRisk: '1/30/2013', RiskLevel: 'High', OutreachStatus: null, VAMC: '(V01) (402) Togus, ME'}, 461862: Object{ReachID: 461862, FirstName: 'Vet*', MiddleName: 'X', LastName: 'Veteran_*', SSN: 'xxx-xx-6829', Phone: '(800) 555-6636', DateIdentifiedRisk: '1/29/2003', RiskLevel: 'High', OutreachStatus: null, VAMC: '(V01) (402) Togus, ME'}, 462683: Object{ReachID: 462683, FirstName: 'Vet*', MiddleName: 'V', LastName: 'Veteran_*', SSN: 'xxx-xx-7052', Phone: '(800) 555-3292', DateIdentifiedRisk: '10/30/1996', RiskLevel: 'High', OutreachStatus: null, VAMC: '(V01) (402) Togus, ME'}, 503630: Object{ReachID: 503630, FirstName: 'Vet*', MiddleName: 'V', LastName: 'Veteran_*', SSN: 'xxx-xx-6002', Phone: '(800) 555-3032', DateIdentifiedRisk: '7/16/1998', RiskLevel: 'High', OutreachStatus: null, VAMC: '(V01) (402) Togus, ME'}, 503681: Object{ReachID: 503681, FirstName: 'Vet*', MiddleName: 'M', LastName: 'Veteran_*', SSN: 'xxx-xx-3546', Phone: '(800) 555-1571', DateIdentifiedRisk: '8/31/2011', RiskLevel: 'High', OutreachStatus: null, VAMC: '(V01) (402) Togus, ME'}, 507058: Object{ReachID: 507058, FirstName: 'Vet*', MiddleName: 'K', LastName: 'Veteran_*', SSN: 'xxx-xx-6874', Phone: '(800) 555-3463', DateIdentifiedRisk: '8/22/2000', RiskLevel: 'High', OutreachStatus: null, VAMC: '(V01) (402) Togus, ME'}, 508659: Object{ReachID: 508659, FirstName: 'Vet*', MiddleName: 'E', LastName: 'Veteran_*', SSN: 'xxx-xx-6702', Phone: '(800) 555-3022', DateIdentifiedRisk: '4/3/2006', RiskLevel: 'High', OutreachStatus: null, VAMC: '(V01) (402) Togus, ME'}, 531388: Object{ReachID: 531388, FirstName: 'Vet*', MiddleName: 'X', LastName: 'Veteran_*', SSN: 'xxx-xx-8405', Phone: '(800) 555-1558', DateIdentifiedRisk: '6/16/1999', RiskLevel: 'High', OutreachStatus: null, VAMC: '(V01) (402) Togus, ME'}, 538209: Object{ReachID: 538209, FirstName: 'Vet*', MiddleName: 'J', LastName: 'Veteran_*', SSN: 'xxx-xx-0281', Phone: '(800) 555-2216', DateIdentifiedRisk: '7/29/2000', RiskLevel: 'High', OutreachStatus: null, VAMC: '(V01) (402) Togus, ME'}, 583580: Object{ReachID: 583580, FirstName: 'Vet*', MiddleName: 'I', LastName: 'Veteran_*', SSN: 'xxx-xx-7979', Phone: '(800) 555-3511', DateIdentifiedRisk: '1/14/2004', RiskLevel: 'High', OutreachStatus: null, VAMC: '(V01) (402) Togus, ME'}, 584370: Object{ReachID: 584370, FirstName: 'Vet*', MiddleName: 'K', LastName: 'Veteran_*', SSN: 'xxx-xx-1438', Phone: '(800) 555-2400', DateIdentifiedRisk: '1/23/2014', RiskLevel: 'High', OutreachStatus: null, VAMC: '(V01) (402) Togus, ME'}, 587016: Object{ReachID: 587016, FirstName: 'Vet*', MiddleName: 'B', LastName: 'Veteran_*', SSN: 'xxx-xx-4747', Phone: '(800) 555-7448', DateIdentifiedRisk: '8/31/2006', RiskLevel: 'High', OutreachStatus: null, VAMC: '(V01) (402) Togus, ME'}, 627774: Object{ReachID: 627774, FirstName: 'Vet*', MiddleName: 'P', LastName: 'Veteran_*', SSN: 'xxx-xx-1957', Phone: '(800) 555-0508', DateIdentifiedRisk: '6/3/2014', RiskLevel: 'High', OutreachStatus: null, VAMC: '(V01) (402) Togus, ME'}, 628706: Object{ReachID: 628706, FirstName: 'Vet*', MiddleName: 'K', LastName: 'Veteran_*', SSN: 'xxx-xx-8086', Phone: '(800) 555-5127', DateIdentifiedRisk: '11/25/2000', RiskLevel: 'High', OutreachStatus: null, VAMC: '(V01) (402) Togus, ME'}, 645451: Object{ReachID: 645451, FirstName: 'Vet*', MiddleName: 'T', LastName: 'Veteran_*', SSN: 'xxx-xx-9160', Phone: '(800) 555-5034', DateIdentifiedRisk: '8/20/2013', RiskLevel: 'High', OutreachStatus: null, VAMC: '(V01) (402) Togus, ME'}, 647981: Object{ReachID: 647981, FirstName: 'Vet*', MiddleName: 'N', LastName: 'Veteran_*', SSN: 'xxx-xx-8157', Phone: '(800) 555-7544', DateIdentifiedRisk: '4/9/2008', RiskLevel: 'High', OutreachStatus: null, VAMC: '(V01) (402) Togus, ME'}, 27939: Object{ReachID: 27939, FirstName: 'Vet27940', MiddleName: 'S', LastName: 'Veteran_27940', SSN: 'xxx-xx-7690', Phone: '(800) 555-6189', DateIdentifiedRisk: '12/8/2012', RiskLevel: 'High', OutreachStatus: null, VAMC: '(V01) (402) Togus, ME'}, 34965: Object{ReachID: 34965, FirstName: 'Vet34966', MiddleName: 'R', LastName: 'Veteran_34966', SSN: 'xxx-xx-1539', Phone: '(800) 555-5131', DateIdentifiedRisk: '4/1/2008', RiskLevel: 'High', OutreachStatus: null, VAMC: '(V01) (402) Togus, ME'}, 46631: Object{ReachID: 46631, FirstName: 'Vet46632', MiddleName: 'B', LastName: 'Veteran_46632', SSN: 'xxx-xx-2892', Phone: '(800) 555-1796', DateIdentifiedRisk: '5/7/2010', RiskLevel: 'High', OutreachStatus: null, VAMC: '(V01) (402) Togus, ME'}, 50105: Object{ReachID: 50105, FirstName: 'Vet50106', MiddleName: 'E', LastName: 'Veteran_50106', SSN: 'xxx-xx-9534', Phone: '(800) 555-9805', DateIdentifiedRisk: '5/14/2012', RiskLevel: 'High', OutreachStatus: null, VAMC: '(V01) (402) Togus, ME'}, 51185: Object{ReachID: 51185, FirstName: 'Vet51186', MiddleName: 'F', LastName: 'Veteran_51186', SSN: 'xxx-xx-6791', Phone: '(800) 555-3195', DateIdentifiedRisk: '12/13/1998', RiskLevel: 'High', OutreachStatus: null, VAMC: '(V01) (402) Togus, ME'}, 113212: Object{ReachID: 113212, FirstName: 'Vet*', MiddleName: 'F', LastName: 'Veteran_*', SSN: 'xxx-xx-8655', Phone: '(800) 555-3671', DateIdentifiedRisk: '6/2/1996', RiskLevel: 'High', OutreachStatus: null, VAMC: '(V01) (402) Togus, ME'}, 113848: Object{ReachID: 113848, FirstName: 'Vet*', MiddleName: 'B', LastName: 'Veteran_*', SSN: 'xxx-xx-0413', Phone: '(800) 555-4761', DateIdentifiedRisk: '12/15/2003', RiskLevel: 'High', OutreachStatus: null, VAMC: '(V01) (402) Togus, ME'}, 116034: Object{ReachID: 116034, FirstName: 'Vet*', MiddleName: 'J', LastName: 'Veteran_*', SSN: 'xxx-xx-9284', Phone: '(800) 555-6842', DateIdentifiedRisk: '12/25/2000', RiskLevel: 'High', OutreachStatus: null, VAMC: '(V01) (402) Togus, ME'}, 173684: Object{ReachID: 173684, FirstName: 'Vet*', MiddleName: 'V', LastName: 'Veteran_*', SSN: 'xxx-xx-4739', Phone: '(800) 555-4228', DateIdentifiedRisk: '7/28/1999', RiskLevel: 'High', OutreachStatus: null, VAMC: '(V01) (402) Togus, ME'}, 177045: Object{ReachID: 177045, FirstName: 'Vet*', MiddleName: 'T', LastName: 'Veteran_*', SSN: 'xxx-xx-9645', Phone: '(800) 555-9326', DateIdentifiedRisk: '12/26/2003', RiskLevel: 'High', OutreachStatus: null, VAMC: '(V01) (402) Togus, ME'}, 177131: Object{ReachID: 177131, FirstName: 'Vet*', MiddleName: 'U', LastName: 'Veteran_*', SSN: 'xxx-xx-9710', Phone: '(800) 555-5072', DateIdentifiedRisk: '11/13/2012', RiskLevel: 'High', OutreachStatus: null, VAMC: '(V01) (402) Togus, ME'}, 178344: Object{ReachID: 178344, FirstName: 'Vet*', MiddleName: 'V', LastName: 'Veteran_*', SSN: 'xxx-xx-7542', Phone: '(800) 555-8789', DateIdentifiedRisk: '8/11/2007', RiskLevel: 'High', OutreachStatus: null, VAMC: '(V01) (402) Togus, ME'}, 178364: Object{ReachID: 178364, FirstName: 'Vet*', MiddleName: 'B', LastName: 'Veteran_*', SSN: 'xxx-xx-1076', Phone: '(800) 555-8439', DateIdentifiedRisk: '10/9/1999', RiskLevel: 'High', OutreachStatus: null, VAMC: '(V01) (402) Togus, ME'}, 216730: Object{ReachID: 216730, FirstName: 'Vet*', MiddleName: 'G', LastName: 'Veteran_*', SSN: 'xxx-xx-8125', Phone: '(800) 555-1099', DateIdentifiedRisk: '12/5/1999', RiskLevel: 'High', OutreachStatus: null, VAMC: '(V01) (402) Togus, ME'}, 217273: Object{ReachID: 217273, FirstName: 'Vet*', MiddleName: 'B', LastName: 'Veteran_*', SSN: 'xxx-xx-2416', Phone: '(800) 555-6886', DateIdentifiedRisk: '8/19/1997', RiskLevel: 'High', OutreachStatus: null, VAMC: '(V01) (402) Togus, ME'}, 222372: Object{ReachID: 222372, FirstName: 'Vet*', MiddleName: 'Q', LastName: 'Veteran_*', SSN: 'xxx-xx-1166', Phone: '(800) 555-2173', DateIdentifiedRisk: '7/13/2013', RiskLevel: 'High', OutreachStatus: null, VAMC: '(V01) (402) Togus, ME'}, 256386: Object{ReachID: 256386, FirstName: 'Vet*', MiddleName: 'H', LastName: 'Veteran_*', SSN: 'xxx-xx-6663', Phone: '(800) 555-6076', DateIdentifiedRisk: '12/1/2008', RiskLevel: 'High', OutreachStatus: null, VAMC: '(V01) (402) Togus, ME'}, 256489: Object{ReachID: 256489, FirstName: 'Vet*', MiddleName: 'L', LastName: 'Veteran_*', SSN: 'xxx-xx-8931', Phone: '(800) 555-1367', DateIdentifiedRisk: '5/30/2011', RiskLevel: 'High', OutreachStatus: null, VAMC: '(V01) (402) Togus, ME'}, 259338: Object{ReachID: 259338, FirstName: 'Vet*', MiddleName: 'O', LastName: 'Veteran_*', SSN: 'xxx-xx-7722', Phone: '(800) 555-2425', DateIdentifiedRisk: '4/15/1999', RiskLevel: 'High', OutreachStatus: null, VAMC: '(V01) (402) Togus, ME'}, 260721: Object{ReachID: 260721, FirstName: 'Vet*', MiddleName: 'H', LastName: 'Veteran_*', SSN: 'xxx-xx-6052', Phone: '(800) 555-1297', DateIdentifiedRisk: '6/13/2005', RiskLevel: 'High', OutreachStatus: null, VAMC: '(V01) (402) Togus, ME'}, 262510: Object{ReachID: 262510, FirstName: 'Vet*', MiddleName: 'X', LastName: 'Veteran_*', SSN: 'xxx-xx-5704', Phone: '(800) 555-7325', DateIdentifiedRisk: '1/2/2003', RiskLevel: 'High', OutreachStatus: null, VAMC: '(V01) (402) Togus, ME'}, 263352: Object{ReachID: 263352, FirstName: 'Vet*', MiddleName: 'H', LastName: 'Veteran_*', SSN: 'xxx-xx-6261', Phone: '(800) 555-7254', DateIdentifiedRisk: '7/5/2007', RiskLevel: 'High', OutreachStatus: null, VAMC: '(V01) (402) Togus, ME'}, undefined: 'object:2394'}

]]></system-out>
    <system-err/>
  </testsuite>
</testsuites>
